[2022-02-11 00:00:02,402] {taskinstance.py:1032} INFO - Dependencies all met for <TaskInstance: spark-book-count.spark_job scheduled__2022-02-10T00:00:00+00:00 [queued]>
[2022-02-11 00:00:02,424] {taskinstance.py:1032} INFO - Dependencies all met for <TaskInstance: spark-book-count.spark_job scheduled__2022-02-10T00:00:00+00:00 [queued]>
[2022-02-11 00:00:02,424] {taskinstance.py:1238} INFO - 
--------------------------------------------------------------------------------
[2022-02-11 00:00:02,425] {taskinstance.py:1239} INFO - Starting attempt 1 of 2
[2022-02-11 00:00:02,425] {taskinstance.py:1240} INFO - 
--------------------------------------------------------------------------------
[2022-02-11 00:00:02,447] {taskinstance.py:1259} INFO - Executing <Task(SparkSubmitOperator): spark_job> on 2022-02-10 00:00:00+00:00
[2022-02-11 00:00:02,452] {standard_task_runner.py:52} INFO - Started process 940 to run task
[2022-02-11 00:00:02,456] {standard_task_runner.py:76} INFO - Running: ['***', 'tasks', 'run', 'spark-book-count', 'spark_job', 'scheduled__2022-02-10T00:00:00+00:00', '--job-id', '5', '--raw', '--subdir', 'DAGS_FOLDER/spark-dag.py', '--cfg-path', '/tmp/tmpmlbbn6tt', '--error-file', '/tmp/tmpx_7e405g']
[2022-02-11 00:00:02,457] {standard_task_runner.py:77} INFO - Job 5: Subtask spark_job
[2022-02-11 00:00:02,588] {logging_mixin.py:109} INFO - Running <TaskInstance: spark-book-count.spark_job scheduled__2022-02-10T00:00:00+00:00 [running]> on host 980639fb6da9
[2022-02-11 00:00:02,712] {taskinstance.py:1426} INFO - Exporting the following env vars:
AIRFLOW_CTX_DAG_EMAIL=***@***.com
AIRFLOW_CTX_DAG_OWNER=***
AIRFLOW_CTX_DAG_ID=spark-book-count
AIRFLOW_CTX_TASK_ID=spark_job
AIRFLOW_CTX_EXECUTION_DATE=2022-02-10T00:00:00+00:00
AIRFLOW_CTX_DAG_RUN_ID=scheduled__2022-02-10T00:00:00+00:00
[2022-02-11 00:00:02,731] {base.py:79} INFO - Using connection to: id: spark_default. Host: spark://192.168.208.7:7077, Port: None, Schema: , Login: , Password: None, extra: {}
[2022-02-11 00:00:02,733] {spark_submit.py:360} INFO - Spark-Submit cmd: spark-submit --master spark://192.168.208.7:7077 --conf spark.master=spark://spark:7077 --name Spark book count --verbose /usr/local/spark/app/spark-book-count.py /usr/local/spark/data/book.txt
[2022-02-11 00:00:04,591] {spark_submit.py:514} INFO - Using properties file: null
[2022-02-11 00:00:04,674] {spark_submit.py:514} INFO - WARNING: An illegal reflective access operation has occurred
[2022-02-11 00:00:04,674] {spark_submit.py:514} INFO - WARNING: Illegal reflective access by org.apache.spark.unsafe.Platform (file:/home/***/.local/lib/python3.7/site-packages/pyspark/jars/spark-unsafe_2.12-3.2.0.jar) to constructor java.nio.DirectByteBuffer(long,int)
[2022-02-11 00:00:04,675] {spark_submit.py:514} INFO - WARNING: Please consider reporting this to the maintainers of org.apache.spark.unsafe.Platform
[2022-02-11 00:00:04,675] {spark_submit.py:514} INFO - WARNING: Use --illegal-access=warn to enable warnings of further illegal reflective access operations
[2022-02-11 00:00:04,675] {spark_submit.py:514} INFO - WARNING: All illegal access operations will be denied in a future release
[2022-02-11 00:00:04,730] {spark_submit.py:514} INFO - Parsed arguments:
[2022-02-11 00:00:04,730] {spark_submit.py:514} INFO - master                  spark://192.168.208.7:7077
[2022-02-11 00:00:04,730] {spark_submit.py:514} INFO - deployMode              null
[2022-02-11 00:00:04,730] {spark_submit.py:514} INFO - executorMemory          null
[2022-02-11 00:00:04,730] {spark_submit.py:514} INFO - executorCores           null
[2022-02-11 00:00:04,730] {spark_submit.py:514} INFO - totalExecutorCores      null
[2022-02-11 00:00:04,730] {spark_submit.py:514} INFO - propertiesFile          null
[2022-02-11 00:00:04,731] {spark_submit.py:514} INFO - driverMemory            null
[2022-02-11 00:00:04,731] {spark_submit.py:514} INFO - driverCores             null
[2022-02-11 00:00:04,731] {spark_submit.py:514} INFO - driverExtraClassPath    null
[2022-02-11 00:00:04,731] {spark_submit.py:514} INFO - driverExtraLibraryPath  null
[2022-02-11 00:00:04,731] {spark_submit.py:514} INFO - driverExtraJavaOptions  null
[2022-02-11 00:00:04,731] {spark_submit.py:514} INFO - supervise               false
[2022-02-11 00:00:04,731] {spark_submit.py:514} INFO - queue                   null
[2022-02-11 00:00:04,731] {spark_submit.py:514} INFO - numExecutors            null
[2022-02-11 00:00:04,731] {spark_submit.py:514} INFO - files                   null
[2022-02-11 00:00:04,731] {spark_submit.py:514} INFO - pyFiles                 null
[2022-02-11 00:00:04,731] {spark_submit.py:514} INFO - archives                null
[2022-02-11 00:00:04,732] {spark_submit.py:514} INFO - mainClass               null
[2022-02-11 00:00:04,732] {spark_submit.py:514} INFO - primaryResource         file:/usr/local/spark/app/spark-book-count.py
[2022-02-11 00:00:04,732] {spark_submit.py:514} INFO - name                    Spark book count
[2022-02-11 00:00:04,732] {spark_submit.py:514} INFO - childArgs               [/usr/local/spark/data/book.txt]
[2022-02-11 00:00:04,732] {spark_submit.py:514} INFO - jars                    null
[2022-02-11 00:00:04,732] {spark_submit.py:514} INFO - packages                null
[2022-02-11 00:00:04,732] {spark_submit.py:514} INFO - packagesExclusions      null
[2022-02-11 00:00:04,732] {spark_submit.py:514} INFO - repositories            null
[2022-02-11 00:00:04,732] {spark_submit.py:514} INFO - verbose                 true
[2022-02-11 00:00:04,732] {spark_submit.py:514} INFO - 
[2022-02-11 00:00:04,733] {spark_submit.py:514} INFO - Spark properties used, including those specified through
[2022-02-11 00:00:04,733] {spark_submit.py:514} INFO - --conf and those from the properties file null:
[2022-02-11 00:00:04,733] {spark_submit.py:514} INFO - (spark.master,spark://spark:7077)
[2022-02-11 00:00:04,733] {spark_submit.py:514} INFO - 
[2022-02-11 00:00:04,733] {spark_submit.py:514} INFO - 
[2022-02-11 00:00:05,084] {spark_submit.py:514} INFO - Main class:
[2022-02-11 00:00:05,085] {spark_submit.py:514} INFO - org.apache.spark.deploy.PythonRunner
[2022-02-11 00:00:05,085] {spark_submit.py:514} INFO - Arguments:
[2022-02-11 00:00:05,085] {spark_submit.py:514} INFO - file:/usr/local/spark/app/spark-book-count.py
[2022-02-11 00:00:05,085] {spark_submit.py:514} INFO - null
[2022-02-11 00:00:05,085] {spark_submit.py:514} INFO - /usr/local/spark/data/book.txt
[2022-02-11 00:00:05,085] {spark_submit.py:514} INFO - --verbose
[2022-02-11 00:00:05,087] {spark_submit.py:514} INFO - Spark config:
[2022-02-11 00:00:05,087] {spark_submit.py:514} INFO - (spark.app.name,Spark book count)
[2022-02-11 00:00:05,088] {spark_submit.py:514} INFO - (spark.master,spark://192.168.208.7:7077)
[2022-02-11 00:00:05,088] {spark_submit.py:514} INFO - (spark.submit.pyFiles,)
[2022-02-11 00:00:05,088] {spark_submit.py:514} INFO - (spark.submit.deployMode,client)
[2022-02-11 00:00:05,088] {spark_submit.py:514} INFO - Classpath elements:
[2022-02-11 00:00:05,088] {spark_submit.py:514} INFO - 
[2022-02-11 00:00:05,088] {spark_submit.py:514} INFO - 
[2022-02-11 00:00:05,088] {spark_submit.py:514} INFO - 
[2022-02-11 00:00:06,346] {spark_submit.py:514} INFO - Using Spark's default log4j profile: org/apache/spark/log4j-defaults.properties
[2022-02-11 00:00:06,356] {spark_submit.py:514} INFO - 22/02/11 00:00:06 INFO SparkContext: Running Spark version 3.2.0
[2022-02-11 00:00:06,441] {spark_submit.py:514} INFO - 22/02/11 00:00:06 WARN NativeCodeLoader: Unable to load native-hadoop library for your platform... using builtin-java classes where applicable
[2022-02-11 00:00:06,552] {spark_submit.py:514} INFO - 22/02/11 00:00:06 INFO ResourceUtils: ==============================================================
[2022-02-11 00:00:06,552] {spark_submit.py:514} INFO - 22/02/11 00:00:06 INFO ResourceUtils: No custom resources configured for spark.driver.
[2022-02-11 00:00:06,553] {spark_submit.py:514} INFO - 22/02/11 00:00:06 INFO ResourceUtils: ==============================================================
[2022-02-11 00:00:06,553] {spark_submit.py:514} INFO - 22/02/11 00:00:06 INFO SparkContext: Submitted application: WordCount
[2022-02-11 00:00:06,588] {spark_submit.py:514} INFO - 22/02/11 00:00:06 INFO ResourceProfile: Default ResourceProfile created, executor resources: Map(cores -> name: cores, amount: 1, script: , vendor: , memory -> name: memory, amount: 1024, script: , vendor: , offHeap -> name: offHeap, amount: 0, script: , vendor: ), task resources: Map(cpus -> name: cpus, amount: 1.0)
[2022-02-11 00:00:06,605] {spark_submit.py:514} INFO - 22/02/11 00:00:06 INFO ResourceProfile: Limiting resource is cpu
[2022-02-11 00:00:06,605] {spark_submit.py:514} INFO - 22/02/11 00:00:06 INFO ResourceProfileManager: Added ResourceProfile id: 0
[2022-02-11 00:00:06,668] {spark_submit.py:514} INFO - 22/02/11 00:00:06 INFO SecurityManager: Changing view acls to: ***
[2022-02-11 00:00:06,669] {spark_submit.py:514} INFO - 22/02/11 00:00:06 INFO SecurityManager: Changing modify acls to: ***
[2022-02-11 00:00:06,670] {spark_submit.py:514} INFO - 22/02/11 00:00:06 INFO SecurityManager: Changing view acls groups to:
[2022-02-11 00:00:06,670] {spark_submit.py:514} INFO - 22/02/11 00:00:06 INFO SecurityManager: Changing modify acls groups to:
[2022-02-11 00:00:06,671] {spark_submit.py:514} INFO - 22/02/11 00:00:06 INFO SecurityManager: SecurityManager: authentication disabled; ui acls disabled; users  with view permissions: Set(***); groups with view permissions: Set(); users  with modify permissions: Set(***); groups with modify permissions: Set()
[2022-02-11 00:00:07,013] {spark_submit.py:514} INFO - 22/02/11 00:00:07 INFO Utils: Successfully started service 'sparkDriver' on port 40119.
[2022-02-11 00:00:07,041] {spark_submit.py:514} INFO - 22/02/11 00:00:07 INFO SparkEnv: Registering MapOutputTracker
[2022-02-11 00:00:07,072] {spark_submit.py:514} INFO - 22/02/11 00:00:07 INFO SparkEnv: Registering BlockManagerMaster
[2022-02-11 00:00:07,092] {spark_submit.py:514} INFO - 22/02/11 00:00:07 INFO BlockManagerMasterEndpoint: Using org.apache.spark.storage.DefaultTopologyMapper for getting topology information
[2022-02-11 00:00:07,092] {spark_submit.py:514} INFO - 22/02/11 00:00:07 INFO BlockManagerMasterEndpoint: BlockManagerMasterEndpoint up
[2022-02-11 00:00:07,097] {spark_submit.py:514} INFO - 22/02/11 00:00:07 INFO SparkEnv: Registering BlockManagerMasterHeartbeat
[2022-02-11 00:00:07,120] {spark_submit.py:514} INFO - 22/02/11 00:00:07 INFO DiskBlockManager: Created local directory at /tmp/blockmgr-b7a4077c-b158-42a0-88d4-ebf6188620d8
[2022-02-11 00:00:07,146] {spark_submit.py:514} INFO - 22/02/11 00:00:07 INFO MemoryStore: MemoryStore started with capacity 434.4 MiB
[2022-02-11 00:00:07,164] {spark_submit.py:514} INFO - 22/02/11 00:00:07 INFO SparkEnv: Registering OutputCommitCoordinator
[2022-02-11 00:00:07,379] {spark_submit.py:514} INFO - 22/02/11 00:00:07 INFO Utils: Successfully started service 'SparkUI' on port 4040.
[2022-02-11 00:00:07,446] {spark_submit.py:514} INFO - 22/02/11 00:00:07 INFO SparkUI: Bound SparkUI to 0.0.0.0, and started at http://980639fb6da9:4040
[2022-02-11 00:00:07,675] {spark_submit.py:514} INFO - 22/02/11 00:00:07 INFO StandaloneAppClient$ClientEndpoint: Connecting to master spark://192.168.208.7:7077...
[2022-02-11 00:00:07,855] {spark_submit.py:514} INFO - 22/02/11 00:00:07 INFO TransportClientFactory: Successfully created connection to /192.168.208.7:7077 after 113 ms (0 ms spent in bootstraps)
[2022-02-11 00:00:08,028] {spark_submit.py:514} INFO - 22/02/11 00:00:08 INFO StandaloneSchedulerBackend: Connected to Spark cluster with app ID app-20220211000008-0002
[2022-02-11 00:00:08,030] {spark_submit.py:514} INFO - 22/02/11 00:00:08 INFO StandaloneAppClient$ClientEndpoint: Executor added: app-20220211000008-0002/0 on worker-20220210153851-192.168.208.3-38121 (192.168.208.3:38121) with 4 core(s)
[2022-02-11 00:00:08,037] {spark_submit.py:514} INFO - 22/02/11 00:00:08 INFO StandaloneSchedulerBackend: Granted executor ID app-20220211000008-0002/0 on hostPort 192.168.208.3:38121 with 4 core(s), 1024.0 MiB RAM
[2022-02-11 00:00:08,037] {spark_submit.py:514} INFO - 22/02/11 00:00:08 INFO Utils: Successfully started service 'org.apache.spark.network.netty.NettyBlockTransferService' on port 43101.
[2022-02-11 00:00:08,037] {spark_submit.py:514} INFO - 22/02/11 00:00:08 INFO NettyBlockTransferService: Server created on 980639fb6da9:43101
[2022-02-11 00:00:08,038] {spark_submit.py:514} INFO - 22/02/11 00:00:08 INFO BlockManager: Using org.apache.spark.storage.RandomBlockReplicationPolicy for block replication policy
[2022-02-11 00:00:08,047] {spark_submit.py:514} INFO - 22/02/11 00:00:08 INFO BlockManagerMaster: Registering BlockManager BlockManagerId(driver, 980639fb6da9, 43101, None)
[2022-02-11 00:00:08,051] {spark_submit.py:514} INFO - 22/02/11 00:00:08 INFO BlockManagerMasterEndpoint: Registering block manager 980639fb6da9:43101 with 434.4 MiB RAM, BlockManagerId(driver, 980639fb6da9, 43101, None)
[2022-02-11 00:00:08,055] {spark_submit.py:514} INFO - 22/02/11 00:00:08 INFO BlockManagerMaster: Registered BlockManager BlockManagerId(driver, 980639fb6da9, 43101, None)
[2022-02-11 00:00:08,056] {spark_submit.py:514} INFO - 22/02/11 00:00:08 INFO BlockManager: Initialized BlockManager: BlockManagerId(driver, 980639fb6da9, 43101, None)
[2022-02-11 00:00:08,070] {spark_submit.py:514} INFO - 22/02/11 00:00:08 INFO StandaloneAppClient$ClientEndpoint: Executor updated: app-20220211000008-0002/0 is now RUNNING
[2022-02-11 00:00:08,329] {spark_submit.py:514} INFO - 22/02/11 00:00:08 INFO StandaloneSchedulerBackend: SchedulerBackend is ready for scheduling beginning after reached minRegisteredResourcesRatio: 0.0
[2022-02-11 00:00:08,634] {spark_submit.py:514} INFO - 22/02/11 00:00:08 INFO SharedState: Setting hive.metastore.warehouse.dir ('null') to the value of spark.sql.warehouse.dir.
[2022-02-11 00:00:08,693] {spark_submit.py:514} INFO - 22/02/11 00:00:08 INFO SharedState: Warehouse path is 'file:/app/spark-warehouse'.
[2022-02-11 00:00:10,064] {spark_submit.py:514} INFO - 22/02/11 00:00:10 INFO InMemoryFileIndex: It took 80 ms to list leaf files for 1 paths.
[2022-02-11 00:00:12,356] {spark_submit.py:514} INFO - 22/02/11 00:00:12 INFO CoarseGrainedSchedulerBackend$DriverEndpoint: Registered executor NettyRpcEndpointRef(spark-client://Executor) (192.168.208.3:60182) with ID 0,  ResourceProfileId 0
[2022-02-11 00:00:12,572] {spark_submit.py:514} INFO - 22/02/11 00:00:12 INFO BlockManagerMasterEndpoint: Registering block manager 192.168.208.3:37817 with 366.3 MiB RAM, BlockManagerId(0, 192.168.208.3, 37817, None)
[2022-02-11 00:00:14,331] {spark_submit.py:514} INFO - 22/02/11 00:00:14 INFO FileSourceStrategy: Pushed Filters: IsNotNull(value)
[2022-02-11 00:00:14,333] {spark_submit.py:514} INFO - 22/02/11 00:00:14 INFO FileSourceStrategy: Post-Scan Filters: isnotnull(value#0),(size(split(value#0, \W+, -1), true) > 0),isnotnull(split(value#0, \W+, -1))
[2022-02-11 00:00:14,336] {spark_submit.py:514} INFO - 22/02/11 00:00:14 INFO FileSourceStrategy: Output Data Schema: struct<value: string>
[2022-02-11 00:00:15,222] {spark_submit.py:514} INFO - 22/02/11 00:00:15 INFO CodeGenerator: Code generated in 345.478004 ms
[2022-02-11 00:00:15,304] {spark_submit.py:514} INFO - 22/02/11 00:00:15 INFO MemoryStore: Block broadcast_0 stored as values in memory (estimated size 189.9 KiB, free 434.2 MiB)
[2022-02-11 00:00:15,387] {spark_submit.py:514} INFO - 22/02/11 00:00:15 INFO MemoryStore: Block broadcast_0_piece0 stored as bytes in memory (estimated size 32.7 KiB, free 434.2 MiB)
[2022-02-11 00:00:15,390] {spark_submit.py:514} INFO - 22/02/11 00:00:15 INFO BlockManagerInfo: Added broadcast_0_piece0 in memory on 980639fb6da9:43101 (size: 32.7 KiB, free: 434.4 MiB)
[2022-02-11 00:00:15,395] {spark_submit.py:514} INFO - 22/02/11 00:00:15 INFO SparkContext: Created broadcast 0 from showString at NativeMethodAccessorImpl.java:0
[2022-02-11 00:00:15,403] {spark_submit.py:514} INFO - 22/02/11 00:00:15 INFO FileSourceScanExec: Planning scan with bin packing, max size: 4194304 bytes, open cost is considered as scanning 4194304 bytes.
[2022-02-11 00:00:15,603] {spark_submit.py:514} INFO - 22/02/11 00:00:15 INFO DAGScheduler: Registering RDD 3 (showString at NativeMethodAccessorImpl.java:0) as input to shuffle 0
[2022-02-11 00:00:15,608] {spark_submit.py:514} INFO - 22/02/11 00:00:15 INFO DAGScheduler: Got map stage job 0 (showString at NativeMethodAccessorImpl.java:0) with 1 output partitions
[2022-02-11 00:00:15,608] {spark_submit.py:514} INFO - 22/02/11 00:00:15 INFO DAGScheduler: Final stage: ShuffleMapStage 0 (showString at NativeMethodAccessorImpl.java:0)
[2022-02-11 00:00:15,608] {spark_submit.py:514} INFO - 22/02/11 00:00:15 INFO DAGScheduler: Parents of final stage: List()
[2022-02-11 00:00:15,610] {spark_submit.py:514} INFO - 22/02/11 00:00:15 INFO DAGScheduler: Missing parents: List()
[2022-02-11 00:00:15,614] {spark_submit.py:514} INFO - 22/02/11 00:00:15 INFO DAGScheduler: Submitting ShuffleMapStage 0 (MapPartitionsRDD[3] at showString at NativeMethodAccessorImpl.java:0), which has no missing parents
[2022-02-11 00:00:15,647] {spark_submit.py:514} INFO - 22/02/11 00:00:15 INFO MemoryStore: Block broadcast_1 stored as values in memory (estimated size 38.0 KiB, free 434.1 MiB)
[2022-02-11 00:00:15,652] {spark_submit.py:514} INFO - 22/02/11 00:00:15 INFO MemoryStore: Block broadcast_1_piece0 stored as bytes in memory (estimated size 17.6 KiB, free 434.1 MiB)
[2022-02-11 00:00:15,652] {spark_submit.py:514} INFO - 22/02/11 00:00:15 INFO BlockManagerInfo: Added broadcast_1_piece0 in memory on 980639fb6da9:43101 (size: 17.6 KiB, free: 434.4 MiB)
[2022-02-11 00:00:15,653] {spark_submit.py:514} INFO - 22/02/11 00:00:15 INFO SparkContext: Created broadcast 1 from broadcast at DAGScheduler.scala:1427
[2022-02-11 00:00:15,667] {spark_submit.py:514} INFO - 22/02/11 00:00:15 INFO DAGScheduler: Submitting 1 missing tasks from ShuffleMapStage 0 (MapPartitionsRDD[3] at showString at NativeMethodAccessorImpl.java:0) (first 15 tasks are for partitions Vector(0))
[2022-02-11 00:00:15,668] {spark_submit.py:514} INFO - 22/02/11 00:00:15 INFO TaskSchedulerImpl: Adding task set 0.0 with 1 tasks resource profile 0
[2022-02-11 00:00:15,701] {spark_submit.py:514} INFO - 22/02/11 00:00:15 INFO TaskSetManager: Starting task 0.0 in stage 0.0 (TID 0) (192.168.208.3, executor 0, partition 0, PROCESS_LOCAL, 4855 bytes) taskResourceAssignments Map()
[2022-02-11 00:00:16,059] {spark_submit.py:514} INFO - 22/02/11 00:00:16 INFO BlockManagerInfo: Added broadcast_1_piece0 in memory on 192.168.208.3:37817 (size: 17.6 KiB, free: 366.3 MiB)
[2022-02-11 00:00:17,650] {spark_submit.py:514} INFO - 22/02/11 00:00:17 INFO BlockManagerInfo: Added broadcast_0_piece0 in memory on 192.168.208.3:37817 (size: 32.7 KiB, free: 366.3 MiB)
[2022-02-11 00:00:18,035] {spark_submit.py:514} INFO - 22/02/11 00:00:18 INFO TaskSetManager: Finished task 0.0 in stage 0.0 (TID 0) in 2342 ms on 192.168.208.3 (executor 0) (1/1)
[2022-02-11 00:00:18,038] {spark_submit.py:514} INFO - 22/02/11 00:00:18 INFO TaskSchedulerImpl: Removed TaskSet 0.0, whose tasks have all completed, from pool
[2022-02-11 00:00:18,047] {spark_submit.py:514} INFO - 22/02/11 00:00:18 INFO DAGScheduler: ShuffleMapStage 0 (showString at NativeMethodAccessorImpl.java:0) finished in 2.419 s
[2022-02-11 00:00:18,049] {spark_submit.py:514} INFO - 22/02/11 00:00:18 INFO DAGScheduler: looking for newly runnable stages
[2022-02-11 00:00:18,050] {spark_submit.py:514} INFO - 22/02/11 00:00:18 INFO DAGScheduler: running: Set()
[2022-02-11 00:00:18,050] {spark_submit.py:514} INFO - 22/02/11 00:00:18 INFO DAGScheduler: waiting: Set()
[2022-02-11 00:00:18,051] {spark_submit.py:514} INFO - 22/02/11 00:00:18 INFO DAGScheduler: failed: Set()
[2022-02-11 00:00:18,090] {spark_submit.py:514} INFO - 22/02/11 00:00:18 INFO ShufflePartitionsUtil: For shuffle(0), advisory target size: 67108864, actual target size 1048576, minimum partition size: 1048576
[2022-02-11 00:00:18,158] {spark_submit.py:514} INFO - 22/02/11 00:00:18 INFO CodeGenerator: Code generated in 21.911058 ms
[2022-02-11 00:00:18,229] {spark_submit.py:514} INFO - 22/02/11 00:00:18 INFO CodeGenerator: Code generated in 55.288459 ms
[2022-02-11 00:00:18,334] {spark_submit.py:514} INFO - 22/02/11 00:00:18 INFO SparkContext: Starting job: showString at NativeMethodAccessorImpl.java:0
[2022-02-11 00:00:18,338] {spark_submit.py:514} INFO - 22/02/11 00:00:18 INFO DAGScheduler: Got job 1 (showString at NativeMethodAccessorImpl.java:0) with 1 output partitions
[2022-02-11 00:00:18,338] {spark_submit.py:514} INFO - 22/02/11 00:00:18 INFO DAGScheduler: Final stage: ResultStage 2 (showString at NativeMethodAccessorImpl.java:0)
[2022-02-11 00:00:18,338] {spark_submit.py:514} INFO - 22/02/11 00:00:18 INFO DAGScheduler: Parents of final stage: List(ShuffleMapStage 1)
[2022-02-11 00:00:18,339] {spark_submit.py:514} INFO - 22/02/11 00:00:18 INFO DAGScheduler: Missing parents: List()
[2022-02-11 00:00:18,341] {spark_submit.py:514} INFO - 22/02/11 00:00:18 INFO DAGScheduler: Submitting ResultStage 2 (MapPartitionsRDD[7] at showString at NativeMethodAccessorImpl.java:0), which has no missing parents
[2022-02-11 00:00:18,366] {spark_submit.py:514} INFO - 22/02/11 00:00:18 INFO MemoryStore: Block broadcast_2 stored as values in memory (estimated size 42.3 KiB, free 434.1 MiB)
[2022-02-11 00:00:18,370] {spark_submit.py:514} INFO - 22/02/11 00:00:18 INFO MemoryStore: Block broadcast_2_piece0 stored as bytes in memory (estimated size 20.0 KiB, free 434.1 MiB)
[2022-02-11 00:00:18,371] {spark_submit.py:514} INFO - 22/02/11 00:00:18 INFO BlockManagerInfo: Added broadcast_2_piece0 in memory on 980639fb6da9:43101 (size: 20.0 KiB, free: 434.3 MiB)
[2022-02-11 00:00:18,371] {spark_submit.py:514} INFO - 22/02/11 00:00:18 INFO SparkContext: Created broadcast 2 from broadcast at DAGScheduler.scala:1427
[2022-02-11 00:00:18,373] {spark_submit.py:514} INFO - 22/02/11 00:00:18 INFO DAGScheduler: Submitting 1 missing tasks from ResultStage 2 (MapPartitionsRDD[7] at showString at NativeMethodAccessorImpl.java:0) (first 15 tasks are for partitions Vector(0))
[2022-02-11 00:00:18,374] {spark_submit.py:514} INFO - 22/02/11 00:00:18 INFO TaskSchedulerImpl: Adding task set 2.0 with 1 tasks resource profile 0
[2022-02-11 00:00:18,380] {spark_submit.py:514} INFO - 22/02/11 00:00:18 INFO TaskSetManager: Starting task 0.0 in stage 2.0 (TID 1) (192.168.208.3, executor 0, partition 0, NODE_LOCAL, 4457 bytes) taskResourceAssignments Map()
[2022-02-11 00:00:18,416] {spark_submit.py:514} INFO - 22/02/11 00:00:18 INFO BlockManagerInfo: Added broadcast_2_piece0 in memory on 192.168.208.3:37817 (size: 20.0 KiB, free: 366.2 MiB)
[2022-02-11 00:00:18,742] {spark_submit.py:514} INFO - 22/02/11 00:00:18 INFO MapOutputTrackerMasterEndpoint: Asked to send map output locations for shuffle 0 to 192.168.208.3:60182
[2022-02-11 00:00:19,065] {spark_submit.py:514} INFO - 22/02/11 00:00:19 INFO TaskSetManager: Finished task 0.0 in stage 2.0 (TID 1) in 688 ms on 192.168.208.3 (executor 0) (1/1)
[2022-02-11 00:00:19,066] {spark_submit.py:514} INFO - 22/02/11 00:00:19 INFO TaskSchedulerImpl: Removed TaskSet 2.0, whose tasks have all completed, from pool
[2022-02-11 00:00:19,069] {spark_submit.py:514} INFO - 22/02/11 00:00:19 INFO DAGScheduler: ResultStage 2 (showString at NativeMethodAccessorImpl.java:0) finished in 0.712 s
[2022-02-11 00:00:19,076] {spark_submit.py:514} INFO - 22/02/11 00:00:19 INFO DAGScheduler: Job 1 is finished. Cancelling potential speculative or zombie tasks for this job
[2022-02-11 00:00:19,077] {spark_submit.py:514} INFO - 22/02/11 00:00:19 INFO TaskSchedulerImpl: Killing all running tasks in stage 2: Stage finished
[2022-02-11 00:00:19,079] {spark_submit.py:514} INFO - 22/02/11 00:00:19 INFO DAGScheduler: Job 1 finished: showString at NativeMethodAccessorImpl.java:0, took 0.743601 s
[2022-02-11 00:00:19,108] {spark_submit.py:514} INFO - 22/02/11 00:00:19 INFO CodeGenerator: Code generated in 16.527235 ms
[2022-02-11 00:00:19,148] {spark_submit.py:514} INFO - 22/02/11 00:00:19 INFO CodeGenerator: Code generated in 19.187922 ms
[2022-02-11 00:00:19,174] {spark_submit.py:514} INFO - +--------+-----+
[2022-02-11 00:00:19,174] {spark_submit.py:514} INFO - |    word|count|
[2022-02-11 00:00:19,174] {spark_submit.py:514} INFO - +--------+-----+
[2022-02-11 00:00:19,174] {spark_submit.py:514} INFO - | explain|    1|
[2022-02-11 00:00:19,175] {spark_submit.py:514} INFO - |      in|    1|
[2022-02-11 00:00:19,175] {spark_submit.py:514} INFO - |  cheese|    1|
[2022-02-11 00:00:19,175] {spark_submit.py:514} INFO - |     you|    1|
[2022-02-11 00:00:19,175] {spark_submit.py:514} INFO - |    will|    1|
[2022-02-11 00:00:19,175] {spark_submit.py:514} INFO - |cookbook|    1|
[2022-02-11 00:00:19,175] {spark_submit.py:514} INFO - |    make|    1|
[2022-02-11 00:00:19,175] {spark_submit.py:514} INFO - |  omelet|    1|
[2022-02-11 00:00:19,175] {spark_submit.py:514} INFO - |      to|    1|
[2022-02-11 00:00:19,175] {spark_submit.py:514} INFO - |    book|    1|
[2022-02-11 00:00:19,175] {spark_submit.py:514} INFO - |      we|    1|
[2022-02-11 00:00:19,175] {spark_submit.py:514} INFO - |   hello|    1|
[2022-02-11 00:00:19,176] {spark_submit.py:514} INFO - |      is|    1|
[2022-02-11 00:00:19,176] {spark_submit.py:514} INFO - |     how|    1|
[2022-02-11 00:00:19,176] {spark_submit.py:514} INFO - |       a|    2|
[2022-02-11 00:00:19,176] {spark_submit.py:514} INFO - |        |    2|
[2022-02-11 00:00:19,176] {spark_submit.py:514} INFO - |    this|    2|
[2022-02-11 00:00:19,176] {spark_submit.py:514} INFO - +--------+-----+
[2022-02-11 00:00:19,176] {spark_submit.py:514} INFO - 
[2022-02-11 00:00:19,222] {spark_submit.py:514} INFO - 22/02/11 00:00:19 INFO SparkContext: Invoking stop() from shutdown hook
[2022-02-11 00:00:19,230] {spark_submit.py:514} INFO - 22/02/11 00:00:19 INFO SparkUI: Stopped Spark web UI at http://980639fb6da9:4040
[2022-02-11 00:00:19,235] {spark_submit.py:514} INFO - 22/02/11 00:00:19 INFO StandaloneSchedulerBackend: Shutting down all executors
[2022-02-11 00:00:19,235] {spark_submit.py:514} INFO - 22/02/11 00:00:19 INFO CoarseGrainedSchedulerBackend$DriverEndpoint: Asking each executor to shut down
[2022-02-11 00:00:19,264] {spark_submit.py:514} INFO - 22/02/11 00:00:19 INFO MapOutputTrackerMasterEndpoint: MapOutputTrackerMasterEndpoint stopped!
[2022-02-11 00:00:19,294] {spark_submit.py:514} INFO - 22/02/11 00:00:19 INFO MemoryStore: MemoryStore cleared
[2022-02-11 00:00:19,295] {spark_submit.py:514} INFO - 22/02/11 00:00:19 INFO BlockManager: BlockManager stopped
[2022-02-11 00:00:19,303] {spark_submit.py:514} INFO - 22/02/11 00:00:19 INFO BlockManagerMaster: BlockManagerMaster stopped
[2022-02-11 00:00:19,305] {spark_submit.py:514} INFO - 22/02/11 00:00:19 INFO OutputCommitCoordinator$OutputCommitCoordinatorEndpoint: OutputCommitCoordinator stopped!
[2022-02-11 00:00:19,314] {spark_submit.py:514} INFO - 22/02/11 00:00:19 INFO SparkContext: Successfully stopped SparkContext
[2022-02-11 00:00:19,314] {spark_submit.py:514} INFO - 22/02/11 00:00:19 INFO ShutdownHookManager: Shutdown hook called
[2022-02-11 00:00:19,315] {spark_submit.py:514} INFO - 22/02/11 00:00:19 INFO ShutdownHookManager: Deleting directory /tmp/spark-e0541e3d-a849-4f38-8b3a-9bde234f3b18
[2022-02-11 00:00:19,319] {spark_submit.py:514} INFO - 22/02/11 00:00:19 INFO ShutdownHookManager: Deleting directory /tmp/spark-81882e27-16b1-46f9-9abb-a59436686fea
[2022-02-11 00:00:19,324] {spark_submit.py:514} INFO - 22/02/11 00:00:19 INFO ShutdownHookManager: Deleting directory /tmp/spark-e0541e3d-a849-4f38-8b3a-9bde234f3b18/pyspark-877ed2e8-3010-4003-b6aa-a70d344a2f2c
[2022-02-11 00:00:19,428] {taskinstance.py:1277} INFO - Marking task as SUCCESS. dag_id=spark-book-count, task_id=spark_job, execution_date=20220210T000000, start_date=20220211T000002, end_date=20220211T000019
[2022-02-11 00:00:19,482] {local_task_job.py:154} INFO - Task exited with return code 0
[2022-02-11 00:00:19,519] {local_task_job.py:264} INFO - 1 downstream tasks scheduled from follow-on schedule check
