[2022-02-09 01:42:59,304] {taskinstance.py:1032} INFO - Dependencies all met for <TaskInstance: spark-book-count.spark_job manual__2022-02-09T01:32:13.252597+00:00 [queued]>
[2022-02-09 01:42:59,316] {taskinstance.py:1032} INFO - Dependencies all met for <TaskInstance: spark-book-count.spark_job manual__2022-02-09T01:32:13.252597+00:00 [queued]>
[2022-02-09 01:42:59,316] {taskinstance.py:1238} INFO - 
--------------------------------------------------------------------------------
[2022-02-09 01:42:59,316] {taskinstance.py:1239} INFO - Starting attempt 10 of 11
[2022-02-09 01:42:59,316] {taskinstance.py:1240} INFO - 
--------------------------------------------------------------------------------
[2022-02-09 01:42:59,329] {taskinstance.py:1259} INFO - Executing <Task(SparkSubmitOperator): spark_job> on 2022-02-09 01:32:13.252597+00:00
[2022-02-09 01:42:59,333] {standard_task_runner.py:52} INFO - Started process 1485 to run task
[2022-02-09 01:42:59,336] {standard_task_runner.py:76} INFO - Running: ['***', 'tasks', 'run', 'spark-book-count', 'spark_job', 'manual__2022-02-09T01:32:13.252597+00:00', '--job-id', '11', '--raw', '--subdir', 'DAGS_FOLDER/spark-dag.py', '--cfg-path', '/tmp/tmpwhc77f4w', '--error-file', '/tmp/tmp5nzgtelw']
[2022-02-09 01:42:59,337] {standard_task_runner.py:77} INFO - Job 11: Subtask spark_job
[2022-02-09 01:42:59,385] {logging_mixin.py:109} INFO - Running <TaskInstance: spark-book-count.spark_job manual__2022-02-09T01:32:13.252597+00:00 [running]> on host 9bca822c2c60
[2022-02-09 01:42:59,435] {taskinstance.py:1426} INFO - Exporting the following env vars:
AIRFLOW_CTX_DAG_EMAIL=***@***.com
AIRFLOW_CTX_DAG_OWNER=***
AIRFLOW_CTX_DAG_ID=spark-book-count
AIRFLOW_CTX_TASK_ID=spark_job
AIRFLOW_CTX_EXECUTION_DATE=2022-02-09T01:32:13.252597+00:00
AIRFLOW_CTX_DAG_RUN_ID=manual__2022-02-09T01:32:13.252597+00:00
[2022-02-09 01:42:59,444] {base.py:79} INFO - Using connection to: id: spark_default. Host: spark://172.25.0.6:7077, Port: None, Schema: , Login: , Password: None, extra: {}
[2022-02-09 01:42:59,445] {spark_submit.py:360} INFO - Spark-Submit cmd: spark-submit --master spark://172.25.0.6:7077 --conf spark.master=spark://spark:7077 --name Spark book count --verbose /usr/local/spark/app/spark-book-count.py /usr/local/spark/data/book.txt
[2022-02-09 01:43:01,018] {spark_submit.py:514} INFO - Using properties file: null
[2022-02-09 01:43:01,156] {spark_submit.py:514} INFO - WARNING: An illegal reflective access operation has occurred
[2022-02-09 01:43:01,156] {spark_submit.py:514} INFO - WARNING: Illegal reflective access by org.apache.spark.unsafe.Platform (file:/home/***/.local/lib/python3.7/site-packages/pyspark/jars/spark-unsafe_2.12-3.2.1.jar) to constructor java.nio.DirectByteBuffer(long,int)
[2022-02-09 01:43:01,156] {spark_submit.py:514} INFO - WARNING: Please consider reporting this to the maintainers of org.apache.spark.unsafe.Platform
[2022-02-09 01:43:01,156] {spark_submit.py:514} INFO - WARNING: Use --illegal-access=warn to enable warnings of further illegal reflective access operations
[2022-02-09 01:43:01,157] {spark_submit.py:514} INFO - WARNING: All illegal access operations will be denied in a future release
[2022-02-09 01:43:01,234] {spark_submit.py:514} INFO - Parsed arguments:
[2022-02-09 01:43:01,234] {spark_submit.py:514} INFO - master                  spark://172.25.0.6:7077
[2022-02-09 01:43:01,234] {spark_submit.py:514} INFO - deployMode              null
[2022-02-09 01:43:01,235] {spark_submit.py:514} INFO - executorMemory          null
[2022-02-09 01:43:01,235] {spark_submit.py:514} INFO - executorCores           null
[2022-02-09 01:43:01,235] {spark_submit.py:514} INFO - totalExecutorCores      null
[2022-02-09 01:43:01,235] {spark_submit.py:514} INFO - propertiesFile          null
[2022-02-09 01:43:01,235] {spark_submit.py:514} INFO - driverMemory            null
[2022-02-09 01:43:01,235] {spark_submit.py:514} INFO - driverCores             null
[2022-02-09 01:43:01,235] {spark_submit.py:514} INFO - driverExtraClassPath    null
[2022-02-09 01:43:01,235] {spark_submit.py:514} INFO - driverExtraLibraryPath  null
[2022-02-09 01:43:01,235] {spark_submit.py:514} INFO - driverExtraJavaOptions  null
[2022-02-09 01:43:01,235] {spark_submit.py:514} INFO - supervise               false
[2022-02-09 01:43:01,235] {spark_submit.py:514} INFO - queue                   null
[2022-02-09 01:43:01,236] {spark_submit.py:514} INFO - numExecutors            null
[2022-02-09 01:43:01,236] {spark_submit.py:514} INFO - files                   null
[2022-02-09 01:43:01,236] {spark_submit.py:514} INFO - pyFiles                 null
[2022-02-09 01:43:01,236] {spark_submit.py:514} INFO - archives                null
[2022-02-09 01:43:01,236] {spark_submit.py:514} INFO - mainClass               null
[2022-02-09 01:43:01,236] {spark_submit.py:514} INFO - primaryResource         file:/usr/local/spark/app/spark-book-count.py
[2022-02-09 01:43:01,236] {spark_submit.py:514} INFO - name                    Spark book count
[2022-02-09 01:43:01,236] {spark_submit.py:514} INFO - childArgs               [/usr/local/spark/data/book.txt]
[2022-02-09 01:43:01,236] {spark_submit.py:514} INFO - jars                    null
[2022-02-09 01:43:01,236] {spark_submit.py:514} INFO - packages                null
[2022-02-09 01:43:01,236] {spark_submit.py:514} INFO - packagesExclusions      null
[2022-02-09 01:43:01,237] {spark_submit.py:514} INFO - repositories            null
[2022-02-09 01:43:01,237] {spark_submit.py:514} INFO - verbose                 true
[2022-02-09 01:43:01,237] {spark_submit.py:514} INFO - 
[2022-02-09 01:43:01,237] {spark_submit.py:514} INFO - Spark properties used, including those specified through
[2022-02-09 01:43:01,237] {spark_submit.py:514} INFO - --conf and those from the properties file null:
[2022-02-09 01:43:01,237] {spark_submit.py:514} INFO - (spark.master,spark://spark:7077)
[2022-02-09 01:43:01,237] {spark_submit.py:514} INFO - 
[2022-02-09 01:43:01,237] {spark_submit.py:514} INFO - 
[2022-02-09 01:43:01,540] {spark_submit.py:514} INFO - Main class:
[2022-02-09 01:43:01,540] {spark_submit.py:514} INFO - org.apache.spark.deploy.PythonRunner
[2022-02-09 01:43:01,540] {spark_submit.py:514} INFO - Arguments:
[2022-02-09 01:43:01,540] {spark_submit.py:514} INFO - file:/usr/local/spark/app/spark-book-count.py
[2022-02-09 01:43:01,540] {spark_submit.py:514} INFO - null
[2022-02-09 01:43:01,540] {spark_submit.py:514} INFO - /usr/local/spark/data/book.txt
[2022-02-09 01:43:01,543] {spark_submit.py:514} INFO - Spark config:
[2022-02-09 01:43:01,543] {spark_submit.py:514} INFO - (spark.master,spark://172.25.0.6:7077)
[2022-02-09 01:43:01,543] {spark_submit.py:514} INFO - (spark.app.name,Spark book count)
[2022-02-09 01:43:01,543] {spark_submit.py:514} INFO - (spark.submit.pyFiles,)
[2022-02-09 01:43:01,543] {spark_submit.py:514} INFO - (spark.submit.deployMode,client)
[2022-02-09 01:43:01,544] {spark_submit.py:514} INFO - Classpath elements:
[2022-02-09 01:43:01,544] {spark_submit.py:514} INFO - 
[2022-02-09 01:43:01,544] {spark_submit.py:514} INFO - 
[2022-02-09 01:43:01,544] {spark_submit.py:514} INFO - 
[2022-02-09 01:43:02,594] {spark_submit.py:514} INFO - Using Spark's default log4j profile: org/apache/spark/log4j-defaults.properties
[2022-02-09 01:43:02,606] {spark_submit.py:514} INFO - 22/02/09 01:43:02 INFO SparkContext: Running Spark version 3.2.1
[2022-02-09 01:43:02,709] {spark_submit.py:514} INFO - 22/02/09 01:43:02 WARN NativeCodeLoader: Unable to load native-hadoop library for your platform... using builtin-java classes where applicable
[2022-02-09 01:43:02,849] {spark_submit.py:514} INFO - 22/02/09 01:43:02 INFO ResourceUtils: ==============================================================
[2022-02-09 01:43:02,850] {spark_submit.py:514} INFO - 22/02/09 01:43:02 INFO ResourceUtils: No custom resources configured for spark.driver.
[2022-02-09 01:43:02,850] {spark_submit.py:514} INFO - 22/02/09 01:43:02 INFO ResourceUtils: ==============================================================
[2022-02-09 01:43:02,851] {spark_submit.py:514} INFO - 22/02/09 01:43:02 INFO SparkContext: Submitted application: WordCount
[2022-02-09 01:43:02,877] {spark_submit.py:514} INFO - 22/02/09 01:43:02 INFO ResourceProfile: Default ResourceProfile created, executor resources: Map(cores -> name: cores, amount: 1, script: , vendor: , memory -> name: memory, amount: 1024, script: , vendor: , offHeap -> name: offHeap, amount: 0, script: , vendor: ), task resources: Map(cpus -> name: cpus, amount: 1.0)
[2022-02-09 01:43:02,894] {spark_submit.py:514} INFO - 22/02/09 01:43:02 INFO ResourceProfile: Limiting resource is cpu
[2022-02-09 01:43:02,895] {spark_submit.py:514} INFO - 22/02/09 01:43:02 INFO ResourceProfileManager: Added ResourceProfile id: 0
[2022-02-09 01:43:02,962] {spark_submit.py:514} INFO - 22/02/09 01:43:02 INFO SecurityManager: Changing view acls to: ***
[2022-02-09 01:43:02,962] {spark_submit.py:514} INFO - 22/02/09 01:43:02 INFO SecurityManager: Changing modify acls to: ***
[2022-02-09 01:43:02,963] {spark_submit.py:514} INFO - 22/02/09 01:43:02 INFO SecurityManager: Changing view acls groups to:
[2022-02-09 01:43:02,963] {spark_submit.py:514} INFO - 22/02/09 01:43:02 INFO SecurityManager: Changing modify acls groups to:
[2022-02-09 01:43:02,964] {spark_submit.py:514} INFO - 22/02/09 01:43:02 INFO SecurityManager: SecurityManager: authentication disabled; ui acls disabled; users  with view permissions: Set(***); groups with view permissions: Set(); users  with modify permissions: Set(***); groups with modify permissions: Set()
[2022-02-09 01:43:03,296] {spark_submit.py:514} INFO - 22/02/09 01:43:03 INFO Utils: Successfully started service 'sparkDriver' on port 36969.
[2022-02-09 01:43:03,325] {spark_submit.py:514} INFO - 22/02/09 01:43:03 INFO SparkEnv: Registering MapOutputTracker
[2022-02-09 01:43:03,358] {spark_submit.py:514} INFO - 22/02/09 01:43:03 INFO SparkEnv: Registering BlockManagerMaster
[2022-02-09 01:43:03,381] {spark_submit.py:514} INFO - 22/02/09 01:43:03 INFO BlockManagerMasterEndpoint: Using org.apache.spark.storage.DefaultTopologyMapper for getting topology information
[2022-02-09 01:43:03,381] {spark_submit.py:514} INFO - 22/02/09 01:43:03 INFO BlockManagerMasterEndpoint: BlockManagerMasterEndpoint up
[2022-02-09 01:43:03,386] {spark_submit.py:514} INFO - 22/02/09 01:43:03 INFO SparkEnv: Registering BlockManagerMasterHeartbeat
[2022-02-09 01:43:03,409] {spark_submit.py:514} INFO - 22/02/09 01:43:03 INFO DiskBlockManager: Created local directory at /tmp/blockmgr-6d668ab2-de75-4f7f-a498-25ac984a6a36
[2022-02-09 01:43:03,434] {spark_submit.py:514} INFO - 22/02/09 01:43:03 INFO MemoryStore: MemoryStore started with capacity 434.4 MiB
[2022-02-09 01:43:03,453] {spark_submit.py:514} INFO - 22/02/09 01:43:03 INFO SparkEnv: Registering OutputCommitCoordinator
[2022-02-09 01:43:03,677] {spark_submit.py:514} INFO - 22/02/09 01:43:03 INFO Utils: Successfully started service 'SparkUI' on port 4040.
[2022-02-09 01:43:03,759] {spark_submit.py:514} INFO - 22/02/09 01:43:03 INFO SparkUI: Bound SparkUI to 0.0.0.0, and started at http://9bca822c2c60:4040
[2022-02-09 01:43:04,074] {spark_submit.py:514} INFO - 22/02/09 01:43:04 INFO StandaloneAppClient$ClientEndpoint: Connecting to master spark://172.25.0.6:7077...
[2022-02-09 01:43:04,190] {spark_submit.py:514} INFO - 22/02/09 01:43:04 INFO TransportClientFactory: Successfully created connection to /172.25.0.6:7077 after 42 ms (0 ms spent in bootstraps)
[2022-02-09 01:43:04,326] {spark_submit.py:514} INFO - 22/02/09 01:43:04 INFO StandaloneSchedulerBackend: Connected to Spark cluster with app ID app-20220209014304-0008
[2022-02-09 01:43:04,339] {spark_submit.py:514} INFO - 22/02/09 01:43:04 INFO StandaloneAppClient$ClientEndpoint: Executor added: app-20220209014304-0008/0 on worker-20220209012759-172.25.0.3-44849 (172.25.0.3:44849) with 1 core(s)
[2022-02-09 01:43:04,341] {spark_submit.py:514} INFO - 22/02/09 01:43:04 INFO StandaloneSchedulerBackend: Granted executor ID app-20220209014304-0008/0 on hostPort 172.25.0.3:44849 with 1 core(s), 1024.0 MiB RAM
[2022-02-09 01:43:04,345] {spark_submit.py:514} INFO - 22/02/09 01:43:04 INFO Utils: Successfully started service 'org.apache.spark.network.netty.NettyBlockTransferService' on port 45469.
[2022-02-09 01:43:04,345] {spark_submit.py:514} INFO - 22/02/09 01:43:04 INFO NettyBlockTransferService: Server created on 9bca822c2c60:45469
[2022-02-09 01:43:04,348] {spark_submit.py:514} INFO - 22/02/09 01:43:04 INFO BlockManager: Using org.apache.spark.storage.RandomBlockReplicationPolicy for block replication policy
[2022-02-09 01:43:04,362] {spark_submit.py:514} INFO - 22/02/09 01:43:04 INFO BlockManagerMaster: Registering BlockManager BlockManagerId(driver, 9bca822c2c60, 45469, None)
[2022-02-09 01:43:04,374] {spark_submit.py:514} INFO - 22/02/09 01:43:04 INFO BlockManagerMasterEndpoint: Registering block manager 9bca822c2c60:45469 with 434.4 MiB RAM, BlockManagerId(driver, 9bca822c2c60, 45469, None)
[2022-02-09 01:43:04,378] {spark_submit.py:514} INFO - 22/02/09 01:43:04 INFO BlockManagerMaster: Registered BlockManager BlockManagerId(driver, 9bca822c2c60, 45469, None)
[2022-02-09 01:43:04,383] {spark_submit.py:514} INFO - 22/02/09 01:43:04 INFO BlockManager: Initialized BlockManager: BlockManagerId(driver, 9bca822c2c60, 45469, None)
[2022-02-09 01:43:04,396] {spark_submit.py:514} INFO - 22/02/09 01:43:04 INFO StandaloneAppClient$ClientEndpoint: Executor updated: app-20220209014304-0008/0 is now RUNNING
[2022-02-09 01:43:04,839] {spark_submit.py:514} INFO - 22/02/09 01:43:04 INFO StandaloneSchedulerBackend: SchedulerBackend is ready for scheduling beginning after reached minRegisteredResourcesRatio: 0.0
[2022-02-09 01:43:05,201] {spark_submit.py:514} INFO - 22/02/09 01:43:05 INFO SharedState: Setting hive.metastore.warehouse.dir ('null') to the value of spark.sql.warehouse.dir.
[2022-02-09 01:43:05,237] {spark_submit.py:514} INFO - 22/02/09 01:43:05 INFO SharedState: Warehouse path is 'file:/app/spark-warehouse'.
[2022-02-09 01:43:07,182] {spark_submit.py:514} INFO - 22/02/09 01:43:07 INFO InMemoryFileIndex: It took 199 ms to list leaf files for 1 paths.
[2022-02-09 01:43:09,295] {spark_submit.py:514} INFO - 22/02/09 01:43:09 INFO CoarseGrainedSchedulerBackend$DriverEndpoint: Registered executor NettyRpcEndpointRef(spark-client://Executor) (172.25.0.3:46142) with ID 0,  ResourceProfileId 0
[2022-02-09 01:43:09,508] {spark_submit.py:514} INFO - 22/02/09 01:43:09 INFO BlockManagerMasterEndpoint: Registering block manager 172.25.0.3:39435 with 366.3 MiB RAM, BlockManagerId(0, 172.25.0.3, 39435, None)
[2022-02-09 01:43:10,669] {spark_submit.py:514} INFO - 22/02/09 01:43:10 INFO SparkContext: Invoking stop() from shutdown hook
[2022-02-09 01:43:10,678] {spark_submit.py:514} INFO - 22/02/09 01:43:10 INFO SparkUI: Stopped Spark web UI at http://9bca822c2c60:4040
[2022-02-09 01:43:10,682] {spark_submit.py:514} INFO - 22/02/09 01:43:10 INFO StandaloneSchedulerBackend: Shutting down all executors
[2022-02-09 01:43:10,683] {spark_submit.py:514} INFO - 22/02/09 01:43:10 INFO CoarseGrainedSchedulerBackend$DriverEndpoint: Asking each executor to shut down
[2022-02-09 01:43:10,713] {spark_submit.py:514} INFO - 22/02/09 01:43:10 INFO MapOutputTrackerMasterEndpoint: MapOutputTrackerMasterEndpoint stopped!
[2022-02-09 01:43:10,733] {spark_submit.py:514} INFO - 22/02/09 01:43:10 INFO MemoryStore: MemoryStore cleared
[2022-02-09 01:43:10,733] {spark_submit.py:514} INFO - 22/02/09 01:43:10 INFO BlockManager: BlockManager stopped
[2022-02-09 01:43:10,741] {spark_submit.py:514} INFO - 22/02/09 01:43:10 INFO BlockManagerMaster: BlockManagerMaster stopped
[2022-02-09 01:43:10,744] {spark_submit.py:514} INFO - 22/02/09 01:43:10 INFO OutputCommitCoordinator$OutputCommitCoordinatorEndpoint: OutputCommitCoordinator stopped!
[2022-02-09 01:43:10,755] {spark_submit.py:514} INFO - 22/02/09 01:43:10 INFO SparkContext: Successfully stopped SparkContext
[2022-02-09 01:43:10,756] {spark_submit.py:514} INFO - 22/02/09 01:43:10 INFO ShutdownHookManager: Shutdown hook called
[2022-02-09 01:43:10,757] {spark_submit.py:514} INFO - 22/02/09 01:43:10 INFO ShutdownHookManager: Deleting directory /tmp/spark-af1da82c-69d8-4063-b3a5-58fbbeef66aa/pyspark-d09a4afb-f4dc-4f71-8b14-0f100d52b120
[2022-02-09 01:43:10,761] {spark_submit.py:514} INFO - 22/02/09 01:43:10 INFO ShutdownHookManager: Deleting directory /tmp/spark-57c41ea1-b925-422f-9d8c-44017090aff5
[2022-02-09 01:43:10,765] {spark_submit.py:514} INFO - 22/02/09 01:43:10 INFO ShutdownHookManager: Deleting directory /tmp/spark-af1da82c-69d8-4063-b3a5-58fbbeef66aa
[2022-02-09 01:43:10,845] {taskinstance.py:1277} INFO - Marking task as SUCCESS. dag_id=spark-book-count, task_id=spark_job, execution_date=20220209T013213, start_date=20220209T014259, end_date=20220209T014310
[2022-02-09 01:43:10,883] {local_task_job.py:154} INFO - Task exited with return code 0
[2022-02-09 01:43:10,921] {local_task_job.py:264} INFO - 1 downstream tasks scheduled from follow-on schedule check
