[2022-02-09 01:49:19,268] {taskinstance.py:1032} INFO - Dependencies all met for <TaskInstance: spark-book-count.spark_job manual__2022-02-09T01:32:13.252597+00:00 [queued]>
[2022-02-09 01:49:19,281] {taskinstance.py:1032} INFO - Dependencies all met for <TaskInstance: spark-book-count.spark_job manual__2022-02-09T01:32:13.252597+00:00 [queued]>
[2022-02-09 01:49:19,281] {taskinstance.py:1238} INFO - 
--------------------------------------------------------------------------------
[2022-02-09 01:49:19,282] {taskinstance.py:1239} INFO - Starting attempt 15 of 16
[2022-02-09 01:49:19,282] {taskinstance.py:1240} INFO - 
--------------------------------------------------------------------------------
[2022-02-09 01:49:19,295] {taskinstance.py:1259} INFO - Executing <Task(SparkSubmitOperator): spark_job> on 2022-02-09 01:32:13.252597+00:00
[2022-02-09 01:49:19,299] {standard_task_runner.py:52} INFO - Started process 2347 to run task
[2022-02-09 01:49:19,302] {standard_task_runner.py:76} INFO - Running: ['***', 'tasks', 'run', 'spark-book-count', 'spark_job', 'manual__2022-02-09T01:32:13.252597+00:00', '--job-id', '16', '--raw', '--subdir', 'DAGS_FOLDER/spark-dag.py', '--cfg-path', '/tmp/tmpjcab30_b', '--error-file', '/tmp/tmpx3zalxvv']
[2022-02-09 01:49:19,303] {standard_task_runner.py:77} INFO - Job 16: Subtask spark_job
[2022-02-09 01:49:19,351] {logging_mixin.py:109} INFO - Running <TaskInstance: spark-book-count.spark_job manual__2022-02-09T01:32:13.252597+00:00 [running]> on host 9bca822c2c60
[2022-02-09 01:49:19,405] {taskinstance.py:1426} INFO - Exporting the following env vars:
AIRFLOW_CTX_DAG_EMAIL=***@***.com
AIRFLOW_CTX_DAG_OWNER=***
AIRFLOW_CTX_DAG_ID=spark-book-count
AIRFLOW_CTX_TASK_ID=spark_job
AIRFLOW_CTX_EXECUTION_DATE=2022-02-09T01:32:13.252597+00:00
AIRFLOW_CTX_DAG_RUN_ID=manual__2022-02-09T01:32:13.252597+00:00
[2022-02-09 01:49:19,415] {base.py:79} INFO - Using connection to: id: spark_default. Host: spark://172.25.0.6:7077, Port: None, Schema: , Login: , Password: None, extra: {}
[2022-02-09 01:49:19,416] {spark_submit.py:360} INFO - Spark-Submit cmd: spark-submit --master spark://172.25.0.6:7077 --conf spark.master=spark://spark:7077 --name Spark book count --verbose /usr/local/spark/app/spark-book-count.py /usr/local/spark/data/book.txt
[2022-02-09 01:49:21,242] {spark_submit.py:514} INFO - Using properties file: null
[2022-02-09 01:49:21,479] {spark_submit.py:514} INFO - WARNING: An illegal reflective access operation has occurred
[2022-02-09 01:49:21,480] {spark_submit.py:514} INFO - WARNING: Illegal reflective access by org.apache.spark.unsafe.Platform (file:/home/***/.local/lib/python3.7/site-packages/pyspark/jars/spark-unsafe_2.12-3.2.1.jar) to constructor java.nio.DirectByteBuffer(long,int)
[2022-02-09 01:49:21,480] {spark_submit.py:514} INFO - WARNING: Please consider reporting this to the maintainers of org.apache.spark.unsafe.Platform
[2022-02-09 01:49:21,480] {spark_submit.py:514} INFO - WARNING: Use --illegal-access=warn to enable warnings of further illegal reflective access operations
[2022-02-09 01:49:21,480] {spark_submit.py:514} INFO - WARNING: All illegal access operations will be denied in a future release
[2022-02-09 01:49:21,613] {spark_submit.py:514} INFO - Parsed arguments:
[2022-02-09 01:49:21,613] {spark_submit.py:514} INFO - master                  spark://172.25.0.6:7077
[2022-02-09 01:49:21,614] {spark_submit.py:514} INFO - deployMode              null
[2022-02-09 01:49:21,614] {spark_submit.py:514} INFO - executorMemory          null
[2022-02-09 01:49:21,614] {spark_submit.py:514} INFO - executorCores           null
[2022-02-09 01:49:21,614] {spark_submit.py:514} INFO - totalExecutorCores      null
[2022-02-09 01:49:21,614] {spark_submit.py:514} INFO - propertiesFile          null
[2022-02-09 01:49:21,614] {spark_submit.py:514} INFO - driverMemory            null
[2022-02-09 01:49:21,614] {spark_submit.py:514} INFO - driverCores             null
[2022-02-09 01:49:21,614] {spark_submit.py:514} INFO - driverExtraClassPath    null
[2022-02-09 01:49:21,614] {spark_submit.py:514} INFO - driverExtraLibraryPath  null
[2022-02-09 01:49:21,615] {spark_submit.py:514} INFO - driverExtraJavaOptions  null
[2022-02-09 01:49:21,615] {spark_submit.py:514} INFO - supervise               false
[2022-02-09 01:49:21,615] {spark_submit.py:514} INFO - queue                   null
[2022-02-09 01:49:21,615] {spark_submit.py:514} INFO - numExecutors            null
[2022-02-09 01:49:21,615] {spark_submit.py:514} INFO - files                   null
[2022-02-09 01:49:21,615] {spark_submit.py:514} INFO - pyFiles                 null
[2022-02-09 01:49:21,615] {spark_submit.py:514} INFO - archives                null
[2022-02-09 01:49:21,615] {spark_submit.py:514} INFO - mainClass               null
[2022-02-09 01:49:21,615] {spark_submit.py:514} INFO - primaryResource         file:/usr/local/spark/app/spark-book-count.py
[2022-02-09 01:49:21,615] {spark_submit.py:514} INFO - name                    Spark book count
[2022-02-09 01:49:21,615] {spark_submit.py:514} INFO - childArgs               [/usr/local/spark/data/book.txt]
[2022-02-09 01:49:21,616] {spark_submit.py:514} INFO - jars                    null
[2022-02-09 01:49:21,616] {spark_submit.py:514} INFO - packages                null
[2022-02-09 01:49:21,616] {spark_submit.py:514} INFO - packagesExclusions      null
[2022-02-09 01:49:21,616] {spark_submit.py:514} INFO - repositories            null
[2022-02-09 01:49:21,616] {spark_submit.py:514} INFO - verbose                 true
[2022-02-09 01:49:21,616] {spark_submit.py:514} INFO - 
[2022-02-09 01:49:21,616] {spark_submit.py:514} INFO - Spark properties used, including those specified through
[2022-02-09 01:49:21,616] {spark_submit.py:514} INFO - --conf and those from the properties file null:
[2022-02-09 01:49:21,616] {spark_submit.py:514} INFO - (spark.master,spark://spark:7077)
[2022-02-09 01:49:21,617] {spark_submit.py:514} INFO - 
[2022-02-09 01:49:21,617] {spark_submit.py:514} INFO - 
[2022-02-09 01:49:22,182] {spark_submit.py:514} INFO - Main class:
[2022-02-09 01:49:22,182] {spark_submit.py:514} INFO - org.apache.spark.deploy.PythonRunner
[2022-02-09 01:49:22,183] {spark_submit.py:514} INFO - Arguments:
[2022-02-09 01:49:22,183] {spark_submit.py:514} INFO - file:/usr/local/spark/app/spark-book-count.py
[2022-02-09 01:49:22,183] {spark_submit.py:514} INFO - null
[2022-02-09 01:49:22,184] {spark_submit.py:514} INFO - /usr/local/spark/data/book.txt
[2022-02-09 01:49:22,188] {spark_submit.py:514} INFO - Spark config:
[2022-02-09 01:49:22,189] {spark_submit.py:514} INFO - (spark.master,spark://172.25.0.6:7077)
[2022-02-09 01:49:22,189] {spark_submit.py:514} INFO - (spark.app.name,Spark book count)
[2022-02-09 01:49:22,189] {spark_submit.py:514} INFO - (spark.submit.pyFiles,)
[2022-02-09 01:49:22,189] {spark_submit.py:514} INFO - (spark.submit.deployMode,client)
[2022-02-09 01:49:22,193] {spark_submit.py:514} INFO - Classpath elements:
[2022-02-09 01:49:22,193] {spark_submit.py:514} INFO - 
[2022-02-09 01:49:22,194] {spark_submit.py:514} INFO - 
[2022-02-09 01:49:22,194] {spark_submit.py:514} INFO - 
[2022-02-09 01:49:23,514] {spark_submit.py:514} INFO - Using Spark's default log4j profile: org/apache/spark/log4j-defaults.properties
[2022-02-09 01:49:23,528] {spark_submit.py:514} INFO - 22/02/09 01:49:23 INFO SparkContext: Running Spark version 3.2.1
[2022-02-09 01:49:23,650] {spark_submit.py:514} INFO - 22/02/09 01:49:23 WARN NativeCodeLoader: Unable to load native-hadoop library for your platform... using builtin-java classes where applicable
[2022-02-09 01:49:23,781] {spark_submit.py:514} INFO - 22/02/09 01:49:23 INFO ResourceUtils: ==============================================================
[2022-02-09 01:49:23,781] {spark_submit.py:514} INFO - 22/02/09 01:49:23 INFO ResourceUtils: No custom resources configured for spark.driver.
[2022-02-09 01:49:23,781] {spark_submit.py:514} INFO - 22/02/09 01:49:23 INFO ResourceUtils: ==============================================================
[2022-02-09 01:49:23,782] {spark_submit.py:514} INFO - 22/02/09 01:49:23 INFO SparkContext: Submitted application: WordCount
[2022-02-09 01:49:23,806] {spark_submit.py:514} INFO - 22/02/09 01:49:23 INFO ResourceProfile: Default ResourceProfile created, executor resources: Map(cores -> name: cores, amount: 1, script: , vendor: , memory -> name: memory, amount: 1024, script: , vendor: , offHeap -> name: offHeap, amount: 0, script: , vendor: ), task resources: Map(cpus -> name: cpus, amount: 1.0)
[2022-02-09 01:49:23,822] {spark_submit.py:514} INFO - 22/02/09 01:49:23 INFO ResourceProfile: Limiting resource is cpu
[2022-02-09 01:49:23,823] {spark_submit.py:514} INFO - 22/02/09 01:49:23 INFO ResourceProfileManager: Added ResourceProfile id: 0
[2022-02-09 01:49:23,895] {spark_submit.py:514} INFO - 22/02/09 01:49:23 INFO SecurityManager: Changing view acls to: ***
[2022-02-09 01:49:23,896] {spark_submit.py:514} INFO - 22/02/09 01:49:23 INFO SecurityManager: Changing modify acls to: ***
[2022-02-09 01:49:23,896] {spark_submit.py:514} INFO - 22/02/09 01:49:23 INFO SecurityManager: Changing view acls groups to:
[2022-02-09 01:49:23,897] {spark_submit.py:514} INFO - 22/02/09 01:49:23 INFO SecurityManager: Changing modify acls groups to:
[2022-02-09 01:49:23,898] {spark_submit.py:514} INFO - 22/02/09 01:49:23 INFO SecurityManager: SecurityManager: authentication disabled; ui acls disabled; users  with view permissions: Set(***); groups with view permissions: Set(); users  with modify permissions: Set(***); groups with modify permissions: Set()
[2022-02-09 01:49:24,299] {spark_submit.py:514} INFO - 22/02/09 01:49:24 INFO Utils: Successfully started service 'sparkDriver' on port 39015.
[2022-02-09 01:49:24,333] {spark_submit.py:514} INFO - 22/02/09 01:49:24 INFO SparkEnv: Registering MapOutputTracker
[2022-02-09 01:49:24,370] {spark_submit.py:514} INFO - 22/02/09 01:49:24 INFO SparkEnv: Registering BlockManagerMaster
[2022-02-09 01:49:24,394] {spark_submit.py:514} INFO - 22/02/09 01:49:24 INFO BlockManagerMasterEndpoint: Using org.apache.spark.storage.DefaultTopologyMapper for getting topology information
[2022-02-09 01:49:24,394] {spark_submit.py:514} INFO - 22/02/09 01:49:24 INFO BlockManagerMasterEndpoint: BlockManagerMasterEndpoint up
[2022-02-09 01:49:24,399] {spark_submit.py:514} INFO - 22/02/09 01:49:24 INFO SparkEnv: Registering BlockManagerMasterHeartbeat
[2022-02-09 01:49:24,425] {spark_submit.py:514} INFO - 22/02/09 01:49:24 INFO DiskBlockManager: Created local directory at /tmp/blockmgr-3c0b5c13-c315-486d-8545-855bf1dd6148
[2022-02-09 01:49:24,453] {spark_submit.py:514} INFO - 22/02/09 01:49:24 INFO MemoryStore: MemoryStore started with capacity 434.4 MiB
[2022-02-09 01:49:24,472] {spark_submit.py:514} INFO - 22/02/09 01:49:24 INFO SparkEnv: Registering OutputCommitCoordinator
[2022-02-09 01:49:24,742] {spark_submit.py:514} INFO - 22/02/09 01:49:24 INFO Utils: Successfully started service 'SparkUI' on port 4040.
[2022-02-09 01:49:24,834] {spark_submit.py:514} INFO - 22/02/09 01:49:24 INFO SparkUI: Bound SparkUI to 0.0.0.0, and started at http://9bca822c2c60:4040
[2022-02-09 01:49:25,121] {spark_submit.py:514} INFO - 22/02/09 01:49:25 INFO StandaloneAppClient$ClientEndpoint: Connecting to master spark://172.25.0.6:7077...
[2022-02-09 01:49:25,240] {spark_submit.py:514} INFO - 22/02/09 01:49:25 INFO TransportClientFactory: Successfully created connection to /172.25.0.6:7077 after 67 ms (0 ms spent in bootstraps)
[2022-02-09 01:49:25,371] {spark_submit.py:514} INFO - 22/02/09 01:49:25 INFO StandaloneSchedulerBackend: Connected to Spark cluster with app ID app-20220209014925-0013
[2022-02-09 01:49:25,377] {spark_submit.py:514} INFO - 22/02/09 01:49:25 INFO StandaloneAppClient$ClientEndpoint: Executor added: app-20220209014925-0013/0 on worker-20220209012759-172.25.0.3-44849 (172.25.0.3:44849) with 1 core(s)
[2022-02-09 01:49:25,379] {spark_submit.py:514} INFO - 22/02/09 01:49:25 INFO StandaloneSchedulerBackend: Granted executor ID app-20220209014925-0013/0 on hostPort 172.25.0.3:44849 with 1 core(s), 1024.0 MiB RAM
[2022-02-09 01:49:25,381] {spark_submit.py:514} INFO - 22/02/09 01:49:25 INFO Utils: Successfully started service 'org.apache.spark.network.netty.NettyBlockTransferService' on port 33381.
[2022-02-09 01:49:25,381] {spark_submit.py:514} INFO - 22/02/09 01:49:25 INFO NettyBlockTransferService: Server created on 9bca822c2c60:33381
[2022-02-09 01:49:25,382] {spark_submit.py:514} INFO - 22/02/09 01:49:25 INFO BlockManager: Using org.apache.spark.storage.RandomBlockReplicationPolicy for block replication policy
[2022-02-09 01:49:25,396] {spark_submit.py:514} INFO - 22/02/09 01:49:25 INFO BlockManagerMaster: Registering BlockManager BlockManagerId(driver, 9bca822c2c60, 33381, None)
[2022-02-09 01:49:25,406] {spark_submit.py:514} INFO - 22/02/09 01:49:25 INFO BlockManagerMasterEndpoint: Registering block manager 9bca822c2c60:33381 with 434.4 MiB RAM, BlockManagerId(driver, 9bca822c2c60, 33381, None)
[2022-02-09 01:49:25,411] {spark_submit.py:514} INFO - 22/02/09 01:49:25 INFO StandaloneAppClient$ClientEndpoint: Executor updated: app-20220209014925-0013/0 is now RUNNING
[2022-02-09 01:49:25,412] {spark_submit.py:514} INFO - 22/02/09 01:49:25 INFO BlockManagerMaster: Registered BlockManager BlockManagerId(driver, 9bca822c2c60, 33381, None)
[2022-02-09 01:49:25,414] {spark_submit.py:514} INFO - 22/02/09 01:49:25 INFO BlockManager: Initialized BlockManager: BlockManagerId(driver, 9bca822c2c60, 33381, None)
[2022-02-09 01:49:25,653] {spark_submit.py:514} INFO - 22/02/09 01:49:25 INFO StandaloneSchedulerBackend: SchedulerBackend is ready for scheduling beginning after reached minRegisteredResourcesRatio: 0.0
[2022-02-09 01:49:25,952] {spark_submit.py:514} INFO - 22/02/09 01:49:25 INFO SharedState: Setting hive.metastore.warehouse.dir ('null') to the value of spark.sql.warehouse.dir.
[2022-02-09 01:49:25,978] {spark_submit.py:514} INFO - 22/02/09 01:49:25 INFO SharedState: Warehouse path is 'file:/app/spark-warehouse'.
[2022-02-09 01:49:27,082] {spark_submit.py:514} INFO - 22/02/09 01:49:27 INFO InMemoryFileIndex: It took 75 ms to list leaf files for 1 paths.
[2022-02-09 01:49:28,855] {spark_submit.py:514} INFO - 22/02/09 01:49:28 INFO CoarseGrainedSchedulerBackend$DriverEndpoint: Registered executor NettyRpcEndpointRef(spark-client://Executor) (172.25.0.3:56552) with ID 0,  ResourceProfileId 0
[2022-02-09 01:49:29,065] {spark_submit.py:514} INFO - 22/02/09 01:49:29 INFO BlockManagerMasterEndpoint: Registering block manager 172.25.0.3:45319 with 366.3 MiB RAM, BlockManagerId(0, 172.25.0.3, 45319, None)
[2022-02-09 01:49:30,002] {spark_submit.py:514} INFO - >>>>>>>>>>>>>>>>>>>>>>>>>>>>>>>>>>>>>>>>>>>>>> DataFrame[word: string, count: bigint]
[2022-02-09 01:49:30,055] {spark_submit.py:514} INFO - 22/02/09 01:49:30 INFO SparkContext: Invoking stop() from shutdown hook
[2022-02-09 01:49:30,064] {spark_submit.py:514} INFO - 22/02/09 01:49:30 INFO SparkUI: Stopped Spark web UI at http://9bca822c2c60:4040
[2022-02-09 01:49:30,068] {spark_submit.py:514} INFO - 22/02/09 01:49:30 INFO StandaloneSchedulerBackend: Shutting down all executors
[2022-02-09 01:49:30,068] {spark_submit.py:514} INFO - 22/02/09 01:49:30 INFO CoarseGrainedSchedulerBackend$DriverEndpoint: Asking each executor to shut down
[2022-02-09 01:49:30,097] {spark_submit.py:514} INFO - 22/02/09 01:49:30 INFO MapOutputTrackerMasterEndpoint: MapOutputTrackerMasterEndpoint stopped!
[2022-02-09 01:49:30,118] {spark_submit.py:514} INFO - 22/02/09 01:49:30 INFO MemoryStore: MemoryStore cleared
[2022-02-09 01:49:30,119] {spark_submit.py:514} INFO - 22/02/09 01:49:30 INFO BlockManager: BlockManager stopped
[2022-02-09 01:49:30,128] {spark_submit.py:514} INFO - 22/02/09 01:49:30 INFO BlockManagerMaster: BlockManagerMaster stopped
[2022-02-09 01:49:30,130] {spark_submit.py:514} INFO - 22/02/09 01:49:30 INFO OutputCommitCoordinator$OutputCommitCoordinatorEndpoint: OutputCommitCoordinator stopped!
[2022-02-09 01:49:30,142] {spark_submit.py:514} INFO - 22/02/09 01:49:30 INFO SparkContext: Successfully stopped SparkContext
[2022-02-09 01:49:30,142] {spark_submit.py:514} INFO - 22/02/09 01:49:30 INFO ShutdownHookManager: Shutdown hook called
[2022-02-09 01:49:30,143] {spark_submit.py:514} INFO - 22/02/09 01:49:30 INFO ShutdownHookManager: Deleting directory /tmp/spark-f95293a9-dfbf-420f-9ec7-18f26dcad42d
[2022-02-09 01:49:30,148] {spark_submit.py:514} INFO - 22/02/09 01:49:30 INFO ShutdownHookManager: Deleting directory /tmp/spark-f95293a9-dfbf-420f-9ec7-18f26dcad42d/pyspark-6bbf1c89-97f8-4056-af1a-0e69ca78a361
[2022-02-09 01:49:30,151] {spark_submit.py:514} INFO - 22/02/09 01:49:30 INFO ShutdownHookManager: Deleting directory /tmp/spark-6efeb7e7-4938-4e0e-b08f-9a1d3ddf1cc2
[2022-02-09 01:49:30,226] {taskinstance.py:1277} INFO - Marking task as SUCCESS. dag_id=spark-book-count, task_id=spark_job, execution_date=20220209T013213, start_date=20220209T014919, end_date=20220209T014930
[2022-02-09 01:49:30,258] {local_task_job.py:154} INFO - Task exited with return code 0
[2022-02-09 01:49:30,292] {local_task_job.py:264} INFO - 1 downstream tasks scheduled from follow-on schedule check
