[2022-02-09 02:18:49,559] {taskinstance.py:1032} INFO - Dependencies all met for <TaskInstance: spark-book-count.spark_job manual__2022-02-09T01:32:13.252597+00:00 [queued]>
[2022-02-09 02:18:49,571] {taskinstance.py:1032} INFO - Dependencies all met for <TaskInstance: spark-book-count.spark_job manual__2022-02-09T01:32:13.252597+00:00 [queued]>
[2022-02-09 02:18:49,571] {taskinstance.py:1238} INFO - 
--------------------------------------------------------------------------------
[2022-02-09 02:18:49,571] {taskinstance.py:1239} INFO - Starting attempt 18 of 19
[2022-02-09 02:18:49,571] {taskinstance.py:1240} INFO - 
--------------------------------------------------------------------------------
[2022-02-09 02:18:49,585] {taskinstance.py:1259} INFO - Executing <Task(SparkSubmitOperator): spark_job> on 2022-02-09 01:32:13.252597+00:00
[2022-02-09 02:18:49,589] {standard_task_runner.py:52} INFO - Started process 2859 to run task
[2022-02-09 02:18:49,592] {standard_task_runner.py:76} INFO - Running: ['***', 'tasks', 'run', 'spark-book-count', 'spark_job', 'manual__2022-02-09T01:32:13.252597+00:00', '--job-id', '19', '--raw', '--subdir', 'DAGS_FOLDER/spark-dag.py', '--cfg-path', '/tmp/tmpv0x243oa', '--error-file', '/tmp/tmpk44m5whe']
[2022-02-09 02:18:49,592] {standard_task_runner.py:77} INFO - Job 19: Subtask spark_job
[2022-02-09 02:18:49,642] {logging_mixin.py:109} INFO - Running <TaskInstance: spark-book-count.spark_job manual__2022-02-09T01:32:13.252597+00:00 [running]> on host 9bca822c2c60
[2022-02-09 02:18:49,701] {taskinstance.py:1426} INFO - Exporting the following env vars:
AIRFLOW_CTX_DAG_EMAIL=***@***.com
AIRFLOW_CTX_DAG_OWNER=***
AIRFLOW_CTX_DAG_ID=spark-book-count
AIRFLOW_CTX_TASK_ID=spark_job
AIRFLOW_CTX_EXECUTION_DATE=2022-02-09T01:32:13.252597+00:00
AIRFLOW_CTX_DAG_RUN_ID=manual__2022-02-09T01:32:13.252597+00:00
[2022-02-09 02:18:49,711] {base.py:79} INFO - Using connection to: id: spark_default. Host: spark://172.25.0.6:7077, Port: None, Schema: , Login: , Password: None, extra: {}
[2022-02-09 02:18:49,713] {spark_submit.py:360} INFO - Spark-Submit cmd: spark-submit --master spark://172.25.0.6:7077 --conf spark.master=spark://spark:7077 --name Spark book count --verbose /usr/local/spark/app/spark-book-count.py /usr/local/spark/data/book.txt
[2022-02-09 02:18:52,296] {spark_submit.py:514} INFO - Using properties file: null
[2022-02-09 02:18:52,395] {spark_submit.py:514} INFO - WARNING: An illegal reflective access operation has occurred
[2022-02-09 02:18:52,395] {spark_submit.py:514} INFO - WARNING: Illegal reflective access by org.apache.spark.unsafe.Platform (file:/home/***/.local/lib/python3.7/site-packages/pyspark/jars/spark-unsafe_2.12-3.2.1.jar) to constructor java.nio.DirectByteBuffer(long,int)
[2022-02-09 02:18:52,395] {spark_submit.py:514} INFO - WARNING: Please consider reporting this to the maintainers of org.apache.spark.unsafe.Platform
[2022-02-09 02:18:52,395] {spark_submit.py:514} INFO - WARNING: Use --illegal-access=warn to enable warnings of further illegal reflective access operations
[2022-02-09 02:18:52,396] {spark_submit.py:514} INFO - WARNING: All illegal access operations will be denied in a future release
[2022-02-09 02:18:52,453] {spark_submit.py:514} INFO - Parsed arguments:
[2022-02-09 02:18:52,454] {spark_submit.py:514} INFO - master                  spark://172.25.0.6:7077
[2022-02-09 02:18:52,454] {spark_submit.py:514} INFO - deployMode              null
[2022-02-09 02:18:52,454] {spark_submit.py:514} INFO - executorMemory          null
[2022-02-09 02:18:52,454] {spark_submit.py:514} INFO - executorCores           null
[2022-02-09 02:18:52,454] {spark_submit.py:514} INFO - totalExecutorCores      null
[2022-02-09 02:18:52,454] {spark_submit.py:514} INFO - propertiesFile          null
[2022-02-09 02:18:52,454] {spark_submit.py:514} INFO - driverMemory            null
[2022-02-09 02:18:52,454] {spark_submit.py:514} INFO - driverCores             null
[2022-02-09 02:18:52,454] {spark_submit.py:514} INFO - driverExtraClassPath    null
[2022-02-09 02:18:52,454] {spark_submit.py:514} INFO - driverExtraLibraryPath  null
[2022-02-09 02:18:52,454] {spark_submit.py:514} INFO - driverExtraJavaOptions  null
[2022-02-09 02:18:52,454] {spark_submit.py:514} INFO - supervise               false
[2022-02-09 02:18:52,454] {spark_submit.py:514} INFO - queue                   null
[2022-02-09 02:18:52,455] {spark_submit.py:514} INFO - numExecutors            null
[2022-02-09 02:18:52,455] {spark_submit.py:514} INFO - files                   null
[2022-02-09 02:18:52,455] {spark_submit.py:514} INFO - pyFiles                 null
[2022-02-09 02:18:52,455] {spark_submit.py:514} INFO - archives                null
[2022-02-09 02:18:52,455] {spark_submit.py:514} INFO - mainClass               null
[2022-02-09 02:18:52,455] {spark_submit.py:514} INFO - primaryResource         file:/usr/local/spark/app/spark-book-count.py
[2022-02-09 02:18:52,455] {spark_submit.py:514} INFO - name                    Spark book count
[2022-02-09 02:18:52,455] {spark_submit.py:514} INFO - childArgs               [/usr/local/spark/data/book.txt]
[2022-02-09 02:18:52,455] {spark_submit.py:514} INFO - jars                    null
[2022-02-09 02:18:52,455] {spark_submit.py:514} INFO - packages                null
[2022-02-09 02:18:52,455] {spark_submit.py:514} INFO - packagesExclusions      null
[2022-02-09 02:18:52,455] {spark_submit.py:514} INFO - repositories            null
[2022-02-09 02:18:52,455] {spark_submit.py:514} INFO - verbose                 true
[2022-02-09 02:18:52,455] {spark_submit.py:514} INFO - 
[2022-02-09 02:18:52,455] {spark_submit.py:514} INFO - Spark properties used, including those specified through
[2022-02-09 02:18:52,456] {spark_submit.py:514} INFO - --conf and those from the properties file null:
[2022-02-09 02:18:52,456] {spark_submit.py:514} INFO - (spark.master,spark://spark:7077)
[2022-02-09 02:18:52,456] {spark_submit.py:514} INFO - 
[2022-02-09 02:18:52,456] {spark_submit.py:514} INFO - 
[2022-02-09 02:18:52,782] {spark_submit.py:514} INFO - Main class:
[2022-02-09 02:18:52,782] {spark_submit.py:514} INFO - org.apache.spark.deploy.PythonRunner
[2022-02-09 02:18:52,782] {spark_submit.py:514} INFO - Arguments:
[2022-02-09 02:18:52,782] {spark_submit.py:514} INFO - file:/usr/local/spark/app/spark-book-count.py
[2022-02-09 02:18:52,782] {spark_submit.py:514} INFO - null
[2022-02-09 02:18:52,782] {spark_submit.py:514} INFO - /usr/local/spark/data/book.txt
[2022-02-09 02:18:52,785] {spark_submit.py:514} INFO - Spark config:
[2022-02-09 02:18:52,785] {spark_submit.py:514} INFO - (spark.master,spark://172.25.0.6:7077)
[2022-02-09 02:18:52,785] {spark_submit.py:514} INFO - (spark.app.name,Spark book count)
[2022-02-09 02:18:52,785] {spark_submit.py:514} INFO - (spark.submit.pyFiles,)
[2022-02-09 02:18:52,785] {spark_submit.py:514} INFO - (spark.submit.deployMode,client)
[2022-02-09 02:18:52,785] {spark_submit.py:514} INFO - Classpath elements:
[2022-02-09 02:18:52,785] {spark_submit.py:514} INFO - 
[2022-02-09 02:18:52,786] {spark_submit.py:514} INFO - 
[2022-02-09 02:18:52,786] {spark_submit.py:514} INFO - 
[2022-02-09 02:18:53,834] {spark_submit.py:514} INFO - Using Spark's default log4j profile: org/apache/spark/log4j-defaults.properties
[2022-02-09 02:18:53,845] {spark_submit.py:514} INFO - 22/02/09 02:18:53 INFO SparkContext: Running Spark version 3.2.1
[2022-02-09 02:18:53,962] {spark_submit.py:514} INFO - 22/02/09 02:18:53 WARN NativeCodeLoader: Unable to load native-hadoop library for your platform... using builtin-java classes where applicable
[2022-02-09 02:18:54,091] {spark_submit.py:514} INFO - 22/02/09 02:18:54 INFO ResourceUtils: ==============================================================
[2022-02-09 02:18:54,091] {spark_submit.py:514} INFO - 22/02/09 02:18:54 INFO ResourceUtils: No custom resources configured for spark.driver.
[2022-02-09 02:18:54,091] {spark_submit.py:514} INFO - 22/02/09 02:18:54 INFO ResourceUtils: ==============================================================
[2022-02-09 02:18:54,092] {spark_submit.py:514} INFO - 22/02/09 02:18:54 INFO SparkContext: Submitted application: WordCount
[2022-02-09 02:18:54,121] {spark_submit.py:514} INFO - 22/02/09 02:18:54 INFO ResourceProfile: Default ResourceProfile created, executor resources: Map(cores -> name: cores, amount: 1, script: , vendor: , memory -> name: memory, amount: 1024, script: , vendor: , offHeap -> name: offHeap, amount: 0, script: , vendor: ), task resources: Map(cpus -> name: cpus, amount: 1.0)
[2022-02-09 02:18:54,138] {spark_submit.py:514} INFO - 22/02/09 02:18:54 INFO ResourceProfile: Limiting resource is cpu
[2022-02-09 02:18:54,139] {spark_submit.py:514} INFO - 22/02/09 02:18:54 INFO ResourceProfileManager: Added ResourceProfile id: 0
[2022-02-09 02:18:54,202] {spark_submit.py:514} INFO - 22/02/09 02:18:54 INFO SecurityManager: Changing view acls to: ***
[2022-02-09 02:18:54,202] {spark_submit.py:514} INFO - 22/02/09 02:18:54 INFO SecurityManager: Changing modify acls to: ***
[2022-02-09 02:18:54,203] {spark_submit.py:514} INFO - 22/02/09 02:18:54 INFO SecurityManager: Changing view acls groups to:
[2022-02-09 02:18:54,203] {spark_submit.py:514} INFO - 22/02/09 02:18:54 INFO SecurityManager: Changing modify acls groups to:
[2022-02-09 02:18:54,203] {spark_submit.py:514} INFO - 22/02/09 02:18:54 INFO SecurityManager: SecurityManager: authentication disabled; ui acls disabled; users  with view permissions: Set(***); groups with view permissions: Set(); users  with modify permissions: Set(***); groups with modify permissions: Set()
[2022-02-09 02:18:54,730] {spark_submit.py:514} INFO - 22/02/09 02:18:54 INFO Utils: Successfully started service 'sparkDriver' on port 41331.
[2022-02-09 02:18:54,769] {spark_submit.py:514} INFO - 22/02/09 02:18:54 INFO SparkEnv: Registering MapOutputTracker
[2022-02-09 02:18:54,817] {spark_submit.py:514} INFO - 22/02/09 02:18:54 INFO SparkEnv: Registering BlockManagerMaster
[2022-02-09 02:18:54,852] {spark_submit.py:514} INFO - 22/02/09 02:18:54 INFO BlockManagerMasterEndpoint: Using org.apache.spark.storage.DefaultTopologyMapper for getting topology information
[2022-02-09 02:18:54,853] {spark_submit.py:514} INFO - 22/02/09 02:18:54 INFO BlockManagerMasterEndpoint: BlockManagerMasterEndpoint up
[2022-02-09 02:18:54,859] {spark_submit.py:514} INFO - 22/02/09 02:18:54 INFO SparkEnv: Registering BlockManagerMasterHeartbeat
[2022-02-09 02:18:54,889] {spark_submit.py:514} INFO - 22/02/09 02:18:54 INFO DiskBlockManager: Created local directory at /tmp/blockmgr-12d7d187-93f3-41e0-b2be-819c9fc3e904
[2022-02-09 02:18:54,919] {spark_submit.py:514} INFO - 22/02/09 02:18:54 INFO MemoryStore: MemoryStore started with capacity 434.4 MiB
[2022-02-09 02:18:54,943] {spark_submit.py:514} INFO - 22/02/09 02:18:54 INFO SparkEnv: Registering OutputCommitCoordinator
[2022-02-09 02:18:55,254] {spark_submit.py:514} INFO - 22/02/09 02:18:55 INFO Utils: Successfully started service 'SparkUI' on port 4040.
[2022-02-09 02:18:55,352] {spark_submit.py:514} INFO - 22/02/09 02:18:55 INFO SparkUI: Bound SparkUI to 0.0.0.0, and started at http://9bca822c2c60:4040
[2022-02-09 02:18:55,597] {spark_submit.py:514} INFO - 22/02/09 02:18:55 INFO StandaloneAppClient$ClientEndpoint: Connecting to master spark://172.25.0.6:7077...
[2022-02-09 02:18:55,674] {spark_submit.py:514} INFO - 22/02/09 02:18:55 INFO TransportClientFactory: Successfully created connection to /172.25.0.6:7077 after 33 ms (0 ms spent in bootstraps)
[2022-02-09 02:18:55,823] {spark_submit.py:514} INFO - 22/02/09 02:18:55 INFO StandaloneSchedulerBackend: Connected to Spark cluster with app ID app-20220209021855-0016
[2022-02-09 02:18:55,827] {spark_submit.py:514} INFO - 22/02/09 02:18:55 INFO StandaloneAppClient$ClientEndpoint: Executor added: app-20220209021855-0016/0 on worker-20220209012759-172.25.0.3-44849 (172.25.0.3:44849) with 1 core(s)
[2022-02-09 02:18:55,830] {spark_submit.py:514} INFO - 22/02/09 02:18:55 INFO StandaloneSchedulerBackend: Granted executor ID app-20220209021855-0016/0 on hostPort 172.25.0.3:44849 with 1 core(s), 1024.0 MiB RAM
[2022-02-09 02:18:55,841] {spark_submit.py:514} INFO - 22/02/09 02:18:55 INFO Utils: Successfully started service 'org.apache.spark.network.netty.NettyBlockTransferService' on port 38263.
[2022-02-09 02:18:55,843] {spark_submit.py:514} INFO - 22/02/09 02:18:55 INFO NettyBlockTransferService: Server created on 9bca822c2c60:38263
[2022-02-09 02:18:55,850] {spark_submit.py:514} INFO - 22/02/09 02:18:55 INFO BlockManager: Using org.apache.spark.storage.RandomBlockReplicationPolicy for block replication policy
[2022-02-09 02:18:55,863] {spark_submit.py:514} INFO - 22/02/09 02:18:55 INFO StandaloneAppClient$ClientEndpoint: Executor updated: app-20220209021855-0016/0 is now RUNNING
[2022-02-09 02:18:55,865] {spark_submit.py:514} INFO - 22/02/09 02:18:55 INFO BlockManagerMaster: Registering BlockManager BlockManagerId(driver, 9bca822c2c60, 38263, None)
[2022-02-09 02:18:55,870] {spark_submit.py:514} INFO - 22/02/09 02:18:55 INFO BlockManagerMasterEndpoint: Registering block manager 9bca822c2c60:38263 with 434.4 MiB RAM, BlockManagerId(driver, 9bca822c2c60, 38263, None)
[2022-02-09 02:18:55,873] {spark_submit.py:514} INFO - 22/02/09 02:18:55 INFO BlockManagerMaster: Registered BlockManager BlockManagerId(driver, 9bca822c2c60, 38263, None)
[2022-02-09 02:18:55,875] {spark_submit.py:514} INFO - 22/02/09 02:18:55 INFO BlockManager: Initialized BlockManager: BlockManagerId(driver, 9bca822c2c60, 38263, None)
[2022-02-09 02:18:56,166] {spark_submit.py:514} INFO - 22/02/09 02:18:56 INFO StandaloneSchedulerBackend: SchedulerBackend is ready for scheduling beginning after reached minRegisteredResourcesRatio: 0.0
[2022-02-09 02:18:56,492] {spark_submit.py:514} INFO - 22/02/09 02:18:56 INFO SharedState: Setting hive.metastore.warehouse.dir ('null') to the value of spark.sql.warehouse.dir.
[2022-02-09 02:18:56,518] {spark_submit.py:514} INFO - 22/02/09 02:18:56 INFO SharedState: Warehouse path is 'file:/app/spark-warehouse'.
[2022-02-09 02:18:57,909] {spark_submit.py:514} INFO - 22/02/09 02:18:57 INFO InMemoryFileIndex: It took 103 ms to list leaf files for 1 paths.
[2022-02-09 02:19:00,782] {spark_submit.py:514} INFO - 22/02/09 02:19:00 INFO CoarseGrainedSchedulerBackend$DriverEndpoint: Registered executor NettyRpcEndpointRef(spark-client://Executor) (172.25.0.3:44496) with ID 0,  ResourceProfileId 0
[2022-02-09 02:19:01,000] {spark_submit.py:514} INFO - 22/02/09 02:19:00 INFO BlockManagerMasterEndpoint: Registering block manager 172.25.0.3:36743 with 366.3 MiB RAM, BlockManagerId(0, 172.25.0.3, 36743, None)
[2022-02-09 02:19:01,971] {spark_submit.py:514} INFO - >>>>>>>>>>>>>>>>>>>>>>>>>>>>>>>>>>>>>>>>>>>>>> DataFrame[word: string, count: bigint]
[2022-02-09 02:19:02,019] {spark_submit.py:514} INFO - 22/02/09 02:19:02 INFO SparkContext: Invoking stop() from shutdown hook
[2022-02-09 02:19:02,041] {spark_submit.py:514} INFO - 22/02/09 02:19:02 INFO SparkUI: Stopped Spark web UI at http://9bca822c2c60:4040
[2022-02-09 02:19:02,048] {spark_submit.py:514} INFO - 22/02/09 02:19:02 INFO StandaloneSchedulerBackend: Shutting down all executors
[2022-02-09 02:19:02,053] {spark_submit.py:514} INFO - 22/02/09 02:19:02 INFO CoarseGrainedSchedulerBackend$DriverEndpoint: Asking each executor to shut down
[2022-02-09 02:19:02,113] {spark_submit.py:514} INFO - 22/02/09 02:19:02 INFO MapOutputTrackerMasterEndpoint: MapOutputTrackerMasterEndpoint stopped!
[2022-02-09 02:19:02,142] {spark_submit.py:514} INFO - 22/02/09 02:19:02 INFO MemoryStore: MemoryStore cleared
[2022-02-09 02:19:02,143] {spark_submit.py:514} INFO - 22/02/09 02:19:02 INFO BlockManager: BlockManager stopped
[2022-02-09 02:19:02,155] {spark_submit.py:514} INFO - 22/02/09 02:19:02 INFO BlockManagerMaster: BlockManagerMaster stopped
[2022-02-09 02:19:02,159] {spark_submit.py:514} INFO - 22/02/09 02:19:02 INFO OutputCommitCoordinator$OutputCommitCoordinatorEndpoint: OutputCommitCoordinator stopped!
[2022-02-09 02:19:02,179] {spark_submit.py:514} INFO - 22/02/09 02:19:02 INFO SparkContext: Successfully stopped SparkContext
[2022-02-09 02:19:02,179] {spark_submit.py:514} INFO - 22/02/09 02:19:02 INFO ShutdownHookManager: Shutdown hook called
[2022-02-09 02:19:02,179] {spark_submit.py:514} INFO - 22/02/09 02:19:02 INFO ShutdownHookManager: Deleting directory /tmp/spark-7c08fdb1-9c40-47e2-a725-5816cfdb73f2
[2022-02-09 02:19:02,183] {spark_submit.py:514} INFO - 22/02/09 02:19:02 INFO ShutdownHookManager: Deleting directory /tmp/spark-7c08fdb1-9c40-47e2-a725-5816cfdb73f2/pyspark-67bcc511-ec98-4c7c-b16c-8f6a728d5d3a
[2022-02-09 02:19:02,186] {spark_submit.py:514} INFO - 22/02/09 02:19:02 INFO ShutdownHookManager: Deleting directory /tmp/spark-00293c94-94d0-4c25-a4e2-35184176e09c
[2022-02-09 02:19:02,259] {taskinstance.py:1277} INFO - Marking task as SUCCESS. dag_id=spark-book-count, task_id=spark_job, execution_date=20220209T013213, start_date=20220209T021849, end_date=20220209T021902
[2022-02-09 02:19:02,297] {local_task_job.py:154} INFO - Task exited with return code 0
[2022-02-09 02:19:02,331] {local_task_job.py:264} INFO - 1 downstream tasks scheduled from follow-on schedule check
