[2022-02-09 02:20:26,714] {taskinstance.py:1032} INFO - Dependencies all met for <TaskInstance: spark-book-count.spark_job manual__2022-02-09T01:32:13.252597+00:00 [queued]>
[2022-02-09 02:20:26,727] {taskinstance.py:1032} INFO - Dependencies all met for <TaskInstance: spark-book-count.spark_job manual__2022-02-09T01:32:13.252597+00:00 [queued]>
[2022-02-09 02:20:26,727] {taskinstance.py:1238} INFO - 
--------------------------------------------------------------------------------
[2022-02-09 02:20:26,727] {taskinstance.py:1239} INFO - Starting attempt 19 of 20
[2022-02-09 02:20:26,727] {taskinstance.py:1240} INFO - 
--------------------------------------------------------------------------------
[2022-02-09 02:20:26,741] {taskinstance.py:1259} INFO - Executing <Task(SparkSubmitOperator): spark_job> on 2022-02-09 01:32:13.252597+00:00
[2022-02-09 02:20:26,745] {standard_task_runner.py:52} INFO - Started process 3027 to run task
[2022-02-09 02:20:26,748] {standard_task_runner.py:76} INFO - Running: ['***', 'tasks', 'run', 'spark-book-count', 'spark_job', 'manual__2022-02-09T01:32:13.252597+00:00', '--job-id', '20', '--raw', '--subdir', 'DAGS_FOLDER/spark-dag.py', '--cfg-path', '/tmp/tmp525h23bb', '--error-file', '/tmp/tmpr5a86h3n']
[2022-02-09 02:20:26,749] {standard_task_runner.py:77} INFO - Job 20: Subtask spark_job
[2022-02-09 02:20:26,798] {logging_mixin.py:109} INFO - Running <TaskInstance: spark-book-count.spark_job manual__2022-02-09T01:32:13.252597+00:00 [running]> on host 9bca822c2c60
[2022-02-09 02:20:26,848] {taskinstance.py:1426} INFO - Exporting the following env vars:
AIRFLOW_CTX_DAG_EMAIL=***@***.com
AIRFLOW_CTX_DAG_OWNER=***
AIRFLOW_CTX_DAG_ID=spark-book-count
AIRFLOW_CTX_TASK_ID=spark_job
AIRFLOW_CTX_EXECUTION_DATE=2022-02-09T01:32:13.252597+00:00
AIRFLOW_CTX_DAG_RUN_ID=manual__2022-02-09T01:32:13.252597+00:00
[2022-02-09 02:20:26,857] {base.py:79} INFO - Using connection to: id: spark_default. Host: spark://172.25.0.6:7077, Port: None, Schema: , Login: , Password: None, extra: {}
[2022-02-09 02:20:26,859] {spark_submit.py:360} INFO - Spark-Submit cmd: spark-submit --master spark://172.25.0.6:7077 --conf spark.master=spark://spark:7077 --name Spark book count --verbose /usr/local/spark/app/spark-book-count.py /usr/local/spark/data/book.txt
[2022-02-09 02:20:28,788] {spark_submit.py:514} INFO - Using properties file: null
[2022-02-09 02:20:29,117] {spark_submit.py:514} INFO - WARNING: An illegal reflective access operation has occurred
[2022-02-09 02:20:29,117] {spark_submit.py:514} INFO - WARNING: Illegal reflective access by org.apache.spark.unsafe.Platform (file:/home/***/.local/lib/python3.7/site-packages/pyspark/jars/spark-unsafe_2.12-3.2.1.jar) to constructor java.nio.DirectByteBuffer(long,int)
[2022-02-09 02:20:29,117] {spark_submit.py:514} INFO - WARNING: Please consider reporting this to the maintainers of org.apache.spark.unsafe.Platform
[2022-02-09 02:20:29,117] {spark_submit.py:514} INFO - WARNING: Use --illegal-access=warn to enable warnings of further illegal reflective access operations
[2022-02-09 02:20:29,118] {spark_submit.py:514} INFO - WARNING: All illegal access operations will be denied in a future release
[2022-02-09 02:20:29,231] {spark_submit.py:514} INFO - Parsed arguments:
[2022-02-09 02:20:29,231] {spark_submit.py:514} INFO - master                  spark://172.25.0.6:7077
[2022-02-09 02:20:29,232] {spark_submit.py:514} INFO - deployMode              null
[2022-02-09 02:20:29,232] {spark_submit.py:514} INFO - executorMemory          null
[2022-02-09 02:20:29,232] {spark_submit.py:514} INFO - executorCores           null
[2022-02-09 02:20:29,232] {spark_submit.py:514} INFO - totalExecutorCores      null
[2022-02-09 02:20:29,232] {spark_submit.py:514} INFO - propertiesFile          null
[2022-02-09 02:20:29,232] {spark_submit.py:514} INFO - driverMemory            null
[2022-02-09 02:20:29,232] {spark_submit.py:514} INFO - driverCores             null
[2022-02-09 02:20:29,232] {spark_submit.py:514} INFO - driverExtraClassPath    null
[2022-02-09 02:20:29,232] {spark_submit.py:514} INFO - driverExtraLibraryPath  null
[2022-02-09 02:20:29,232] {spark_submit.py:514} INFO - driverExtraJavaOptions  null
[2022-02-09 02:20:29,233] {spark_submit.py:514} INFO - supervise               false
[2022-02-09 02:20:29,233] {spark_submit.py:514} INFO - queue                   null
[2022-02-09 02:20:29,233] {spark_submit.py:514} INFO - numExecutors            null
[2022-02-09 02:20:29,233] {spark_submit.py:514} INFO - files                   null
[2022-02-09 02:20:29,233] {spark_submit.py:514} INFO - pyFiles                 null
[2022-02-09 02:20:29,233] {spark_submit.py:514} INFO - archives                null
[2022-02-09 02:20:29,233] {spark_submit.py:514} INFO - mainClass               null
[2022-02-09 02:20:29,233] {spark_submit.py:514} INFO - primaryResource         file:/usr/local/spark/app/spark-book-count.py
[2022-02-09 02:20:29,233] {spark_submit.py:514} INFO - name                    Spark book count
[2022-02-09 02:20:29,233] {spark_submit.py:514} INFO - childArgs               [/usr/local/spark/data/book.txt]
[2022-02-09 02:20:29,234] {spark_submit.py:514} INFO - jars                    null
[2022-02-09 02:20:29,234] {spark_submit.py:514} INFO - packages                null
[2022-02-09 02:20:29,234] {spark_submit.py:514} INFO - packagesExclusions      null
[2022-02-09 02:20:29,234] {spark_submit.py:514} INFO - repositories            null
[2022-02-09 02:20:29,234] {spark_submit.py:514} INFO - verbose                 true
[2022-02-09 02:20:29,234] {spark_submit.py:514} INFO - 
[2022-02-09 02:20:29,234] {spark_submit.py:514} INFO - Spark properties used, including those specified through
[2022-02-09 02:20:29,234] {spark_submit.py:514} INFO - --conf and those from the properties file null:
[2022-02-09 02:20:29,234] {spark_submit.py:514} INFO - (spark.master,spark://spark:7077)
[2022-02-09 02:20:29,235] {spark_submit.py:514} INFO - 
[2022-02-09 02:20:29,235] {spark_submit.py:514} INFO - 
[2022-02-09 02:20:29,762] {spark_submit.py:514} INFO - Main class:
[2022-02-09 02:20:29,762] {spark_submit.py:514} INFO - org.apache.spark.deploy.PythonRunner
[2022-02-09 02:20:29,762] {spark_submit.py:514} INFO - Arguments:
[2022-02-09 02:20:29,762] {spark_submit.py:514} INFO - file:/usr/local/spark/app/spark-book-count.py
[2022-02-09 02:20:29,763] {spark_submit.py:514} INFO - null
[2022-02-09 02:20:29,763] {spark_submit.py:514} INFO - /usr/local/spark/data/book.txt
[2022-02-09 02:20:29,763] {spark_submit.py:514} INFO - Spark config:
[2022-02-09 02:20:29,764] {spark_submit.py:514} INFO - (spark.master,spark://172.25.0.6:7077)
[2022-02-09 02:20:29,764] {spark_submit.py:514} INFO - (spark.app.name,Spark book count)
[2022-02-09 02:20:29,764] {spark_submit.py:514} INFO - (spark.submit.pyFiles,)
[2022-02-09 02:20:29,764] {spark_submit.py:514} INFO - (spark.submit.deployMode,client)
[2022-02-09 02:20:29,764] {spark_submit.py:514} INFO - Classpath elements:
[2022-02-09 02:20:29,764] {spark_submit.py:514} INFO - 
[2022-02-09 02:20:29,765] {spark_submit.py:514} INFO - 
[2022-02-09 02:20:29,765] {spark_submit.py:514} INFO - 
[2022-02-09 02:20:30,875] {spark_submit.py:514} INFO - Using Spark's default log4j profile: org/apache/spark/log4j-defaults.properties
[2022-02-09 02:20:30,885] {spark_submit.py:514} INFO - 22/02/09 02:20:30 INFO SparkContext: Running Spark version 3.2.1
[2022-02-09 02:20:30,973] {spark_submit.py:514} INFO - 22/02/09 02:20:30 WARN NativeCodeLoader: Unable to load native-hadoop library for your platform... using builtin-java classes where applicable
[2022-02-09 02:20:31,088] {spark_submit.py:514} INFO - 22/02/09 02:20:31 INFO ResourceUtils: ==============================================================
[2022-02-09 02:20:31,088] {spark_submit.py:514} INFO - 22/02/09 02:20:31 INFO ResourceUtils: No custom resources configured for spark.driver.
[2022-02-09 02:20:31,089] {spark_submit.py:514} INFO - 22/02/09 02:20:31 INFO ResourceUtils: ==============================================================
[2022-02-09 02:20:31,089] {spark_submit.py:514} INFO - 22/02/09 02:20:31 INFO SparkContext: Submitted application: WordCount
[2022-02-09 02:20:31,116] {spark_submit.py:514} INFO - 22/02/09 02:20:31 INFO ResourceProfile: Default ResourceProfile created, executor resources: Map(cores -> name: cores, amount: 1, script: , vendor: , memory -> name: memory, amount: 1024, script: , vendor: , offHeap -> name: offHeap, amount: 0, script: , vendor: ), task resources: Map(cpus -> name: cpus, amount: 1.0)
[2022-02-09 02:20:31,132] {spark_submit.py:514} INFO - 22/02/09 02:20:31 INFO ResourceProfile: Limiting resource is cpu
[2022-02-09 02:20:31,132] {spark_submit.py:514} INFO - 22/02/09 02:20:31 INFO ResourceProfileManager: Added ResourceProfile id: 0
[2022-02-09 02:20:31,194] {spark_submit.py:514} INFO - 22/02/09 02:20:31 INFO SecurityManager: Changing view acls to: ***
[2022-02-09 02:20:31,194] {spark_submit.py:514} INFO - 22/02/09 02:20:31 INFO SecurityManager: Changing modify acls to: ***
[2022-02-09 02:20:31,195] {spark_submit.py:514} INFO - 22/02/09 02:20:31 INFO SecurityManager: Changing view acls groups to:
[2022-02-09 02:20:31,195] {spark_submit.py:514} INFO - 22/02/09 02:20:31 INFO SecurityManager: Changing modify acls groups to:
[2022-02-09 02:20:31,196] {spark_submit.py:514} INFO - 22/02/09 02:20:31 INFO SecurityManager: SecurityManager: authentication disabled; ui acls disabled; users  with view permissions: Set(***); groups with view permissions: Set(); users  with modify permissions: Set(***); groups with modify permissions: Set()
[2022-02-09 02:20:31,540] {spark_submit.py:514} INFO - 22/02/09 02:20:31 INFO Utils: Successfully started service 'sparkDriver' on port 35965.
[2022-02-09 02:20:31,570] {spark_submit.py:514} INFO - 22/02/09 02:20:31 INFO SparkEnv: Registering MapOutputTracker
[2022-02-09 02:20:31,604] {spark_submit.py:514} INFO - 22/02/09 02:20:31 INFO SparkEnv: Registering BlockManagerMaster
[2022-02-09 02:20:31,635] {spark_submit.py:514} INFO - 22/02/09 02:20:31 INFO BlockManagerMasterEndpoint: Using org.apache.spark.storage.DefaultTopologyMapper for getting topology information
[2022-02-09 02:20:31,636] {spark_submit.py:514} INFO - 22/02/09 02:20:31 INFO BlockManagerMasterEndpoint: BlockManagerMasterEndpoint up
[2022-02-09 02:20:31,641] {spark_submit.py:514} INFO - 22/02/09 02:20:31 INFO SparkEnv: Registering BlockManagerMasterHeartbeat
[2022-02-09 02:20:31,672] {spark_submit.py:514} INFO - 22/02/09 02:20:31 INFO DiskBlockManager: Created local directory at /tmp/blockmgr-cc5e1c98-0e56-49f3-8aa0-ed88d4de6353
[2022-02-09 02:20:31,706] {spark_submit.py:514} INFO - 22/02/09 02:20:31 INFO MemoryStore: MemoryStore started with capacity 434.4 MiB
[2022-02-09 02:20:31,731] {spark_submit.py:514} INFO - 22/02/09 02:20:31 INFO SparkEnv: Registering OutputCommitCoordinator
[2022-02-09 02:20:31,975] {spark_submit.py:514} INFO - 22/02/09 02:20:31 INFO Utils: Successfully started service 'SparkUI' on port 4040.
[2022-02-09 02:20:32,049] {spark_submit.py:514} INFO - 22/02/09 02:20:32 INFO SparkUI: Bound SparkUI to 0.0.0.0, and started at http://9bca822c2c60:4040
[2022-02-09 02:20:32,309] {spark_submit.py:514} INFO - 22/02/09 02:20:32 INFO StandaloneAppClient$ClientEndpoint: Connecting to master spark://172.25.0.6:7077...
[2022-02-09 02:20:32,399] {spark_submit.py:514} INFO - 22/02/09 02:20:32 INFO TransportClientFactory: Successfully created connection to /172.25.0.6:7077 after 41 ms (0 ms spent in bootstraps)
[2022-02-09 02:20:32,539] {spark_submit.py:514} INFO - 22/02/09 02:20:32 INFO StandaloneSchedulerBackend: Connected to Spark cluster with app ID app-20220209022032-0017
[2022-02-09 02:20:32,542] {spark_submit.py:514} INFO - 22/02/09 02:20:32 INFO StandaloneAppClient$ClientEndpoint: Executor added: app-20220209022032-0017/0 on worker-20220209012759-172.25.0.3-44849 (172.25.0.3:44849) with 1 core(s)
[2022-02-09 02:20:32,544] {spark_submit.py:514} INFO - 22/02/09 02:20:32 INFO StandaloneSchedulerBackend: Granted executor ID app-20220209022032-0017/0 on hostPort 172.25.0.3:44849 with 1 core(s), 1024.0 MiB RAM
[2022-02-09 02:20:32,554] {spark_submit.py:514} INFO - 22/02/09 02:20:32 INFO Utils: Successfully started service 'org.apache.spark.network.netty.NettyBlockTransferService' on port 40781.
[2022-02-09 02:20:32,554] {spark_submit.py:514} INFO - 22/02/09 02:20:32 INFO NettyBlockTransferService: Server created on 9bca822c2c60:40781
[2022-02-09 02:20:32,556] {spark_submit.py:514} INFO - 22/02/09 02:20:32 INFO BlockManager: Using org.apache.spark.storage.RandomBlockReplicationPolicy for block replication policy
[2022-02-09 02:20:32,570] {spark_submit.py:514} INFO - 22/02/09 02:20:32 INFO BlockManagerMaster: Registering BlockManager BlockManagerId(driver, 9bca822c2c60, 40781, None)
[2022-02-09 02:20:32,570] {spark_submit.py:514} INFO - 22/02/09 02:20:32 INFO StandaloneAppClient$ClientEndpoint: Executor updated: app-20220209022032-0017/0 is now RUNNING
[2022-02-09 02:20:32,573] {spark_submit.py:514} INFO - 22/02/09 02:20:32 INFO BlockManagerMasterEndpoint: Registering block manager 9bca822c2c60:40781 with 434.4 MiB RAM, BlockManagerId(driver, 9bca822c2c60, 40781, None)
[2022-02-09 02:20:32,577] {spark_submit.py:514} INFO - 22/02/09 02:20:32 INFO BlockManagerMaster: Registered BlockManager BlockManagerId(driver, 9bca822c2c60, 40781, None)
[2022-02-09 02:20:32,578] {spark_submit.py:514} INFO - 22/02/09 02:20:32 INFO BlockManager: Initialized BlockManager: BlockManagerId(driver, 9bca822c2c60, 40781, None)
[2022-02-09 02:20:32,910] {spark_submit.py:514} INFO - 22/02/09 02:20:32 INFO StandaloneSchedulerBackend: SchedulerBackend is ready for scheduling beginning after reached minRegisteredResourcesRatio: 0.0
[2022-02-09 02:20:33,266] {spark_submit.py:514} INFO - 22/02/09 02:20:33 INFO SharedState: Setting hive.metastore.warehouse.dir ('null') to the value of spark.sql.warehouse.dir.
[2022-02-09 02:20:33,316] {spark_submit.py:514} INFO - 22/02/09 02:20:33 INFO SharedState: Warehouse path is 'file:/app/spark-warehouse'.
[2022-02-09 02:20:34,475] {spark_submit.py:514} INFO - 22/02/09 02:20:34 INFO InMemoryFileIndex: It took 61 ms to list leaf files for 1 paths.
[2022-02-09 02:20:36,144] {spark_submit.py:514} INFO - 22/02/09 02:20:36 INFO CoarseGrainedSchedulerBackend$DriverEndpoint: Registered executor NettyRpcEndpointRef(spark-client://Executor) (172.25.0.3:47194) with ID 0,  ResourceProfileId 0
[2022-02-09 02:20:36,350] {spark_submit.py:514} INFO - 22/02/09 02:20:36 INFO BlockManagerMasterEndpoint: Registering block manager 172.25.0.3:38557 with 366.3 MiB RAM, BlockManagerId(0, 172.25.0.3, 38557, None)
[2022-02-09 02:20:37,906] {spark_submit.py:514} INFO - >>>>>>>>>>>>>>>>>>>>>>>>>>>>>>>>>>>>>>>>>>>>>> DataFrame[word: string, count: bigint]
[2022-02-09 02:20:37,921] {spark_submit.py:514} INFO - >>>>>>>>>>>>>>>>>>>>>>>>>>>>>>>>>>>>>>>>>>>>>> <bound method DataFrame.count of DataFrame[word: string, count: bigint]>
[2022-02-09 02:20:37,938] {spark_submit.py:514} INFO - >>>>>>>>>>>>>>>>>>>>>>>>>>>>>>>>>>>>>>>>>>>>>> Column<'word'>
[2022-02-09 02:20:38,040] {spark_submit.py:514} INFO - 22/02/09 02:20:38 INFO SparkContext: Invoking stop() from shutdown hook
[2022-02-09 02:20:38,066] {spark_submit.py:514} INFO - 22/02/09 02:20:38 INFO SparkUI: Stopped Spark web UI at http://9bca822c2c60:4040
[2022-02-09 02:20:38,079] {spark_submit.py:514} INFO - 22/02/09 02:20:38 INFO StandaloneSchedulerBackend: Shutting down all executors
[2022-02-09 02:20:38,080] {spark_submit.py:514} INFO - 22/02/09 02:20:38 INFO CoarseGrainedSchedulerBackend$DriverEndpoint: Asking each executor to shut down
[2022-02-09 02:20:38,159] {spark_submit.py:514} INFO - 22/02/09 02:20:38 INFO MapOutputTrackerMasterEndpoint: MapOutputTrackerMasterEndpoint stopped!
[2022-02-09 02:20:38,242] {spark_submit.py:514} INFO - 22/02/09 02:20:38 INFO MemoryStore: MemoryStore cleared
[2022-02-09 02:20:38,242] {spark_submit.py:514} INFO - 22/02/09 02:20:38 INFO BlockManager: BlockManager stopped
[2022-02-09 02:20:38,256] {spark_submit.py:514} INFO - 22/02/09 02:20:38 INFO BlockManagerMaster: BlockManagerMaster stopped
[2022-02-09 02:20:38,260] {spark_submit.py:514} INFO - 22/02/09 02:20:38 INFO OutputCommitCoordinator$OutputCommitCoordinatorEndpoint: OutputCommitCoordinator stopped!
[2022-02-09 02:20:38,352] {spark_submit.py:514} INFO - 22/02/09 02:20:38 INFO SparkContext: Successfully stopped SparkContext
[2022-02-09 02:20:38,354] {spark_submit.py:514} INFO - 22/02/09 02:20:38 INFO ShutdownHookManager: Shutdown hook called
[2022-02-09 02:20:38,354] {spark_submit.py:514} INFO - 22/02/09 02:20:38 INFO ShutdownHookManager: Deleting directory /tmp/spark-e67ddc28-a256-4f1f-b0b5-61b18bb9ff62
[2022-02-09 02:20:38,363] {spark_submit.py:514} INFO - 22/02/09 02:20:38 INFO ShutdownHookManager: Deleting directory /tmp/spark-e67ddc28-a256-4f1f-b0b5-61b18bb9ff62/pyspark-97978a2b-4e50-4af7-9597-8ac725a82fa1
[2022-02-09 02:20:38,371] {spark_submit.py:514} INFO - 22/02/09 02:20:38 INFO ShutdownHookManager: Deleting directory /tmp/spark-357358aa-7d9b-48de-a8e9-ee8f277deb63
[2022-02-09 02:20:38,511] {taskinstance.py:1277} INFO - Marking task as SUCCESS. dag_id=spark-book-count, task_id=spark_job, execution_date=20220209T013213, start_date=20220209T022026, end_date=20220209T022038
[2022-02-09 02:20:38,569] {local_task_job.py:154} INFO - Task exited with return code 0
[2022-02-09 02:20:38,639] {local_task_job.py:264} INFO - 1 downstream tasks scheduled from follow-on schedule check
