[2022-02-09 02:32:00,405] {taskinstance.py:1032} INFO - Dependencies all met for <TaskInstance: spark-book-count.spark_job manual__2022-02-09T01:32:13.252597+00:00 [queued]>
[2022-02-09 02:32:00,427] {taskinstance.py:1032} INFO - Dependencies all met for <TaskInstance: spark-book-count.spark_job manual__2022-02-09T01:32:13.252597+00:00 [queued]>
[2022-02-09 02:32:00,427] {taskinstance.py:1238} INFO - 
--------------------------------------------------------------------------------
[2022-02-09 02:32:00,427] {taskinstance.py:1239} INFO - Starting attempt 20 of 21
[2022-02-09 02:32:00,427] {taskinstance.py:1240} INFO - 
--------------------------------------------------------------------------------
[2022-02-09 02:32:00,453] {taskinstance.py:1259} INFO - Executing <Task(SparkSubmitOperator): spark_job> on 2022-02-09 01:32:13.252597+00:00
[2022-02-09 02:32:00,458] {standard_task_runner.py:52} INFO - Started process 3195 to run task
[2022-02-09 02:32:00,466] {standard_task_runner.py:76} INFO - Running: ['***', 'tasks', 'run', 'spark-book-count', 'spark_job', 'manual__2022-02-09T01:32:13.252597+00:00', '--job-id', '21', '--raw', '--subdir', 'DAGS_FOLDER/spark-dag.py', '--cfg-path', '/tmp/tmpwd1s9z_p', '--error-file', '/tmp/tmpy7impr4i']
[2022-02-09 02:32:00,467] {standard_task_runner.py:77} INFO - Job 21: Subtask spark_job
[2022-02-09 02:32:00,590] {logging_mixin.py:109} INFO - Running <TaskInstance: spark-book-count.spark_job manual__2022-02-09T01:32:13.252597+00:00 [running]> on host 9bca822c2c60
[2022-02-09 02:32:00,701] {taskinstance.py:1426} INFO - Exporting the following env vars:
AIRFLOW_CTX_DAG_EMAIL=***@***.com
AIRFLOW_CTX_DAG_OWNER=***
AIRFLOW_CTX_DAG_ID=spark-book-count
AIRFLOW_CTX_TASK_ID=spark_job
AIRFLOW_CTX_EXECUTION_DATE=2022-02-09T01:32:13.252597+00:00
AIRFLOW_CTX_DAG_RUN_ID=manual__2022-02-09T01:32:13.252597+00:00
[2022-02-09 02:32:00,734] {base.py:79} INFO - Using connection to: id: spark_default. Host: spark://172.25.0.6:7077, Port: None, Schema: , Login: , Password: None, extra: {}
[2022-02-09 02:32:00,736] {spark_submit.py:360} INFO - Spark-Submit cmd: spark-submit --master spark://172.25.0.6:7077 --conf spark.master=spark://spark:7077 --name Spark book count --verbose /usr/local/spark/app/spark-book-count.py /usr/local/spark/data/book.txt
[2022-02-09 02:32:02,602] {spark_submit.py:514} INFO - Using properties file: null
[2022-02-09 02:32:02,710] {spark_submit.py:514} INFO - WARNING: An illegal reflective access operation has occurred
[2022-02-09 02:32:02,710] {spark_submit.py:514} INFO - WARNING: Illegal reflective access by org.apache.spark.unsafe.Platform (file:/home/***/.local/lib/python3.7/site-packages/pyspark/jars/spark-unsafe_2.12-3.2.1.jar) to constructor java.nio.DirectByteBuffer(long,int)
[2022-02-09 02:32:02,710] {spark_submit.py:514} INFO - WARNING: Please consider reporting this to the maintainers of org.apache.spark.unsafe.Platform
[2022-02-09 02:32:02,710] {spark_submit.py:514} INFO - WARNING: Use --illegal-access=warn to enable warnings of further illegal reflective access operations
[2022-02-09 02:32:02,710] {spark_submit.py:514} INFO - WARNING: All illegal access operations will be denied in a future release
[2022-02-09 02:32:02,773] {spark_submit.py:514} INFO - Parsed arguments:
[2022-02-09 02:32:02,773] {spark_submit.py:514} INFO - master                  spark://172.25.0.6:7077
[2022-02-09 02:32:02,773] {spark_submit.py:514} INFO - deployMode              null
[2022-02-09 02:32:02,773] {spark_submit.py:514} INFO - executorMemory          null
[2022-02-09 02:32:02,773] {spark_submit.py:514} INFO - executorCores           null
[2022-02-09 02:32:02,773] {spark_submit.py:514} INFO - totalExecutorCores      null
[2022-02-09 02:32:02,773] {spark_submit.py:514} INFO - propertiesFile          null
[2022-02-09 02:32:02,773] {spark_submit.py:514} INFO - driverMemory            null
[2022-02-09 02:32:02,773] {spark_submit.py:514} INFO - driverCores             null
[2022-02-09 02:32:02,774] {spark_submit.py:514} INFO - driverExtraClassPath    null
[2022-02-09 02:32:02,774] {spark_submit.py:514} INFO - driverExtraLibraryPath  null
[2022-02-09 02:32:02,774] {spark_submit.py:514} INFO - driverExtraJavaOptions  null
[2022-02-09 02:32:02,774] {spark_submit.py:514} INFO - supervise               false
[2022-02-09 02:32:02,774] {spark_submit.py:514} INFO - queue                   null
[2022-02-09 02:32:02,774] {spark_submit.py:514} INFO - numExecutors            null
[2022-02-09 02:32:02,774] {spark_submit.py:514} INFO - files                   null
[2022-02-09 02:32:02,774] {spark_submit.py:514} INFO - pyFiles                 null
[2022-02-09 02:32:02,774] {spark_submit.py:514} INFO - archives                null
[2022-02-09 02:32:02,774] {spark_submit.py:514} INFO - mainClass               null
[2022-02-09 02:32:02,775] {spark_submit.py:514} INFO - primaryResource         file:/usr/local/spark/app/spark-book-count.py
[2022-02-09 02:32:02,775] {spark_submit.py:514} INFO - name                    Spark book count
[2022-02-09 02:32:02,775] {spark_submit.py:514} INFO - childArgs               [/usr/local/spark/data/book.txt]
[2022-02-09 02:32:02,775] {spark_submit.py:514} INFO - jars                    null
[2022-02-09 02:32:02,775] {spark_submit.py:514} INFO - packages                null
[2022-02-09 02:32:02,775] {spark_submit.py:514} INFO - packagesExclusions      null
[2022-02-09 02:32:02,775] {spark_submit.py:514} INFO - repositories            null
[2022-02-09 02:32:02,775] {spark_submit.py:514} INFO - verbose                 true
[2022-02-09 02:32:02,775] {spark_submit.py:514} INFO - 
[2022-02-09 02:32:02,775] {spark_submit.py:514} INFO - Spark properties used, including those specified through
[2022-02-09 02:32:02,775] {spark_submit.py:514} INFO - --conf and those from the properties file null:
[2022-02-09 02:32:02,776] {spark_submit.py:514} INFO - (spark.master,spark://spark:7077)
[2022-02-09 02:32:02,776] {spark_submit.py:514} INFO - 
[2022-02-09 02:32:02,776] {spark_submit.py:514} INFO - 
[2022-02-09 02:32:03,069] {spark_submit.py:514} INFO - Main class:
[2022-02-09 02:32:03,069] {spark_submit.py:514} INFO - org.apache.spark.deploy.PythonRunner
[2022-02-09 02:32:03,070] {spark_submit.py:514} INFO - Arguments:
[2022-02-09 02:32:03,070] {spark_submit.py:514} INFO - file:/usr/local/spark/app/spark-book-count.py
[2022-02-09 02:32:03,070] {spark_submit.py:514} INFO - null
[2022-02-09 02:32:03,070] {spark_submit.py:514} INFO - /usr/local/spark/data/book.txt
[2022-02-09 02:32:03,073] {spark_submit.py:514} INFO - Spark config:
[2022-02-09 02:32:03,073] {spark_submit.py:514} INFO - (spark.master,spark://172.25.0.6:7077)
[2022-02-09 02:32:03,073] {spark_submit.py:514} INFO - (spark.app.name,Spark book count)
[2022-02-09 02:32:03,073] {spark_submit.py:514} INFO - (spark.submit.pyFiles,)
[2022-02-09 02:32:03,073] {spark_submit.py:514} INFO - (spark.submit.deployMode,client)
[2022-02-09 02:32:03,073] {spark_submit.py:514} INFO - Classpath elements:
[2022-02-09 02:32:03,073] {spark_submit.py:514} INFO - 
[2022-02-09 02:32:03,074] {spark_submit.py:514} INFO - 
[2022-02-09 02:32:03,074] {spark_submit.py:514} INFO - 
[2022-02-09 02:32:04,099] {spark_submit.py:514} INFO - Using Spark's default log4j profile: org/apache/spark/log4j-defaults.properties
[2022-02-09 02:32:04,113] {spark_submit.py:514} INFO - 22/02/09 02:32:04 INFO SparkContext: Running Spark version 3.2.1
[2022-02-09 02:32:04,217] {spark_submit.py:514} INFO - 22/02/09 02:32:04 WARN NativeCodeLoader: Unable to load native-hadoop library for your platform... using builtin-java classes where applicable
[2022-02-09 02:32:04,333] {spark_submit.py:514} INFO - 22/02/09 02:32:04 INFO ResourceUtils: ==============================================================
[2022-02-09 02:32:04,334] {spark_submit.py:514} INFO - 22/02/09 02:32:04 INFO ResourceUtils: No custom resources configured for spark.driver.
[2022-02-09 02:32:04,334] {spark_submit.py:514} INFO - 22/02/09 02:32:04 INFO ResourceUtils: ==============================================================
[2022-02-09 02:32:04,335] {spark_submit.py:514} INFO - 22/02/09 02:32:04 INFO SparkContext: Submitted application: WordCount
[2022-02-09 02:32:04,359] {spark_submit.py:514} INFO - 22/02/09 02:32:04 INFO ResourceProfile: Default ResourceProfile created, executor resources: Map(cores -> name: cores, amount: 1, script: , vendor: , memory -> name: memory, amount: 1024, script: , vendor: , offHeap -> name: offHeap, amount: 0, script: , vendor: ), task resources: Map(cpus -> name: cpus, amount: 1.0)
[2022-02-09 02:32:04,375] {spark_submit.py:514} INFO - 22/02/09 02:32:04 INFO ResourceProfile: Limiting resource is cpu
[2022-02-09 02:32:04,376] {spark_submit.py:514} INFO - 22/02/09 02:32:04 INFO ResourceProfileManager: Added ResourceProfile id: 0
[2022-02-09 02:32:04,434] {spark_submit.py:514} INFO - 22/02/09 02:32:04 INFO SecurityManager: Changing view acls to: ***
[2022-02-09 02:32:04,435] {spark_submit.py:514} INFO - 22/02/09 02:32:04 INFO SecurityManager: Changing modify acls to: ***
[2022-02-09 02:32:04,435] {spark_submit.py:514} INFO - 22/02/09 02:32:04 INFO SecurityManager: Changing view acls groups to:
[2022-02-09 02:32:04,436] {spark_submit.py:514} INFO - 22/02/09 02:32:04 INFO SecurityManager: Changing modify acls groups to:
[2022-02-09 02:32:04,436] {spark_submit.py:514} INFO - 22/02/09 02:32:04 INFO SecurityManager: SecurityManager: authentication disabled; ui acls disabled; users  with view permissions: Set(***); groups with view permissions: Set(); users  with modify permissions: Set(***); groups with modify permissions: Set()
[2022-02-09 02:32:04,770] {spark_submit.py:514} INFO - 22/02/09 02:32:04 INFO Utils: Successfully started service 'sparkDriver' on port 34275.
[2022-02-09 02:32:04,801] {spark_submit.py:514} INFO - 22/02/09 02:32:04 INFO SparkEnv: Registering MapOutputTracker
[2022-02-09 02:32:04,834] {spark_submit.py:514} INFO - 22/02/09 02:32:04 INFO SparkEnv: Registering BlockManagerMaster
[2022-02-09 02:32:04,856] {spark_submit.py:514} INFO - 22/02/09 02:32:04 INFO BlockManagerMasterEndpoint: Using org.apache.spark.storage.DefaultTopologyMapper for getting topology information
[2022-02-09 02:32:04,857] {spark_submit.py:514} INFO - 22/02/09 02:32:04 INFO BlockManagerMasterEndpoint: BlockManagerMasterEndpoint up
[2022-02-09 02:32:04,861] {spark_submit.py:514} INFO - 22/02/09 02:32:04 INFO SparkEnv: Registering BlockManagerMasterHeartbeat
[2022-02-09 02:32:04,885] {spark_submit.py:514} INFO - 22/02/09 02:32:04 INFO DiskBlockManager: Created local directory at /tmp/blockmgr-283a4ef3-c461-4fed-aa5a-3ef85e0a0a0b
[2022-02-09 02:32:04,917] {spark_submit.py:514} INFO - 22/02/09 02:32:04 INFO MemoryStore: MemoryStore started with capacity 434.4 MiB
[2022-02-09 02:32:04,935] {spark_submit.py:514} INFO - 22/02/09 02:32:04 INFO SparkEnv: Registering OutputCommitCoordinator
[2022-02-09 02:32:05,173] {spark_submit.py:514} INFO - 22/02/09 02:32:05 INFO Utils: Successfully started service 'SparkUI' on port 4040.
[2022-02-09 02:32:05,262] {spark_submit.py:514} INFO - 22/02/09 02:32:05 INFO SparkUI: Bound SparkUI to 0.0.0.0, and started at http://9bca822c2c60:4040
[2022-02-09 02:32:05,601] {spark_submit.py:514} INFO - 22/02/09 02:32:05 INFO StandaloneAppClient$ClientEndpoint: Connecting to master spark://172.25.0.6:7077...
[2022-02-09 02:32:05,703] {spark_submit.py:514} INFO - 22/02/09 02:32:05 INFO TransportClientFactory: Successfully created connection to /172.25.0.6:7077 after 37 ms (0 ms spent in bootstraps)
[2022-02-09 02:32:05,820] {spark_submit.py:514} INFO - 22/02/09 02:32:05 INFO StandaloneSchedulerBackend: Connected to Spark cluster with app ID app-20220209023205-0018
[2022-02-09 02:32:05,824] {spark_submit.py:514} INFO - 22/02/09 02:32:05 INFO StandaloneAppClient$ClientEndpoint: Executor added: app-20220209023205-0018/0 on worker-20220209012759-172.25.0.3-44849 (172.25.0.3:44849) with 1 core(s)
[2022-02-09 02:32:05,827] {spark_submit.py:514} INFO - 22/02/09 02:32:05 INFO StandaloneSchedulerBackend: Granted executor ID app-20220209023205-0018/0 on hostPort 172.25.0.3:44849 with 1 core(s), 1024.0 MiB RAM
[2022-02-09 02:32:05,829] {spark_submit.py:514} INFO - 22/02/09 02:32:05 INFO Utils: Successfully started service 'org.apache.spark.network.netty.NettyBlockTransferService' on port 42189.
[2022-02-09 02:32:05,829] {spark_submit.py:514} INFO - 22/02/09 02:32:05 INFO NettyBlockTransferService: Server created on 9bca822c2c60:42189
[2022-02-09 02:32:05,831] {spark_submit.py:514} INFO - 22/02/09 02:32:05 INFO BlockManager: Using org.apache.spark.storage.RandomBlockReplicationPolicy for block replication policy
[2022-02-09 02:32:05,847] {spark_submit.py:514} INFO - 22/02/09 02:32:05 INFO BlockManagerMaster: Registering BlockManager BlockManagerId(driver, 9bca822c2c60, 42189, None)
[2022-02-09 02:32:05,853] {spark_submit.py:514} INFO - 22/02/09 02:32:05 INFO BlockManagerMasterEndpoint: Registering block manager 9bca822c2c60:42189 with 434.4 MiB RAM, BlockManagerId(driver, 9bca822c2c60, 42189, None)
[2022-02-09 02:32:05,857] {spark_submit.py:514} INFO - 22/02/09 02:32:05 INFO BlockManagerMaster: Registered BlockManager BlockManagerId(driver, 9bca822c2c60, 42189, None)
[2022-02-09 02:32:05,869] {spark_submit.py:514} INFO - 22/02/09 02:32:05 INFO BlockManager: Initialized BlockManager: BlockManagerId(driver, 9bca822c2c60, 42189, None)
[2022-02-09 02:32:05,869] {spark_submit.py:514} INFO - 22/02/09 02:32:05 INFO StandaloneAppClient$ClientEndpoint: Executor updated: app-20220209023205-0018/0 is now RUNNING
[2022-02-09 02:32:06,138] {spark_submit.py:514} INFO - 22/02/09 02:32:06 INFO StandaloneSchedulerBackend: SchedulerBackend is ready for scheduling beginning after reached minRegisteredResourcesRatio: 0.0
[2022-02-09 02:32:06,464] {spark_submit.py:514} INFO - 22/02/09 02:32:06 INFO SharedState: Setting hive.metastore.warehouse.dir ('null') to the value of spark.sql.warehouse.dir.
[2022-02-09 02:32:06,499] {spark_submit.py:514} INFO - 22/02/09 02:32:06 INFO SharedState: Warehouse path is 'file:/app/spark-warehouse'.
[2022-02-09 02:32:07,711] {spark_submit.py:514} INFO - 22/02/09 02:32:07 INFO InMemoryFileIndex: It took 67 ms to list leaf files for 1 paths.
[2022-02-09 02:32:09,186] {spark_submit.py:514} INFO - 22/02/09 02:32:09 INFO CoarseGrainedSchedulerBackend$DriverEndpoint: Registered executor NettyRpcEndpointRef(spark-client://Executor) (172.25.0.3:33208) with ID 0,  ResourceProfileId 0
[2022-02-09 02:32:09,497] {spark_submit.py:514} INFO - 22/02/09 02:32:09 INFO BlockManagerMasterEndpoint: Registering block manager 172.25.0.3:36329 with 366.3 MiB RAM, BlockManagerId(0, 172.25.0.3, 36329, None)
[2022-02-09 02:32:11,271] {spark_submit.py:514} INFO - >>>>>>>>>>>>>>>>>>>>>>>>>>>>>>>>>>>>>>>>>>>>>> DataFrame[word: string, count: bigint]
[2022-02-09 02:32:11,272] {spark_submit.py:514} INFO - >>>>>>>>>>>>>>>>>>>>>>>>>>>>>>>>>>>>>>>>>>>>>> <bound method DataFrame.count of DataFrame[word: string, count: bigint]>
[2022-02-09 02:32:11,275] {spark_submit.py:514} INFO - >>>>>>>>>>>>>>>>>>>>>>>>>>>>>>>>>>>>>>>>>>>>>> Column<'word'>
[2022-02-09 02:32:11,755] {spark_submit.py:514} INFO - 22/02/09 02:32:11 INFO FileSourceStrategy: Pushed Filters:
[2022-02-09 02:32:11,756] {spark_submit.py:514} INFO - 22/02/09 02:32:11 INFO FileSourceStrategy: Post-Scan Filters:
[2022-02-09 02:32:11,758] {spark_submit.py:514} INFO - 22/02/09 02:32:11 INFO FileSourceStrategy: Output Data Schema: struct<value: string>
[2022-02-09 02:32:11,985] {spark_submit.py:514} INFO - 22/02/09 02:32:11 INFO FileOutputCommitter: File Output Committer Algorithm version is 1
[2022-02-09 02:32:11,985] {spark_submit.py:514} INFO - 22/02/09 02:32:11 INFO FileOutputCommitter: FileOutputCommitter skip cleanup _temporary folders under output directory:false, ignore cleanup failures: false
[2022-02-09 02:32:11,987] {spark_submit.py:514} INFO - 22/02/09 02:32:11 INFO SQLHadoopMapReduceCommitProtocol: Using output committer class org.apache.hadoop.mapreduce.lib.output.FileOutputCommitter
[2022-02-09 02:32:12,795] {spark_submit.py:514} INFO - 22/02/09 02:32:12 INFO CodeGenerator: Code generated in 342.82276 ms
[2022-02-09 02:32:12,865] {spark_submit.py:514} INFO - 22/02/09 02:32:12 INFO MemoryStore: Block broadcast_0 stored as values in memory (estimated size 189.9 KiB, free 434.2 MiB)
[2022-02-09 02:32:12,929] {spark_submit.py:514} INFO - 22/02/09 02:32:12 INFO MemoryStore: Block broadcast_0_piece0 stored as bytes in memory (estimated size 32.7 KiB, free 434.2 MiB)
[2022-02-09 02:32:12,932] {spark_submit.py:514} INFO - 22/02/09 02:32:12 INFO BlockManagerInfo: Added broadcast_0_piece0 in memory on 9bca822c2c60:42189 (size: 32.7 KiB, free: 434.4 MiB)
[2022-02-09 02:32:12,938] {spark_submit.py:514} INFO - 22/02/09 02:32:12 INFO SparkContext: Created broadcast 0 from csv at NativeMethodAccessorImpl.java:0
[2022-02-09 02:32:12,946] {spark_submit.py:514} INFO - 22/02/09 02:32:12 INFO FileSourceScanExec: Planning scan with bin packing, max size: 4194304 bytes, open cost is considered as scanning 4194304 bytes.
[2022-02-09 02:32:13,148] {spark_submit.py:514} INFO - 22/02/09 02:32:13 INFO DAGScheduler: Registering RDD 3 (csv at NativeMethodAccessorImpl.java:0) as input to shuffle 0
[2022-02-09 02:32:13,153] {spark_submit.py:514} INFO - 22/02/09 02:32:13 INFO DAGScheduler: Got map stage job 0 (csv at NativeMethodAccessorImpl.java:0) with 1 output partitions
[2022-02-09 02:32:13,154] {spark_submit.py:514} INFO - 22/02/09 02:32:13 INFO DAGScheduler: Final stage: ShuffleMapStage 0 (csv at NativeMethodAccessorImpl.java:0)
[2022-02-09 02:32:13,154] {spark_submit.py:514} INFO - 22/02/09 02:32:13 INFO DAGScheduler: Parents of final stage: List()
[2022-02-09 02:32:13,156] {spark_submit.py:514} INFO - 22/02/09 02:32:13 INFO DAGScheduler: Missing parents: List()
[2022-02-09 02:32:13,160] {spark_submit.py:514} INFO - 22/02/09 02:32:13 INFO DAGScheduler: Submitting ShuffleMapStage 0 (MapPartitionsRDD[3] at csv at NativeMethodAccessorImpl.java:0), which has no missing parents
[2022-02-09 02:32:13,200] {spark_submit.py:514} INFO - 22/02/09 02:32:13 INFO MemoryStore: Block broadcast_1 stored as values in memory (estimated size 36.5 KiB, free 434.1 MiB)
[2022-02-09 02:32:13,204] {spark_submit.py:514} INFO - 22/02/09 02:32:13 INFO MemoryStore: Block broadcast_1_piece0 stored as bytes in memory (estimated size 16.9 KiB, free 434.1 MiB)
[2022-02-09 02:32:13,205] {spark_submit.py:514} INFO - 22/02/09 02:32:13 INFO BlockManagerInfo: Added broadcast_1_piece0 in memory on 9bca822c2c60:42189 (size: 16.9 KiB, free: 434.4 MiB)
[2022-02-09 02:32:13,206] {spark_submit.py:514} INFO - 22/02/09 02:32:13 INFO SparkContext: Created broadcast 1 from broadcast at DAGScheduler.scala:1478
[2022-02-09 02:32:13,219] {spark_submit.py:514} INFO - 22/02/09 02:32:13 INFO DAGScheduler: Submitting 1 missing tasks from ShuffleMapStage 0 (MapPartitionsRDD[3] at csv at NativeMethodAccessorImpl.java:0) (first 15 tasks are for partitions Vector(0))
[2022-02-09 02:32:13,220] {spark_submit.py:514} INFO - 22/02/09 02:32:13 INFO TaskSchedulerImpl: Adding task set 0.0 with 1 tasks resource profile 0
[2022-02-09 02:32:13,250] {spark_submit.py:514} INFO - 22/02/09 02:32:13 INFO TaskSetManager: Starting task 0.0 in stage 0.0 (TID 0) (172.25.0.3, executor 0, partition 0, PROCESS_LOCAL, 4855 bytes) taskResourceAssignments Map()
[2022-02-09 02:32:13,398] {spark_submit.py:514} INFO - 22/02/09 02:32:13 ERROR TaskSchedulerImpl: Lost executor 0 on 172.25.0.3: Remote RPC client disassociated. Likely due to containers exceeding thresholds, or network issues. Check driver logs for WARN messages.
[2022-02-09 02:32:13,410] {spark_submit.py:514} INFO - 22/02/09 02:32:13 WARN TaskSetManager: Lost task 0.0 in stage 0.0 (TID 0) (172.25.0.3 executor 0): ExecutorLostFailure (executor 0 exited caused by one of the running tasks) Reason: Remote RPC client disassociated. Likely due to containers exceeding thresholds, or network issues. Check driver logs for WARN messages.
[2022-02-09 02:32:13,419] {spark_submit.py:514} INFO - 22/02/09 02:32:13 INFO DAGScheduler: Executor lost: 0 (epoch 0)
[2022-02-09 02:32:13,425] {spark_submit.py:514} INFO - 22/02/09 02:32:13 INFO BlockManagerMasterEndpoint: Trying to remove executor 0 from BlockManagerMaster.
[2022-02-09 02:32:13,427] {spark_submit.py:514} INFO - 22/02/09 02:32:13 INFO BlockManagerMasterEndpoint: Removing block manager BlockManagerId(0, 172.25.0.3, 36329, None)
[2022-02-09 02:32:13,427] {spark_submit.py:514} INFO - 22/02/09 02:32:13 INFO BlockManagerMaster: Removed 0 successfully in removeExecutor
[2022-02-09 02:32:13,428] {spark_submit.py:514} INFO - 22/02/09 02:32:13 INFO DAGScheduler: Shuffle files lost for executor: 0 (epoch 0)
[2022-02-09 02:32:13,463] {spark_submit.py:514} INFO - 22/02/09 02:32:13 INFO StandaloneAppClient$ClientEndpoint: Executor updated: app-20220209023205-0018/0 is now EXITED (Command exited with code 50)
[2022-02-09 02:32:13,464] {spark_submit.py:514} INFO - 22/02/09 02:32:13 INFO StandaloneSchedulerBackend: Executor app-20220209023205-0018/0 removed: Command exited with code 50
[2022-02-09 02:32:13,464] {spark_submit.py:514} INFO - 22/02/09 02:32:13 INFO StandaloneAppClient$ClientEndpoint: Executor added: app-20220209023205-0018/1 on worker-20220209012759-172.25.0.3-44849 (172.25.0.3:44849) with 1 core(s)
[2022-02-09 02:32:13,465] {spark_submit.py:514} INFO - 22/02/09 02:32:13 INFO BlockManagerMasterEndpoint: Trying to remove executor 0 from BlockManagerMaster.
[2022-02-09 02:32:13,465] {spark_submit.py:514} INFO - 22/02/09 02:32:13 INFO StandaloneSchedulerBackend: Granted executor ID app-20220209023205-0018/1 on hostPort 172.25.0.3:44849 with 1 core(s), 1024.0 MiB RAM
[2022-02-09 02:32:13,465] {spark_submit.py:514} INFO - 22/02/09 02:32:13 INFO BlockManagerMaster: Removal of executor 0 requested
[2022-02-09 02:32:13,466] {spark_submit.py:514} INFO - 22/02/09 02:32:13 INFO CoarseGrainedSchedulerBackend$DriverEndpoint: Asked to remove non-existent executor 0
[2022-02-09 02:32:13,480] {spark_submit.py:514} INFO - 22/02/09 02:32:13 INFO StandaloneAppClient$ClientEndpoint: Executor updated: app-20220209023205-0018/1 is now RUNNING
[2022-02-09 02:32:16,327] {spark_submit.py:514} INFO - 22/02/09 02:32:16 INFO CoarseGrainedSchedulerBackend$DriverEndpoint: Registered executor NettyRpcEndpointRef(spark-client://Executor) (172.25.0.3:33212) with ID 1,  ResourceProfileId 0
[2022-02-09 02:32:16,473] {spark_submit.py:514} INFO - 22/02/09 02:32:16 INFO BlockManagerMasterEndpoint: Registering block manager 172.25.0.3:44129 with 366.3 MiB RAM, BlockManagerId(1, 172.25.0.3, 44129, None)
[2022-02-09 02:32:16,532] {spark_submit.py:514} INFO - 22/02/09 02:32:16 INFO TaskSetManager: Starting task 0.1 in stage 0.0 (TID 1) (172.25.0.3, executor 1, partition 0, PROCESS_LOCAL, 4855 bytes) taskResourceAssignments Map()
[2022-02-09 02:32:16,712] {spark_submit.py:514} INFO - 22/02/09 02:32:16 ERROR TaskSchedulerImpl: Lost executor 1 on 172.25.0.3: Remote RPC client disassociated. Likely due to containers exceeding thresholds, or network issues. Check driver logs for WARN messages.
[2022-02-09 02:32:16,713] {spark_submit.py:514} INFO - 22/02/09 02:32:16 WARN TaskSetManager: Lost task 0.1 in stage 0.0 (TID 1) (172.25.0.3 executor 1): ExecutorLostFailure (executor 1 exited caused by one of the running tasks) Reason: Remote RPC client disassociated. Likely due to containers exceeding thresholds, or network issues. Check driver logs for WARN messages.
[2022-02-09 02:32:16,714] {spark_submit.py:514} INFO - 22/02/09 02:32:16 INFO DAGScheduler: Executor lost: 1 (epoch 1)
[2022-02-09 02:32:16,715] {spark_submit.py:514} INFO - 22/02/09 02:32:16 INFO BlockManagerMasterEndpoint: Trying to remove executor 1 from BlockManagerMaster.
[2022-02-09 02:32:16,715] {spark_submit.py:514} INFO - 22/02/09 02:32:16 INFO BlockManagerMasterEndpoint: Removing block manager BlockManagerId(1, 172.25.0.3, 44129, None)
[2022-02-09 02:32:16,715] {spark_submit.py:514} INFO - 22/02/09 02:32:16 INFO BlockManagerMaster: Removed 1 successfully in removeExecutor
[2022-02-09 02:32:16,715] {spark_submit.py:514} INFO - 22/02/09 02:32:16 INFO DAGScheduler: Shuffle files lost for executor: 1 (epoch 1)
[2022-02-09 02:32:16,792] {spark_submit.py:514} INFO - 22/02/09 02:32:16 INFO StandaloneAppClient$ClientEndpoint: Executor updated: app-20220209023205-0018/1 is now EXITED (Command exited with code 50)
[2022-02-09 02:32:16,793] {spark_submit.py:514} INFO - 22/02/09 02:32:16 INFO StandaloneSchedulerBackend: Executor app-20220209023205-0018/1 removed: Command exited with code 50
[2022-02-09 02:32:16,793] {spark_submit.py:514} INFO - 22/02/09 02:32:16 INFO BlockManagerMasterEndpoint: Trying to remove executor 1 from BlockManagerMaster.
[2022-02-09 02:32:16,793] {spark_submit.py:514} INFO - 22/02/09 02:32:16 INFO BlockManagerMaster: Removal of executor 1 requested
[2022-02-09 02:32:16,793] {spark_submit.py:514} INFO - 22/02/09 02:32:16 INFO StandaloneAppClient$ClientEndpoint: Executor added: app-20220209023205-0018/2 on worker-20220209012759-172.25.0.3-44849 (172.25.0.3:44849) with 1 core(s)
[2022-02-09 02:32:16,793] {spark_submit.py:514} INFO - 22/02/09 02:32:16 INFO CoarseGrainedSchedulerBackend$DriverEndpoint: Asked to remove non-existent executor 1
[2022-02-09 02:32:16,794] {spark_submit.py:514} INFO - 22/02/09 02:32:16 INFO StandaloneSchedulerBackend: Granted executor ID app-20220209023205-0018/2 on hostPort 172.25.0.3:44849 with 1 core(s), 1024.0 MiB RAM
[2022-02-09 02:32:16,811] {spark_submit.py:514} INFO - 22/02/09 02:32:16 INFO StandaloneAppClient$ClientEndpoint: Executor updated: app-20220209023205-0018/2 is now RUNNING
[2022-02-09 02:32:20,469] {spark_submit.py:514} INFO - 22/02/09 02:32:20 INFO CoarseGrainedSchedulerBackend$DriverEndpoint: Registered executor NettyRpcEndpointRef(spark-client://Executor) (172.25.0.3:33216) with ID 2,  ResourceProfileId 0
[2022-02-09 02:32:20,684] {spark_submit.py:514} INFO - 22/02/09 02:32:20 INFO BlockManagerMasterEndpoint: Registering block manager 172.25.0.3:42685 with 366.3 MiB RAM, BlockManagerId(2, 172.25.0.3, 42685, None)
[2022-02-09 02:32:20,737] {spark_submit.py:514} INFO - 22/02/09 02:32:20 INFO TaskSetManager: Starting task 0.2 in stage 0.0 (TID 2) (172.25.0.3, executor 2, partition 0, PROCESS_LOCAL, 4855 bytes) taskResourceAssignments Map()
[2022-02-09 02:32:20,947] {spark_submit.py:514} INFO - 22/02/09 02:32:20 ERROR TaskSchedulerImpl: Lost executor 2 on 172.25.0.3: Remote RPC client disassociated. Likely due to containers exceeding thresholds, or network issues. Check driver logs for WARN messages.
[2022-02-09 02:32:20,948] {spark_submit.py:514} INFO - 22/02/09 02:32:20 WARN TaskSetManager: Lost task 0.2 in stage 0.0 (TID 2) (172.25.0.3 executor 2): ExecutorLostFailure (executor 2 exited caused by one of the running tasks) Reason: Remote RPC client disassociated. Likely due to containers exceeding thresholds, or network issues. Check driver logs for WARN messages.
[2022-02-09 02:32:20,948] {spark_submit.py:514} INFO - 22/02/09 02:32:20 INFO DAGScheduler: Executor lost: 2 (epoch 2)
[2022-02-09 02:32:20,949] {spark_submit.py:514} INFO - 22/02/09 02:32:20 INFO BlockManagerMasterEndpoint: Trying to remove executor 2 from BlockManagerMaster.
[2022-02-09 02:32:20,950] {spark_submit.py:514} INFO - 22/02/09 02:32:20 INFO BlockManagerMasterEndpoint: Removing block manager BlockManagerId(2, 172.25.0.3, 42685, None)
[2022-02-09 02:32:20,950] {spark_submit.py:514} INFO - 22/02/09 02:32:20 INFO BlockManagerMaster: Removed 2 successfully in removeExecutor
[2022-02-09 02:32:20,950] {spark_submit.py:514} INFO - 22/02/09 02:32:20 INFO DAGScheduler: Shuffle files lost for executor: 2 (epoch 2)
[2022-02-09 02:32:21,003] {spark_submit.py:514} INFO - 22/02/09 02:32:21 INFO StandaloneAppClient$ClientEndpoint: Executor updated: app-20220209023205-0018/2 is now EXITED (Command exited with code 50)
[2022-02-09 02:32:21,004] {spark_submit.py:514} INFO - 22/02/09 02:32:21 INFO StandaloneSchedulerBackend: Executor app-20220209023205-0018/2 removed: Command exited with code 50
[2022-02-09 02:32:21,004] {spark_submit.py:514} INFO - 22/02/09 02:32:21 INFO BlockManagerMasterEndpoint: Trying to remove executor 2 from BlockManagerMaster.
[2022-02-09 02:32:21,004] {spark_submit.py:514} INFO - 22/02/09 02:32:21 INFO BlockManagerMaster: Removal of executor 2 requested
[2022-02-09 02:32:21,004] {spark_submit.py:514} INFO - 22/02/09 02:32:21 INFO CoarseGrainedSchedulerBackend$DriverEndpoint: Asked to remove non-existent executor 2
[2022-02-09 02:32:21,006] {spark_submit.py:514} INFO - 22/02/09 02:32:21 INFO StandaloneAppClient$ClientEndpoint: Executor added: app-20220209023205-0018/3 on worker-20220209012759-172.25.0.3-44849 (172.25.0.3:44849) with 1 core(s)
[2022-02-09 02:32:21,007] {spark_submit.py:514} INFO - 22/02/09 02:32:21 INFO StandaloneSchedulerBackend: Granted executor ID app-20220209023205-0018/3 on hostPort 172.25.0.3:44849 with 1 core(s), 1024.0 MiB RAM
[2022-02-09 02:32:21,031] {spark_submit.py:514} INFO - 22/02/09 02:32:21 INFO StandaloneAppClient$ClientEndpoint: Executor updated: app-20220209023205-0018/3 is now RUNNING
[2022-02-09 02:32:23,806] {spark_submit.py:514} INFO - 22/02/09 02:32:23 INFO CoarseGrainedSchedulerBackend$DriverEndpoint: Registered executor NettyRpcEndpointRef(spark-client://Executor) (172.25.0.3:33220) with ID 3,  ResourceProfileId 0
[2022-02-09 02:32:23,955] {spark_submit.py:514} INFO - 22/02/09 02:32:23 INFO BlockManagerMasterEndpoint: Registering block manager 172.25.0.3:45917 with 366.3 MiB RAM, BlockManagerId(3, 172.25.0.3, 45917, None)
[2022-02-09 02:32:24,010] {spark_submit.py:514} INFO - 22/02/09 02:32:24 INFO TaskSetManager: Starting task 0.3 in stage 0.0 (TID 3) (172.25.0.3, executor 3, partition 0, PROCESS_LOCAL, 4855 bytes) taskResourceAssignments Map()
[2022-02-09 02:32:24,178] {spark_submit.py:514} INFO - 22/02/09 02:32:24 ERROR TaskSchedulerImpl: Lost executor 3 on 172.25.0.3: Remote RPC client disassociated. Likely due to containers exceeding thresholds, or network issues. Check driver logs for WARN messages.
[2022-02-09 02:32:24,179] {spark_submit.py:514} INFO - 22/02/09 02:32:24 WARN TaskSetManager: Lost task 0.3 in stage 0.0 (TID 3) (172.25.0.3 executor 3): ExecutorLostFailure (executor 3 exited caused by one of the running tasks) Reason: Remote RPC client disassociated. Likely due to containers exceeding thresholds, or network issues. Check driver logs for WARN messages.
[2022-02-09 02:32:24,181] {spark_submit.py:514} INFO - 22/02/09 02:32:24 ERROR TaskSetManager: Task 0 in stage 0.0 failed 4 times; aborting job
[2022-02-09 02:32:24,184] {spark_submit.py:514} INFO - 22/02/09 02:32:24 INFO TaskSchedulerImpl: Removed TaskSet 0.0, whose tasks have all completed, from pool
[2022-02-09 02:32:24,185] {spark_submit.py:514} INFO - 22/02/09 02:32:24 INFO TaskSchedulerImpl: Cancelling stage 0
[2022-02-09 02:32:24,185] {spark_submit.py:514} INFO - 22/02/09 02:32:24 INFO TaskSchedulerImpl: Killing all running tasks in stage 0: Stage cancelled
[2022-02-09 02:32:24,188] {spark_submit.py:514} INFO - 22/02/09 02:32:24 INFO DAGScheduler: ShuffleMapStage 0 (csv at NativeMethodAccessorImpl.java:0) failed in 11.011 s due to Job aborted due to stage failure: Task 0 in stage 0.0 failed 4 times, most recent failure: Lost task 0.3 in stage 0.0 (TID 3) (172.25.0.3 executor 3): ExecutorLostFailure (executor 3 exited caused by one of the running tasks) Reason: Remote RPC client disassociated. Likely due to containers exceeding thresholds, or network issues. Check driver logs for WARN messages.
[2022-02-09 02:32:24,188] {spark_submit.py:514} INFO - Driver stacktrace:
[2022-02-09 02:32:24,193] {spark_submit.py:514} INFO - 22/02/09 02:32:24 INFO DAGScheduler: Executor lost: 3 (epoch 3)
[2022-02-09 02:32:24,194] {spark_submit.py:514} INFO - 22/02/09 02:32:24 INFO BlockManagerMasterEndpoint: Trying to remove executor 3 from BlockManagerMaster.
[2022-02-09 02:32:24,194] {spark_submit.py:514} INFO - 22/02/09 02:32:24 INFO BlockManagerMasterEndpoint: Removing block manager BlockManagerId(3, 172.25.0.3, 45917, None)
[2022-02-09 02:32:24,195] {spark_submit.py:514} INFO - 22/02/09 02:32:24 INFO BlockManagerMaster: Removed 3 successfully in removeExecutor
[2022-02-09 02:32:24,195] {spark_submit.py:514} INFO - 22/02/09 02:32:24 INFO DAGScheduler: Shuffle files lost for executor: 3 (epoch 3)
[2022-02-09 02:32:24,199] {spark_submit.py:514} INFO - 22/02/09 02:32:24 ERROR FileFormatWriter: Aborting job 8e61e62f-7682-4045-b529-d7a2a85dad7d.
[2022-02-09 02:32:24,199] {spark_submit.py:514} INFO - org.apache.spark.SparkException: Job aborted due to stage failure: Task 0 in stage 0.0 failed 4 times, most recent failure: Lost task 0.3 in stage 0.0 (TID 3) (172.25.0.3 executor 3): ExecutorLostFailure (executor 3 exited caused by one of the running tasks) Reason: Remote RPC client disassociated. Likely due to containers exceeding thresholds, or network issues. Check driver logs for WARN messages.
[2022-02-09 02:32:24,200] {spark_submit.py:514} INFO - Driver stacktrace:
[2022-02-09 02:32:24,200] {spark_submit.py:514} INFO - at org.apache.spark.scheduler.DAGScheduler.failJobAndIndependentStages(DAGScheduler.scala:2454)
[2022-02-09 02:32:24,200] {spark_submit.py:514} INFO - at org.apache.spark.scheduler.DAGScheduler.$anonfun$abortStage$2(DAGScheduler.scala:2403)
[2022-02-09 02:32:24,200] {spark_submit.py:514} INFO - at org.apache.spark.scheduler.DAGScheduler.$anonfun$abortStage$2$adapted(DAGScheduler.scala:2402)
[2022-02-09 02:32:24,200] {spark_submit.py:514} INFO - at scala.collection.mutable.ResizableArray.foreach(ResizableArray.scala:62)
[2022-02-09 02:32:24,200] {spark_submit.py:514} INFO - at scala.collection.mutable.ResizableArray.foreach$(ResizableArray.scala:55)
[2022-02-09 02:32:24,200] {spark_submit.py:514} INFO - at scala.collection.mutable.ArrayBuffer.foreach(ArrayBuffer.scala:49)
[2022-02-09 02:32:24,200] {spark_submit.py:514} INFO - at org.apache.spark.scheduler.DAGScheduler.abortStage(DAGScheduler.scala:2402)
[2022-02-09 02:32:24,200] {spark_submit.py:514} INFO - at org.apache.spark.scheduler.DAGScheduler.$anonfun$handleTaskSetFailed$1(DAGScheduler.scala:1160)
[2022-02-09 02:32:24,200] {spark_submit.py:514} INFO - at org.apache.spark.scheduler.DAGScheduler.$anonfun$handleTaskSetFailed$1$adapted(DAGScheduler.scala:1160)
[2022-02-09 02:32:24,200] {spark_submit.py:514} INFO - at scala.Option.foreach(Option.scala:407)
[2022-02-09 02:32:24,201] {spark_submit.py:514} INFO - at org.apache.spark.scheduler.DAGScheduler.handleTaskSetFailed(DAGScheduler.scala:1160)
[2022-02-09 02:32:24,201] {spark_submit.py:514} INFO - at org.apache.spark.scheduler.DAGSchedulerEventProcessLoop.doOnReceive(DAGScheduler.scala:2642)
[2022-02-09 02:32:24,201] {spark_submit.py:514} INFO - at org.apache.spark.scheduler.DAGSchedulerEventProcessLoop.onReceive(DAGScheduler.scala:2584)
[2022-02-09 02:32:24,201] {spark_submit.py:514} INFO - at org.apache.spark.scheduler.DAGSchedulerEventProcessLoop.onReceive(DAGScheduler.scala:2573)
[2022-02-09 02:32:24,201] {spark_submit.py:514} INFO - at org.apache.spark.util.EventLoop$$anon$1.run(EventLoop.scala:49)
[2022-02-09 02:32:24,214] {spark_submit.py:514} INFO - Traceback (most recent call last):
[2022-02-09 02:32:24,215] {spark_submit.py:514} INFO - File "/usr/local/spark/app/spark-book-count.py", line 28, in <module>
[2022-02-09 02:32:24,215] {spark_submit.py:514} INFO - wordCountsSorted.write.csv("/usr/local/spark/data/file")
[2022-02-09 02:32:24,215] {spark_submit.py:514} INFO - File "/home/***/.local/lib/python3.7/site-packages/pyspark/python/lib/pyspark.zip/pyspark/sql/readwriter.py", line 955, in csv
[2022-02-09 02:32:24,215] {spark_submit.py:514} INFO - File "/home/***/.local/lib/python3.7/site-packages/pyspark/python/lib/py4j-0.10.9.3-src.zip/py4j/java_gateway.py", line 1322, in __call__
[2022-02-09 02:32:24,215] {spark_submit.py:514} INFO - File "/home/***/.local/lib/python3.7/site-packages/pyspark/python/lib/pyspark.zip/pyspark/sql/utils.py", line 111, in deco
[2022-02-09 02:32:24,215] {spark_submit.py:514} INFO - File "/home/***/.local/lib/python3.7/site-packages/pyspark/python/lib/py4j-0.10.9.3-src.zip/py4j/protocol.py", line 328, in get_return_value
[2022-02-09 02:32:24,216] {spark_submit.py:514} INFO - py4j.protocol.Py4JJavaError: An error occurred while calling o63.csv.
[2022-02-09 02:32:24,216] {spark_submit.py:514} INFO - : org.apache.spark.SparkException: Job aborted.
[2022-02-09 02:32:24,216] {spark_submit.py:514} INFO - at org.apache.spark.sql.errors.QueryExecutionErrors$.jobAbortedError(QueryExecutionErrors.scala:496)
[2022-02-09 02:32:24,216] {spark_submit.py:514} INFO - at org.apache.spark.sql.execution.datasources.FileFormatWriter$.write(FileFormatWriter.scala:251)
[2022-02-09 02:32:24,216] {spark_submit.py:514} INFO - at org.apache.spark.sql.execution.datasources.InsertIntoHadoopFsRelationCommand.run(InsertIntoHadoopFsRelationCommand.scala:186)
[2022-02-09 02:32:24,216] {spark_submit.py:514} INFO - at org.apache.spark.sql.execution.command.DataWritingCommandExec.sideEffectResult$lzycompute(commands.scala:113)
[2022-02-09 02:32:24,216] {spark_submit.py:514} INFO - at org.apache.spark.sql.execution.command.DataWritingCommandExec.sideEffectResult(commands.scala:111)
[2022-02-09 02:32:24,216] {spark_submit.py:514} INFO - at org.apache.spark.sql.execution.command.DataWritingCommandExec.executeCollect(commands.scala:125)
[2022-02-09 02:32:24,216] {spark_submit.py:514} INFO - at org.apache.spark.sql.execution.QueryExecution$$anonfun$eagerlyExecuteCommands$1.$anonfun$applyOrElse$1(QueryExecution.scala:110)
[2022-02-09 02:32:24,217] {spark_submit.py:514} INFO - at org.apache.spark.sql.execution.SQLExecution$.$anonfun$withNewExecutionId$5(SQLExecution.scala:103)
[2022-02-09 02:32:24,217] {spark_submit.py:514} INFO - at org.apache.spark.sql.execution.SQLExecution$.withSQLConfPropagated(SQLExecution.scala:163)
[2022-02-09 02:32:24,217] {spark_submit.py:514} INFO - at org.apache.spark.sql.execution.SQLExecution$.$anonfun$withNewExecutionId$1(SQLExecution.scala:90)
[2022-02-09 02:32:24,217] {spark_submit.py:514} INFO - at org.apache.spark.sql.SparkSession.withActive(SparkSession.scala:775)
[2022-02-09 02:32:24,217] {spark_submit.py:514} INFO - at org.apache.spark.sql.execution.SQLExecution$.withNewExecutionId(SQLExecution.scala:64)
[2022-02-09 02:32:24,217] {spark_submit.py:514} INFO - at org.apache.spark.sql.execution.QueryExecution$$anonfun$eagerlyExecuteCommands$1.applyOrElse(QueryExecution.scala:110)
[2022-02-09 02:32:24,217] {spark_submit.py:514} INFO - at org.apache.spark.sql.execution.QueryExecution$$anonfun$eagerlyExecuteCommands$1.applyOrElse(QueryExecution.scala:106)
[2022-02-09 02:32:24,217] {spark_submit.py:514} INFO - at org.apache.spark.sql.catalyst.trees.TreeNode.$anonfun$transformDownWithPruning$1(TreeNode.scala:481)
[2022-02-09 02:32:24,217] {spark_submit.py:514} INFO - at org.apache.spark.sql.catalyst.trees.CurrentOrigin$.withOrigin(TreeNode.scala:82)
[2022-02-09 02:32:24,217] {spark_submit.py:514} INFO - at org.apache.spark.sql.catalyst.trees.TreeNode.transformDownWithPruning(TreeNode.scala:481)
[2022-02-09 02:32:24,217] {spark_submit.py:514} INFO - at org.apache.spark.sql.catalyst.plans.logical.LogicalPlan.org$apache$spark$sql$catalyst$plans$logical$AnalysisHelper$$super$transformDownWithPruning(LogicalPlan.scala:30)
[2022-02-09 02:32:24,217] {spark_submit.py:514} INFO - at org.apache.spark.sql.catalyst.plans.logical.AnalysisHelper.transformDownWithPruning(AnalysisHelper.scala:267)
[2022-02-09 02:32:24,217] {spark_submit.py:514} INFO - at org.apache.spark.sql.catalyst.plans.logical.AnalysisHelper.transformDownWithPruning$(AnalysisHelper.scala:263)
[2022-02-09 02:32:24,217] {spark_submit.py:514} INFO - at org.apache.spark.sql.catalyst.plans.logical.LogicalPlan.transformDownWithPruning(LogicalPlan.scala:30)
[2022-02-09 02:32:24,217] {spark_submit.py:514} INFO - at org.apache.spark.sql.catalyst.plans.logical.LogicalPlan.transformDownWithPruning(LogicalPlan.scala:30)
[2022-02-09 02:32:24,218] {spark_submit.py:514} INFO - at org.apache.spark.sql.catalyst.trees.TreeNode.transformDown(TreeNode.scala:457)
[2022-02-09 02:32:24,218] {spark_submit.py:514} INFO - at org.apache.spark.sql.execution.QueryExecution.eagerlyExecuteCommands(QueryExecution.scala:106)
[2022-02-09 02:32:24,218] {spark_submit.py:514} INFO - at org.apache.spark.sql.execution.QueryExecution.commandExecuted$lzycompute(QueryExecution.scala:93)
[2022-02-09 02:32:24,218] {spark_submit.py:514} INFO - at org.apache.spark.sql.execution.QueryExecution.commandExecuted(QueryExecution.scala:91)
[2022-02-09 02:32:24,218] {spark_submit.py:514} INFO - at org.apache.spark.sql.execution.QueryExecution.assertCommandExecuted(QueryExecution.scala:128)
[2022-02-09 02:32:24,218] {spark_submit.py:514} INFO - at org.apache.spark.sql.DataFrameWriter.runCommand(DataFrameWriter.scala:848)
[2022-02-09 02:32:24,218] {spark_submit.py:514} INFO - at org.apache.spark.sql.DataFrameWriter.saveToV1Source(DataFrameWriter.scala:382)
[2022-02-09 02:32:24,218] {spark_submit.py:514} INFO - at org.apache.spark.sql.DataFrameWriter.saveInternal(DataFrameWriter.scala:355)
[2022-02-09 02:32:24,218] {spark_submit.py:514} INFO - at org.apache.spark.sql.DataFrameWriter.save(DataFrameWriter.scala:239)
[2022-02-09 02:32:24,218] {spark_submit.py:514} INFO - at org.apache.spark.sql.DataFrameWriter.csv(DataFrameWriter.scala:839)
[2022-02-09 02:32:24,218] {spark_submit.py:514} INFO - at java.base/jdk.internal.reflect.NativeMethodAccessorImpl.invoke0(Native Method)
[2022-02-09 02:32:24,218] {spark_submit.py:514} INFO - at java.base/jdk.internal.reflect.NativeMethodAccessorImpl.invoke(NativeMethodAccessorImpl.java:62)
[2022-02-09 02:32:24,218] {spark_submit.py:514} INFO - at java.base/jdk.internal.reflect.DelegatingMethodAccessorImpl.invoke(DelegatingMethodAccessorImpl.java:43)
[2022-02-09 02:32:24,218] {spark_submit.py:514} INFO - at java.base/java.lang.reflect.Method.invoke(Method.java:566)
[2022-02-09 02:32:24,218] {spark_submit.py:514} INFO - at py4j.reflection.MethodInvoker.invoke(MethodInvoker.java:244)
[2022-02-09 02:32:24,219] {spark_submit.py:514} INFO - at py4j.reflection.ReflectionEngine.invoke(ReflectionEngine.java:357)
[2022-02-09 02:32:24,219] {spark_submit.py:514} INFO - at py4j.Gateway.invoke(Gateway.java:282)
[2022-02-09 02:32:24,219] {spark_submit.py:514} INFO - at py4j.commands.AbstractCommand.invokeMethod(AbstractCommand.java:132)
[2022-02-09 02:32:24,219] {spark_submit.py:514} INFO - at py4j.commands.CallCommand.execute(CallCommand.java:79)
[2022-02-09 02:32:24,219] {spark_submit.py:514} INFO - at py4j.ClientServerConnection.waitForCommands(ClientServerConnection.java:182)
[2022-02-09 02:32:24,219] {spark_submit.py:514} INFO - at py4j.ClientServerConnection.run(ClientServerConnection.java:106)
[2022-02-09 02:32:24,219] {spark_submit.py:514} INFO - at java.base/java.lang.Thread.run(Thread.java:829)
[2022-02-09 02:32:24,219] {spark_submit.py:514} INFO - Caused by: org.apache.spark.SparkException: Job aborted due to stage failure: Task 0 in stage 0.0 failed 4 times, most recent failure: Lost task 0.3 in stage 0.0 (TID 3) (172.25.0.3 executor 3): ExecutorLostFailure (executor 3 exited caused by one of the running tasks) Reason: Remote RPC client disassociated. Likely due to containers exceeding thresholds, or network issues. Check driver logs for WARN messages.
[2022-02-09 02:32:24,219] {spark_submit.py:514} INFO - Driver stacktrace:
[2022-02-09 02:32:24,219] {spark_submit.py:514} INFO - at org.apache.spark.scheduler.DAGScheduler.failJobAndIndependentStages(DAGScheduler.scala:2454)
[2022-02-09 02:32:24,219] {spark_submit.py:514} INFO - at org.apache.spark.scheduler.DAGScheduler.$anonfun$abortStage$2(DAGScheduler.scala:2403)
[2022-02-09 02:32:24,219] {spark_submit.py:514} INFO - at org.apache.spark.scheduler.DAGScheduler.$anonfun$abortStage$2$adapted(DAGScheduler.scala:2402)
[2022-02-09 02:32:24,219] {spark_submit.py:514} INFO - at scala.collection.mutable.ResizableArray.foreach(ResizableArray.scala:62)
[2022-02-09 02:32:24,219] {spark_submit.py:514} INFO - at scala.collection.mutable.ResizableArray.foreach$(ResizableArray.scala:55)
[2022-02-09 02:32:24,219] {spark_submit.py:514} INFO - at scala.collection.mutable.ArrayBuffer.foreach(ArrayBuffer.scala:49)
[2022-02-09 02:32:24,219] {spark_submit.py:514} INFO - at org.apache.spark.scheduler.DAGScheduler.abortStage(DAGScheduler.scala:2402)
[2022-02-09 02:32:24,220] {spark_submit.py:514} INFO - at org.apache.spark.scheduler.DAGScheduler.$anonfun$handleTaskSetFailed$1(DAGScheduler.scala:1160)
[2022-02-09 02:32:24,220] {spark_submit.py:514} INFO - at org.apache.spark.scheduler.DAGScheduler.$anonfun$handleTaskSetFailed$1$adapted(DAGScheduler.scala:1160)
[2022-02-09 02:32:24,220] {spark_submit.py:514} INFO - at scala.Option.foreach(Option.scala:407)
[2022-02-09 02:32:24,220] {spark_submit.py:514} INFO - at org.apache.spark.scheduler.DAGScheduler.handleTaskSetFailed(DAGScheduler.scala:1160)
[2022-02-09 02:32:24,220] {spark_submit.py:514} INFO - at org.apache.spark.scheduler.DAGSchedulerEventProcessLoop.doOnReceive(DAGScheduler.scala:2642)
[2022-02-09 02:32:24,220] {spark_submit.py:514} INFO - at org.apache.spark.scheduler.DAGSchedulerEventProcessLoop.onReceive(DAGScheduler.scala:2584)
[2022-02-09 02:32:24,220] {spark_submit.py:514} INFO - at org.apache.spark.scheduler.DAGSchedulerEventProcessLoop.onReceive(DAGScheduler.scala:2573)
[2022-02-09 02:32:24,220] {spark_submit.py:514} INFO - at org.apache.spark.util.EventLoop$$anon$1.run(EventLoop.scala:49)
[2022-02-09 02:32:24,220] {spark_submit.py:514} INFO - 
[2022-02-09 02:32:24,242] {spark_submit.py:514} INFO - 22/02/09 02:32:24 INFO StandaloneAppClient$ClientEndpoint: Executor updated: app-20220209023205-0018/3 is now EXITED (Command exited with code 50)
[2022-02-09 02:32:24,242] {spark_submit.py:514} INFO - 22/02/09 02:32:24 INFO StandaloneSchedulerBackend: Executor app-20220209023205-0018/3 removed: Command exited with code 50
[2022-02-09 02:32:24,242] {spark_submit.py:514} INFO - 22/02/09 02:32:24 INFO StandaloneAppClient$ClientEndpoint: Executor added: app-20220209023205-0018/4 on worker-20220209012759-172.25.0.3-44849 (172.25.0.3:44849) with 1 core(s)
[2022-02-09 02:32:24,242] {spark_submit.py:514} INFO - 22/02/09 02:32:24 INFO StandaloneSchedulerBackend: Granted executor ID app-20220209023205-0018/4 on hostPort 172.25.0.3:44849 with 1 core(s), 1024.0 MiB RAM
[2022-02-09 02:32:24,242] {spark_submit.py:514} INFO - 22/02/09 02:32:24 INFO BlockManagerMaster: Removal of executor 3 requested
[2022-02-09 02:32:24,243] {spark_submit.py:514} INFO - 22/02/09 02:32:24 INFO CoarseGrainedSchedulerBackend$DriverEndpoint: Asked to remove non-existent executor 3
[2022-02-09 02:32:24,243] {spark_submit.py:514} INFO - 22/02/09 02:32:24 INFO BlockManagerMasterEndpoint: Trying to remove executor 3 from BlockManagerMaster.
[2022-02-09 02:32:24,267] {spark_submit.py:514} INFO - 22/02/09 02:32:24 INFO StandaloneAppClient$ClientEndpoint: Executor updated: app-20220209023205-0018/4 is now RUNNING
[2022-02-09 02:32:24,273] {spark_submit.py:514} INFO - 22/02/09 02:32:24 INFO SparkContext: Invoking stop() from shutdown hook
[2022-02-09 02:32:24,284] {spark_submit.py:514} INFO - 22/02/09 02:32:24 INFO SparkUI: Stopped Spark web UI at http://9bca822c2c60:4040
[2022-02-09 02:32:24,287] {spark_submit.py:514} INFO - 22/02/09 02:32:24 INFO StandaloneSchedulerBackend: Shutting down all executors
[2022-02-09 02:32:24,287] {spark_submit.py:514} INFO - 22/02/09 02:32:24 INFO CoarseGrainedSchedulerBackend$DriverEndpoint: Asking each executor to shut down
[2022-02-09 02:32:24,315] {spark_submit.py:514} INFO - 22/02/09 02:32:24 INFO MapOutputTrackerMasterEndpoint: MapOutputTrackerMasterEndpoint stopped!
[2022-02-09 02:32:24,327] {spark_submit.py:514} INFO - 22/02/09 02:32:24 INFO MemoryStore: MemoryStore cleared
[2022-02-09 02:32:24,327] {spark_submit.py:514} INFO - 22/02/09 02:32:24 INFO BlockManager: BlockManager stopped
[2022-02-09 02:32:24,330] {spark_submit.py:514} INFO - 22/02/09 02:32:24 INFO BlockManagerMaster: BlockManagerMaster stopped
[2022-02-09 02:32:24,332] {spark_submit.py:514} INFO - 22/02/09 02:32:24 INFO OutputCommitCoordinator$OutputCommitCoordinatorEndpoint: OutputCommitCoordinator stopped!
[2022-02-09 02:32:24,339] {spark_submit.py:514} INFO - 22/02/09 02:32:24 INFO SparkContext: Successfully stopped SparkContext
[2022-02-09 02:32:24,339] {spark_submit.py:514} INFO - 22/02/09 02:32:24 INFO ShutdownHookManager: Shutdown hook called
[2022-02-09 02:32:24,340] {spark_submit.py:514} INFO - 22/02/09 02:32:24 INFO ShutdownHookManager: Deleting directory /tmp/spark-a071ab7b-b7e3-48f9-ace4-9e9c64b722f9
[2022-02-09 02:32:24,343] {spark_submit.py:514} INFO - 22/02/09 02:32:24 INFO ShutdownHookManager: Deleting directory /tmp/spark-d486dcbf-0358-4b08-8d48-28c47198eedd
[2022-02-09 02:32:24,346] {spark_submit.py:514} INFO - 22/02/09 02:32:24 INFO ShutdownHookManager: Deleting directory /tmp/spark-d486dcbf-0358-4b08-8d48-28c47198eedd/pyspark-3a5399fb-809b-4d73-95e7-6e62612d0187
[2022-02-09 02:32:24,434] {taskinstance.py:1700} ERROR - Task failed with exception
Traceback (most recent call last):
  File "/home/airflow/.local/lib/python3.7/site-packages/airflow/models/taskinstance.py", line 1329, in _run_raw_task
    self._execute_task_with_callbacks(context)
  File "/home/airflow/.local/lib/python3.7/site-packages/airflow/models/taskinstance.py", line 1455, in _execute_task_with_callbacks
    result = self._execute_task(context, self.task)
  File "/home/airflow/.local/lib/python3.7/site-packages/airflow/models/taskinstance.py", line 1511, in _execute_task
    result = execute_callable(context=context)
  File "/home/airflow/.local/lib/python3.7/site-packages/airflow/providers/apache/spark/operators/spark_submit.py", line 182, in execute
    self._hook.submit(self._application)
  File "/home/airflow/.local/lib/python3.7/site-packages/airflow/providers/apache/spark/hooks/spark_submit.py", line 446, in submit
    f"Cannot execute: {self._mask_cmd(spark_submit_cmd)}. Error code is: {returncode}."
airflow.exceptions.AirflowException: Cannot execute: spark-submit --master spark://172.25.0.6:7077 --conf spark.master=spark://spark:7077 --name Spark book count --verbose /usr/local/spark/app/spark-book-count.py /usr/local/spark/data/book.txt. Error code is: 1.
[2022-02-09 02:32:24,442] {taskinstance.py:1277} INFO - Marking task as UP_FOR_RETRY. dag_id=spark-book-count, task_id=spark_job, execution_date=20220209T013213, start_date=20220209T023200, end_date=20220209T023224
[2022-02-09 02:32:24,457] {standard_task_runner.py:92} ERROR - Failed to execute job 21 for task spark_job
Traceback (most recent call last):
  File "/home/airflow/.local/lib/python3.7/site-packages/airflow/task/task_runner/standard_task_runner.py", line 85, in _start_by_fork
    args.func(args, dag=self.dag)
  File "/home/airflow/.local/lib/python3.7/site-packages/airflow/cli/cli_parser.py", line 48, in command
    return func(*args, **kwargs)
  File "/home/airflow/.local/lib/python3.7/site-packages/airflow/utils/cli.py", line 92, in wrapper
    return f(*args, **kwargs)
  File "/home/airflow/.local/lib/python3.7/site-packages/airflow/cli/commands/task_command.py", line 298, in task_run
    _run_task_by_selected_method(args, dag, ti)
  File "/home/airflow/.local/lib/python3.7/site-packages/airflow/cli/commands/task_command.py", line 107, in _run_task_by_selected_method
    _run_raw_task(args, ti)
  File "/home/airflow/.local/lib/python3.7/site-packages/airflow/cli/commands/task_command.py", line 184, in _run_raw_task
    error_file=args.error_file,
  File "/home/airflow/.local/lib/python3.7/site-packages/airflow/utils/session.py", line 70, in wrapper
    return func(*args, session=session, **kwargs)
  File "/home/airflow/.local/lib/python3.7/site-packages/airflow/models/taskinstance.py", line 1329, in _run_raw_task
    self._execute_task_with_callbacks(context)
  File "/home/airflow/.local/lib/python3.7/site-packages/airflow/models/taskinstance.py", line 1455, in _execute_task_with_callbacks
    result = self._execute_task(context, self.task)
  File "/home/airflow/.local/lib/python3.7/site-packages/airflow/models/taskinstance.py", line 1511, in _execute_task
    result = execute_callable(context=context)
  File "/home/airflow/.local/lib/python3.7/site-packages/airflow/providers/apache/spark/operators/spark_submit.py", line 182, in execute
    self._hook.submit(self._application)
  File "/home/airflow/.local/lib/python3.7/site-packages/airflow/providers/apache/spark/hooks/spark_submit.py", line 446, in submit
    f"Cannot execute: {self._mask_cmd(spark_submit_cmd)}. Error code is: {returncode}."
airflow.exceptions.AirflowException: Cannot execute: spark-submit --master spark://172.25.0.6:7077 --conf spark.master=spark://spark:7077 --name Spark book count --verbose /usr/local/spark/app/spark-book-count.py /usr/local/spark/data/book.txt. Error code is: 1.
[2022-02-09 02:32:24,485] {local_task_job.py:154} INFO - Task exited with return code 1
[2022-02-09 02:32:24,523] {local_task_job.py:264} INFO - 0 downstream tasks scheduled from follow-on schedule check
