[2022-02-09 02:33:24,697] {taskinstance.py:1032} INFO - Dependencies all met for <TaskInstance: spark-book-count.spark_job manual__2022-02-09T01:32:13.252597+00:00 [queued]>
[2022-02-09 02:33:24,713] {taskinstance.py:1032} INFO - Dependencies all met for <TaskInstance: spark-book-count.spark_job manual__2022-02-09T01:32:13.252597+00:00 [queued]>
[2022-02-09 02:33:24,713] {taskinstance.py:1238} INFO - 
--------------------------------------------------------------------------------
[2022-02-09 02:33:24,713] {taskinstance.py:1239} INFO - Starting attempt 21 of 21
[2022-02-09 02:33:24,713] {taskinstance.py:1240} INFO - 
--------------------------------------------------------------------------------
[2022-02-09 02:33:24,728] {taskinstance.py:1259} INFO - Executing <Task(SparkSubmitOperator): spark_job> on 2022-02-09 01:32:13.252597+00:00
[2022-02-09 02:33:24,732] {standard_task_runner.py:52} INFO - Started process 3370 to run task
[2022-02-09 02:33:24,735] {standard_task_runner.py:76} INFO - Running: ['***', 'tasks', 'run', 'spark-book-count', 'spark_job', 'manual__2022-02-09T01:32:13.252597+00:00', '--job-id', '22', '--raw', '--subdir', 'DAGS_FOLDER/spark-dag.py', '--cfg-path', '/tmp/tmpc1gbj53k', '--error-file', '/tmp/tmp5dl4wd3e']
[2022-02-09 02:33:24,736] {standard_task_runner.py:77} INFO - Job 22: Subtask spark_job
[2022-02-09 02:33:24,786] {logging_mixin.py:109} INFO - Running <TaskInstance: spark-book-count.spark_job manual__2022-02-09T01:32:13.252597+00:00 [running]> on host 9bca822c2c60
[2022-02-09 02:33:24,882] {taskinstance.py:1426} INFO - Exporting the following env vars:
AIRFLOW_CTX_DAG_EMAIL=***@***.com
AIRFLOW_CTX_DAG_OWNER=***
AIRFLOW_CTX_DAG_ID=spark-book-count
AIRFLOW_CTX_TASK_ID=spark_job
AIRFLOW_CTX_EXECUTION_DATE=2022-02-09T01:32:13.252597+00:00
AIRFLOW_CTX_DAG_RUN_ID=manual__2022-02-09T01:32:13.252597+00:00
[2022-02-09 02:33:24,895] {base.py:79} INFO - Using connection to: id: spark_default. Host: spark://172.25.0.6:7077, Port: None, Schema: , Login: , Password: None, extra: {}
[2022-02-09 02:33:24,897] {spark_submit.py:360} INFO - Spark-Submit cmd: spark-submit --master spark://172.25.0.6:7077 --conf spark.master=spark://spark:7077 --name Spark book count --verbose /usr/local/spark/app/spark-book-count.py /usr/local/spark/data/book.txt
[2022-02-09 02:33:27,117] {spark_submit.py:514} INFO - Using properties file: null
[2022-02-09 02:33:27,221] {spark_submit.py:514} INFO - WARNING: An illegal reflective access operation has occurred
[2022-02-09 02:33:27,222] {spark_submit.py:514} INFO - WARNING: Illegal reflective access by org.apache.spark.unsafe.Platform (file:/home/***/.local/lib/python3.7/site-packages/pyspark/jars/spark-unsafe_2.12-3.2.1.jar) to constructor java.nio.DirectByteBuffer(long,int)
[2022-02-09 02:33:27,222] {spark_submit.py:514} INFO - WARNING: Please consider reporting this to the maintainers of org.apache.spark.unsafe.Platform
[2022-02-09 02:33:27,222] {spark_submit.py:514} INFO - WARNING: Use --illegal-access=warn to enable warnings of further illegal reflective access operations
[2022-02-09 02:33:27,222] {spark_submit.py:514} INFO - WARNING: All illegal access operations will be denied in a future release
[2022-02-09 02:33:27,274] {spark_submit.py:514} INFO - Parsed arguments:
[2022-02-09 02:33:27,275] {spark_submit.py:514} INFO - master                  spark://172.25.0.6:7077
[2022-02-09 02:33:27,275] {spark_submit.py:514} INFO - deployMode              null
[2022-02-09 02:33:27,275] {spark_submit.py:514} INFO - executorMemory          null
[2022-02-09 02:33:27,275] {spark_submit.py:514} INFO - executorCores           null
[2022-02-09 02:33:27,275] {spark_submit.py:514} INFO - totalExecutorCores      null
[2022-02-09 02:33:27,275] {spark_submit.py:514} INFO - propertiesFile          null
[2022-02-09 02:33:27,275] {spark_submit.py:514} INFO - driverMemory            null
[2022-02-09 02:33:27,275] {spark_submit.py:514} INFO - driverCores             null
[2022-02-09 02:33:27,275] {spark_submit.py:514} INFO - driverExtraClassPath    null
[2022-02-09 02:33:27,275] {spark_submit.py:514} INFO - driverExtraLibraryPath  null
[2022-02-09 02:33:27,275] {spark_submit.py:514} INFO - driverExtraJavaOptions  null
[2022-02-09 02:33:27,275] {spark_submit.py:514} INFO - supervise               false
[2022-02-09 02:33:27,275] {spark_submit.py:514} INFO - queue                   null
[2022-02-09 02:33:27,275] {spark_submit.py:514} INFO - numExecutors            null
[2022-02-09 02:33:27,275] {spark_submit.py:514} INFO - files                   null
[2022-02-09 02:33:27,276] {spark_submit.py:514} INFO - pyFiles                 null
[2022-02-09 02:33:27,276] {spark_submit.py:514} INFO - archives                null
[2022-02-09 02:33:27,276] {spark_submit.py:514} INFO - mainClass               null
[2022-02-09 02:33:27,276] {spark_submit.py:514} INFO - primaryResource         file:/usr/local/spark/app/spark-book-count.py
[2022-02-09 02:33:27,276] {spark_submit.py:514} INFO - name                    Spark book count
[2022-02-09 02:33:27,276] {spark_submit.py:514} INFO - childArgs               [/usr/local/spark/data/book.txt]
[2022-02-09 02:33:27,276] {spark_submit.py:514} INFO - jars                    null
[2022-02-09 02:33:27,276] {spark_submit.py:514} INFO - packages                null
[2022-02-09 02:33:27,276] {spark_submit.py:514} INFO - packagesExclusions      null
[2022-02-09 02:33:27,276] {spark_submit.py:514} INFO - repositories            null
[2022-02-09 02:33:27,276] {spark_submit.py:514} INFO - verbose                 true
[2022-02-09 02:33:27,276] {spark_submit.py:514} INFO - 
[2022-02-09 02:33:27,276] {spark_submit.py:514} INFO - Spark properties used, including those specified through
[2022-02-09 02:33:27,276] {spark_submit.py:514} INFO - --conf and those from the properties file null:
[2022-02-09 02:33:27,276] {spark_submit.py:514} INFO - (spark.master,spark://spark:7077)
[2022-02-09 02:33:27,276] {spark_submit.py:514} INFO - 
[2022-02-09 02:33:27,277] {spark_submit.py:514} INFO - 
[2022-02-09 02:33:27,550] {spark_submit.py:514} INFO - Main class:
[2022-02-09 02:33:27,551] {spark_submit.py:514} INFO - org.apache.spark.deploy.PythonRunner
[2022-02-09 02:33:27,551] {spark_submit.py:514} INFO - Arguments:
[2022-02-09 02:33:27,551] {spark_submit.py:514} INFO - file:/usr/local/spark/app/spark-book-count.py
[2022-02-09 02:33:27,551] {spark_submit.py:514} INFO - null
[2022-02-09 02:33:27,551] {spark_submit.py:514} INFO - /usr/local/spark/data/book.txt
[2022-02-09 02:33:27,553] {spark_submit.py:514} INFO - Spark config:
[2022-02-09 02:33:27,554] {spark_submit.py:514} INFO - (spark.master,spark://172.25.0.6:7077)
[2022-02-09 02:33:27,554] {spark_submit.py:514} INFO - (spark.app.name,Spark book count)
[2022-02-09 02:33:27,554] {spark_submit.py:514} INFO - (spark.submit.pyFiles,)
[2022-02-09 02:33:27,554] {spark_submit.py:514} INFO - (spark.submit.deployMode,client)
[2022-02-09 02:33:27,554] {spark_submit.py:514} INFO - Classpath elements:
[2022-02-09 02:33:27,554] {spark_submit.py:514} INFO - 
[2022-02-09 02:33:27,554] {spark_submit.py:514} INFO - 
[2022-02-09 02:33:27,554] {spark_submit.py:514} INFO - 
[2022-02-09 02:33:28,603] {spark_submit.py:514} INFO - Using Spark's default log4j profile: org/apache/spark/log4j-defaults.properties
[2022-02-09 02:33:28,615] {spark_submit.py:514} INFO - 22/02/09 02:33:28 INFO SparkContext: Running Spark version 3.2.1
[2022-02-09 02:33:28,727] {spark_submit.py:514} INFO - 22/02/09 02:33:28 WARN NativeCodeLoader: Unable to load native-hadoop library for your platform... using builtin-java classes where applicable
[2022-02-09 02:33:28,867] {spark_submit.py:514} INFO - 22/02/09 02:33:28 INFO ResourceUtils: ==============================================================
[2022-02-09 02:33:28,868] {spark_submit.py:514} INFO - 22/02/09 02:33:28 INFO ResourceUtils: No custom resources configured for spark.driver.
[2022-02-09 02:33:28,868] {spark_submit.py:514} INFO - 22/02/09 02:33:28 INFO ResourceUtils: ==============================================================
[2022-02-09 02:33:28,869] {spark_submit.py:514} INFO - 22/02/09 02:33:28 INFO SparkContext: Submitted application: WordCount
[2022-02-09 02:33:28,900] {spark_submit.py:514} INFO - 22/02/09 02:33:28 INFO ResourceProfile: Default ResourceProfile created, executor resources: Map(cores -> name: cores, amount: 1, script: , vendor: , memory -> name: memory, amount: 1024, script: , vendor: , offHeap -> name: offHeap, amount: 0, script: , vendor: ), task resources: Map(cpus -> name: cpus, amount: 1.0)
[2022-02-09 02:33:28,929] {spark_submit.py:514} INFO - 22/02/09 02:33:28 INFO ResourceProfile: Limiting resource is cpu
[2022-02-09 02:33:28,930] {spark_submit.py:514} INFO - 22/02/09 02:33:28 INFO ResourceProfileManager: Added ResourceProfile id: 0
[2022-02-09 02:33:28,995] {spark_submit.py:514} INFO - 22/02/09 02:33:28 INFO SecurityManager: Changing view acls to: ***
[2022-02-09 02:33:28,996] {spark_submit.py:514} INFO - 22/02/09 02:33:28 INFO SecurityManager: Changing modify acls to: ***
[2022-02-09 02:33:28,996] {spark_submit.py:514} INFO - 22/02/09 02:33:28 INFO SecurityManager: Changing view acls groups to:
[2022-02-09 02:33:28,997] {spark_submit.py:514} INFO - 22/02/09 02:33:28 INFO SecurityManager: Changing modify acls groups to:
[2022-02-09 02:33:28,997] {spark_submit.py:514} INFO - 22/02/09 02:33:28 INFO SecurityManager: SecurityManager: authentication disabled; ui acls disabled; users  with view permissions: Set(***); groups with view permissions: Set(); users  with modify permissions: Set(***); groups with modify permissions: Set()
[2022-02-09 02:33:29,377] {spark_submit.py:514} INFO - 22/02/09 02:33:29 INFO Utils: Successfully started service 'sparkDriver' on port 42517.
[2022-02-09 02:33:29,413] {spark_submit.py:514} INFO - 22/02/09 02:33:29 INFO SparkEnv: Registering MapOutputTracker
[2022-02-09 02:33:29,451] {spark_submit.py:514} INFO - 22/02/09 02:33:29 INFO SparkEnv: Registering BlockManagerMaster
[2022-02-09 02:33:29,480] {spark_submit.py:514} INFO - 22/02/09 02:33:29 INFO BlockManagerMasterEndpoint: Using org.apache.spark.storage.DefaultTopologyMapper for getting topology information
[2022-02-09 02:33:29,481] {spark_submit.py:514} INFO - 22/02/09 02:33:29 INFO BlockManagerMasterEndpoint: BlockManagerMasterEndpoint up
[2022-02-09 02:33:29,486] {spark_submit.py:514} INFO - 22/02/09 02:33:29 INFO SparkEnv: Registering BlockManagerMasterHeartbeat
[2022-02-09 02:33:29,514] {spark_submit.py:514} INFO - 22/02/09 02:33:29 INFO DiskBlockManager: Created local directory at /tmp/blockmgr-4e47e973-a894-49eb-9fd1-ca9e6ea66d54
[2022-02-09 02:33:29,554] {spark_submit.py:514} INFO - 22/02/09 02:33:29 INFO MemoryStore: MemoryStore started with capacity 434.4 MiB
[2022-02-09 02:33:29,576] {spark_submit.py:514} INFO - 22/02/09 02:33:29 INFO SparkEnv: Registering OutputCommitCoordinator
[2022-02-09 02:33:29,810] {spark_submit.py:514} INFO - 22/02/09 02:33:29 INFO Utils: Successfully started service 'SparkUI' on port 4040.
[2022-02-09 02:33:29,884] {spark_submit.py:514} INFO - 22/02/09 02:33:29 INFO SparkUI: Bound SparkUI to 0.0.0.0, and started at http://9bca822c2c60:4040
[2022-02-09 02:33:30,133] {spark_submit.py:514} INFO - 22/02/09 02:33:30 INFO StandaloneAppClient$ClientEndpoint: Connecting to master spark://172.25.0.6:7077...
[2022-02-09 02:33:30,218] {spark_submit.py:514} INFO - 22/02/09 02:33:30 INFO TransportClientFactory: Successfully created connection to /172.25.0.6:7077 after 39 ms (0 ms spent in bootstraps)
[2022-02-09 02:33:30,332] {spark_submit.py:514} INFO - 22/02/09 02:33:30 INFO StandaloneSchedulerBackend: Connected to Spark cluster with app ID app-20220209023330-0019
[2022-02-09 02:33:30,336] {spark_submit.py:514} INFO - 22/02/09 02:33:30 INFO StandaloneAppClient$ClientEndpoint: Executor added: app-20220209023330-0019/0 on worker-20220209012759-172.25.0.3-44849 (172.25.0.3:44849) with 1 core(s)
[2022-02-09 02:33:30,339] {spark_submit.py:514} INFO - 22/02/09 02:33:30 INFO StandaloneSchedulerBackend: Granted executor ID app-20220209023330-0019/0 on hostPort 172.25.0.3:44849 with 1 core(s), 1024.0 MiB RAM
[2022-02-09 02:33:30,343] {spark_submit.py:514} INFO - 22/02/09 02:33:30 INFO Utils: Successfully started service 'org.apache.spark.network.netty.NettyBlockTransferService' on port 44137.
[2022-02-09 02:33:30,343] {spark_submit.py:514} INFO - 22/02/09 02:33:30 INFO NettyBlockTransferService: Server created on 9bca822c2c60:44137
[2022-02-09 02:33:30,346] {spark_submit.py:514} INFO - 22/02/09 02:33:30 INFO BlockManager: Using org.apache.spark.storage.RandomBlockReplicationPolicy for block replication policy
[2022-02-09 02:33:30,363] {spark_submit.py:514} INFO - 22/02/09 02:33:30 INFO BlockManagerMaster: Registering BlockManager BlockManagerId(driver, 9bca822c2c60, 44137, None)
[2022-02-09 02:33:30,369] {spark_submit.py:514} INFO - 22/02/09 02:33:30 INFO BlockManagerMasterEndpoint: Registering block manager 9bca822c2c60:44137 with 434.4 MiB RAM, BlockManagerId(driver, 9bca822c2c60, 44137, None)
[2022-02-09 02:33:30,378] {spark_submit.py:514} INFO - 22/02/09 02:33:30 INFO BlockManagerMaster: Registered BlockManager BlockManagerId(driver, 9bca822c2c60, 44137, None)
[2022-02-09 02:33:30,378] {spark_submit.py:514} INFO - 22/02/09 02:33:30 INFO BlockManager: Initialized BlockManager: BlockManagerId(driver, 9bca822c2c60, 44137, None)
[2022-02-09 02:33:30,379] {spark_submit.py:514} INFO - 22/02/09 02:33:30 INFO StandaloneAppClient$ClientEndpoint: Executor updated: app-20220209023330-0019/0 is now RUNNING
[2022-02-09 02:33:30,718] {spark_submit.py:514} INFO - 22/02/09 02:33:30 INFO StandaloneSchedulerBackend: SchedulerBackend is ready for scheduling beginning after reached minRegisteredResourcesRatio: 0.0
[2022-02-09 02:33:31,063] {spark_submit.py:514} INFO - 22/02/09 02:33:31 INFO SharedState: Setting hive.metastore.warehouse.dir ('null') to the value of spark.sql.warehouse.dir.
[2022-02-09 02:33:31,092] {spark_submit.py:514} INFO - 22/02/09 02:33:31 INFO SharedState: Warehouse path is 'file:/app/spark-warehouse'.
[2022-02-09 02:33:32,317] {spark_submit.py:514} INFO - 22/02/09 02:33:32 INFO InMemoryFileIndex: It took 81 ms to list leaf files for 1 paths.
[2022-02-09 02:33:34,717] {spark_submit.py:514} INFO - 22/02/09 02:33:34 INFO CoarseGrainedSchedulerBackend$DriverEndpoint: Registered executor NettyRpcEndpointRef(spark-client://Executor) (172.25.0.3:51494) with ID 0,  ResourceProfileId 0
[2022-02-09 02:33:35,042] {spark_submit.py:514} INFO - 22/02/09 02:33:35 INFO BlockManagerMasterEndpoint: Registering block manager 172.25.0.3:36981 with 366.3 MiB RAM, BlockManagerId(0, 172.25.0.3, 36981, None)
[2022-02-09 02:33:36,258] {spark_submit.py:514} INFO - >>>>>>>>>>>>>>>>>>>>>>>>>>>>>>>>>>>>>>>>>>>>>> DataFrame[word: string, count: bigint]
[2022-02-09 02:33:36,260] {spark_submit.py:514} INFO - >>>>>>>>>>>>>>>>>>>>>>>>>>>>>>>>>>>>>>>>>>>>>> <bound method DataFrame.count of DataFrame[word: string, count: bigint]>
[2022-02-09 02:33:36,264] {spark_submit.py:514} INFO - >>>>>>>>>>>>>>>>>>>>>>>>>>>>>>>>>>>>>>>>>>>>>> Column<'word'>
[2022-02-09 02:33:36,741] {spark_submit.py:514} INFO - 22/02/09 02:33:36 INFO FileSourceStrategy: Pushed Filters:
[2022-02-09 02:33:36,743] {spark_submit.py:514} INFO - 22/02/09 02:33:36 INFO FileSourceStrategy: Post-Scan Filters:
[2022-02-09 02:33:36,745] {spark_submit.py:514} INFO - 22/02/09 02:33:36 INFO FileSourceStrategy: Output Data Schema: struct<value: string>
[2022-02-09 02:33:36,919] {spark_submit.py:514} INFO - Traceback (most recent call last):
[2022-02-09 02:33:36,920] {spark_submit.py:514} INFO - File "/usr/local/spark/app/spark-book-count.py", line 28, in <module>
[2022-02-09 02:33:36,920] {spark_submit.py:514} INFO - wordCountsSorted.write.csv("/usr/local/spark/data/file")
[2022-02-09 02:33:36,920] {spark_submit.py:514} INFO - File "/home/***/.local/lib/python3.7/site-packages/pyspark/python/lib/pyspark.zip/pyspark/sql/readwriter.py", line 955, in csv
[2022-02-09 02:33:36,920] {spark_submit.py:514} INFO - File "/home/***/.local/lib/python3.7/site-packages/pyspark/python/lib/py4j-0.10.9.3-src.zip/py4j/java_gateway.py", line 1322, in __call__
[2022-02-09 02:33:36,920] {spark_submit.py:514} INFO - File "/home/***/.local/lib/python3.7/site-packages/pyspark/python/lib/pyspark.zip/pyspark/sql/utils.py", line 117, in deco
[2022-02-09 02:33:36,925] {spark_submit.py:514} INFO - pyspark.sql.utils.AnalysisException: path file:/usr/local/spark/data/file already exists.
[2022-02-09 02:33:36,965] {spark_submit.py:514} INFO - 22/02/09 02:33:36 INFO SparkContext: Invoking stop() from shutdown hook
[2022-02-09 02:33:36,974] {spark_submit.py:514} INFO - 22/02/09 02:33:36 INFO SparkUI: Stopped Spark web UI at http://9bca822c2c60:4040
[2022-02-09 02:33:36,978] {spark_submit.py:514} INFO - 22/02/09 02:33:36 INFO StandaloneSchedulerBackend: Shutting down all executors
[2022-02-09 02:33:36,978] {spark_submit.py:514} INFO - 22/02/09 02:33:36 INFO CoarseGrainedSchedulerBackend$DriverEndpoint: Asking each executor to shut down
[2022-02-09 02:33:37,000] {spark_submit.py:514} INFO - 22/02/09 02:33:37 INFO MapOutputTrackerMasterEndpoint: MapOutputTrackerMasterEndpoint stopped!
[2022-02-09 02:33:37,014] {spark_submit.py:514} INFO - 22/02/09 02:33:37 INFO MemoryStore: MemoryStore cleared
[2022-02-09 02:33:37,015] {spark_submit.py:514} INFO - 22/02/09 02:33:37 INFO BlockManager: BlockManager stopped
[2022-02-09 02:33:37,023] {spark_submit.py:514} INFO - 22/02/09 02:33:37 INFO BlockManagerMaster: BlockManagerMaster stopped
[2022-02-09 02:33:37,027] {spark_submit.py:514} INFO - 22/02/09 02:33:37 INFO OutputCommitCoordinator$OutputCommitCoordinatorEndpoint: OutputCommitCoordinator stopped!
[2022-02-09 02:33:37,034] {spark_submit.py:514} INFO - 22/02/09 02:33:37 INFO SparkContext: Successfully stopped SparkContext
[2022-02-09 02:33:37,035] {spark_submit.py:514} INFO - 22/02/09 02:33:37 INFO ShutdownHookManager: Shutdown hook called
[2022-02-09 02:33:37,035] {spark_submit.py:514} INFO - 22/02/09 02:33:37 INFO ShutdownHookManager: Deleting directory /tmp/spark-61d4d4ac-3741-47af-ba97-8009bcec2b9f
[2022-02-09 02:33:37,039] {spark_submit.py:514} INFO - 22/02/09 02:33:37 INFO ShutdownHookManager: Deleting directory /tmp/spark-c5c38e75-cf17-41ce-b487-60230802491a
[2022-02-09 02:33:37,042] {spark_submit.py:514} INFO - 22/02/09 02:33:37 INFO ShutdownHookManager: Deleting directory /tmp/spark-61d4d4ac-3741-47af-ba97-8009bcec2b9f/pyspark-33326cf0-09a8-4a10-81cc-483e07dba255
[2022-02-09 02:33:37,121] {taskinstance.py:1700} ERROR - Task failed with exception
Traceback (most recent call last):
  File "/home/airflow/.local/lib/python3.7/site-packages/airflow/models/taskinstance.py", line 1329, in _run_raw_task
    self._execute_task_with_callbacks(context)
  File "/home/airflow/.local/lib/python3.7/site-packages/airflow/models/taskinstance.py", line 1455, in _execute_task_with_callbacks
    result = self._execute_task(context, self.task)
  File "/home/airflow/.local/lib/python3.7/site-packages/airflow/models/taskinstance.py", line 1511, in _execute_task
    result = execute_callable(context=context)
  File "/home/airflow/.local/lib/python3.7/site-packages/airflow/providers/apache/spark/operators/spark_submit.py", line 182, in execute
    self._hook.submit(self._application)
  File "/home/airflow/.local/lib/python3.7/site-packages/airflow/providers/apache/spark/hooks/spark_submit.py", line 446, in submit
    f"Cannot execute: {self._mask_cmd(spark_submit_cmd)}. Error code is: {returncode}."
airflow.exceptions.AirflowException: Cannot execute: spark-submit --master spark://172.25.0.6:7077 --conf spark.master=spark://spark:7077 --name Spark book count --verbose /usr/local/spark/app/spark-book-count.py /usr/local/spark/data/book.txt. Error code is: 1.
[2022-02-09 02:33:37,129] {taskinstance.py:1277} INFO - Marking task as FAILED. dag_id=spark-book-count, task_id=spark_job, execution_date=20220209T013213, start_date=20220209T023324, end_date=20220209T023337
[2022-02-09 02:33:37,144] {standard_task_runner.py:92} ERROR - Failed to execute job 22 for task spark_job
Traceback (most recent call last):
  File "/home/airflow/.local/lib/python3.7/site-packages/airflow/task/task_runner/standard_task_runner.py", line 85, in _start_by_fork
    args.func(args, dag=self.dag)
  File "/home/airflow/.local/lib/python3.7/site-packages/airflow/cli/cli_parser.py", line 48, in command
    return func(*args, **kwargs)
  File "/home/airflow/.local/lib/python3.7/site-packages/airflow/utils/cli.py", line 92, in wrapper
    return f(*args, **kwargs)
  File "/home/airflow/.local/lib/python3.7/site-packages/airflow/cli/commands/task_command.py", line 298, in task_run
    _run_task_by_selected_method(args, dag, ti)
  File "/home/airflow/.local/lib/python3.7/site-packages/airflow/cli/commands/task_command.py", line 107, in _run_task_by_selected_method
    _run_raw_task(args, ti)
  File "/home/airflow/.local/lib/python3.7/site-packages/airflow/cli/commands/task_command.py", line 184, in _run_raw_task
    error_file=args.error_file,
  File "/home/airflow/.local/lib/python3.7/site-packages/airflow/utils/session.py", line 70, in wrapper
    return func(*args, session=session, **kwargs)
  File "/home/airflow/.local/lib/python3.7/site-packages/airflow/models/taskinstance.py", line 1329, in _run_raw_task
    self._execute_task_with_callbacks(context)
  File "/home/airflow/.local/lib/python3.7/site-packages/airflow/models/taskinstance.py", line 1455, in _execute_task_with_callbacks
    result = self._execute_task(context, self.task)
  File "/home/airflow/.local/lib/python3.7/site-packages/airflow/models/taskinstance.py", line 1511, in _execute_task
    result = execute_callable(context=context)
  File "/home/airflow/.local/lib/python3.7/site-packages/airflow/providers/apache/spark/operators/spark_submit.py", line 182, in execute
    self._hook.submit(self._application)
  File "/home/airflow/.local/lib/python3.7/site-packages/airflow/providers/apache/spark/hooks/spark_submit.py", line 446, in submit
    f"Cannot execute: {self._mask_cmd(spark_submit_cmd)}. Error code is: {returncode}."
airflow.exceptions.AirflowException: Cannot execute: spark-submit --master spark://172.25.0.6:7077 --conf spark.master=spark://spark:7077 --name Spark book count --verbose /usr/local/spark/app/spark-book-count.py /usr/local/spark/data/book.txt. Error code is: 1.
[2022-02-09 02:33:37,189] {local_task_job.py:154} INFO - Task exited with return code 1
[2022-02-09 02:33:37,227] {local_task_job.py:264} INFO - 0 downstream tasks scheduled from follow-on schedule check
