[2022-02-09 02:41:22,131] {taskinstance.py:1032} INFO - Dependencies all met for <TaskInstance: spark-book-count.spark_job manual__2022-02-09T01:32:13.252597+00:00 [queued]>
[2022-02-09 02:41:22,144] {taskinstance.py:1032} INFO - Dependencies all met for <TaskInstance: spark-book-count.spark_job manual__2022-02-09T01:32:13.252597+00:00 [queued]>
[2022-02-09 02:41:22,144] {taskinstance.py:1238} INFO - 
--------------------------------------------------------------------------------
[2022-02-09 02:41:22,144] {taskinstance.py:1239} INFO - Starting attempt 22 of 23
[2022-02-09 02:41:22,144] {taskinstance.py:1240} INFO - 
--------------------------------------------------------------------------------
[2022-02-09 02:41:22,157] {taskinstance.py:1259} INFO - Executing <Task(SparkSubmitOperator): spark_job> on 2022-02-09 01:32:13.252597+00:00
[2022-02-09 02:41:22,162] {standard_task_runner.py:52} INFO - Started process 3538 to run task
[2022-02-09 02:41:22,165] {standard_task_runner.py:76} INFO - Running: ['***', 'tasks', 'run', 'spark-book-count', 'spark_job', 'manual__2022-02-09T01:32:13.252597+00:00', '--job-id', '23', '--raw', '--subdir', 'DAGS_FOLDER/spark-dag.py', '--cfg-path', '/tmp/tmphbv6j7tw', '--error-file', '/tmp/tmp33pvl8qi']
[2022-02-09 02:41:22,165] {standard_task_runner.py:77} INFO - Job 23: Subtask spark_job
[2022-02-09 02:41:22,214] {logging_mixin.py:109} INFO - Running <TaskInstance: spark-book-count.spark_job manual__2022-02-09T01:32:13.252597+00:00 [running]> on host 9bca822c2c60
[2022-02-09 02:41:22,265] {taskinstance.py:1426} INFO - Exporting the following env vars:
AIRFLOW_CTX_DAG_EMAIL=***@***.com
AIRFLOW_CTX_DAG_OWNER=***
AIRFLOW_CTX_DAG_ID=spark-book-count
AIRFLOW_CTX_TASK_ID=spark_job
AIRFLOW_CTX_EXECUTION_DATE=2022-02-09T01:32:13.252597+00:00
AIRFLOW_CTX_DAG_RUN_ID=manual__2022-02-09T01:32:13.252597+00:00
[2022-02-09 02:41:22,274] {base.py:79} INFO - Using connection to: id: spark_default. Host: spark://172.25.0.6:7077, Port: None, Schema: , Login: , Password: None, extra: {}
[2022-02-09 02:41:22,276] {spark_submit.py:360} INFO - Spark-Submit cmd: spark-submit --master spark://172.25.0.6:7077 --conf spark.master=spark://spark:7077 --name Spark book count --verbose /usr/local/spark/app/spark-book-count.py /usr/local/spark/data/book.txt
[2022-02-09 02:41:24,051] {spark_submit.py:514} INFO - Using properties file: null
[2022-02-09 02:41:24,174] {spark_submit.py:514} INFO - WARNING: An illegal reflective access operation has occurred
[2022-02-09 02:41:24,174] {spark_submit.py:514} INFO - WARNING: Illegal reflective access by org.apache.spark.unsafe.Platform (file:/home/***/.local/lib/python3.7/site-packages/pyspark/jars/spark-unsafe_2.12-3.2.1.jar) to constructor java.nio.DirectByteBuffer(long,int)
[2022-02-09 02:41:24,174] {spark_submit.py:514} INFO - WARNING: Please consider reporting this to the maintainers of org.apache.spark.unsafe.Platform
[2022-02-09 02:41:24,174] {spark_submit.py:514} INFO - WARNING: Use --illegal-access=warn to enable warnings of further illegal reflective access operations
[2022-02-09 02:41:24,175] {spark_submit.py:514} INFO - WARNING: All illegal access operations will be denied in a future release
[2022-02-09 02:41:24,305] {spark_submit.py:514} INFO - Parsed arguments:
[2022-02-09 02:41:24,306] {spark_submit.py:514} INFO - master                  spark://172.25.0.6:7077
[2022-02-09 02:41:24,306] {spark_submit.py:514} INFO - deployMode              null
[2022-02-09 02:41:24,306] {spark_submit.py:514} INFO - executorMemory          null
[2022-02-09 02:41:24,306] {spark_submit.py:514} INFO - executorCores           null
[2022-02-09 02:41:24,306] {spark_submit.py:514} INFO - totalExecutorCores      null
[2022-02-09 02:41:24,306] {spark_submit.py:514} INFO - propertiesFile          null
[2022-02-09 02:41:24,306] {spark_submit.py:514} INFO - driverMemory            null
[2022-02-09 02:41:24,306] {spark_submit.py:514} INFO - driverCores             null
[2022-02-09 02:41:24,307] {spark_submit.py:514} INFO - driverExtraClassPath    null
[2022-02-09 02:41:24,307] {spark_submit.py:514} INFO - driverExtraLibraryPath  null
[2022-02-09 02:41:24,307] {spark_submit.py:514} INFO - driverExtraJavaOptions  null
[2022-02-09 02:41:24,307] {spark_submit.py:514} INFO - supervise               false
[2022-02-09 02:41:24,307] {spark_submit.py:514} INFO - queue                   null
[2022-02-09 02:41:24,307] {spark_submit.py:514} INFO - numExecutors            null
[2022-02-09 02:41:24,307] {spark_submit.py:514} INFO - files                   null
[2022-02-09 02:41:24,307] {spark_submit.py:514} INFO - pyFiles                 null
[2022-02-09 02:41:24,307] {spark_submit.py:514} INFO - archives                null
[2022-02-09 02:41:24,307] {spark_submit.py:514} INFO - mainClass               null
[2022-02-09 02:41:24,308] {spark_submit.py:514} INFO - primaryResource         file:/usr/local/spark/app/spark-book-count.py
[2022-02-09 02:41:24,308] {spark_submit.py:514} INFO - name                    Spark book count
[2022-02-09 02:41:24,308] {spark_submit.py:514} INFO - childArgs               [/usr/local/spark/data/book.txt]
[2022-02-09 02:41:24,308] {spark_submit.py:514} INFO - jars                    null
[2022-02-09 02:41:24,308] {spark_submit.py:514} INFO - packages                null
[2022-02-09 02:41:24,308] {spark_submit.py:514} INFO - packagesExclusions      null
[2022-02-09 02:41:24,308] {spark_submit.py:514} INFO - repositories            null
[2022-02-09 02:41:24,308] {spark_submit.py:514} INFO - verbose                 true
[2022-02-09 02:41:24,308] {spark_submit.py:514} INFO - 
[2022-02-09 02:41:24,308] {spark_submit.py:514} INFO - Spark properties used, including those specified through
[2022-02-09 02:41:24,309] {spark_submit.py:514} INFO - --conf and those from the properties file null:
[2022-02-09 02:41:24,309] {spark_submit.py:514} INFO - (spark.master,spark://spark:7077)
[2022-02-09 02:41:24,309] {spark_submit.py:514} INFO - 
[2022-02-09 02:41:24,311] {spark_submit.py:514} INFO - 
[2022-02-09 02:41:24,885] {spark_submit.py:514} INFO - Main class:
[2022-02-09 02:41:24,885] {spark_submit.py:514} INFO - org.apache.spark.deploy.PythonRunner
[2022-02-09 02:41:24,887] {spark_submit.py:514} INFO - Arguments:
[2022-02-09 02:41:24,887] {spark_submit.py:514} INFO - file:/usr/local/spark/app/spark-book-count.py
[2022-02-09 02:41:24,887] {spark_submit.py:514} INFO - null
[2022-02-09 02:41:24,887] {spark_submit.py:514} INFO - /usr/local/spark/data/book.txt
[2022-02-09 02:41:24,894] {spark_submit.py:514} INFO - Spark config:
[2022-02-09 02:41:24,894] {spark_submit.py:514} INFO - (spark.master,spark://172.25.0.6:7077)
[2022-02-09 02:41:24,895] {spark_submit.py:514} INFO - (spark.app.name,Spark book count)
[2022-02-09 02:41:24,895] {spark_submit.py:514} INFO - (spark.submit.pyFiles,)
[2022-02-09 02:41:24,895] {spark_submit.py:514} INFO - (spark.submit.deployMode,client)
[2022-02-09 02:41:24,899] {spark_submit.py:514} INFO - Classpath elements:
[2022-02-09 02:41:24,899] {spark_submit.py:514} INFO - 
[2022-02-09 02:41:24,900] {spark_submit.py:514} INFO - 
[2022-02-09 02:41:24,901] {spark_submit.py:514} INFO - 
[2022-02-09 02:41:26,227] {spark_submit.py:514} INFO - Using Spark's default log4j profile: org/apache/spark/log4j-defaults.properties
[2022-02-09 02:41:26,238] {spark_submit.py:514} INFO - 22/02/09 02:41:26 INFO SparkContext: Running Spark version 3.2.1
[2022-02-09 02:41:26,337] {spark_submit.py:514} INFO - 22/02/09 02:41:26 WARN NativeCodeLoader: Unable to load native-hadoop library for your platform... using builtin-java classes where applicable
[2022-02-09 02:41:26,471] {spark_submit.py:514} INFO - 22/02/09 02:41:26 INFO ResourceUtils: ==============================================================
[2022-02-09 02:41:26,472] {spark_submit.py:514} INFO - 22/02/09 02:41:26 INFO ResourceUtils: No custom resources configured for spark.driver.
[2022-02-09 02:41:26,472] {spark_submit.py:514} INFO - 22/02/09 02:41:26 INFO ResourceUtils: ==============================================================
[2022-02-09 02:41:26,473] {spark_submit.py:514} INFO - 22/02/09 02:41:26 INFO SparkContext: Submitted application: WordCount
[2022-02-09 02:41:26,502] {spark_submit.py:514} INFO - 22/02/09 02:41:26 INFO ResourceProfile: Default ResourceProfile created, executor resources: Map(cores -> name: cores, amount: 1, script: , vendor: , memory -> name: memory, amount: 1024, script: , vendor: , offHeap -> name: offHeap, amount: 0, script: , vendor: ), task resources: Map(cpus -> name: cpus, amount: 1.0)
[2022-02-09 02:41:26,519] {spark_submit.py:514} INFO - 22/02/09 02:41:26 INFO ResourceProfile: Limiting resource is cpu
[2022-02-09 02:41:26,520] {spark_submit.py:514} INFO - 22/02/09 02:41:26 INFO ResourceProfileManager: Added ResourceProfile id: 0
[2022-02-09 02:41:26,587] {spark_submit.py:514} INFO - 22/02/09 02:41:26 INFO SecurityManager: Changing view acls to: ***
[2022-02-09 02:41:26,587] {spark_submit.py:514} INFO - 22/02/09 02:41:26 INFO SecurityManager: Changing modify acls to: ***
[2022-02-09 02:41:26,588] {spark_submit.py:514} INFO - 22/02/09 02:41:26 INFO SecurityManager: Changing view acls groups to:
[2022-02-09 02:41:26,588] {spark_submit.py:514} INFO - 22/02/09 02:41:26 INFO SecurityManager: Changing modify acls groups to:
[2022-02-09 02:41:26,589] {spark_submit.py:514} INFO - 22/02/09 02:41:26 INFO SecurityManager: SecurityManager: authentication disabled; ui acls disabled; users  with view permissions: Set(***); groups with view permissions: Set(); users  with modify permissions: Set(***); groups with modify permissions: Set()
[2022-02-09 02:41:26,928] {spark_submit.py:514} INFO - 22/02/09 02:41:26 INFO Utils: Successfully started service 'sparkDriver' on port 34553.
[2022-02-09 02:41:26,958] {spark_submit.py:514} INFO - 22/02/09 02:41:26 INFO SparkEnv: Registering MapOutputTracker
[2022-02-09 02:41:26,992] {spark_submit.py:514} INFO - 22/02/09 02:41:26 INFO SparkEnv: Registering BlockManagerMaster
[2022-02-09 02:41:27,022] {spark_submit.py:514} INFO - 22/02/09 02:41:27 INFO BlockManagerMasterEndpoint: Using org.apache.spark.storage.DefaultTopologyMapper for getting topology information
[2022-02-09 02:41:27,023] {spark_submit.py:514} INFO - 22/02/09 02:41:27 INFO BlockManagerMasterEndpoint: BlockManagerMasterEndpoint up
[2022-02-09 02:41:27,028] {spark_submit.py:514} INFO - 22/02/09 02:41:27 INFO SparkEnv: Registering BlockManagerMasterHeartbeat
[2022-02-09 02:41:27,057] {spark_submit.py:514} INFO - 22/02/09 02:41:27 INFO DiskBlockManager: Created local directory at /tmp/blockmgr-b2291916-1dfd-4e7f-aabc-e63d4fb67bc7
[2022-02-09 02:41:27,100] {spark_submit.py:514} INFO - 22/02/09 02:41:27 INFO MemoryStore: MemoryStore started with capacity 434.4 MiB
[2022-02-09 02:41:27,128] {spark_submit.py:514} INFO - 22/02/09 02:41:27 INFO SparkEnv: Registering OutputCommitCoordinator
[2022-02-09 02:41:27,458] {spark_submit.py:514} INFO - 22/02/09 02:41:27 INFO Utils: Successfully started service 'SparkUI' on port 4040.
[2022-02-09 02:41:27,577] {spark_submit.py:514} INFO - 22/02/09 02:41:27 INFO SparkUI: Bound SparkUI to 0.0.0.0, and started at http://9bca822c2c60:4040
[2022-02-09 02:41:27,848] {spark_submit.py:514} INFO - 22/02/09 02:41:27 INFO StandaloneAppClient$ClientEndpoint: Connecting to master spark://172.25.0.6:7077...
[2022-02-09 02:41:27,936] {spark_submit.py:514} INFO - 22/02/09 02:41:27 INFO TransportClientFactory: Successfully created connection to /172.25.0.6:7077 after 67 ms (0 ms spent in bootstraps)
[2022-02-09 02:41:28,054] {spark_submit.py:514} INFO - 22/02/09 02:41:28 INFO StandaloneSchedulerBackend: Connected to Spark cluster with app ID app-20220209024128-0020
[2022-02-09 02:41:28,057] {spark_submit.py:514} INFO - 22/02/09 02:41:28 INFO StandaloneAppClient$ClientEndpoint: Executor added: app-20220209024128-0020/0 on worker-20220209012759-172.25.0.3-44849 (172.25.0.3:44849) with 1 core(s)
[2022-02-09 02:41:28,060] {spark_submit.py:514} INFO - 22/02/09 02:41:28 INFO StandaloneSchedulerBackend: Granted executor ID app-20220209024128-0020/0 on hostPort 172.25.0.3:44849 with 1 core(s), 1024.0 MiB RAM
[2022-02-09 02:41:28,064] {spark_submit.py:514} INFO - 22/02/09 02:41:28 INFO Utils: Successfully started service 'org.apache.spark.network.netty.NettyBlockTransferService' on port 33779.
[2022-02-09 02:41:28,064] {spark_submit.py:514} INFO - 22/02/09 02:41:28 INFO NettyBlockTransferService: Server created on 9bca822c2c60:33779
[2022-02-09 02:41:28,066] {spark_submit.py:514} INFO - 22/02/09 02:41:28 INFO BlockManager: Using org.apache.spark.storage.RandomBlockReplicationPolicy for block replication policy
[2022-02-09 02:41:28,076] {spark_submit.py:514} INFO - 22/02/09 02:41:28 INFO BlockManagerMaster: Registering BlockManager BlockManagerId(driver, 9bca822c2c60, 33779, None)
[2022-02-09 02:41:28,085] {spark_submit.py:514} INFO - 22/02/09 02:41:28 INFO BlockManagerMasterEndpoint: Registering block manager 9bca822c2c60:33779 with 434.4 MiB RAM, BlockManagerId(driver, 9bca822c2c60, 33779, None)
[2022-02-09 02:41:28,086] {spark_submit.py:514} INFO - 22/02/09 02:41:28 INFO BlockManagerMaster: Registered BlockManager BlockManagerId(driver, 9bca822c2c60, 33779, None)
[2022-02-09 02:41:28,088] {spark_submit.py:514} INFO - 22/02/09 02:41:28 INFO BlockManager: Initialized BlockManager: BlockManagerId(driver, 9bca822c2c60, 33779, None)
[2022-02-09 02:41:28,098] {spark_submit.py:514} INFO - 22/02/09 02:41:28 INFO StandaloneAppClient$ClientEndpoint: Executor updated: app-20220209024128-0020/0 is now RUNNING
[2022-02-09 02:41:28,354] {spark_submit.py:514} INFO - 22/02/09 02:41:28 INFO StandaloneSchedulerBackend: SchedulerBackend is ready for scheduling beginning after reached minRegisteredResourcesRatio: 0.0
[2022-02-09 02:41:28,659] {spark_submit.py:514} INFO - 22/02/09 02:41:28 INFO SharedState: Setting hive.metastore.warehouse.dir ('null') to the value of spark.sql.warehouse.dir.
[2022-02-09 02:41:28,689] {spark_submit.py:514} INFO - 22/02/09 02:41:28 INFO SharedState: Warehouse path is 'file:/app/spark-warehouse'.
[2022-02-09 02:41:29,871] {spark_submit.py:514} INFO - 22/02/09 02:41:29 INFO InMemoryFileIndex: It took 122 ms to list leaf files for 1 paths.
[2022-02-09 02:41:31,313] {spark_submit.py:514} INFO - 22/02/09 02:41:31 INFO CoarseGrainedSchedulerBackend$DriverEndpoint: Registered executor NettyRpcEndpointRef(spark-client://Executor) (172.25.0.3:47056) with ID 0,  ResourceProfileId 0
[2022-02-09 02:41:31,517] {spark_submit.py:514} INFO - 22/02/09 02:41:31 INFO BlockManagerMasterEndpoint: Registering block manager 172.25.0.3:36909 with 366.3 MiB RAM, BlockManagerId(0, 172.25.0.3, 36909, None)
[2022-02-09 02:41:33,024] {spark_submit.py:514} INFO - >>>>>>>>>>>>>>>>>>>>>>>>>>>>>>>>>>>>>>>>>>>>>> DataFrame[word: string, count: bigint]
[2022-02-09 02:41:33,034] {spark_submit.py:514} INFO - >>>>>>>>>>>>>>>>>>>>>>>>>>>>>>>>>>>>>>>>>>>>>> <bound method DataFrame.count of DataFrame[word: string, count: bigint]>
[2022-02-09 02:41:33,041] {spark_submit.py:514} INFO - >>>>>>>>>>>>>>>>>>>>>>>>>>>>>>>>>>>>>>>>>>>>>> Column<'word'>
[2022-02-09 02:41:33,763] {spark_submit.py:514} INFO - 22/02/09 02:41:33 INFO FileSourceStrategy: Pushed Filters:
[2022-02-09 02:41:33,765] {spark_submit.py:514} INFO - 22/02/09 02:41:33 INFO FileSourceStrategy: Post-Scan Filters:
[2022-02-09 02:41:33,768] {spark_submit.py:514} INFO - 22/02/09 02:41:33 INFO FileSourceStrategy: Output Data Schema: struct<value: string>
[2022-02-09 02:41:33,987] {spark_submit.py:514} INFO - Traceback (most recent call last):
[2022-02-09 02:41:33,987] {spark_submit.py:514} INFO - File "/usr/local/spark/app/spark-book-count.py", line 28, in <module>
[2022-02-09 02:41:33,988] {spark_submit.py:514} INFO - wordCountsSorted.write.csv("/usr/local/spark/data/file")
[2022-02-09 02:41:33,988] {spark_submit.py:514} INFO - File "/home/***/.local/lib/python3.7/site-packages/pyspark/python/lib/pyspark.zip/pyspark/sql/readwriter.py", line 955, in csv
[2022-02-09 02:41:33,988] {spark_submit.py:514} INFO - File "/home/***/.local/lib/python3.7/site-packages/pyspark/python/lib/py4j-0.10.9.3-src.zip/py4j/java_gateway.py", line 1322, in __call__
[2022-02-09 02:41:33,988] {spark_submit.py:514} INFO - File "/home/***/.local/lib/python3.7/site-packages/pyspark/python/lib/pyspark.zip/pyspark/sql/utils.py", line 117, in deco
[2022-02-09 02:41:33,991] {spark_submit.py:514} INFO - pyspark.sql.utils.AnalysisException: path file:/usr/local/spark/data/file already exists.
[2022-02-09 02:41:34,034] {spark_submit.py:514} INFO - 22/02/09 02:41:34 INFO SparkContext: Invoking stop() from shutdown hook
[2022-02-09 02:41:34,044] {spark_submit.py:514} INFO - 22/02/09 02:41:34 INFO SparkUI: Stopped Spark web UI at http://9bca822c2c60:4040
[2022-02-09 02:41:34,049] {spark_submit.py:514} INFO - 22/02/09 02:41:34 INFO StandaloneSchedulerBackend: Shutting down all executors
[2022-02-09 02:41:34,049] {spark_submit.py:514} INFO - 22/02/09 02:41:34 INFO CoarseGrainedSchedulerBackend$DriverEndpoint: Asking each executor to shut down
[2022-02-09 02:41:34,086] {spark_submit.py:514} INFO - 22/02/09 02:41:34 INFO MapOutputTrackerMasterEndpoint: MapOutputTrackerMasterEndpoint stopped!
[2022-02-09 02:41:34,130] {spark_submit.py:514} INFO - 22/02/09 02:41:34 INFO MemoryStore: MemoryStore cleared
[2022-02-09 02:41:34,134] {spark_submit.py:514} INFO - 22/02/09 02:41:34 INFO BlockManager: BlockManager stopped
[2022-02-09 02:41:34,152] {spark_submit.py:514} INFO - 22/02/09 02:41:34 INFO BlockManagerMaster: BlockManagerMaster stopped
[2022-02-09 02:41:34,155] {spark_submit.py:514} INFO - 22/02/09 02:41:34 INFO OutputCommitCoordinator$OutputCommitCoordinatorEndpoint: OutputCommitCoordinator stopped!
[2022-02-09 02:41:34,189] {spark_submit.py:514} INFO - 22/02/09 02:41:34 INFO SparkContext: Successfully stopped SparkContext
[2022-02-09 02:41:34,190] {spark_submit.py:514} INFO - 22/02/09 02:41:34 INFO ShutdownHookManager: Shutdown hook called
[2022-02-09 02:41:34,192] {spark_submit.py:514} INFO - 22/02/09 02:41:34 INFO ShutdownHookManager: Deleting directory /tmp/spark-05695fc1-817c-484b-bb31-727da1a2c12b
[2022-02-09 02:41:34,196] {spark_submit.py:514} INFO - 22/02/09 02:41:34 INFO ShutdownHookManager: Deleting directory /tmp/spark-c65f63a5-118e-4b14-bf6c-b25ec2e506ba
[2022-02-09 02:41:34,201] {spark_submit.py:514} INFO - 22/02/09 02:41:34 INFO ShutdownHookManager: Deleting directory /tmp/spark-c65f63a5-118e-4b14-bf6c-b25ec2e506ba/pyspark-d098fd58-304d-4e50-a56e-319051d1edf0
[2022-02-09 02:41:34,286] {taskinstance.py:1700} ERROR - Task failed with exception
Traceback (most recent call last):
  File "/home/airflow/.local/lib/python3.7/site-packages/airflow/models/taskinstance.py", line 1329, in _run_raw_task
    self._execute_task_with_callbacks(context)
  File "/home/airflow/.local/lib/python3.7/site-packages/airflow/models/taskinstance.py", line 1455, in _execute_task_with_callbacks
    result = self._execute_task(context, self.task)
  File "/home/airflow/.local/lib/python3.7/site-packages/airflow/models/taskinstance.py", line 1511, in _execute_task
    result = execute_callable(context=context)
  File "/home/airflow/.local/lib/python3.7/site-packages/airflow/providers/apache/spark/operators/spark_submit.py", line 182, in execute
    self._hook.submit(self._application)
  File "/home/airflow/.local/lib/python3.7/site-packages/airflow/providers/apache/spark/hooks/spark_submit.py", line 446, in submit
    f"Cannot execute: {self._mask_cmd(spark_submit_cmd)}. Error code is: {returncode}."
airflow.exceptions.AirflowException: Cannot execute: spark-submit --master spark://172.25.0.6:7077 --conf spark.master=spark://spark:7077 --name Spark book count --verbose /usr/local/spark/app/spark-book-count.py /usr/local/spark/data/book.txt. Error code is: 1.
[2022-02-09 02:41:34,298] {taskinstance.py:1277} INFO - Marking task as UP_FOR_RETRY. dag_id=spark-book-count, task_id=spark_job, execution_date=20220209T013213, start_date=20220209T024122, end_date=20220209T024134
[2022-02-09 02:41:34,319] {standard_task_runner.py:92} ERROR - Failed to execute job 23 for task spark_job
Traceback (most recent call last):
  File "/home/airflow/.local/lib/python3.7/site-packages/airflow/task/task_runner/standard_task_runner.py", line 85, in _start_by_fork
    args.func(args, dag=self.dag)
  File "/home/airflow/.local/lib/python3.7/site-packages/airflow/cli/cli_parser.py", line 48, in command
    return func(*args, **kwargs)
  File "/home/airflow/.local/lib/python3.7/site-packages/airflow/utils/cli.py", line 92, in wrapper
    return f(*args, **kwargs)
  File "/home/airflow/.local/lib/python3.7/site-packages/airflow/cli/commands/task_command.py", line 298, in task_run
    _run_task_by_selected_method(args, dag, ti)
  File "/home/airflow/.local/lib/python3.7/site-packages/airflow/cli/commands/task_command.py", line 107, in _run_task_by_selected_method
    _run_raw_task(args, ti)
  File "/home/airflow/.local/lib/python3.7/site-packages/airflow/cli/commands/task_command.py", line 184, in _run_raw_task
    error_file=args.error_file,
  File "/home/airflow/.local/lib/python3.7/site-packages/airflow/utils/session.py", line 70, in wrapper
    return func(*args, session=session, **kwargs)
  File "/home/airflow/.local/lib/python3.7/site-packages/airflow/models/taskinstance.py", line 1329, in _run_raw_task
    self._execute_task_with_callbacks(context)
  File "/home/airflow/.local/lib/python3.7/site-packages/airflow/models/taskinstance.py", line 1455, in _execute_task_with_callbacks
    result = self._execute_task(context, self.task)
  File "/home/airflow/.local/lib/python3.7/site-packages/airflow/models/taskinstance.py", line 1511, in _execute_task
    result = execute_callable(context=context)
  File "/home/airflow/.local/lib/python3.7/site-packages/airflow/providers/apache/spark/operators/spark_submit.py", line 182, in execute
    self._hook.submit(self._application)
  File "/home/airflow/.local/lib/python3.7/site-packages/airflow/providers/apache/spark/hooks/spark_submit.py", line 446, in submit
    f"Cannot execute: {self._mask_cmd(spark_submit_cmd)}. Error code is: {returncode}."
airflow.exceptions.AirflowException: Cannot execute: spark-submit --master spark://172.25.0.6:7077 --conf spark.master=spark://spark:7077 --name Spark book count --verbose /usr/local/spark/app/spark-book-count.py /usr/local/spark/data/book.txt. Error code is: 1.
[2022-02-09 02:41:34,335] {local_task_job.py:154} INFO - Task exited with return code 1
[2022-02-09 02:41:34,383] {local_task_job.py:264} INFO - 0 downstream tasks scheduled from follow-on schedule check
