[2022-02-09 01:40:01,099] {taskinstance.py:1032} INFO - Dependencies all met for <TaskInstance: spark-book-count.spark_job manual__2022-02-09T01:32:13.252597+00:00 [queued]>
[2022-02-09 01:40:01,111] {taskinstance.py:1032} INFO - Dependencies all met for <TaskInstance: spark-book-count.spark_job manual__2022-02-09T01:32:13.252597+00:00 [queued]>
[2022-02-09 01:40:01,111] {taskinstance.py:1238} INFO - 
--------------------------------------------------------------------------------
[2022-02-09 01:40:01,111] {taskinstance.py:1239} INFO - Starting attempt 3 of 4
[2022-02-09 01:40:01,111] {taskinstance.py:1240} INFO - 
--------------------------------------------------------------------------------
[2022-02-09 01:40:01,126] {taskinstance.py:1259} INFO - Executing <Task(SparkSubmitOperator): spark_job> on 2022-02-09 01:32:13.252597+00:00
[2022-02-09 01:40:01,131] {standard_task_runner.py:52} INFO - Started process 411 to run task
[2022-02-09 01:40:01,133] {standard_task_runner.py:76} INFO - Running: ['***', 'tasks', 'run', 'spark-book-count', 'spark_job', 'manual__2022-02-09T01:32:13.252597+00:00', '--job-id', '4', '--raw', '--subdir', 'DAGS_FOLDER/spark-dag.py', '--cfg-path', '/tmp/tmpexre1t_5', '--error-file', '/tmp/tmpiitrdp7v']
[2022-02-09 01:40:01,134] {standard_task_runner.py:77} INFO - Job 4: Subtask spark_job
[2022-02-09 01:40:01,183] {logging_mixin.py:109} INFO - Running <TaskInstance: spark-book-count.spark_job manual__2022-02-09T01:32:13.252597+00:00 [running]> on host 9bca822c2c60
[2022-02-09 01:40:01,233] {taskinstance.py:1426} INFO - Exporting the following env vars:
AIRFLOW_CTX_DAG_EMAIL=***@***.com
AIRFLOW_CTX_DAG_OWNER=***
AIRFLOW_CTX_DAG_ID=spark-book-count
AIRFLOW_CTX_TASK_ID=spark_job
AIRFLOW_CTX_EXECUTION_DATE=2022-02-09T01:32:13.252597+00:00
AIRFLOW_CTX_DAG_RUN_ID=manual__2022-02-09T01:32:13.252597+00:00
[2022-02-09 01:40:01,243] {base.py:79} INFO - Using connection to: id: spark_default. Host: spark://172.25.0.6:7077, Port: None, Schema: , Login: , Password: None, extra: {}
[2022-02-09 01:40:01,244] {spark_submit.py:360} INFO - Spark-Submit cmd: spark-submit --master spark://172.25.0.6:7077 --conf spark.master=spark://spark:7077 --name Spark book count --verbose /usr/local/spark/app/spark-book-count.py /usr/local/spark/data/book.txt
[2022-02-09 01:40:02,947] {spark_submit.py:514} INFO - Using properties file: null
[2022-02-09 01:40:03,068] {spark_submit.py:514} INFO - WARNING: An illegal reflective access operation has occurred
[2022-02-09 01:40:03,068] {spark_submit.py:514} INFO - WARNING: Illegal reflective access by org.apache.spark.unsafe.Platform (file:/home/***/.local/lib/python3.7/site-packages/pyspark/jars/spark-unsafe_2.12-3.2.1.jar) to constructor java.nio.DirectByteBuffer(long,int)
[2022-02-09 01:40:03,068] {spark_submit.py:514} INFO - WARNING: Please consider reporting this to the maintainers of org.apache.spark.unsafe.Platform
[2022-02-09 01:40:03,068] {spark_submit.py:514} INFO - WARNING: Use --illegal-access=warn to enable warnings of further illegal reflective access operations
[2022-02-09 01:40:03,068] {spark_submit.py:514} INFO - WARNING: All illegal access operations will be denied in a future release
[2022-02-09 01:40:03,129] {spark_submit.py:514} INFO - Parsed arguments:
[2022-02-09 01:40:03,129] {spark_submit.py:514} INFO - master                  spark://172.25.0.6:7077
[2022-02-09 01:40:03,129] {spark_submit.py:514} INFO - deployMode              null
[2022-02-09 01:40:03,129] {spark_submit.py:514} INFO - executorMemory          null
[2022-02-09 01:40:03,130] {spark_submit.py:514} INFO - executorCores           null
[2022-02-09 01:40:03,130] {spark_submit.py:514} INFO - totalExecutorCores      null
[2022-02-09 01:40:03,130] {spark_submit.py:514} INFO - propertiesFile          null
[2022-02-09 01:40:03,130] {spark_submit.py:514} INFO - driverMemory            null
[2022-02-09 01:40:03,130] {spark_submit.py:514} INFO - driverCores             null
[2022-02-09 01:40:03,130] {spark_submit.py:514} INFO - driverExtraClassPath    null
[2022-02-09 01:40:03,130] {spark_submit.py:514} INFO - driverExtraLibraryPath  null
[2022-02-09 01:40:03,130] {spark_submit.py:514} INFO - driverExtraJavaOptions  null
[2022-02-09 01:40:03,130] {spark_submit.py:514} INFO - supervise               false
[2022-02-09 01:40:03,130] {spark_submit.py:514} INFO - queue                   null
[2022-02-09 01:40:03,130] {spark_submit.py:514} INFO - numExecutors            null
[2022-02-09 01:40:03,130] {spark_submit.py:514} INFO - files                   null
[2022-02-09 01:40:03,130] {spark_submit.py:514} INFO - pyFiles                 null
[2022-02-09 01:40:03,130] {spark_submit.py:514} INFO - archives                null
[2022-02-09 01:40:03,130] {spark_submit.py:514} INFO - mainClass               null
[2022-02-09 01:40:03,131] {spark_submit.py:514} INFO - primaryResource         file:/usr/local/spark/app/spark-book-count.py
[2022-02-09 01:40:03,131] {spark_submit.py:514} INFO - name                    Spark book count
[2022-02-09 01:40:03,131] {spark_submit.py:514} INFO - childArgs               [/usr/local/spark/data/book.txt]
[2022-02-09 01:40:03,131] {spark_submit.py:514} INFO - jars                    null
[2022-02-09 01:40:03,131] {spark_submit.py:514} INFO - packages                null
[2022-02-09 01:40:03,131] {spark_submit.py:514} INFO - packagesExclusions      null
[2022-02-09 01:40:03,131] {spark_submit.py:514} INFO - repositories            null
[2022-02-09 01:40:03,131] {spark_submit.py:514} INFO - verbose                 true
[2022-02-09 01:40:03,131] {spark_submit.py:514} INFO - 
[2022-02-09 01:40:03,131] {spark_submit.py:514} INFO - Spark properties used, including those specified through
[2022-02-09 01:40:03,131] {spark_submit.py:514} INFO - --conf and those from the properties file null:
[2022-02-09 01:40:03,131] {spark_submit.py:514} INFO - (spark.master,spark://spark:7077)
[2022-02-09 01:40:03,131] {spark_submit.py:514} INFO - 
[2022-02-09 01:40:03,131] {spark_submit.py:514} INFO - 
[2022-02-09 01:40:03,435] {spark_submit.py:514} INFO - Main class:
[2022-02-09 01:40:03,436] {spark_submit.py:514} INFO - org.apache.spark.deploy.PythonRunner
[2022-02-09 01:40:03,436] {spark_submit.py:514} INFO - Arguments:
[2022-02-09 01:40:03,436] {spark_submit.py:514} INFO - file:/usr/local/spark/app/spark-book-count.py
[2022-02-09 01:40:03,436] {spark_submit.py:514} INFO - null
[2022-02-09 01:40:03,436] {spark_submit.py:514} INFO - /usr/local/spark/data/book.txt
[2022-02-09 01:40:03,439] {spark_submit.py:514} INFO - Spark config:
[2022-02-09 01:40:03,439] {spark_submit.py:514} INFO - (spark.master,spark://172.25.0.6:7077)
[2022-02-09 01:40:03,439] {spark_submit.py:514} INFO - (spark.app.name,Spark book count)
[2022-02-09 01:40:03,439] {spark_submit.py:514} INFO - (spark.submit.pyFiles,)
[2022-02-09 01:40:03,440] {spark_submit.py:514} INFO - (spark.submit.deployMode,client)
[2022-02-09 01:40:03,440] {spark_submit.py:514} INFO - Classpath elements:
[2022-02-09 01:40:03,440] {spark_submit.py:514} INFO - 
[2022-02-09 01:40:03,440] {spark_submit.py:514} INFO - 
[2022-02-09 01:40:03,440] {spark_submit.py:514} INFO - 
[2022-02-09 01:40:04,400] {spark_submit.py:514} INFO - log4j:WARN No appenders could be found for logger (org.apache.spark.util.ShutdownHookManager).
[2022-02-09 01:40:04,401] {spark_submit.py:514} INFO - log4j:WARN Please initialize the log4j system properly.
[2022-02-09 01:40:04,401] {spark_submit.py:514} INFO - log4j:WARN See http://logging.apache.org/log4j/1.2/faq.html#noconfig for more info.
[2022-02-09 01:40:04,453] {taskinstance.py:1277} INFO - Marking task as SUCCESS. dag_id=spark-book-count, task_id=spark_job, execution_date=20220209T013213, start_date=20220209T014001, end_date=20220209T014004
[2022-02-09 01:40:04,474] {local_task_job.py:154} INFO - Task exited with return code 0
[2022-02-09 01:40:04,508] {local_task_job.py:264} INFO - 1 downstream tasks scheduled from follow-on schedule check
