[2022-02-09 01:40:25,412] {taskinstance.py:1032} INFO - Dependencies all met for <TaskInstance: spark-book-count.spark_job manual__2022-02-09T01:32:13.252597+00:00 [queued]>
[2022-02-09 01:40:25,423] {taskinstance.py:1032} INFO - Dependencies all met for <TaskInstance: spark-book-count.spark_job manual__2022-02-09T01:32:13.252597+00:00 [queued]>
[2022-02-09 01:40:25,424] {taskinstance.py:1238} INFO - 
--------------------------------------------------------------------------------
[2022-02-09 01:40:25,424] {taskinstance.py:1239} INFO - Starting attempt 4 of 5
[2022-02-09 01:40:25,424] {taskinstance.py:1240} INFO - 
--------------------------------------------------------------------------------
[2022-02-09 01:40:25,439] {taskinstance.py:1259} INFO - Executing <Task(SparkSubmitOperator): spark_job> on 2022-02-09 01:32:13.252597+00:00
[2022-02-09 01:40:25,443] {standard_task_runner.py:52} INFO - Started process 483 to run task
[2022-02-09 01:40:25,446] {standard_task_runner.py:76} INFO - Running: ['***', 'tasks', 'run', 'spark-book-count', 'spark_job', 'manual__2022-02-09T01:32:13.252597+00:00', '--job-id', '5', '--raw', '--subdir', 'DAGS_FOLDER/spark-dag.py', '--cfg-path', '/tmp/tmpvlefu_cw', '--error-file', '/tmp/tmpawxlrbt5']
[2022-02-09 01:40:25,446] {standard_task_runner.py:77} INFO - Job 5: Subtask spark_job
[2022-02-09 01:40:25,494] {logging_mixin.py:109} INFO - Running <TaskInstance: spark-book-count.spark_job manual__2022-02-09T01:32:13.252597+00:00 [running]> on host 9bca822c2c60
[2022-02-09 01:40:25,544] {taskinstance.py:1426} INFO - Exporting the following env vars:
AIRFLOW_CTX_DAG_EMAIL=***@***.com
AIRFLOW_CTX_DAG_OWNER=***
AIRFLOW_CTX_DAG_ID=spark-book-count
AIRFLOW_CTX_TASK_ID=spark_job
AIRFLOW_CTX_EXECUTION_DATE=2022-02-09T01:32:13.252597+00:00
AIRFLOW_CTX_DAG_RUN_ID=manual__2022-02-09T01:32:13.252597+00:00
[2022-02-09 01:40:25,553] {base.py:79} INFO - Using connection to: id: spark_default. Host: spark://172.25.0.6:7077, Port: None, Schema: , Login: , Password: None, extra: {}
[2022-02-09 01:40:25,555] {spark_submit.py:360} INFO - Spark-Submit cmd: spark-submit --master spark://172.25.0.6:7077 --conf spark.master=spark://spark:7077 --name Spark book count --verbose /usr/local/spark/app/spark-book-count.py /usr/local/spark/data/book.txt
[2022-02-09 01:40:27,207] {spark_submit.py:514} INFO - Using properties file: null
[2022-02-09 01:40:27,313] {spark_submit.py:514} INFO - WARNING: An illegal reflective access operation has occurred
[2022-02-09 01:40:27,313] {spark_submit.py:514} INFO - WARNING: Illegal reflective access by org.apache.spark.unsafe.Platform (file:/home/***/.local/lib/python3.7/site-packages/pyspark/jars/spark-unsafe_2.12-3.2.1.jar) to constructor java.nio.DirectByteBuffer(long,int)
[2022-02-09 01:40:27,314] {spark_submit.py:514} INFO - WARNING: Please consider reporting this to the maintainers of org.apache.spark.unsafe.Platform
[2022-02-09 01:40:27,314] {spark_submit.py:514} INFO - WARNING: Use --illegal-access=warn to enable warnings of further illegal reflective access operations
[2022-02-09 01:40:27,314] {spark_submit.py:514} INFO - WARNING: All illegal access operations will be denied in a future release
[2022-02-09 01:40:27,409] {spark_submit.py:514} INFO - Parsed arguments:
[2022-02-09 01:40:27,409] {spark_submit.py:514} INFO - master                  spark://172.25.0.6:7077
[2022-02-09 01:40:27,409] {spark_submit.py:514} INFO - deployMode              null
[2022-02-09 01:40:27,410] {spark_submit.py:514} INFO - executorMemory          null
[2022-02-09 01:40:27,410] {spark_submit.py:514} INFO - executorCores           null
[2022-02-09 01:40:27,410] {spark_submit.py:514} INFO - totalExecutorCores      null
[2022-02-09 01:40:27,410] {spark_submit.py:514} INFO - propertiesFile          null
[2022-02-09 01:40:27,410] {spark_submit.py:514} INFO - driverMemory            null
[2022-02-09 01:40:27,410] {spark_submit.py:514} INFO - driverCores             null
[2022-02-09 01:40:27,410] {spark_submit.py:514} INFO - driverExtraClassPath    null
[2022-02-09 01:40:27,410] {spark_submit.py:514} INFO - driverExtraLibraryPath  null
[2022-02-09 01:40:27,410] {spark_submit.py:514} INFO - driverExtraJavaOptions  null
[2022-02-09 01:40:27,411] {spark_submit.py:514} INFO - supervise               false
[2022-02-09 01:40:27,411] {spark_submit.py:514} INFO - queue                   null
[2022-02-09 01:40:27,411] {spark_submit.py:514} INFO - numExecutors            null
[2022-02-09 01:40:27,411] {spark_submit.py:514} INFO - files                   null
[2022-02-09 01:40:27,411] {spark_submit.py:514} INFO - pyFiles                 null
[2022-02-09 01:40:27,411] {spark_submit.py:514} INFO - archives                null
[2022-02-09 01:40:27,411] {spark_submit.py:514} INFO - mainClass               null
[2022-02-09 01:40:27,411] {spark_submit.py:514} INFO - primaryResource         file:/usr/local/spark/app/spark-book-count.py
[2022-02-09 01:40:27,411] {spark_submit.py:514} INFO - name                    Spark book count
[2022-02-09 01:40:27,411] {spark_submit.py:514} INFO - childArgs               [/usr/local/spark/data/book.txt]
[2022-02-09 01:40:27,412] {spark_submit.py:514} INFO - jars                    null
[2022-02-09 01:40:27,412] {spark_submit.py:514} INFO - packages                null
[2022-02-09 01:40:27,412] {spark_submit.py:514} INFO - packagesExclusions      null
[2022-02-09 01:40:27,412] {spark_submit.py:514} INFO - repositories            null
[2022-02-09 01:40:27,412] {spark_submit.py:514} INFO - verbose                 true
[2022-02-09 01:40:27,412] {spark_submit.py:514} INFO - 
[2022-02-09 01:40:27,412] {spark_submit.py:514} INFO - Spark properties used, including those specified through
[2022-02-09 01:40:27,412] {spark_submit.py:514} INFO - --conf and those from the properties file null:
[2022-02-09 01:40:27,412] {spark_submit.py:514} INFO - (spark.master,spark://spark:7077)
[2022-02-09 01:40:27,412] {spark_submit.py:514} INFO - 
[2022-02-09 01:40:27,413] {spark_submit.py:514} INFO - 
[2022-02-09 01:40:27,737] {spark_submit.py:514} INFO - Main class:
[2022-02-09 01:40:27,737] {spark_submit.py:514} INFO - org.apache.spark.deploy.PythonRunner
[2022-02-09 01:40:27,737] {spark_submit.py:514} INFO - Arguments:
[2022-02-09 01:40:27,738] {spark_submit.py:514} INFO - file:/usr/local/spark/app/spark-book-count.py
[2022-02-09 01:40:27,738] {spark_submit.py:514} INFO - null
[2022-02-09 01:40:27,738] {spark_submit.py:514} INFO - /usr/local/spark/data/book.txt
[2022-02-09 01:40:27,740] {spark_submit.py:514} INFO - Spark config:
[2022-02-09 01:40:27,740] {spark_submit.py:514} INFO - (spark.master,spark://172.25.0.6:7077)
[2022-02-09 01:40:27,740] {spark_submit.py:514} INFO - (spark.app.name,Spark book count)
[2022-02-09 01:40:27,740] {spark_submit.py:514} INFO - (spark.submit.pyFiles,)
[2022-02-09 01:40:27,740] {spark_submit.py:514} INFO - (spark.submit.deployMode,client)
[2022-02-09 01:40:27,740] {spark_submit.py:514} INFO - Classpath elements:
[2022-02-09 01:40:27,741] {spark_submit.py:514} INFO - 
[2022-02-09 01:40:27,741] {spark_submit.py:514} INFO - 
[2022-02-09 01:40:27,741] {spark_submit.py:514} INFO - 
[2022-02-09 01:40:28,833] {spark_submit.py:514} INFO - Using Spark's default log4j profile: org/apache/spark/log4j-defaults.properties
[2022-02-09 01:40:28,845] {spark_submit.py:514} INFO - 22/02/09 01:40:28 INFO SparkContext: Running Spark version 3.2.1
[2022-02-09 01:40:28,948] {spark_submit.py:514} INFO - 22/02/09 01:40:28 WARN NativeCodeLoader: Unable to load native-hadoop library for your platform... using builtin-java classes where applicable
[2022-02-09 01:40:29,066] {spark_submit.py:514} INFO - 22/02/09 01:40:29 INFO ResourceUtils: ==============================================================
[2022-02-09 01:40:29,067] {spark_submit.py:514} INFO - 22/02/09 01:40:29 INFO ResourceUtils: No custom resources configured for spark.driver.
[2022-02-09 01:40:29,067] {spark_submit.py:514} INFO - 22/02/09 01:40:29 INFO ResourceUtils: ==============================================================
[2022-02-09 01:40:29,067] {spark_submit.py:514} INFO - 22/02/09 01:40:29 INFO SparkContext: Submitted application: WordCount
[2022-02-09 01:40:29,107] {spark_submit.py:514} INFO - 22/02/09 01:40:29 INFO ResourceProfile: Default ResourceProfile created, executor resources: Map(cores -> name: cores, amount: 1, script: , vendor: , memory -> name: memory, amount: 1024, script: , vendor: , offHeap -> name: offHeap, amount: 0, script: , vendor: ), task resources: Map(cpus -> name: cpus, amount: 1.0)
[2022-02-09 01:40:29,124] {spark_submit.py:514} INFO - 22/02/09 01:40:29 INFO ResourceProfile: Limiting resource is cpu
[2022-02-09 01:40:29,125] {spark_submit.py:514} INFO - 22/02/09 01:40:29 INFO ResourceProfileManager: Added ResourceProfile id: 0
[2022-02-09 01:40:29,187] {spark_submit.py:514} INFO - 22/02/09 01:40:29 INFO SecurityManager: Changing view acls to: ***
[2022-02-09 01:40:29,188] {spark_submit.py:514} INFO - 22/02/09 01:40:29 INFO SecurityManager: Changing modify acls to: ***
[2022-02-09 01:40:29,188] {spark_submit.py:514} INFO - 22/02/09 01:40:29 INFO SecurityManager: Changing view acls groups to:
[2022-02-09 01:40:29,189] {spark_submit.py:514} INFO - 22/02/09 01:40:29 INFO SecurityManager: Changing modify acls groups to:
[2022-02-09 01:40:29,189] {spark_submit.py:514} INFO - 22/02/09 01:40:29 INFO SecurityManager: SecurityManager: authentication disabled; ui acls disabled; users  with view permissions: Set(***); groups with view permissions: Set(); users  with modify permissions: Set(***); groups with modify permissions: Set()
[2022-02-09 01:40:29,574] {spark_submit.py:514} INFO - 22/02/09 01:40:29 INFO Utils: Successfully started service 'sparkDriver' on port 45243.
[2022-02-09 01:40:29,606] {spark_submit.py:514} INFO - 22/02/09 01:40:29 INFO SparkEnv: Registering MapOutputTracker
[2022-02-09 01:40:29,644] {spark_submit.py:514} INFO - 22/02/09 01:40:29 INFO SparkEnv: Registering BlockManagerMaster
[2022-02-09 01:40:29,672] {spark_submit.py:514} INFO - 22/02/09 01:40:29 INFO BlockManagerMasterEndpoint: Using org.apache.spark.storage.DefaultTopologyMapper for getting topology information
[2022-02-09 01:40:29,673] {spark_submit.py:514} INFO - 22/02/09 01:40:29 INFO BlockManagerMasterEndpoint: BlockManagerMasterEndpoint up
[2022-02-09 01:40:29,678] {spark_submit.py:514} INFO - 22/02/09 01:40:29 INFO SparkEnv: Registering BlockManagerMasterHeartbeat
[2022-02-09 01:40:29,705] {spark_submit.py:514} INFO - 22/02/09 01:40:29 INFO DiskBlockManager: Created local directory at /tmp/blockmgr-2da152f2-72dd-4b98-b834-1957aa70b0d1
[2022-02-09 01:40:29,735] {spark_submit.py:514} INFO - 22/02/09 01:40:29 INFO MemoryStore: MemoryStore started with capacity 434.4 MiB
[2022-02-09 01:40:29,757] {spark_submit.py:514} INFO - 22/02/09 01:40:29 INFO SparkEnv: Registering OutputCommitCoordinator
[2022-02-09 01:40:30,027] {spark_submit.py:514} INFO - 22/02/09 01:40:30 INFO Utils: Successfully started service 'SparkUI' on port 4040.
[2022-02-09 01:40:30,125] {spark_submit.py:514} INFO - 22/02/09 01:40:30 INFO SparkUI: Bound SparkUI to 0.0.0.0, and started at http://9bca822c2c60:4040
[2022-02-09 01:40:30,433] {spark_submit.py:514} INFO - 22/02/09 01:40:30 INFO StandaloneAppClient$ClientEndpoint: Connecting to master spark://172.25.0.6:7077...
[2022-02-09 01:40:30,560] {spark_submit.py:514} INFO - 22/02/09 01:40:30 INFO TransportClientFactory: Successfully created connection to /172.25.0.6:7077 after 41 ms (0 ms spent in bootstraps)
[2022-02-09 01:40:30,701] {spark_submit.py:514} INFO - 22/02/09 01:40:30 INFO StandaloneSchedulerBackend: Connected to Spark cluster with app ID app-20220209014030-0002
[2022-02-09 01:40:30,704] {spark_submit.py:514} INFO - 22/02/09 01:40:30 INFO StandaloneAppClient$ClientEndpoint: Executor added: app-20220209014030-0002/0 on worker-20220209012759-172.25.0.3-44849 (172.25.0.3:44849) with 1 core(s)
[2022-02-09 01:40:30,707] {spark_submit.py:514} INFO - 22/02/09 01:40:30 INFO StandaloneSchedulerBackend: Granted executor ID app-20220209014030-0002/0 on hostPort 172.25.0.3:44849 with 1 core(s), 1024.0 MiB RAM
[2022-02-09 01:40:30,711] {spark_submit.py:514} INFO - 22/02/09 01:40:30 INFO Utils: Successfully started service 'org.apache.spark.network.netty.NettyBlockTransferService' on port 36839.
[2022-02-09 01:40:30,711] {spark_submit.py:514} INFO - 22/02/09 01:40:30 INFO NettyBlockTransferService: Server created on 9bca822c2c60:36839
[2022-02-09 01:40:30,713] {spark_submit.py:514} INFO - 22/02/09 01:40:30 INFO BlockManager: Using org.apache.spark.storage.RandomBlockReplicationPolicy for block replication policy
[2022-02-09 01:40:30,727] {spark_submit.py:514} INFO - 22/02/09 01:40:30 INFO BlockManagerMaster: Registering BlockManager BlockManagerId(driver, 9bca822c2c60, 36839, None)
[2022-02-09 01:40:30,732] {spark_submit.py:514} INFO - 22/02/09 01:40:30 INFO BlockManagerMasterEndpoint: Registering block manager 9bca822c2c60:36839 with 434.4 MiB RAM, BlockManagerId(driver, 9bca822c2c60, 36839, None)
[2022-02-09 01:40:30,736] {spark_submit.py:514} INFO - 22/02/09 01:40:30 INFO BlockManagerMaster: Registered BlockManager BlockManagerId(driver, 9bca822c2c60, 36839, None)
[2022-02-09 01:40:30,742] {spark_submit.py:514} INFO - 22/02/09 01:40:30 INFO BlockManager: Initialized BlockManager: BlockManagerId(driver, 9bca822c2c60, 36839, None)
[2022-02-09 01:40:30,797] {spark_submit.py:514} INFO - 22/02/09 01:40:30 INFO StandaloneAppClient$ClientEndpoint: Executor updated: app-20220209014030-0002/0 is now RUNNING
[2022-02-09 01:40:31,029] {spark_submit.py:514} INFO - 22/02/09 01:40:31 INFO StandaloneSchedulerBackend: SchedulerBackend is ready for scheduling beginning after reached minRegisteredResourcesRatio: 0.0
[2022-02-09 01:40:31,372] {spark_submit.py:514} INFO - 22/02/09 01:40:31 INFO SharedState: Setting hive.metastore.warehouse.dir ('null') to the value of spark.sql.warehouse.dir.
[2022-02-09 01:40:31,406] {spark_submit.py:514} INFO - 22/02/09 01:40:31 INFO SharedState: Warehouse path is 'file:/app/spark-warehouse'.
[2022-02-09 01:40:33,222] {spark_submit.py:514} INFO - 22/02/09 01:40:33 INFO SparkContext: Invoking stop() from shutdown hook
[2022-02-09 01:40:33,273] {spark_submit.py:514} INFO - 22/02/09 01:40:33 INFO SparkUI: Stopped Spark web UI at http://9bca822c2c60:4040
[2022-02-09 01:40:33,291] {spark_submit.py:514} INFO - 22/02/09 01:40:33 INFO StandaloneSchedulerBackend: Shutting down all executors
[2022-02-09 01:40:33,304] {spark_submit.py:514} INFO - 22/02/09 01:40:33 INFO CoarseGrainedSchedulerBackend$DriverEndpoint: Asking each executor to shut down
[2022-02-09 01:40:33,368] {spark_submit.py:514} INFO - 22/02/09 01:40:33 INFO MapOutputTrackerMasterEndpoint: MapOutputTrackerMasterEndpoint stopped!
[2022-02-09 01:40:33,405] {spark_submit.py:514} INFO - 22/02/09 01:40:33 INFO MemoryStore: MemoryStore cleared
[2022-02-09 01:40:33,406] {spark_submit.py:514} INFO - 22/02/09 01:40:33 INFO BlockManager: BlockManager stopped
[2022-02-09 01:40:33,414] {spark_submit.py:514} INFO - 22/02/09 01:40:33 INFO BlockManagerMaster: BlockManagerMaster stopped
[2022-02-09 01:40:33,416] {spark_submit.py:514} INFO - 22/02/09 01:40:33 INFO OutputCommitCoordinator$OutputCommitCoordinatorEndpoint: OutputCommitCoordinator stopped!
[2022-02-09 01:40:33,428] {spark_submit.py:514} INFO - 22/02/09 01:40:33 INFO SparkContext: Successfully stopped SparkContext
[2022-02-09 01:40:33,428] {spark_submit.py:514} INFO - 22/02/09 01:40:33 INFO ShutdownHookManager: Shutdown hook called
[2022-02-09 01:40:33,429] {spark_submit.py:514} INFO - 22/02/09 01:40:33 INFO ShutdownHookManager: Deleting directory /tmp/spark-5f4343ae-0b1a-4082-b3c6-e59c002f29df/pyspark-aa33cd70-5fdd-4daa-9171-f87407a33fbc
[2022-02-09 01:40:33,433] {spark_submit.py:514} INFO - 22/02/09 01:40:33 INFO ShutdownHookManager: Deleting directory /tmp/spark-5f4343ae-0b1a-4082-b3c6-e59c002f29df
[2022-02-09 01:40:33,437] {spark_submit.py:514} INFO - 22/02/09 01:40:33 INFO ShutdownHookManager: Deleting directory /tmp/spark-8c60605b-061b-4204-ab05-fc8fa53c0a02
[2022-02-09 01:40:33,539] {taskinstance.py:1277} INFO - Marking task as SUCCESS. dag_id=spark-book-count, task_id=spark_job, execution_date=20220209T013213, start_date=20220209T014025, end_date=20220209T014033
[2022-02-09 01:40:33,563] {local_task_job.py:154} INFO - Task exited with return code 0
[2022-02-09 01:40:33,597] {local_task_job.py:264} INFO - 1 downstream tasks scheduled from follow-on schedule check
