[2022-02-09 01:40:46,829] {taskinstance.py:1032} INFO - Dependencies all met for <TaskInstance: spark-book-count.spark_job manual__2022-02-09T01:32:13.252597+00:00 [queued]>
[2022-02-09 01:40:46,843] {taskinstance.py:1032} INFO - Dependencies all met for <TaskInstance: spark-book-count.spark_job manual__2022-02-09T01:32:13.252597+00:00 [queued]>
[2022-02-09 01:40:46,843] {taskinstance.py:1238} INFO - 
--------------------------------------------------------------------------------
[2022-02-09 01:40:46,843] {taskinstance.py:1239} INFO - Starting attempt 5 of 6
[2022-02-09 01:40:46,843] {taskinstance.py:1240} INFO - 
--------------------------------------------------------------------------------
[2022-02-09 01:40:46,859] {taskinstance.py:1259} INFO - Executing <Task(SparkSubmitOperator): spark_job> on 2022-02-09 01:32:13.252597+00:00
[2022-02-09 01:40:46,864] {standard_task_runner.py:52} INFO - Started process 644 to run task
[2022-02-09 01:40:46,867] {standard_task_runner.py:76} INFO - Running: ['***', 'tasks', 'run', 'spark-book-count', 'spark_job', 'manual__2022-02-09T01:32:13.252597+00:00', '--job-id', '6', '--raw', '--subdir', 'DAGS_FOLDER/spark-dag.py', '--cfg-path', '/tmp/tmp6p590bj5', '--error-file', '/tmp/tmpfys3sqn7']
[2022-02-09 01:40:46,867] {standard_task_runner.py:77} INFO - Job 6: Subtask spark_job
[2022-02-09 01:40:46,922] {logging_mixin.py:109} INFO - Running <TaskInstance: spark-book-count.spark_job manual__2022-02-09T01:32:13.252597+00:00 [running]> on host 9bca822c2c60
[2022-02-09 01:40:46,975] {taskinstance.py:1426} INFO - Exporting the following env vars:
AIRFLOW_CTX_DAG_EMAIL=***@***.com
AIRFLOW_CTX_DAG_OWNER=***
AIRFLOW_CTX_DAG_ID=spark-book-count
AIRFLOW_CTX_TASK_ID=spark_job
AIRFLOW_CTX_EXECUTION_DATE=2022-02-09T01:32:13.252597+00:00
AIRFLOW_CTX_DAG_RUN_ID=manual__2022-02-09T01:32:13.252597+00:00
[2022-02-09 01:40:46,985] {base.py:79} INFO - Using connection to: id: spark_default. Host: spark://172.25.0.6:7077, Port: None, Schema: , Login: , Password: None, extra: {}
[2022-02-09 01:40:46,986] {spark_submit.py:360} INFO - Spark-Submit cmd: spark-submit --master spark://172.25.0.6:7077 --conf spark.master=spark://spark:7077 --name Spark book count --verbose /usr/local/spark/app/spark-book-count.py /usr/local/spark/data/book.txt
[2022-02-09 01:40:49,406] {spark_submit.py:514} INFO - Using properties file: null
[2022-02-09 01:40:49,568] {spark_submit.py:514} INFO - WARNING: An illegal reflective access operation has occurred
[2022-02-09 01:40:49,568] {spark_submit.py:514} INFO - WARNING: Illegal reflective access by org.apache.spark.unsafe.Platform (file:/home/***/.local/lib/python3.7/site-packages/pyspark/jars/spark-unsafe_2.12-3.2.1.jar) to constructor java.nio.DirectByteBuffer(long,int)
[2022-02-09 01:40:49,568] {spark_submit.py:514} INFO - WARNING: Please consider reporting this to the maintainers of org.apache.spark.unsafe.Platform
[2022-02-09 01:40:49,568] {spark_submit.py:514} INFO - WARNING: Use --illegal-access=warn to enable warnings of further illegal reflective access operations
[2022-02-09 01:40:49,568] {spark_submit.py:514} INFO - WARNING: All illegal access operations will be denied in a future release
[2022-02-09 01:40:49,652] {spark_submit.py:514} INFO - Parsed arguments:
[2022-02-09 01:40:49,652] {spark_submit.py:514} INFO - master                  spark://172.25.0.6:7077
[2022-02-09 01:40:49,652] {spark_submit.py:514} INFO - deployMode              null
[2022-02-09 01:40:49,652] {spark_submit.py:514} INFO - executorMemory          null
[2022-02-09 01:40:49,652] {spark_submit.py:514} INFO - executorCores           null
[2022-02-09 01:40:49,653] {spark_submit.py:514} INFO - totalExecutorCores      null
[2022-02-09 01:40:49,653] {spark_submit.py:514} INFO - propertiesFile          null
[2022-02-09 01:40:49,653] {spark_submit.py:514} INFO - driverMemory            null
[2022-02-09 01:40:49,653] {spark_submit.py:514} INFO - driverCores             null
[2022-02-09 01:40:49,653] {spark_submit.py:514} INFO - driverExtraClassPath    null
[2022-02-09 01:40:49,653] {spark_submit.py:514} INFO - driverExtraLibraryPath  null
[2022-02-09 01:40:49,653] {spark_submit.py:514} INFO - driverExtraJavaOptions  null
[2022-02-09 01:40:49,653] {spark_submit.py:514} INFO - supervise               false
[2022-02-09 01:40:49,654] {spark_submit.py:514} INFO - queue                   null
[2022-02-09 01:40:49,654] {spark_submit.py:514} INFO - numExecutors            null
[2022-02-09 01:40:49,654] {spark_submit.py:514} INFO - files                   null
[2022-02-09 01:40:49,654] {spark_submit.py:514} INFO - pyFiles                 null
[2022-02-09 01:40:49,654] {spark_submit.py:514} INFO - archives                null
[2022-02-09 01:40:49,654] {spark_submit.py:514} INFO - mainClass               null
[2022-02-09 01:40:49,654] {spark_submit.py:514} INFO - primaryResource         file:/usr/local/spark/app/spark-book-count.py
[2022-02-09 01:40:49,654] {spark_submit.py:514} INFO - name                    Spark book count
[2022-02-09 01:40:49,655] {spark_submit.py:514} INFO - childArgs               [/usr/local/spark/data/book.txt]
[2022-02-09 01:40:49,655] {spark_submit.py:514} INFO - jars                    null
[2022-02-09 01:40:49,655] {spark_submit.py:514} INFO - packages                null
[2022-02-09 01:40:49,655] {spark_submit.py:514} INFO - packagesExclusions      null
[2022-02-09 01:40:49,655] {spark_submit.py:514} INFO - repositories            null
[2022-02-09 01:40:49,655] {spark_submit.py:514} INFO - verbose                 true
[2022-02-09 01:40:49,655] {spark_submit.py:514} INFO - 
[2022-02-09 01:40:49,655] {spark_submit.py:514} INFO - Spark properties used, including those specified through
[2022-02-09 01:40:49,655] {spark_submit.py:514} INFO - --conf and those from the properties file null:
[2022-02-09 01:40:49,655] {spark_submit.py:514} INFO - (spark.master,spark://spark:7077)
[2022-02-09 01:40:49,656] {spark_submit.py:514} INFO - 
[2022-02-09 01:40:49,656] {spark_submit.py:514} INFO - 
[2022-02-09 01:40:49,978] {spark_submit.py:514} INFO - Main class:
[2022-02-09 01:40:49,979] {spark_submit.py:514} INFO - org.apache.spark.deploy.PythonRunner
[2022-02-09 01:40:49,979] {spark_submit.py:514} INFO - Arguments:
[2022-02-09 01:40:49,979] {spark_submit.py:514} INFO - file:/usr/local/spark/app/spark-book-count.py
[2022-02-09 01:40:49,979] {spark_submit.py:514} INFO - null
[2022-02-09 01:40:49,979] {spark_submit.py:514} INFO - /usr/local/spark/data/book.txt
[2022-02-09 01:40:49,981] {spark_submit.py:514} INFO - Spark config:
[2022-02-09 01:40:49,982] {spark_submit.py:514} INFO - (spark.master,spark://172.25.0.6:7077)
[2022-02-09 01:40:49,982] {spark_submit.py:514} INFO - (spark.app.name,Spark book count)
[2022-02-09 01:40:49,982] {spark_submit.py:514} INFO - (spark.submit.pyFiles,)
[2022-02-09 01:40:49,982] {spark_submit.py:514} INFO - (spark.submit.deployMode,client)
[2022-02-09 01:40:49,983] {spark_submit.py:514} INFO - Classpath elements:
[2022-02-09 01:40:49,983] {spark_submit.py:514} INFO - 
[2022-02-09 01:40:49,983] {spark_submit.py:514} INFO - 
[2022-02-09 01:40:49,983] {spark_submit.py:514} INFO - 
[2022-02-09 01:40:51,091] {spark_submit.py:514} INFO - Using Spark's default log4j profile: org/apache/spark/log4j-defaults.properties
[2022-02-09 01:40:51,106] {spark_submit.py:514} INFO - 22/02/09 01:40:51 INFO SparkContext: Running Spark version 3.2.1
[2022-02-09 01:40:51,225] {spark_submit.py:514} INFO - 22/02/09 01:40:51 WARN NativeCodeLoader: Unable to load native-hadoop library for your platform... using builtin-java classes where applicable
[2022-02-09 01:40:51,340] {spark_submit.py:514} INFO - 22/02/09 01:40:51 INFO ResourceUtils: ==============================================================
[2022-02-09 01:40:51,340] {spark_submit.py:514} INFO - 22/02/09 01:40:51 INFO ResourceUtils: No custom resources configured for spark.driver.
[2022-02-09 01:40:51,340] {spark_submit.py:514} INFO - 22/02/09 01:40:51 INFO ResourceUtils: ==============================================================
[2022-02-09 01:40:51,341] {spark_submit.py:514} INFO - 22/02/09 01:40:51 INFO SparkContext: Submitted application: WordCount
[2022-02-09 01:40:51,364] {spark_submit.py:514} INFO - 22/02/09 01:40:51 INFO ResourceProfile: Default ResourceProfile created, executor resources: Map(cores -> name: cores, amount: 1, script: , vendor: , memory -> name: memory, amount: 1024, script: , vendor: , offHeap -> name: offHeap, amount: 0, script: , vendor: ), task resources: Map(cpus -> name: cpus, amount: 1.0)
[2022-02-09 01:40:51,380] {spark_submit.py:514} INFO - 22/02/09 01:40:51 INFO ResourceProfile: Limiting resource is cpu
[2022-02-09 01:40:51,381] {spark_submit.py:514} INFO - 22/02/09 01:40:51 INFO ResourceProfileManager: Added ResourceProfile id: 0
[2022-02-09 01:40:51,438] {spark_submit.py:514} INFO - 22/02/09 01:40:51 INFO SecurityManager: Changing view acls to: ***
[2022-02-09 01:40:51,439] {spark_submit.py:514} INFO - 22/02/09 01:40:51 INFO SecurityManager: Changing modify acls to: ***
[2022-02-09 01:40:51,439] {spark_submit.py:514} INFO - 22/02/09 01:40:51 INFO SecurityManager: Changing view acls groups to:
[2022-02-09 01:40:51,440] {spark_submit.py:514} INFO - 22/02/09 01:40:51 INFO SecurityManager: Changing modify acls groups to:
[2022-02-09 01:40:51,440] {spark_submit.py:514} INFO - 22/02/09 01:40:51 INFO SecurityManager: SecurityManager: authentication disabled; ui acls disabled; users  with view permissions: Set(***); groups with view permissions: Set(); users  with modify permissions: Set(***); groups with modify permissions: Set()
[2022-02-09 01:40:51,819] {spark_submit.py:514} INFO - 22/02/09 01:40:51 INFO Utils: Successfully started service 'sparkDriver' on port 35541.
[2022-02-09 01:40:51,847] {spark_submit.py:514} INFO - 22/02/09 01:40:51 INFO SparkEnv: Registering MapOutputTracker
[2022-02-09 01:40:51,881] {spark_submit.py:514} INFO - 22/02/09 01:40:51 INFO SparkEnv: Registering BlockManagerMaster
[2022-02-09 01:40:51,907] {spark_submit.py:514} INFO - 22/02/09 01:40:51 INFO BlockManagerMasterEndpoint: Using org.apache.spark.storage.DefaultTopologyMapper for getting topology information
[2022-02-09 01:40:51,908] {spark_submit.py:514} INFO - 22/02/09 01:40:51 INFO BlockManagerMasterEndpoint: BlockManagerMasterEndpoint up
[2022-02-09 01:40:51,915] {spark_submit.py:514} INFO - 22/02/09 01:40:51 INFO SparkEnv: Registering BlockManagerMasterHeartbeat
[2022-02-09 01:40:51,948] {spark_submit.py:514} INFO - 22/02/09 01:40:51 INFO DiskBlockManager: Created local directory at /tmp/blockmgr-d1892590-1d9f-4f6b-a76f-a32cf8c29249
[2022-02-09 01:40:51,982] {spark_submit.py:514} INFO - 22/02/09 01:40:51 INFO MemoryStore: MemoryStore started with capacity 434.4 MiB
[2022-02-09 01:40:52,002] {spark_submit.py:514} INFO - 22/02/09 01:40:52 INFO SparkEnv: Registering OutputCommitCoordinator
[2022-02-09 01:40:52,251] {spark_submit.py:514} INFO - 22/02/09 01:40:52 INFO Utils: Successfully started service 'SparkUI' on port 4040.
[2022-02-09 01:40:52,326] {spark_submit.py:514} INFO - 22/02/09 01:40:52 INFO SparkUI: Bound SparkUI to 0.0.0.0, and started at http://9bca822c2c60:4040
[2022-02-09 01:40:52,608] {spark_submit.py:514} INFO - 22/02/09 01:40:52 INFO StandaloneAppClient$ClientEndpoint: Connecting to master spark://172.25.0.6:7077...
[2022-02-09 01:40:52,709] {spark_submit.py:514} INFO - 22/02/09 01:40:52 INFO TransportClientFactory: Successfully created connection to /172.25.0.6:7077 after 36 ms (0 ms spent in bootstraps)
[2022-02-09 01:40:52,833] {spark_submit.py:514} INFO - 22/02/09 01:40:52 INFO StandaloneSchedulerBackend: Connected to Spark cluster with app ID app-20220209014052-0003
[2022-02-09 01:40:52,836] {spark_submit.py:514} INFO - 22/02/09 01:40:52 INFO StandaloneAppClient$ClientEndpoint: Executor added: app-20220209014052-0003/0 on worker-20220209012759-172.25.0.3-44849 (172.25.0.3:44849) with 1 core(s)
[2022-02-09 01:40:52,839] {spark_submit.py:514} INFO - 22/02/09 01:40:52 INFO StandaloneSchedulerBackend: Granted executor ID app-20220209014052-0003/0 on hostPort 172.25.0.3:44849 with 1 core(s), 1024.0 MiB RAM
[2022-02-09 01:40:52,842] {spark_submit.py:514} INFO - 22/02/09 01:40:52 INFO Utils: Successfully started service 'org.apache.spark.network.netty.NettyBlockTransferService' on port 35481.
[2022-02-09 01:40:52,842] {spark_submit.py:514} INFO - 22/02/09 01:40:52 INFO NettyBlockTransferService: Server created on 9bca822c2c60:35481
[2022-02-09 01:40:52,844] {spark_submit.py:514} INFO - 22/02/09 01:40:52 INFO BlockManager: Using org.apache.spark.storage.RandomBlockReplicationPolicy for block replication policy
[2022-02-09 01:40:52,854] {spark_submit.py:514} INFO - 22/02/09 01:40:52 INFO BlockManagerMaster: Registering BlockManager BlockManagerId(driver, 9bca822c2c60, 35481, None)
[2022-02-09 01:40:52,861] {spark_submit.py:514} INFO - 22/02/09 01:40:52 INFO BlockManagerMasterEndpoint: Registering block manager 9bca822c2c60:35481 with 434.4 MiB RAM, BlockManagerId(driver, 9bca822c2c60, 35481, None)
[2022-02-09 01:40:52,866] {spark_submit.py:514} INFO - 22/02/09 01:40:52 INFO BlockManagerMaster: Registered BlockManager BlockManagerId(driver, 9bca822c2c60, 35481, None)
[2022-02-09 01:40:52,868] {spark_submit.py:514} INFO - 22/02/09 01:40:52 INFO BlockManager: Initialized BlockManager: BlockManagerId(driver, 9bca822c2c60, 35481, None)
[2022-02-09 01:40:52,888] {spark_submit.py:514} INFO - 22/02/09 01:40:52 INFO StandaloneAppClient$ClientEndpoint: Executor updated: app-20220209014052-0003/0 is now RUNNING
[2022-02-09 01:40:53,186] {spark_submit.py:514} INFO - 22/02/09 01:40:53 INFO StandaloneSchedulerBackend: SchedulerBackend is ready for scheduling beginning after reached minRegisteredResourcesRatio: 0.0
[2022-02-09 01:40:53,506] {spark_submit.py:514} INFO - 22/02/09 01:40:53 INFO SharedState: Setting hive.metastore.warehouse.dir ('null') to the value of spark.sql.warehouse.dir.
[2022-02-09 01:40:53,537] {spark_submit.py:514} INFO - 22/02/09 01:40:53 INFO SharedState: Warehouse path is 'file:/app/spark-warehouse'.
[2022-02-09 01:40:54,680] {spark_submit.py:514} INFO - 22/02/09 01:40:54 INFO InMemoryFileIndex: It took 71 ms to list leaf files for 1 paths.
[2022-02-09 01:40:56,282] {spark_submit.py:514} INFO - 22/02/09 01:40:56 INFO CoarseGrainedSchedulerBackend$DriverEndpoint: Registered executor NettyRpcEndpointRef(spark-client://Executor) (172.25.0.3:53536) with ID 0,  ResourceProfileId 0
[2022-02-09 01:40:56,479] {spark_submit.py:514} INFO - 22/02/09 01:40:56 INFO BlockManagerMasterEndpoint: Registering block manager 172.25.0.3:34889 with 366.3 MiB RAM, BlockManagerId(0, 172.25.0.3, 34889, None)
[2022-02-09 01:40:57,098] {spark_submit.py:514} INFO - 22/02/09 01:40:57 INFO SparkContext: Invoking stop() from shutdown hook
[2022-02-09 01:40:57,111] {spark_submit.py:514} INFO - 22/02/09 01:40:57 INFO SparkUI: Stopped Spark web UI at http://9bca822c2c60:4040
[2022-02-09 01:40:57,117] {spark_submit.py:514} INFO - 22/02/09 01:40:57 INFO StandaloneSchedulerBackend: Shutting down all executors
[2022-02-09 01:40:57,118] {spark_submit.py:514} INFO - 22/02/09 01:40:57 INFO CoarseGrainedSchedulerBackend$DriverEndpoint: Asking each executor to shut down
[2022-02-09 01:40:57,176] {spark_submit.py:514} INFO - 22/02/09 01:40:57 INFO MapOutputTrackerMasterEndpoint: MapOutputTrackerMasterEndpoint stopped!
[2022-02-09 01:40:57,196] {spark_submit.py:514} INFO - 22/02/09 01:40:57 INFO MemoryStore: MemoryStore cleared
[2022-02-09 01:40:57,197] {spark_submit.py:514} INFO - 22/02/09 01:40:57 INFO BlockManager: BlockManager stopped
[2022-02-09 01:40:57,209] {spark_submit.py:514} INFO - 22/02/09 01:40:57 INFO BlockManagerMaster: BlockManagerMaster stopped
[2022-02-09 01:40:57,212] {spark_submit.py:514} INFO - 22/02/09 01:40:57 INFO OutputCommitCoordinator$OutputCommitCoordinatorEndpoint: OutputCommitCoordinator stopped!
[2022-02-09 01:40:57,232] {spark_submit.py:514} INFO - 22/02/09 01:40:57 INFO SparkContext: Successfully stopped SparkContext
[2022-02-09 01:40:57,233] {spark_submit.py:514} INFO - 22/02/09 01:40:57 INFO ShutdownHookManager: Shutdown hook called
[2022-02-09 01:40:57,234] {spark_submit.py:514} INFO - 22/02/09 01:40:57 INFO ShutdownHookManager: Deleting directory /tmp/spark-91948f91-d376-45ca-9e46-81212f872e7d
[2022-02-09 01:40:57,238] {spark_submit.py:514} INFO - 22/02/09 01:40:57 INFO ShutdownHookManager: Deleting directory /tmp/spark-a0a40324-edd0-4392-ad1d-e322fad274da
[2022-02-09 01:40:57,243] {spark_submit.py:514} INFO - 22/02/09 01:40:57 INFO ShutdownHookManager: Deleting directory /tmp/spark-a0a40324-edd0-4392-ad1d-e322fad274da/pyspark-591d038e-d57c-4169-8718-cb2c1ed35eb5
[2022-02-09 01:40:57,346] {taskinstance.py:1277} INFO - Marking task as SUCCESS. dag_id=spark-book-count, task_id=spark_job, execution_date=20220209T013213, start_date=20220209T014046, end_date=20220209T014057
[2022-02-09 01:40:57,378] {local_task_job.py:154} INFO - Task exited with return code 0
[2022-02-09 01:40:57,427] {local_task_job.py:264} INFO - 0 downstream tasks scheduled from follow-on schedule check
