[2022-02-09 01:41:11,296] {taskinstance.py:1032} INFO - Dependencies all met for <TaskInstance: spark-book-count.spark_job manual__2022-02-09T01:32:13.252597+00:00 [queued]>
[2022-02-09 01:41:11,308] {taskinstance.py:1032} INFO - Dependencies all met for <TaskInstance: spark-book-count.spark_job manual__2022-02-09T01:32:13.252597+00:00 [queued]>
[2022-02-09 01:41:11,308] {taskinstance.py:1238} INFO - 
--------------------------------------------------------------------------------
[2022-02-09 01:41:11,308] {taskinstance.py:1239} INFO - Starting attempt 6 of 7
[2022-02-09 01:41:11,308] {taskinstance.py:1240} INFO - 
--------------------------------------------------------------------------------
[2022-02-09 01:41:11,323] {taskinstance.py:1259} INFO - Executing <Task(SparkSubmitOperator): spark_job> on 2022-02-09 01:32:13.252597+00:00
[2022-02-09 01:41:11,327] {standard_task_runner.py:52} INFO - Started process 815 to run task
[2022-02-09 01:41:11,330] {standard_task_runner.py:76} INFO - Running: ['***', 'tasks', 'run', 'spark-book-count', 'spark_job', 'manual__2022-02-09T01:32:13.252597+00:00', '--job-id', '7', '--raw', '--subdir', 'DAGS_FOLDER/spark-dag.py', '--cfg-path', '/tmp/tmp60q4nbw5', '--error-file', '/tmp/tmpogkexpjv']
[2022-02-09 01:41:11,330] {standard_task_runner.py:77} INFO - Job 7: Subtask spark_job
[2022-02-09 01:41:11,381] {logging_mixin.py:109} INFO - Running <TaskInstance: spark-book-count.spark_job manual__2022-02-09T01:32:13.252597+00:00 [running]> on host 9bca822c2c60
[2022-02-09 01:41:11,435] {taskinstance.py:1426} INFO - Exporting the following env vars:
AIRFLOW_CTX_DAG_EMAIL=***@***.com
AIRFLOW_CTX_DAG_OWNER=***
AIRFLOW_CTX_DAG_ID=spark-book-count
AIRFLOW_CTX_TASK_ID=spark_job
AIRFLOW_CTX_EXECUTION_DATE=2022-02-09T01:32:13.252597+00:00
AIRFLOW_CTX_DAG_RUN_ID=manual__2022-02-09T01:32:13.252597+00:00
[2022-02-09 01:41:11,446] {base.py:79} INFO - Using connection to: id: spark_default. Host: spark://172.25.0.6:7077, Port: None, Schema: , Login: , Password: None, extra: {}
[2022-02-09 01:41:11,448] {spark_submit.py:360} INFO - Spark-Submit cmd: spark-submit --master spark://172.25.0.6:7077 --conf spark.master=spark://spark:7077 --name Spark book count --verbose /usr/local/spark/app/spark-book-count.py /usr/local/spark/data/book.txt
[2022-02-09 01:41:13,129] {spark_submit.py:514} INFO - Using properties file: null
[2022-02-09 01:41:13,321] {spark_submit.py:514} INFO - WARNING: An illegal reflective access operation has occurred
[2022-02-09 01:41:13,321] {spark_submit.py:514} INFO - WARNING: Illegal reflective access by org.apache.spark.unsafe.Platform (file:/home/***/.local/lib/python3.7/site-packages/pyspark/jars/spark-unsafe_2.12-3.2.1.jar) to constructor java.nio.DirectByteBuffer(long,int)
[2022-02-09 01:41:13,321] {spark_submit.py:514} INFO - WARNING: Please consider reporting this to the maintainers of org.apache.spark.unsafe.Platform
[2022-02-09 01:41:13,321] {spark_submit.py:514} INFO - WARNING: Use --illegal-access=warn to enable warnings of further illegal reflective access operations
[2022-02-09 01:41:13,321] {spark_submit.py:514} INFO - WARNING: All illegal access operations will be denied in a future release
[2022-02-09 01:41:13,446] {spark_submit.py:514} INFO - Parsed arguments:
[2022-02-09 01:41:13,447] {spark_submit.py:514} INFO - master                  spark://172.25.0.6:7077
[2022-02-09 01:41:13,447] {spark_submit.py:514} INFO - deployMode              null
[2022-02-09 01:41:13,447] {spark_submit.py:514} INFO - executorMemory          null
[2022-02-09 01:41:13,447] {spark_submit.py:514} INFO - executorCores           null
[2022-02-09 01:41:13,447] {spark_submit.py:514} INFO - totalExecutorCores      null
[2022-02-09 01:41:13,447] {spark_submit.py:514} INFO - propertiesFile          null
[2022-02-09 01:41:13,447] {spark_submit.py:514} INFO - driverMemory            null
[2022-02-09 01:41:13,447] {spark_submit.py:514} INFO - driverCores             null
[2022-02-09 01:41:13,447] {spark_submit.py:514} INFO - driverExtraClassPath    null
[2022-02-09 01:41:13,448] {spark_submit.py:514} INFO - driverExtraLibraryPath  null
[2022-02-09 01:41:13,448] {spark_submit.py:514} INFO - driverExtraJavaOptions  null
[2022-02-09 01:41:13,448] {spark_submit.py:514} INFO - supervise               false
[2022-02-09 01:41:13,448] {spark_submit.py:514} INFO - queue                   null
[2022-02-09 01:41:13,448] {spark_submit.py:514} INFO - numExecutors            null
[2022-02-09 01:41:13,448] {spark_submit.py:514} INFO - files                   null
[2022-02-09 01:41:13,448] {spark_submit.py:514} INFO - pyFiles                 null
[2022-02-09 01:41:13,448] {spark_submit.py:514} INFO - archives                null
[2022-02-09 01:41:13,448] {spark_submit.py:514} INFO - mainClass               null
[2022-02-09 01:41:13,448] {spark_submit.py:514} INFO - primaryResource         file:/usr/local/spark/app/spark-book-count.py
[2022-02-09 01:41:13,449] {spark_submit.py:514} INFO - name                    Spark book count
[2022-02-09 01:41:13,449] {spark_submit.py:514} INFO - childArgs               [/usr/local/spark/data/book.txt]
[2022-02-09 01:41:13,449] {spark_submit.py:514} INFO - jars                    null
[2022-02-09 01:41:13,449] {spark_submit.py:514} INFO - packages                null
[2022-02-09 01:41:13,449] {spark_submit.py:514} INFO - packagesExclusions      null
[2022-02-09 01:41:13,449] {spark_submit.py:514} INFO - repositories            null
[2022-02-09 01:41:13,449] {spark_submit.py:514} INFO - verbose                 true
[2022-02-09 01:41:13,449] {spark_submit.py:514} INFO - 
[2022-02-09 01:41:13,449] {spark_submit.py:514} INFO - Spark properties used, including those specified through
[2022-02-09 01:41:13,449] {spark_submit.py:514} INFO - --conf and those from the properties file null:
[2022-02-09 01:41:13,449] {spark_submit.py:514} INFO - (spark.master,spark://spark:7077)
[2022-02-09 01:41:13,450] {spark_submit.py:514} INFO - 
[2022-02-09 01:41:13,450] {spark_submit.py:514} INFO - 
[2022-02-09 01:41:13,979] {spark_submit.py:514} INFO - Main class:
[2022-02-09 01:41:13,979] {spark_submit.py:514} INFO - org.apache.spark.deploy.PythonRunner
[2022-02-09 01:41:13,980] {spark_submit.py:514} INFO - Arguments:
[2022-02-09 01:41:13,980] {spark_submit.py:514} INFO - file:/usr/local/spark/app/spark-book-count.py
[2022-02-09 01:41:13,980] {spark_submit.py:514} INFO - null
[2022-02-09 01:41:13,981] {spark_submit.py:514} INFO - /usr/local/spark/data/book.txt
[2022-02-09 01:41:13,986] {spark_submit.py:514} INFO - Spark config:
[2022-02-09 01:41:13,986] {spark_submit.py:514} INFO - (spark.master,spark://172.25.0.6:7077)
[2022-02-09 01:41:13,986] {spark_submit.py:514} INFO - (spark.app.name,Spark book count)
[2022-02-09 01:41:13,986] {spark_submit.py:514} INFO - (spark.submit.pyFiles,)
[2022-02-09 01:41:13,986] {spark_submit.py:514} INFO - (spark.submit.deployMode,client)
[2022-02-09 01:41:13,987] {spark_submit.py:514} INFO - Classpath elements:
[2022-02-09 01:41:13,988] {spark_submit.py:514} INFO - 
[2022-02-09 01:41:13,988] {spark_submit.py:514} INFO - 
[2022-02-09 01:41:13,988] {spark_submit.py:514} INFO - 
[2022-02-09 01:41:15,413] {spark_submit.py:514} INFO - Using Spark's default log4j profile: org/apache/spark/log4j-defaults.properties
[2022-02-09 01:41:15,425] {spark_submit.py:514} INFO - 22/02/09 01:41:15 INFO SparkContext: Running Spark version 3.2.1
[2022-02-09 01:41:15,505] {spark_submit.py:514} INFO - 22/02/09 01:41:15 WARN NativeCodeLoader: Unable to load native-hadoop library for your platform... using builtin-java classes where applicable
[2022-02-09 01:41:15,647] {spark_submit.py:514} INFO - 22/02/09 01:41:15 INFO ResourceUtils: ==============================================================
[2022-02-09 01:41:15,649] {spark_submit.py:514} INFO - 22/02/09 01:41:15 INFO ResourceUtils: No custom resources configured for spark.driver.
[2022-02-09 01:41:15,649] {spark_submit.py:514} INFO - 22/02/09 01:41:15 INFO ResourceUtils: ==============================================================
[2022-02-09 01:41:15,649] {spark_submit.py:514} INFO - 22/02/09 01:41:15 INFO SparkContext: Submitted application: WordCount
[2022-02-09 01:41:15,676] {spark_submit.py:514} INFO - 22/02/09 01:41:15 INFO ResourceProfile: Default ResourceProfile created, executor resources: Map(cores -> name: cores, amount: 1, script: , vendor: , memory -> name: memory, amount: 1024, script: , vendor: , offHeap -> name: offHeap, amount: 0, script: , vendor: ), task resources: Map(cpus -> name: cpus, amount: 1.0)
[2022-02-09 01:41:15,696] {spark_submit.py:514} INFO - 22/02/09 01:41:15 INFO ResourceProfile: Limiting resource is cpu
[2022-02-09 01:41:15,697] {spark_submit.py:514} INFO - 22/02/09 01:41:15 INFO ResourceProfileManager: Added ResourceProfile id: 0
[2022-02-09 01:41:15,759] {spark_submit.py:514} INFO - 22/02/09 01:41:15 INFO SecurityManager: Changing view acls to: ***
[2022-02-09 01:41:15,759] {spark_submit.py:514} INFO - 22/02/09 01:41:15 INFO SecurityManager: Changing modify acls to: ***
[2022-02-09 01:41:15,760] {spark_submit.py:514} INFO - 22/02/09 01:41:15 INFO SecurityManager: Changing view acls groups to:
[2022-02-09 01:41:15,760] {spark_submit.py:514} INFO - 22/02/09 01:41:15 INFO SecurityManager: Changing modify acls groups to:
[2022-02-09 01:41:15,761] {spark_submit.py:514} INFO - 22/02/09 01:41:15 INFO SecurityManager: SecurityManager: authentication disabled; ui acls disabled; users  with view permissions: Set(***); groups with view permissions: Set(); users  with modify permissions: Set(***); groups with modify permissions: Set()
[2022-02-09 01:41:16,078] {spark_submit.py:514} INFO - 22/02/09 01:41:16 INFO Utils: Successfully started service 'sparkDriver' on port 36951.
[2022-02-09 01:41:16,109] {spark_submit.py:514} INFO - 22/02/09 01:41:16 INFO SparkEnv: Registering MapOutputTracker
[2022-02-09 01:41:16,142] {spark_submit.py:514} INFO - 22/02/09 01:41:16 INFO SparkEnv: Registering BlockManagerMaster
[2022-02-09 01:41:16,164] {spark_submit.py:514} INFO - 22/02/09 01:41:16 INFO BlockManagerMasterEndpoint: Using org.apache.spark.storage.DefaultTopologyMapper for getting topology information
[2022-02-09 01:41:16,165] {spark_submit.py:514} INFO - 22/02/09 01:41:16 INFO BlockManagerMasterEndpoint: BlockManagerMasterEndpoint up
[2022-02-09 01:41:16,169] {spark_submit.py:514} INFO - 22/02/09 01:41:16 INFO SparkEnv: Registering BlockManagerMasterHeartbeat
[2022-02-09 01:41:16,193] {spark_submit.py:514} INFO - 22/02/09 01:41:16 INFO DiskBlockManager: Created local directory at /tmp/blockmgr-be1861c9-1dfc-4f60-b789-6b81d5297bc6
[2022-02-09 01:41:16,218] {spark_submit.py:514} INFO - 22/02/09 01:41:16 INFO MemoryStore: MemoryStore started with capacity 434.4 MiB
[2022-02-09 01:41:16,237] {spark_submit.py:514} INFO - 22/02/09 01:41:16 INFO SparkEnv: Registering OutputCommitCoordinator
[2022-02-09 01:41:16,528] {spark_submit.py:514} INFO - 22/02/09 01:41:16 INFO Utils: Successfully started service 'SparkUI' on port 4040.
[2022-02-09 01:41:16,603] {spark_submit.py:514} INFO - 22/02/09 01:41:16 INFO SparkUI: Bound SparkUI to 0.0.0.0, and started at http://9bca822c2c60:4040
[2022-02-09 01:41:16,883] {spark_submit.py:514} INFO - 22/02/09 01:41:16 INFO StandaloneAppClient$ClientEndpoint: Connecting to master spark://172.25.0.6:7077...
[2022-02-09 01:41:16,973] {spark_submit.py:514} INFO - 22/02/09 01:41:16 INFO TransportClientFactory: Successfully created connection to /172.25.0.6:7077 after 38 ms (0 ms spent in bootstraps)
[2022-02-09 01:41:17,116] {spark_submit.py:514} INFO - 22/02/09 01:41:17 INFO StandaloneSchedulerBackend: Connected to Spark cluster with app ID app-20220209014117-0004
[2022-02-09 01:41:17,120] {spark_submit.py:514} INFO - 22/02/09 01:41:17 INFO StandaloneAppClient$ClientEndpoint: Executor added: app-20220209014117-0004/0 on worker-20220209012759-172.25.0.3-44849 (172.25.0.3:44849) with 1 core(s)
[2022-02-09 01:41:17,123] {spark_submit.py:514} INFO - 22/02/09 01:41:17 INFO StandaloneSchedulerBackend: Granted executor ID app-20220209014117-0004/0 on hostPort 172.25.0.3:44849 with 1 core(s), 1024.0 MiB RAM
[2022-02-09 01:41:17,125] {spark_submit.py:514} INFO - 22/02/09 01:41:17 INFO Utils: Successfully started service 'org.apache.spark.network.netty.NettyBlockTransferService' on port 33173.
[2022-02-09 01:41:17,125] {spark_submit.py:514} INFO - 22/02/09 01:41:17 INFO NettyBlockTransferService: Server created on 9bca822c2c60:33173
[2022-02-09 01:41:17,130] {spark_submit.py:514} INFO - 22/02/09 01:41:17 INFO BlockManager: Using org.apache.spark.storage.RandomBlockReplicationPolicy for block replication policy
[2022-02-09 01:41:17,142] {spark_submit.py:514} INFO - 22/02/09 01:41:17 INFO BlockManagerMaster: Registering BlockManager BlockManagerId(driver, 9bca822c2c60, 33173, None)
[2022-02-09 01:41:17,146] {spark_submit.py:514} INFO - 22/02/09 01:41:17 INFO BlockManagerMasterEndpoint: Registering block manager 9bca822c2c60:33173 with 434.4 MiB RAM, BlockManagerId(driver, 9bca822c2c60, 33173, None)
[2022-02-09 01:41:17,155] {spark_submit.py:514} INFO - 22/02/09 01:41:17 INFO BlockManagerMaster: Registered BlockManager BlockManagerId(driver, 9bca822c2c60, 33173, None)
[2022-02-09 01:41:17,157] {spark_submit.py:514} INFO - 22/02/09 01:41:17 INFO BlockManager: Initialized BlockManager: BlockManagerId(driver, 9bca822c2c60, 33173, None)
[2022-02-09 01:41:17,170] {spark_submit.py:514} INFO - 22/02/09 01:41:17 INFO StandaloneAppClient$ClientEndpoint: Executor updated: app-20220209014117-0004/0 is now RUNNING
[2022-02-09 01:41:17,497] {spark_submit.py:514} INFO - 22/02/09 01:41:17 INFO StandaloneSchedulerBackend: SchedulerBackend is ready for scheduling beginning after reached minRegisteredResourcesRatio: 0.0
[2022-02-09 01:41:17,819] {spark_submit.py:514} INFO - 22/02/09 01:41:17 INFO SharedState: Setting hive.metastore.warehouse.dir ('null') to the value of spark.sql.warehouse.dir.
[2022-02-09 01:41:17,849] {spark_submit.py:514} INFO - 22/02/09 01:41:17 INFO SharedState: Warehouse path is 'file:/app/spark-warehouse'.
[2022-02-09 01:41:19,115] {spark_submit.py:514} INFO - 22/02/09 01:41:19 INFO InMemoryFileIndex: It took 131 ms to list leaf files for 1 paths.
[2022-02-09 01:41:20,865] {spark_submit.py:514} INFO - 22/02/09 01:41:20 INFO CoarseGrainedSchedulerBackend$DriverEndpoint: Registered executor NettyRpcEndpointRef(spark-client://Executor) (172.25.0.3:59364) with ID 0,  ResourceProfileId 0
[2022-02-09 01:41:21,082] {spark_submit.py:514} INFO - 22/02/09 01:41:21 INFO BlockManagerMasterEndpoint: Registering block manager 172.25.0.3:32829 with 366.3 MiB RAM, BlockManagerId(0, 172.25.0.3, 32829, None)
[2022-02-09 01:41:22,270] {spark_submit.py:514} INFO - 22/02/09 01:41:22 INFO SparkContext: Invoking stop() from shutdown hook
[2022-02-09 01:41:22,308] {spark_submit.py:514} INFO - 22/02/09 01:41:22 INFO SparkUI: Stopped Spark web UI at http://9bca822c2c60:4040
[2022-02-09 01:41:22,321] {spark_submit.py:514} INFO - 22/02/09 01:41:22 INFO StandaloneSchedulerBackend: Shutting down all executors
[2022-02-09 01:41:22,322] {spark_submit.py:514} INFO - 22/02/09 01:41:22 INFO CoarseGrainedSchedulerBackend$DriverEndpoint: Asking each executor to shut down
[2022-02-09 01:41:22,361] {spark_submit.py:514} INFO - 22/02/09 01:41:22 INFO MapOutputTrackerMasterEndpoint: MapOutputTrackerMasterEndpoint stopped!
[2022-02-09 01:41:22,455] {spark_submit.py:514} INFO - 22/02/09 01:41:22 INFO MemoryStore: MemoryStore cleared
[2022-02-09 01:41:22,455] {spark_submit.py:514} INFO - 22/02/09 01:41:22 INFO BlockManager: BlockManager stopped
[2022-02-09 01:41:22,479] {spark_submit.py:514} INFO - 22/02/09 01:41:22 INFO BlockManagerMaster: BlockManagerMaster stopped
[2022-02-09 01:41:22,484] {spark_submit.py:514} INFO - 22/02/09 01:41:22 INFO OutputCommitCoordinator$OutputCommitCoordinatorEndpoint: OutputCommitCoordinator stopped!
[2022-02-09 01:41:22,608] {spark_submit.py:514} INFO - 22/02/09 01:41:22 INFO SparkContext: Successfully stopped SparkContext
[2022-02-09 01:41:22,614] {spark_submit.py:514} INFO - 22/02/09 01:41:22 INFO ShutdownHookManager: Shutdown hook called
[2022-02-09 01:41:22,618] {spark_submit.py:514} INFO - 22/02/09 01:41:22 INFO ShutdownHookManager: Deleting directory /tmp/spark-7f702bf3-3c0e-4475-9695-bb18d3224c2a/pyspark-f3ba5f17-077a-4741-878f-bb0813f27d33
[2022-02-09 01:41:22,631] {spark_submit.py:514} INFO - 22/02/09 01:41:22 INFO ShutdownHookManager: Deleting directory /tmp/spark-7f702bf3-3c0e-4475-9695-bb18d3224c2a
[2022-02-09 01:41:22,645] {spark_submit.py:514} INFO - 22/02/09 01:41:22 INFO ShutdownHookManager: Deleting directory /tmp/spark-66d8f9e3-53f0-416d-8abb-ecb38d338beb
[2022-02-09 01:41:22,792] {taskinstance.py:1277} INFO - Marking task as SUCCESS. dag_id=spark-book-count, task_id=spark_job, execution_date=20220209T013213, start_date=20220209T014111, end_date=20220209T014122
[2022-02-09 01:41:22,855] {local_task_job.py:154} INFO - Task exited with return code 0
[2022-02-09 01:41:22,912] {local_task_job.py:264} INFO - 1 downstream tasks scheduled from follow-on schedule check
