[2022-02-09 01:41:37,803] {taskinstance.py:1032} INFO - Dependencies all met for <TaskInstance: spark-book-count.spark_job manual__2022-02-09T01:32:13.252597+00:00 [queued]>
[2022-02-09 01:41:37,817] {taskinstance.py:1032} INFO - Dependencies all met for <TaskInstance: spark-book-count.spark_job manual__2022-02-09T01:32:13.252597+00:00 [queued]>
[2022-02-09 01:41:37,817] {taskinstance.py:1238} INFO - 
--------------------------------------------------------------------------------
[2022-02-09 01:41:37,817] {taskinstance.py:1239} INFO - Starting attempt 7 of 8
[2022-02-09 01:41:37,817] {taskinstance.py:1240} INFO - 
--------------------------------------------------------------------------------
[2022-02-09 01:41:37,830] {taskinstance.py:1259} INFO - Executing <Task(SparkSubmitOperator): spark_job> on 2022-02-09 01:32:13.252597+00:00
[2022-02-09 01:41:37,834] {standard_task_runner.py:52} INFO - Started process 982 to run task
[2022-02-09 01:41:37,837] {standard_task_runner.py:76} INFO - Running: ['***', 'tasks', 'run', 'spark-book-count', 'spark_job', 'manual__2022-02-09T01:32:13.252597+00:00', '--job-id', '8', '--raw', '--subdir', 'DAGS_FOLDER/spark-dag.py', '--cfg-path', '/tmp/tmp6q8rmtoo', '--error-file', '/tmp/tmp1kz1azly']
[2022-02-09 01:41:37,838] {standard_task_runner.py:77} INFO - Job 8: Subtask spark_job
[2022-02-09 01:41:37,895] {logging_mixin.py:109} INFO - Running <TaskInstance: spark-book-count.spark_job manual__2022-02-09T01:32:13.252597+00:00 [running]> on host 9bca822c2c60
[2022-02-09 01:41:37,947] {taskinstance.py:1426} INFO - Exporting the following env vars:
AIRFLOW_CTX_DAG_EMAIL=***@***.com
AIRFLOW_CTX_DAG_OWNER=***
AIRFLOW_CTX_DAG_ID=spark-book-count
AIRFLOW_CTX_TASK_ID=spark_job
AIRFLOW_CTX_EXECUTION_DATE=2022-02-09T01:32:13.252597+00:00
AIRFLOW_CTX_DAG_RUN_ID=manual__2022-02-09T01:32:13.252597+00:00
[2022-02-09 01:41:37,956] {base.py:79} INFO - Using connection to: id: spark_default. Host: spark://172.25.0.6:7077, Port: None, Schema: , Login: , Password: None, extra: {}
[2022-02-09 01:41:37,957] {spark_submit.py:360} INFO - Spark-Submit cmd: spark-submit --master spark://172.25.0.6:7077 --conf spark.master=spark://spark:7077 --name Spark book count --verbose /usr/local/spark/app/spark-book-count.py /usr/local/spark/data/book.txt
[2022-02-09 01:41:40,306] {spark_submit.py:514} INFO - Using properties file: null
[2022-02-09 01:41:40,484] {spark_submit.py:514} INFO - WARNING: An illegal reflective access operation has occurred
[2022-02-09 01:41:40,485] {spark_submit.py:514} INFO - WARNING: Illegal reflective access by org.apache.spark.unsafe.Platform (file:/home/***/.local/lib/python3.7/site-packages/pyspark/jars/spark-unsafe_2.12-3.2.1.jar) to constructor java.nio.DirectByteBuffer(long,int)
[2022-02-09 01:41:40,485] {spark_submit.py:514} INFO - WARNING: Please consider reporting this to the maintainers of org.apache.spark.unsafe.Platform
[2022-02-09 01:41:40,485] {spark_submit.py:514} INFO - WARNING: Use --illegal-access=warn to enable warnings of further illegal reflective access operations
[2022-02-09 01:41:40,487] {spark_submit.py:514} INFO - WARNING: All illegal access operations will be denied in a future release
[2022-02-09 01:41:40,621] {spark_submit.py:514} INFO - Parsed arguments:
[2022-02-09 01:41:40,621] {spark_submit.py:514} INFO - master                  spark://172.25.0.6:7077
[2022-02-09 01:41:40,621] {spark_submit.py:514} INFO - deployMode              null
[2022-02-09 01:41:40,621] {spark_submit.py:514} INFO - executorMemory          null
[2022-02-09 01:41:40,622] {spark_submit.py:514} INFO - executorCores           null
[2022-02-09 01:41:40,622] {spark_submit.py:514} INFO - totalExecutorCores      null
[2022-02-09 01:41:40,622] {spark_submit.py:514} INFO - propertiesFile          null
[2022-02-09 01:41:40,622] {spark_submit.py:514} INFO - driverMemory            null
[2022-02-09 01:41:40,622] {spark_submit.py:514} INFO - driverCores             null
[2022-02-09 01:41:40,622] {spark_submit.py:514} INFO - driverExtraClassPath    null
[2022-02-09 01:41:40,622] {spark_submit.py:514} INFO - driverExtraLibraryPath  null
[2022-02-09 01:41:40,622] {spark_submit.py:514} INFO - driverExtraJavaOptions  null
[2022-02-09 01:41:40,622] {spark_submit.py:514} INFO - supervise               false
[2022-02-09 01:41:40,623] {spark_submit.py:514} INFO - queue                   null
[2022-02-09 01:41:40,623] {spark_submit.py:514} INFO - numExecutors            null
[2022-02-09 01:41:40,623] {spark_submit.py:514} INFO - files                   null
[2022-02-09 01:41:40,623] {spark_submit.py:514} INFO - pyFiles                 null
[2022-02-09 01:41:40,623] {spark_submit.py:514} INFO - archives                null
[2022-02-09 01:41:40,623] {spark_submit.py:514} INFO - mainClass               null
[2022-02-09 01:41:40,623] {spark_submit.py:514} INFO - primaryResource         file:/usr/local/spark/app/spark-book-count.py
[2022-02-09 01:41:40,623] {spark_submit.py:514} INFO - name                    Spark book count
[2022-02-09 01:41:40,623] {spark_submit.py:514} INFO - childArgs               [/usr/local/spark/data/book.txt]
[2022-02-09 01:41:40,623] {spark_submit.py:514} INFO - jars                    null
[2022-02-09 01:41:40,623] {spark_submit.py:514} INFO - packages                null
[2022-02-09 01:41:40,624] {spark_submit.py:514} INFO - packagesExclusions      null
[2022-02-09 01:41:40,624] {spark_submit.py:514} INFO - repositories            null
[2022-02-09 01:41:40,624] {spark_submit.py:514} INFO - verbose                 true
[2022-02-09 01:41:40,624] {spark_submit.py:514} INFO - 
[2022-02-09 01:41:40,624] {spark_submit.py:514} INFO - Spark properties used, including those specified through
[2022-02-09 01:41:40,624] {spark_submit.py:514} INFO - --conf and those from the properties file null:
[2022-02-09 01:41:40,624] {spark_submit.py:514} INFO - (spark.master,spark://spark:7077)
[2022-02-09 01:41:40,624] {spark_submit.py:514} INFO - 
[2022-02-09 01:41:40,627] {spark_submit.py:514} INFO - 
[2022-02-09 01:41:41,144] {spark_submit.py:514} INFO - Main class:
[2022-02-09 01:41:41,147] {spark_submit.py:514} INFO - org.apache.spark.deploy.PythonRunner
[2022-02-09 01:41:41,148] {spark_submit.py:514} INFO - Arguments:
[2022-02-09 01:41:41,148] {spark_submit.py:514} INFO - file:/usr/local/spark/app/spark-book-count.py
[2022-02-09 01:41:41,148] {spark_submit.py:514} INFO - null
[2022-02-09 01:41:41,148] {spark_submit.py:514} INFO - /usr/local/spark/data/book.txt
[2022-02-09 01:41:41,166] {spark_submit.py:514} INFO - Spark config:
[2022-02-09 01:41:41,166] {spark_submit.py:514} INFO - (spark.master,spark://172.25.0.6:7077)
[2022-02-09 01:41:41,166] {spark_submit.py:514} INFO - (spark.app.name,Spark book count)
[2022-02-09 01:41:41,166] {spark_submit.py:514} INFO - (spark.submit.pyFiles,)
[2022-02-09 01:41:41,166] {spark_submit.py:514} INFO - (spark.submit.deployMode,client)
[2022-02-09 01:41:41,167] {spark_submit.py:514} INFO - Classpath elements:
[2022-02-09 01:41:41,167] {spark_submit.py:514} INFO - 
[2022-02-09 01:41:41,167] {spark_submit.py:514} INFO - 
[2022-02-09 01:41:41,167] {spark_submit.py:514} INFO - 
[2022-02-09 01:41:42,329] {spark_submit.py:514} INFO - Using Spark's default log4j profile: org/apache/spark/log4j-defaults.properties
[2022-02-09 01:41:42,341] {spark_submit.py:514} INFO - 22/02/09 01:41:42 INFO SparkContext: Running Spark version 3.2.1
[2022-02-09 01:41:42,437] {spark_submit.py:514} INFO - 22/02/09 01:41:42 WARN NativeCodeLoader: Unable to load native-hadoop library for your platform... using builtin-java classes where applicable
[2022-02-09 01:41:42,572] {spark_submit.py:514} INFO - 22/02/09 01:41:42 INFO ResourceUtils: ==============================================================
[2022-02-09 01:41:42,573] {spark_submit.py:514} INFO - 22/02/09 01:41:42 INFO ResourceUtils: No custom resources configured for spark.driver.
[2022-02-09 01:41:42,573] {spark_submit.py:514} INFO - 22/02/09 01:41:42 INFO ResourceUtils: ==============================================================
[2022-02-09 01:41:42,573] {spark_submit.py:514} INFO - 22/02/09 01:41:42 INFO SparkContext: Submitted application: WordCount
[2022-02-09 01:41:42,604] {spark_submit.py:514} INFO - 22/02/09 01:41:42 INFO ResourceProfile: Default ResourceProfile created, executor resources: Map(cores -> name: cores, amount: 1, script: , vendor: , memory -> name: memory, amount: 1024, script: , vendor: , offHeap -> name: offHeap, amount: 0, script: , vendor: ), task resources: Map(cpus -> name: cpus, amount: 1.0)
[2022-02-09 01:41:42,625] {spark_submit.py:514} INFO - 22/02/09 01:41:42 INFO ResourceProfile: Limiting resource is cpu
[2022-02-09 01:41:42,626] {spark_submit.py:514} INFO - 22/02/09 01:41:42 INFO ResourceProfileManager: Added ResourceProfile id: 0
[2022-02-09 01:41:42,707] {spark_submit.py:514} INFO - 22/02/09 01:41:42 INFO SecurityManager: Changing view acls to: ***
[2022-02-09 01:41:42,707] {spark_submit.py:514} INFO - 22/02/09 01:41:42 INFO SecurityManager: Changing modify acls to: ***
[2022-02-09 01:41:42,708] {spark_submit.py:514} INFO - 22/02/09 01:41:42 INFO SecurityManager: Changing view acls groups to:
[2022-02-09 01:41:42,709] {spark_submit.py:514} INFO - 22/02/09 01:41:42 INFO SecurityManager: Changing modify acls groups to:
[2022-02-09 01:41:42,709] {spark_submit.py:514} INFO - 22/02/09 01:41:42 INFO SecurityManager: SecurityManager: authentication disabled; ui acls disabled; users  with view permissions: Set(***); groups with view permissions: Set(); users  with modify permissions: Set(***); groups with modify permissions: Set()
[2022-02-09 01:41:43,075] {spark_submit.py:514} INFO - 22/02/09 01:41:43 INFO Utils: Successfully started service 'sparkDriver' on port 34567.
[2022-02-09 01:41:43,102] {spark_submit.py:514} INFO - 22/02/09 01:41:43 INFO SparkEnv: Registering MapOutputTracker
[2022-02-09 01:41:43,142] {spark_submit.py:514} INFO - 22/02/09 01:41:43 INFO SparkEnv: Registering BlockManagerMaster
[2022-02-09 01:41:43,170] {spark_submit.py:514} INFO - 22/02/09 01:41:43 INFO BlockManagerMasterEndpoint: Using org.apache.spark.storage.DefaultTopologyMapper for getting topology information
[2022-02-09 01:41:43,170] {spark_submit.py:514} INFO - 22/02/09 01:41:43 INFO BlockManagerMasterEndpoint: BlockManagerMasterEndpoint up
[2022-02-09 01:41:43,175] {spark_submit.py:514} INFO - 22/02/09 01:41:43 INFO SparkEnv: Registering BlockManagerMasterHeartbeat
[2022-02-09 01:41:43,200] {spark_submit.py:514} INFO - 22/02/09 01:41:43 INFO DiskBlockManager: Created local directory at /tmp/blockmgr-01093264-08d7-4cec-b6aa-0bd7dc12535a
[2022-02-09 01:41:43,226] {spark_submit.py:514} INFO - 22/02/09 01:41:43 INFO MemoryStore: MemoryStore started with capacity 434.4 MiB
[2022-02-09 01:41:43,245] {spark_submit.py:514} INFO - 22/02/09 01:41:43 INFO SparkEnv: Registering OutputCommitCoordinator
[2022-02-09 01:41:43,480] {spark_submit.py:514} INFO - 22/02/09 01:41:43 INFO Utils: Successfully started service 'SparkUI' on port 4040.
[2022-02-09 01:41:43,551] {spark_submit.py:514} INFO - 22/02/09 01:41:43 INFO SparkUI: Bound SparkUI to 0.0.0.0, and started at http://9bca822c2c60:4040
[2022-02-09 01:41:43,774] {spark_submit.py:514} INFO - 22/02/09 01:41:43 INFO StandaloneAppClient$ClientEndpoint: Connecting to master spark://172.25.0.6:7077...
[2022-02-09 01:41:43,873] {spark_submit.py:514} INFO - 22/02/09 01:41:43 INFO TransportClientFactory: Successfully created connection to /172.25.0.6:7077 after 38 ms (0 ms spent in bootstraps)
[2022-02-09 01:41:43,995] {spark_submit.py:514} INFO - 22/02/09 01:41:43 INFO StandaloneSchedulerBackend: Connected to Spark cluster with app ID app-20220209014143-0005
[2022-02-09 01:41:43,998] {spark_submit.py:514} INFO - 22/02/09 01:41:43 INFO StandaloneAppClient$ClientEndpoint: Executor added: app-20220209014143-0005/0 on worker-20220209012759-172.25.0.3-44849 (172.25.0.3:44849) with 1 core(s)
[2022-02-09 01:41:44,002] {spark_submit.py:514} INFO - 22/02/09 01:41:44 INFO StandaloneSchedulerBackend: Granted executor ID app-20220209014143-0005/0 on hostPort 172.25.0.3:44849 with 1 core(s), 1024.0 MiB RAM
[2022-02-09 01:41:44,009] {spark_submit.py:514} INFO - 22/02/09 01:41:44 INFO Utils: Successfully started service 'org.apache.spark.network.netty.NettyBlockTransferService' on port 38457.
[2022-02-09 01:41:44,009] {spark_submit.py:514} INFO - 22/02/09 01:41:44 INFO NettyBlockTransferService: Server created on 9bca822c2c60:38457
[2022-02-09 01:41:44,016] {spark_submit.py:514} INFO - 22/02/09 01:41:44 INFO BlockManager: Using org.apache.spark.storage.RandomBlockReplicationPolicy for block replication policy
[2022-02-09 01:41:44,024] {spark_submit.py:514} INFO - 22/02/09 01:41:44 INFO BlockManagerMaster: Registering BlockManager BlockManagerId(driver, 9bca822c2c60, 38457, None)
[2022-02-09 01:41:44,029] {spark_submit.py:514} INFO - 22/02/09 01:41:44 INFO BlockManagerMasterEndpoint: Registering block manager 9bca822c2c60:38457 with 434.4 MiB RAM, BlockManagerId(driver, 9bca822c2c60, 38457, None)
[2022-02-09 01:41:44,033] {spark_submit.py:514} INFO - 22/02/09 01:41:44 INFO BlockManagerMaster: Registered BlockManager BlockManagerId(driver, 9bca822c2c60, 38457, None)
[2022-02-09 01:41:44,035] {spark_submit.py:514} INFO - 22/02/09 01:41:44 INFO BlockManager: Initialized BlockManager: BlockManagerId(driver, 9bca822c2c60, 38457, None)
[2022-02-09 01:41:44,038] {spark_submit.py:514} INFO - 22/02/09 01:41:44 INFO StandaloneAppClient$ClientEndpoint: Executor updated: app-20220209014143-0005/0 is now RUNNING
[2022-02-09 01:41:44,322] {spark_submit.py:514} INFO - 22/02/09 01:41:44 INFO StandaloneSchedulerBackend: SchedulerBackend is ready for scheduling beginning after reached minRegisteredResourcesRatio: 0.0
[2022-02-09 01:41:44,604] {spark_submit.py:514} INFO - 22/02/09 01:41:44 INFO SharedState: Setting hive.metastore.warehouse.dir ('null') to the value of spark.sql.warehouse.dir.
[2022-02-09 01:41:44,629] {spark_submit.py:514} INFO - 22/02/09 01:41:44 INFO SharedState: Warehouse path is 'file:/app/spark-warehouse'.
[2022-02-09 01:41:45,896] {spark_submit.py:514} INFO - 22/02/09 01:41:45 INFO InMemoryFileIndex: It took 70 ms to list leaf files for 1 paths.
[2022-02-09 01:41:47,476] {spark_submit.py:514} INFO - 22/02/09 01:41:47 INFO CoarseGrainedSchedulerBackend$DriverEndpoint: Registered executor NettyRpcEndpointRef(spark-client://Executor) (172.25.0.3:43324) with ID 0,  ResourceProfileId 0
[2022-02-09 01:41:47,689] {spark_submit.py:514} INFO - 22/02/09 01:41:47 INFO BlockManagerMasterEndpoint: Registering block manager 172.25.0.3:41285 with 366.3 MiB RAM, BlockManagerId(0, 172.25.0.3, 41285, None)
[2022-02-09 01:41:49,039] {spark_submit.py:514} INFO - 22/02/09 01:41:49 INFO SparkContext: Invoking stop() from shutdown hook
[2022-02-09 01:41:49,071] {spark_submit.py:514} INFO - 22/02/09 01:41:49 INFO SparkUI: Stopped Spark web UI at http://9bca822c2c60:4040
[2022-02-09 01:41:49,084] {spark_submit.py:514} INFO - 22/02/09 01:41:49 INFO StandaloneSchedulerBackend: Shutting down all executors
[2022-02-09 01:41:49,085] {spark_submit.py:514} INFO - 22/02/09 01:41:49 INFO CoarseGrainedSchedulerBackend$DriverEndpoint: Asking each executor to shut down
[2022-02-09 01:41:49,151] {spark_submit.py:514} INFO - 22/02/09 01:41:49 INFO MapOutputTrackerMasterEndpoint: MapOutputTrackerMasterEndpoint stopped!
[2022-02-09 01:41:49,242] {spark_submit.py:514} INFO - 22/02/09 01:41:49 INFO MemoryStore: MemoryStore cleared
[2022-02-09 01:41:49,242] {spark_submit.py:514} INFO - 22/02/09 01:41:49 INFO BlockManager: BlockManager stopped
[2022-02-09 01:41:49,258] {spark_submit.py:514} INFO - 22/02/09 01:41:49 INFO BlockManagerMaster: BlockManagerMaster stopped
[2022-02-09 01:41:49,263] {spark_submit.py:514} INFO - 22/02/09 01:41:49 INFO OutputCommitCoordinator$OutputCommitCoordinatorEndpoint: OutputCommitCoordinator stopped!
[2022-02-09 01:41:49,370] {spark_submit.py:514} INFO - 22/02/09 01:41:49 INFO SparkContext: Successfully stopped SparkContext
[2022-02-09 01:41:49,375] {spark_submit.py:514} INFO - 22/02/09 01:41:49 INFO ShutdownHookManager: Shutdown hook called
[2022-02-09 01:41:49,377] {spark_submit.py:514} INFO - 22/02/09 01:41:49 INFO ShutdownHookManager: Deleting directory /tmp/spark-5f29a9bc-dcda-4483-afdb-b63c3c3ddb47
[2022-02-09 01:41:49,385] {spark_submit.py:514} INFO - 22/02/09 01:41:49 INFO ShutdownHookManager: Deleting directory /tmp/spark-f8681b33-f33e-43e1-a81e-edd1260301ef
[2022-02-09 01:41:49,394] {spark_submit.py:514} INFO - 22/02/09 01:41:49 INFO ShutdownHookManager: Deleting directory /tmp/spark-f8681b33-f33e-43e1-a81e-edd1260301ef/pyspark-cbbe51b6-dba0-4953-9255-a0d45a778d87
[2022-02-09 01:41:49,512] {taskinstance.py:1277} INFO - Marking task as SUCCESS. dag_id=spark-book-count, task_id=spark_job, execution_date=20220209T013213, start_date=20220209T014137, end_date=20220209T014149
[2022-02-09 01:41:49,564] {local_task_job.py:154} INFO - Task exited with return code 0
[2022-02-09 01:41:49,626] {local_task_job.py:264} INFO - 1 downstream tasks scheduled from follow-on schedule check
