[2022-02-10 17:49:05,958] {taskinstance.py:1032} INFO - Dependencies all met for <TaskInstance: spark-book-count.spark_job manual__2022-02-10T17:49:04.557285+00:00 [queued]>
[2022-02-10 17:49:05,973] {taskinstance.py:1032} INFO - Dependencies all met for <TaskInstance: spark-book-count.spark_job manual__2022-02-10T17:49:04.557285+00:00 [queued]>
[2022-02-10 17:49:05,973] {taskinstance.py:1238} INFO - 
--------------------------------------------------------------------------------
[2022-02-10 17:49:05,974] {taskinstance.py:1239} INFO - Starting attempt 1 of 2
[2022-02-10 17:49:05,974] {taskinstance.py:1240} INFO - 
--------------------------------------------------------------------------------
[2022-02-10 17:49:05,992] {taskinstance.py:1259} INFO - Executing <Task(SparkSubmitOperator): spark_job> on 2022-02-10 17:49:04.557285+00:00
[2022-02-10 17:49:05,996] {standard_task_runner.py:52} INFO - Started process 767 to run task
[2022-02-10 17:49:06,000] {standard_task_runner.py:76} INFO - Running: ['***', 'tasks', 'run', 'spark-book-count', 'spark_job', 'manual__2022-02-10T17:49:04.557285+00:00', '--job-id', '4', '--raw', '--subdir', 'DAGS_FOLDER/spark-dag.py', '--cfg-path', '/tmp/tmp8zbjafb_', '--error-file', '/tmp/tmppk2fhgky']
[2022-02-10 17:49:06,001] {standard_task_runner.py:77} INFO - Job 4: Subtask spark_job
[2022-02-10 17:49:06,057] {logging_mixin.py:109} INFO - Running <TaskInstance: spark-book-count.spark_job manual__2022-02-10T17:49:04.557285+00:00 [running]> on host 980639fb6da9
[2022-02-10 17:49:06,112] {taskinstance.py:1426} INFO - Exporting the following env vars:
AIRFLOW_CTX_DAG_EMAIL=***@***.com
AIRFLOW_CTX_DAG_OWNER=***
AIRFLOW_CTX_DAG_ID=spark-book-count
AIRFLOW_CTX_TASK_ID=spark_job
AIRFLOW_CTX_EXECUTION_DATE=2022-02-10T17:49:04.557285+00:00
AIRFLOW_CTX_DAG_RUN_ID=manual__2022-02-10T17:49:04.557285+00:00
[2022-02-10 17:49:06,121] {base.py:79} INFO - Using connection to: id: spark_default. Host: spark://192.168.208.7:7077, Port: None, Schema: , Login: , Password: None, extra: {}
[2022-02-10 17:49:06,122] {spark_submit.py:360} INFO - Spark-Submit cmd: spark-submit --master spark://192.168.208.7:7077 --conf spark.master=spark://spark:7077 --name Spark book count --verbose /usr/local/spark/app/spark-book-count.py /usr/local/spark/data/book.txt
[2022-02-10 17:49:07,845] {spark_submit.py:514} INFO - Using properties file: null
[2022-02-10 17:49:07,956] {spark_submit.py:514} INFO - WARNING: An illegal reflective access operation has occurred
[2022-02-10 17:49:07,956] {spark_submit.py:514} INFO - WARNING: Illegal reflective access by org.apache.spark.unsafe.Platform (file:/home/***/.local/lib/python3.7/site-packages/pyspark/jars/spark-unsafe_2.12-3.2.0.jar) to constructor java.nio.DirectByteBuffer(long,int)
[2022-02-10 17:49:07,956] {spark_submit.py:514} INFO - WARNING: Please consider reporting this to the maintainers of org.apache.spark.unsafe.Platform
[2022-02-10 17:49:07,956] {spark_submit.py:514} INFO - WARNING: Use --illegal-access=warn to enable warnings of further illegal reflective access operations
[2022-02-10 17:49:07,956] {spark_submit.py:514} INFO - WARNING: All illegal access operations will be denied in a future release
[2022-02-10 17:49:08,016] {spark_submit.py:514} INFO - Parsed arguments:
[2022-02-10 17:49:08,016] {spark_submit.py:514} INFO - master                  spark://192.168.208.7:7077
[2022-02-10 17:49:08,016] {spark_submit.py:514} INFO - deployMode              null
[2022-02-10 17:49:08,016] {spark_submit.py:514} INFO - executorMemory          null
[2022-02-10 17:49:08,017] {spark_submit.py:514} INFO - executorCores           null
[2022-02-10 17:49:08,017] {spark_submit.py:514} INFO - totalExecutorCores      null
[2022-02-10 17:49:08,017] {spark_submit.py:514} INFO - propertiesFile          null
[2022-02-10 17:49:08,017] {spark_submit.py:514} INFO - driverMemory            null
[2022-02-10 17:49:08,017] {spark_submit.py:514} INFO - driverCores             null
[2022-02-10 17:49:08,017] {spark_submit.py:514} INFO - driverExtraClassPath    null
[2022-02-10 17:49:08,017] {spark_submit.py:514} INFO - driverExtraLibraryPath  null
[2022-02-10 17:49:08,017] {spark_submit.py:514} INFO - driverExtraJavaOptions  null
[2022-02-10 17:49:08,017] {spark_submit.py:514} INFO - supervise               false
[2022-02-10 17:49:08,017] {spark_submit.py:514} INFO - queue                   null
[2022-02-10 17:49:08,017] {spark_submit.py:514} INFO - numExecutors            null
[2022-02-10 17:49:08,017] {spark_submit.py:514} INFO - files                   null
[2022-02-10 17:49:08,017] {spark_submit.py:514} INFO - pyFiles                 null
[2022-02-10 17:49:08,017] {spark_submit.py:514} INFO - archives                null
[2022-02-10 17:49:08,017] {spark_submit.py:514} INFO - mainClass               null
[2022-02-10 17:49:08,017] {spark_submit.py:514} INFO - primaryResource         file:/usr/local/spark/app/spark-book-count.py
[2022-02-10 17:49:08,018] {spark_submit.py:514} INFO - name                    Spark book count
[2022-02-10 17:49:08,018] {spark_submit.py:514} INFO - childArgs               [/usr/local/spark/data/book.txt]
[2022-02-10 17:49:08,018] {spark_submit.py:514} INFO - jars                    null
[2022-02-10 17:49:08,018] {spark_submit.py:514} INFO - packages                null
[2022-02-10 17:49:08,018] {spark_submit.py:514} INFO - packagesExclusions      null
[2022-02-10 17:49:08,018] {spark_submit.py:514} INFO - repositories            null
[2022-02-10 17:49:08,018] {spark_submit.py:514} INFO - verbose                 true
[2022-02-10 17:49:08,018] {spark_submit.py:514} INFO - 
[2022-02-10 17:49:08,018] {spark_submit.py:514} INFO - Spark properties used, including those specified through
[2022-02-10 17:49:08,018] {spark_submit.py:514} INFO - --conf and those from the properties file null:
[2022-02-10 17:49:08,018] {spark_submit.py:514} INFO - (spark.master,spark://spark:7077)
[2022-02-10 17:49:08,018] {spark_submit.py:514} INFO - 
[2022-02-10 17:49:08,019] {spark_submit.py:514} INFO - 
[2022-02-10 17:49:08,343] {spark_submit.py:514} INFO - Main class:
[2022-02-10 17:49:08,343] {spark_submit.py:514} INFO - org.apache.spark.deploy.PythonRunner
[2022-02-10 17:49:08,344] {spark_submit.py:514} INFO - Arguments:
[2022-02-10 17:49:08,345] {spark_submit.py:514} INFO - file:/usr/local/spark/app/spark-book-count.py
[2022-02-10 17:49:08,345] {spark_submit.py:514} INFO - null
[2022-02-10 17:49:08,345] {spark_submit.py:514} INFO - /usr/local/spark/data/book.txt
[2022-02-10 17:49:08,345] {spark_submit.py:514} INFO - --verbose
[2022-02-10 17:49:08,348] {spark_submit.py:514} INFO - Spark config:
[2022-02-10 17:49:08,348] {spark_submit.py:514} INFO - (spark.app.name,Spark book count)
[2022-02-10 17:49:08,348] {spark_submit.py:514} INFO - (spark.master,spark://192.168.208.7:7077)
[2022-02-10 17:49:08,348] {spark_submit.py:514} INFO - (spark.submit.pyFiles,)
[2022-02-10 17:49:08,348] {spark_submit.py:514} INFO - (spark.submit.deployMode,client)
[2022-02-10 17:49:08,349] {spark_submit.py:514} INFO - Classpath elements:
[2022-02-10 17:49:08,350] {spark_submit.py:514} INFO - 
[2022-02-10 17:49:08,351] {spark_submit.py:514} INFO - 
[2022-02-10 17:49:08,351] {spark_submit.py:514} INFO - 
[2022-02-10 17:49:09,533] {spark_submit.py:514} INFO - Using Spark's default log4j profile: org/apache/spark/log4j-defaults.properties
[2022-02-10 17:49:09,547] {spark_submit.py:514} INFO - 22/02/10 17:49:09 INFO SparkContext: Running Spark version 3.2.0
[2022-02-10 17:49:09,660] {spark_submit.py:514} INFO - 22/02/10 17:49:09 WARN NativeCodeLoader: Unable to load native-hadoop library for your platform... using builtin-java classes where applicable
[2022-02-10 17:49:09,809] {spark_submit.py:514} INFO - 22/02/10 17:49:09 INFO ResourceUtils: ==============================================================
[2022-02-10 17:49:09,810] {spark_submit.py:514} INFO - 22/02/10 17:49:09 INFO ResourceUtils: No custom resources configured for spark.driver.
[2022-02-10 17:49:09,811] {spark_submit.py:514} INFO - 22/02/10 17:49:09 INFO ResourceUtils: ==============================================================
[2022-02-10 17:49:09,812] {spark_submit.py:514} INFO - 22/02/10 17:49:09 INFO SparkContext: Submitted application: WordCount
[2022-02-10 17:49:09,842] {spark_submit.py:514} INFO - 22/02/10 17:49:09 INFO ResourceProfile: Default ResourceProfile created, executor resources: Map(cores -> name: cores, amount: 1, script: , vendor: , memory -> name: memory, amount: 1024, script: , vendor: , offHeap -> name: offHeap, amount: 0, script: , vendor: ), task resources: Map(cpus -> name: cpus, amount: 1.0)
[2022-02-10 17:49:09,862] {spark_submit.py:514} INFO - 22/02/10 17:49:09 INFO ResourceProfile: Limiting resource is cpu
[2022-02-10 17:49:09,863] {spark_submit.py:514} INFO - 22/02/10 17:49:09 INFO ResourceProfileManager: Added ResourceProfile id: 0
[2022-02-10 17:49:09,934] {spark_submit.py:514} INFO - 22/02/10 17:49:09 INFO SecurityManager: Changing view acls to: ***
[2022-02-10 17:49:09,934] {spark_submit.py:514} INFO - 22/02/10 17:49:09 INFO SecurityManager: Changing modify acls to: ***
[2022-02-10 17:49:09,935] {spark_submit.py:514} INFO - 22/02/10 17:49:09 INFO SecurityManager: Changing view acls groups to:
[2022-02-10 17:49:09,936] {spark_submit.py:514} INFO - 22/02/10 17:49:09 INFO SecurityManager: Changing modify acls groups to:
[2022-02-10 17:49:09,936] {spark_submit.py:514} INFO - 22/02/10 17:49:09 INFO SecurityManager: SecurityManager: authentication disabled; ui acls disabled; users  with view permissions: Set(***); groups with view permissions: Set(); users  with modify permissions: Set(***); groups with modify permissions: Set()
[2022-02-10 17:49:10,482] {spark_submit.py:514} INFO - 22/02/10 17:49:10 INFO Utils: Successfully started service 'sparkDriver' on port 44393.
[2022-02-10 17:49:10,653] {spark_submit.py:514} INFO - 22/02/10 17:49:10 INFO SparkEnv: Registering MapOutputTracker
[2022-02-10 17:49:10,743] {spark_submit.py:514} INFO - 22/02/10 17:49:10 INFO SparkEnv: Registering BlockManagerMaster
[2022-02-10 17:49:10,776] {spark_submit.py:514} INFO - 22/02/10 17:49:10 INFO BlockManagerMasterEndpoint: Using org.apache.spark.storage.DefaultTopologyMapper for getting topology information
[2022-02-10 17:49:10,778] {spark_submit.py:514} INFO - 22/02/10 17:49:10 INFO BlockManagerMasterEndpoint: BlockManagerMasterEndpoint up
[2022-02-10 17:49:10,790] {spark_submit.py:514} INFO - 22/02/10 17:49:10 INFO SparkEnv: Registering BlockManagerMasterHeartbeat
[2022-02-10 17:49:10,849] {spark_submit.py:514} INFO - 22/02/10 17:49:10 INFO DiskBlockManager: Created local directory at /tmp/blockmgr-5834434e-5ead-41d4-a130-a00a5cf1c4d7
[2022-02-10 17:49:10,891] {spark_submit.py:514} INFO - 22/02/10 17:49:10 INFO MemoryStore: MemoryStore started with capacity 434.4 MiB
[2022-02-10 17:49:10,935] {spark_submit.py:514} INFO - 22/02/10 17:49:10 INFO SparkEnv: Registering OutputCommitCoordinator
[2022-02-10 17:49:11,494] {spark_submit.py:514} INFO - 22/02/10 17:49:11 INFO Utils: Successfully started service 'SparkUI' on port 4040.
[2022-02-10 17:49:11,658] {spark_submit.py:514} INFO - 22/02/10 17:49:11 INFO SparkUI: Bound SparkUI to 0.0.0.0, and started at http://980639fb6da9:4040
[2022-02-10 17:49:12,003] {spark_submit.py:514} INFO - 22/02/10 17:49:12 INFO StandaloneAppClient$ClientEndpoint: Connecting to master spark://192.168.208.7:7077...
[2022-02-10 17:49:12,130] {spark_submit.py:514} INFO - 22/02/10 17:49:12 INFO TransportClientFactory: Successfully created connection to /192.168.208.7:7077 after 49 ms (0 ms spent in bootstraps)
[2022-02-10 17:49:12,347] {spark_submit.py:514} INFO - 22/02/10 17:49:12 INFO StandaloneSchedulerBackend: Connected to Spark cluster with app ID app-20220210174912-0001
[2022-02-10 17:49:12,375] {spark_submit.py:514} INFO - 22/02/10 17:49:12 INFO StandaloneAppClient$ClientEndpoint: Executor added: app-20220210174912-0001/0 on worker-20220210153851-192.168.208.3-38121 (192.168.208.3:38121) with 4 core(s)
[2022-02-10 17:49:12,381] {spark_submit.py:514} INFO - 22/02/10 17:49:12 INFO StandaloneSchedulerBackend: Granted executor ID app-20220210174912-0001/0 on hostPort 192.168.208.3:38121 with 4 core(s), 1024.0 MiB RAM
[2022-02-10 17:49:12,389] {spark_submit.py:514} INFO - 22/02/10 17:49:12 INFO Utils: Successfully started service 'org.apache.spark.network.netty.NettyBlockTransferService' on port 40941.
[2022-02-10 17:49:12,389] {spark_submit.py:514} INFO - 22/02/10 17:49:12 INFO NettyBlockTransferService: Server created on 980639fb6da9:40941
[2022-02-10 17:49:12,392] {spark_submit.py:514} INFO - 22/02/10 17:49:12 INFO BlockManager: Using org.apache.spark.storage.RandomBlockReplicationPolicy for block replication policy
[2022-02-10 17:49:12,410] {spark_submit.py:514} INFO - 22/02/10 17:49:12 INFO BlockManagerMaster: Registering BlockManager BlockManagerId(driver, 980639fb6da9, 40941, None)
[2022-02-10 17:49:12,424] {spark_submit.py:514} INFO - 22/02/10 17:49:12 INFO BlockManagerMasterEndpoint: Registering block manager 980639fb6da9:40941 with 434.4 MiB RAM, BlockManagerId(driver, 980639fb6da9, 40941, None)
[2022-02-10 17:49:12,432] {spark_submit.py:514} INFO - 22/02/10 17:49:12 INFO StandaloneAppClient$ClientEndpoint: Executor updated: app-20220210174912-0001/0 is now RUNNING
[2022-02-10 17:49:12,435] {spark_submit.py:514} INFO - 22/02/10 17:49:12 INFO BlockManagerMaster: Registered BlockManager BlockManagerId(driver, 980639fb6da9, 40941, None)
[2022-02-10 17:49:12,443] {spark_submit.py:514} INFO - 22/02/10 17:49:12 INFO BlockManager: Initialized BlockManager: BlockManagerId(driver, 980639fb6da9, 40941, None)
[2022-02-10 17:49:12,777] {spark_submit.py:514} INFO - 22/02/10 17:49:12 INFO StandaloneSchedulerBackend: SchedulerBackend is ready for scheduling beginning after reached minRegisteredResourcesRatio: 0.0
[2022-02-10 17:49:13,256] {spark_submit.py:514} INFO - 22/02/10 17:49:13 INFO SharedState: Setting hive.metastore.warehouse.dir ('null') to the value of spark.sql.warehouse.dir.
[2022-02-10 17:49:13,290] {spark_submit.py:514} INFO - 22/02/10 17:49:13 INFO SharedState: Warehouse path is 'file:/app/spark-warehouse'.
[2022-02-10 17:49:14,740] {spark_submit.py:514} INFO - 22/02/10 17:49:14 INFO InMemoryFileIndex: It took 72 ms to list leaf files for 1 paths.
[2022-02-10 17:49:16,201] {spark_submit.py:514} INFO - 22/02/10 17:49:16 INFO CoarseGrainedSchedulerBackend$DriverEndpoint: Registered executor NettyRpcEndpointRef(spark-client://Executor) (192.168.208.3:35684) with ID 0,  ResourceProfileId 0
[2022-02-10 17:49:16,420] {spark_submit.py:514} INFO - 22/02/10 17:49:16 INFO BlockManagerMasterEndpoint: Registering block manager 192.168.208.3:45399 with 366.3 MiB RAM, BlockManagerId(0, 192.168.208.3, 45399, None)
[2022-02-10 17:49:18,267] {spark_submit.py:514} INFO - 22/02/10 17:49:18 INFO FileSourceStrategy: Pushed Filters: IsNotNull(value)
[2022-02-10 17:49:18,268] {spark_submit.py:514} INFO - 22/02/10 17:49:18 INFO FileSourceStrategy: Post-Scan Filters: isnotnull(value#0),(size(split(value#0, \W+, -1), true) > 0),isnotnull(split(value#0, \W+, -1))
[2022-02-10 17:49:18,272] {spark_submit.py:514} INFO - 22/02/10 17:49:18 INFO FileSourceStrategy: Output Data Schema: struct<value: string>
[2022-02-10 17:49:19,430] {spark_submit.py:514} INFO - 22/02/10 17:49:19 INFO CodeGenerator: Code generated in 424.194846 ms
[2022-02-10 17:49:19,523] {spark_submit.py:514} INFO - 22/02/10 17:49:19 INFO MemoryStore: Block broadcast_0 stored as values in memory (estimated size 189.9 KiB, free 434.2 MiB)
[2022-02-10 17:49:19,625] {spark_submit.py:514} INFO - 22/02/10 17:49:19 INFO MemoryStore: Block broadcast_0_piece0 stored as bytes in memory (estimated size 32.7 KiB, free 434.2 MiB)
[2022-02-10 17:49:19,634] {spark_submit.py:514} INFO - 22/02/10 17:49:19 INFO BlockManagerInfo: Added broadcast_0_piece0 in memory on 980639fb6da9:40941 (size: 32.7 KiB, free: 434.4 MiB)
[2022-02-10 17:49:19,639] {spark_submit.py:514} INFO - 22/02/10 17:49:19 INFO SparkContext: Created broadcast 0 from showString at NativeMethodAccessorImpl.java:0
[2022-02-10 17:49:19,652] {spark_submit.py:514} INFO - 22/02/10 17:49:19 INFO FileSourceScanExec: Planning scan with bin packing, max size: 4194304 bytes, open cost is considered as scanning 4194304 bytes.
[2022-02-10 17:49:19,913] {spark_submit.py:514} INFO - 22/02/10 17:49:19 INFO DAGScheduler: Registering RDD 3 (showString at NativeMethodAccessorImpl.java:0) as input to shuffle 0
[2022-02-10 17:49:19,919] {spark_submit.py:514} INFO - 22/02/10 17:49:19 INFO DAGScheduler: Got map stage job 0 (showString at NativeMethodAccessorImpl.java:0) with 1 output partitions
[2022-02-10 17:49:19,919] {spark_submit.py:514} INFO - 22/02/10 17:49:19 INFO DAGScheduler: Final stage: ShuffleMapStage 0 (showString at NativeMethodAccessorImpl.java:0)
[2022-02-10 17:49:19,920] {spark_submit.py:514} INFO - 22/02/10 17:49:19 INFO DAGScheduler: Parents of final stage: List()
[2022-02-10 17:49:19,921] {spark_submit.py:514} INFO - 22/02/10 17:49:19 INFO DAGScheduler: Missing parents: List()
[2022-02-10 17:49:19,926] {spark_submit.py:514} INFO - 22/02/10 17:49:19 INFO DAGScheduler: Submitting ShuffleMapStage 0 (MapPartitionsRDD[3] at showString at NativeMethodAccessorImpl.java:0), which has no missing parents
[2022-02-10 17:49:19,964] {spark_submit.py:514} INFO - 22/02/10 17:49:19 INFO MemoryStore: Block broadcast_1 stored as values in memory (estimated size 38.0 KiB, free 434.1 MiB)
[2022-02-10 17:49:19,969] {spark_submit.py:514} INFO - 22/02/10 17:49:19 INFO MemoryStore: Block broadcast_1_piece0 stored as bytes in memory (estimated size 17.6 KiB, free 434.1 MiB)
[2022-02-10 17:49:19,971] {spark_submit.py:514} INFO - 22/02/10 17:49:19 INFO BlockManagerInfo: Added broadcast_1_piece0 in memory on 980639fb6da9:40941 (size: 17.6 KiB, free: 434.4 MiB)
[2022-02-10 17:49:19,972] {spark_submit.py:514} INFO - 22/02/10 17:49:19 INFO SparkContext: Created broadcast 1 from broadcast at DAGScheduler.scala:1427
[2022-02-10 17:49:20,002] {spark_submit.py:514} INFO - 22/02/10 17:49:20 INFO DAGScheduler: Submitting 1 missing tasks from ShuffleMapStage 0 (MapPartitionsRDD[3] at showString at NativeMethodAccessorImpl.java:0) (first 15 tasks are for partitions Vector(0))
[2022-02-10 17:49:20,003] {spark_submit.py:514} INFO - 22/02/10 17:49:20 INFO TaskSchedulerImpl: Adding task set 0.0 with 1 tasks resource profile 0
[2022-02-10 17:49:20,068] {spark_submit.py:514} INFO - 22/02/10 17:49:20 INFO TaskSetManager: Starting task 0.0 in stage 0.0 (TID 0) (192.168.208.3, executor 0, partition 0, PROCESS_LOCAL, 4855 bytes) taskResourceAssignments Map()
[2022-02-10 17:49:21,050] {spark_submit.py:514} INFO - 22/02/10 17:49:21 INFO BlockManagerInfo: Added broadcast_1_piece0 in memory on 192.168.208.3:45399 (size: 17.6 KiB, free: 366.3 MiB)
[2022-02-10 17:49:23,608] {spark_submit.py:514} INFO - 22/02/10 17:49:23 INFO BlockManagerInfo: Added broadcast_0_piece0 in memory on 192.168.208.3:45399 (size: 32.7 KiB, free: 366.3 MiB)
[2022-02-10 17:49:24,039] {spark_submit.py:514} INFO - 22/02/10 17:49:24 INFO TaskSetManager: Finished task 0.0 in stage 0.0 (TID 0) in 3990 ms on 192.168.208.3 (executor 0) (1/1)
[2022-02-10 17:49:24,042] {spark_submit.py:514} INFO - 22/02/10 17:49:24 INFO TaskSchedulerImpl: Removed TaskSet 0.0, whose tasks have all completed, from pool
[2022-02-10 17:49:24,051] {spark_submit.py:514} INFO - 22/02/10 17:49:24 INFO DAGScheduler: ShuffleMapStage 0 (showString at NativeMethodAccessorImpl.java:0) finished in 4.108 s
[2022-02-10 17:49:24,052] {spark_submit.py:514} INFO - 22/02/10 17:49:24 INFO DAGScheduler: looking for newly runnable stages
[2022-02-10 17:49:24,053] {spark_submit.py:514} INFO - 22/02/10 17:49:24 INFO DAGScheduler: running: Set()
[2022-02-10 17:49:24,053] {spark_submit.py:514} INFO - 22/02/10 17:49:24 INFO DAGScheduler: waiting: Set()
[2022-02-10 17:49:24,054] {spark_submit.py:514} INFO - 22/02/10 17:49:24 INFO DAGScheduler: failed: Set()
[2022-02-10 17:49:24,089] {spark_submit.py:514} INFO - 22/02/10 17:49:24 INFO ShufflePartitionsUtil: For shuffle(0), advisory target size: 67108864, actual target size 1048576, minimum partition size: 1048576
[2022-02-10 17:49:24,154] {spark_submit.py:514} INFO - 22/02/10 17:49:24 INFO CodeGenerator: Code generated in 20.609819 ms
[2022-02-10 17:49:24,236] {spark_submit.py:514} INFO - 22/02/10 17:49:24 INFO CodeGenerator: Code generated in 66.274972 ms
[2022-02-10 17:49:24,339] {spark_submit.py:514} INFO - 22/02/10 17:49:24 INFO SparkContext: Starting job: showString at NativeMethodAccessorImpl.java:0
[2022-02-10 17:49:24,344] {spark_submit.py:514} INFO - 22/02/10 17:49:24 INFO DAGScheduler: Got job 1 (showString at NativeMethodAccessorImpl.java:0) with 1 output partitions
[2022-02-10 17:49:24,345] {spark_submit.py:514} INFO - 22/02/10 17:49:24 INFO DAGScheduler: Final stage: ResultStage 2 (showString at NativeMethodAccessorImpl.java:0)
[2022-02-10 17:49:24,346] {spark_submit.py:514} INFO - 22/02/10 17:49:24 INFO DAGScheduler: Parents of final stage: List(ShuffleMapStage 1)
[2022-02-10 17:49:24,347] {spark_submit.py:514} INFO - 22/02/10 17:49:24 INFO DAGScheduler: Missing parents: List()
[2022-02-10 17:49:24,352] {spark_submit.py:514} INFO - 22/02/10 17:49:24 INFO DAGScheduler: Submitting ResultStage 2 (MapPartitionsRDD[7] at showString at NativeMethodAccessorImpl.java:0), which has no missing parents
[2022-02-10 17:49:24,397] {spark_submit.py:514} INFO - 22/02/10 17:49:24 INFO MemoryStore: Block broadcast_2 stored as values in memory (estimated size 42.3 KiB, free 434.1 MiB)
[2022-02-10 17:49:24,402] {spark_submit.py:514} INFO - 22/02/10 17:49:24 INFO MemoryStore: Block broadcast_2_piece0 stored as bytes in memory (estimated size 20.0 KiB, free 434.1 MiB)
[2022-02-10 17:49:24,404] {spark_submit.py:514} INFO - 22/02/10 17:49:24 INFO BlockManagerInfo: Added broadcast_2_piece0 in memory on 980639fb6da9:40941 (size: 20.0 KiB, free: 434.3 MiB)
[2022-02-10 17:49:24,405] {spark_submit.py:514} INFO - 22/02/10 17:49:24 INFO SparkContext: Created broadcast 2 from broadcast at DAGScheduler.scala:1427
[2022-02-10 17:49:24,407] {spark_submit.py:514} INFO - 22/02/10 17:49:24 INFO DAGScheduler: Submitting 1 missing tasks from ResultStage 2 (MapPartitionsRDD[7] at showString at NativeMethodAccessorImpl.java:0) (first 15 tasks are for partitions Vector(0))
[2022-02-10 17:49:24,407] {spark_submit.py:514} INFO - 22/02/10 17:49:24 INFO TaskSchedulerImpl: Adding task set 2.0 with 1 tasks resource profile 0
[2022-02-10 17:49:24,414] {spark_submit.py:514} INFO - 22/02/10 17:49:24 INFO TaskSetManager: Starting task 0.0 in stage 2.0 (TID 1) (192.168.208.3, executor 0, partition 0, NODE_LOCAL, 4457 bytes) taskResourceAssignments Map()
[2022-02-10 17:49:24,513] {spark_submit.py:514} INFO - 22/02/10 17:49:24 INFO BlockManagerInfo: Added broadcast_2_piece0 in memory on 192.168.208.3:45399 (size: 20.0 KiB, free: 366.2 MiB)
[2022-02-10 17:49:24,870] {spark_submit.py:514} INFO - 22/02/10 17:49:24 INFO MapOutputTrackerMasterEndpoint: Asked to send map output locations for shuffle 0 to 192.168.208.3:35684
[2022-02-10 17:49:25,272] {spark_submit.py:514} INFO - 22/02/10 17:49:25 INFO TaskSetManager: Finished task 0.0 in stage 2.0 (TID 1) in 862 ms on 192.168.208.3 (executor 0) (1/1)
[2022-02-10 17:49:25,272] {spark_submit.py:514} INFO - 22/02/10 17:49:25 INFO TaskSchedulerImpl: Removed TaskSet 2.0, whose tasks have all completed, from pool
[2022-02-10 17:49:25,274] {spark_submit.py:514} INFO - 22/02/10 17:49:25 INFO DAGScheduler: ResultStage 2 (showString at NativeMethodAccessorImpl.java:0) finished in 0.891 s
[2022-02-10 17:49:25,276] {spark_submit.py:514} INFO - 22/02/10 17:49:25 INFO DAGScheduler: Job 1 is finished. Cancelling potential speculative or zombie tasks for this job
[2022-02-10 17:49:25,277] {spark_submit.py:514} INFO - 22/02/10 17:49:25 INFO TaskSchedulerImpl: Killing all running tasks in stage 2: Stage finished
[2022-02-10 17:49:25,279] {spark_submit.py:514} INFO - 22/02/10 17:49:25 INFO DAGScheduler: Job 1 finished: showString at NativeMethodAccessorImpl.java:0, took 0.938458 s
[2022-02-10 17:49:25,308] {spark_submit.py:514} INFO - 22/02/10 17:49:25 INFO CodeGenerator: Code generated in 17.251596 ms
[2022-02-10 17:49:25,341] {spark_submit.py:514} INFO - 22/02/10 17:49:25 INFO CodeGenerator: Code generated in 14.825098 ms
[2022-02-10 17:49:25,356] {spark_submit.py:514} INFO - +--------+-----+
[2022-02-10 17:49:25,357] {spark_submit.py:514} INFO - |    word|count|
[2022-02-10 17:49:25,357] {spark_submit.py:514} INFO - +--------+-----+
[2022-02-10 17:49:25,357] {spark_submit.py:514} INFO - | explain|    1|
[2022-02-10 17:49:25,357] {spark_submit.py:514} INFO - |      in|    1|
[2022-02-10 17:49:25,357] {spark_submit.py:514} INFO - |  cheese|    1|
[2022-02-10 17:49:25,357] {spark_submit.py:514} INFO - |     you|    1|
[2022-02-10 17:49:25,357] {spark_submit.py:514} INFO - |    will|    1|
[2022-02-10 17:49:25,357] {spark_submit.py:514} INFO - |cookbook|    1|
[2022-02-10 17:49:25,357] {spark_submit.py:514} INFO - |    make|    1|
[2022-02-10 17:49:25,358] {spark_submit.py:514} INFO - |  omelet|    1|
[2022-02-10 17:49:25,358] {spark_submit.py:514} INFO - |      to|    1|
[2022-02-10 17:49:25,358] {spark_submit.py:514} INFO - |    book|    1|
[2022-02-10 17:49:25,358] {spark_submit.py:514} INFO - |      we|    1|
[2022-02-10 17:49:25,358] {spark_submit.py:514} INFO - |   hello|    1|
[2022-02-10 17:49:25,358] {spark_submit.py:514} INFO - |      is|    1|
[2022-02-10 17:49:25,358] {spark_submit.py:514} INFO - |     how|    1|
[2022-02-10 17:49:25,358] {spark_submit.py:514} INFO - |       a|    2|
[2022-02-10 17:49:25,358] {spark_submit.py:514} INFO - |        |    2|
[2022-02-10 17:49:25,358] {spark_submit.py:514} INFO - |    this|    2|
[2022-02-10 17:49:25,358] {spark_submit.py:514} INFO - +--------+-----+
[2022-02-10 17:49:25,359] {spark_submit.py:514} INFO - 
[2022-02-10 17:49:25,407] {spark_submit.py:514} INFO - 22/02/10 17:49:25 INFO SparkContext: Invoking stop() from shutdown hook
[2022-02-10 17:49:25,420] {spark_submit.py:514} INFO - 22/02/10 17:49:25 INFO SparkUI: Stopped Spark web UI at http://980639fb6da9:4040
[2022-02-10 17:49:25,426] {spark_submit.py:514} INFO - 22/02/10 17:49:25 INFO StandaloneSchedulerBackend: Shutting down all executors
[2022-02-10 17:49:25,427] {spark_submit.py:514} INFO - 22/02/10 17:49:25 INFO CoarseGrainedSchedulerBackend$DriverEndpoint: Asking each executor to shut down
[2022-02-10 17:49:25,463] {spark_submit.py:514} INFO - 22/02/10 17:49:25 INFO MapOutputTrackerMasterEndpoint: MapOutputTrackerMasterEndpoint stopped!
[2022-02-10 17:49:25,502] {spark_submit.py:514} INFO - 22/02/10 17:49:25 INFO MemoryStore: MemoryStore cleared
[2022-02-10 17:49:25,508] {spark_submit.py:514} INFO - 22/02/10 17:49:25 INFO BlockManager: BlockManager stopped
[2022-02-10 17:49:25,514] {spark_submit.py:514} INFO - 22/02/10 17:49:25 INFO BlockManagerMaster: BlockManagerMaster stopped
[2022-02-10 17:49:25,517] {spark_submit.py:514} INFO - 22/02/10 17:49:25 INFO OutputCommitCoordinator$OutputCommitCoordinatorEndpoint: OutputCommitCoordinator stopped!
[2022-02-10 17:49:25,533] {spark_submit.py:514} INFO - 22/02/10 17:49:25 INFO SparkContext: Successfully stopped SparkContext
[2022-02-10 17:49:25,533] {spark_submit.py:514} INFO - 22/02/10 17:49:25 INFO ShutdownHookManager: Shutdown hook called
[2022-02-10 17:49:25,534] {spark_submit.py:514} INFO - 22/02/10 17:49:25 INFO ShutdownHookManager: Deleting directory /tmp/spark-734a47f1-407c-4541-a825-aefb70eb637c/pyspark-5931d583-0c66-4969-95c7-1281eca52759
[2022-02-10 17:49:25,540] {spark_submit.py:514} INFO - 22/02/10 17:49:25 INFO ShutdownHookManager: Deleting directory /tmp/spark-83d73acb-6af5-4ba4-b323-d49b702764fb
[2022-02-10 17:49:25,544] {spark_submit.py:514} INFO - 22/02/10 17:49:25 INFO ShutdownHookManager: Deleting directory /tmp/spark-734a47f1-407c-4541-a825-aefb70eb637c
[2022-02-10 17:49:25,657] {taskinstance.py:1277} INFO - Marking task as SUCCESS. dag_id=spark-book-count, task_id=spark_job, execution_date=20220210T174904, start_date=20220210T174905, end_date=20220210T174925
[2022-02-10 17:49:25,692] {local_task_job.py:154} INFO - Task exited with return code 0
[2022-02-10 17:49:25,731] {local_task_job.py:264} INFO - 1 downstream tasks scheduled from follow-on schedule check
