[2022-02-22 02:31:01,758] {taskinstance.py:1032} INFO - Dependencies all met for <TaskInstance: spark-book-count.spark_job manual__2022-02-22T02:30:59.464861+00:00 [queued]>
[2022-02-22 02:31:01,770] {taskinstance.py:1032} INFO - Dependencies all met for <TaskInstance: spark-book-count.spark_job manual__2022-02-22T02:30:59.464861+00:00 [queued]>
[2022-02-22 02:31:01,771] {taskinstance.py:1238} INFO - 
--------------------------------------------------------------------------------
[2022-02-22 02:31:01,771] {taskinstance.py:1239} INFO - Starting attempt 1 of 2
[2022-02-22 02:31:01,771] {taskinstance.py:1240} INFO - 
--------------------------------------------------------------------------------
[2022-02-22 02:31:01,785] {taskinstance.py:1259} INFO - Executing <Task(SparkSubmitOperator): spark_job> on 2022-02-22 02:30:59.464861+00:00
[2022-02-22 02:31:01,789] {standard_task_runner.py:52} INFO - Started process 237 to run task
[2022-02-22 02:31:01,792] {standard_task_runner.py:76} INFO - Running: ['***', 'tasks', 'run', 'spark-book-count', 'spark_job', 'manual__2022-02-22T02:30:59.464861+00:00', '--job-id', '4', '--raw', '--subdir', 'DAGS_FOLDER/spark-dag.py', '--cfg-path', '/tmp/tmpeesy6cwu', '--error-file', '/tmp/tmpcjrh877x']
[2022-02-22 02:31:01,793] {standard_task_runner.py:77} INFO - Job 4: Subtask spark_job
[2022-02-22 02:31:01,841] {logging_mixin.py:109} INFO - Running <TaskInstance: spark-book-count.spark_job manual__2022-02-22T02:30:59.464861+00:00 [running]> on host 6670658e93da
[2022-02-22 02:31:01,892] {taskinstance.py:1426} INFO - Exporting the following env vars:
AIRFLOW_CTX_DAG_EMAIL=***@***.com
AIRFLOW_CTX_DAG_OWNER=***
AIRFLOW_CTX_DAG_ID=spark-book-count
AIRFLOW_CTX_TASK_ID=spark_job
AIRFLOW_CTX_EXECUTION_DATE=2022-02-22T02:30:59.464861+00:00
AIRFLOW_CTX_DAG_RUN_ID=manual__2022-02-22T02:30:59.464861+00:00
[2022-02-22 02:31:01,901] {base.py:79} INFO - Using connection to: id: spark_default. Host: spark://172.20.0.9:7077, Port: None, Schema: None, Login: None, Password: None, extra: {}
[2022-02-22 02:31:01,903] {spark_submit.py:335} INFO - Spark-Submit cmd: spark-submit --master spark://172.20.0.9:7077 --conf spark.master=spark://spark:7077 --name Spark book count --verbose /usr/local/spark/app/spark-book-count.py /usr/local/spark/data/book.txt
[2022-02-22 02:31:03,697] {spark_submit.py:488} INFO - Using properties file: null
[2022-02-22 02:31:03,798] {spark_submit.py:488} INFO - WARNING: An illegal reflective access operation has occurred
[2022-02-22 02:31:03,798] {spark_submit.py:488} INFO - WARNING: Illegal reflective access by org.apache.spark.unsafe.Platform (file:/home/***/.local/lib/python3.7/site-packages/pyspark/jars/spark-unsafe_2.12-3.2.0.jar) to constructor java.nio.DirectByteBuffer(long,int)
[2022-02-22 02:31:03,798] {spark_submit.py:488} INFO - WARNING: Please consider reporting this to the maintainers of org.apache.spark.unsafe.Platform
[2022-02-22 02:31:03,798] {spark_submit.py:488} INFO - WARNING: Use --illegal-access=warn to enable warnings of further illegal reflective access operations
[2022-02-22 02:31:03,798] {spark_submit.py:488} INFO - WARNING: All illegal access operations will be denied in a future release
[2022-02-22 02:31:03,860] {spark_submit.py:488} INFO - Parsed arguments:
[2022-02-22 02:31:03,860] {spark_submit.py:488} INFO - master                  spark://172.20.0.9:7077
[2022-02-22 02:31:03,860] {spark_submit.py:488} INFO - deployMode              null
[2022-02-22 02:31:03,861] {spark_submit.py:488} INFO - executorMemory          null
[2022-02-22 02:31:03,861] {spark_submit.py:488} INFO - executorCores           null
[2022-02-22 02:31:03,861] {spark_submit.py:488} INFO - totalExecutorCores      null
[2022-02-22 02:31:03,861] {spark_submit.py:488} INFO - propertiesFile          null
[2022-02-22 02:31:03,861] {spark_submit.py:488} INFO - driverMemory            null
[2022-02-22 02:31:03,861] {spark_submit.py:488} INFO - driverCores             null
[2022-02-22 02:31:03,861] {spark_submit.py:488} INFO - driverExtraClassPath    null
[2022-02-22 02:31:03,861] {spark_submit.py:488} INFO - driverExtraLibraryPath  null
[2022-02-22 02:31:03,861] {spark_submit.py:488} INFO - driverExtraJavaOptions  null
[2022-02-22 02:31:03,861] {spark_submit.py:488} INFO - supervise               false
[2022-02-22 02:31:03,861] {spark_submit.py:488} INFO - queue                   null
[2022-02-22 02:31:03,861] {spark_submit.py:488} INFO - numExecutors            null
[2022-02-22 02:31:03,861] {spark_submit.py:488} INFO - files                   null
[2022-02-22 02:31:03,861] {spark_submit.py:488} INFO - pyFiles                 null
[2022-02-22 02:31:03,861] {spark_submit.py:488} INFO - archives                null
[2022-02-22 02:31:03,862] {spark_submit.py:488} INFO - mainClass               null
[2022-02-22 02:31:03,862] {spark_submit.py:488} INFO - primaryResource         file:/usr/local/spark/app/spark-book-count.py
[2022-02-22 02:31:03,862] {spark_submit.py:488} INFO - name                    Spark book count
[2022-02-22 02:31:03,862] {spark_submit.py:488} INFO - childArgs               [/usr/local/spark/data/book.txt]
[2022-02-22 02:31:03,862] {spark_submit.py:488} INFO - jars                    null
[2022-02-22 02:31:03,862] {spark_submit.py:488} INFO - packages                null
[2022-02-22 02:31:03,862] {spark_submit.py:488} INFO - packagesExclusions      null
[2022-02-22 02:31:03,862] {spark_submit.py:488} INFO - repositories            null
[2022-02-22 02:31:03,862] {spark_submit.py:488} INFO - verbose                 true
[2022-02-22 02:31:03,862] {spark_submit.py:488} INFO - 
[2022-02-22 02:31:03,862] {spark_submit.py:488} INFO - Spark properties used, including those specified through
[2022-02-22 02:31:03,862] {spark_submit.py:488} INFO - --conf and those from the properties file null:
[2022-02-22 02:31:03,862] {spark_submit.py:488} INFO - (spark.master,spark://spark:7077)
[2022-02-22 02:31:03,863] {spark_submit.py:488} INFO - 
[2022-02-22 02:31:03,863] {spark_submit.py:488} INFO - 
[2022-02-22 02:31:04,239] {spark_submit.py:488} INFO - Main class:
[2022-02-22 02:31:04,239] {spark_submit.py:488} INFO - org.apache.spark.deploy.PythonRunner
[2022-02-22 02:31:04,240] {spark_submit.py:488} INFO - Arguments:
[2022-02-22 02:31:04,240] {spark_submit.py:488} INFO - file:/usr/local/spark/app/spark-book-count.py
[2022-02-22 02:31:04,240] {spark_submit.py:488} INFO - null
[2022-02-22 02:31:04,240] {spark_submit.py:488} INFO - /usr/local/spark/data/book.txt
[2022-02-22 02:31:04,240] {spark_submit.py:488} INFO - --verbose
[2022-02-22 02:31:04,245] {spark_submit.py:488} INFO - Spark config:
[2022-02-22 02:31:04,245] {spark_submit.py:488} INFO - (spark.app.name,Spark book count)
[2022-02-22 02:31:04,245] {spark_submit.py:488} INFO - (spark.submit.pyFiles,)
[2022-02-22 02:31:04,245] {spark_submit.py:488} INFO - (spark.submit.deployMode,client)
[2022-02-22 02:31:04,245] {spark_submit.py:488} INFO - (spark.master,spark://172.20.0.9:7077)
[2022-02-22 02:31:04,245] {spark_submit.py:488} INFO - Classpath elements:
[2022-02-22 02:31:04,246] {spark_submit.py:488} INFO - 
[2022-02-22 02:31:04,248] {spark_submit.py:488} INFO - 
[2022-02-22 02:31:04,249] {spark_submit.py:488} INFO - 
[2022-02-22 02:31:05,318] {spark_submit.py:488} INFO - Using Spark's default log4j profile: org/apache/spark/log4j-defaults.properties
[2022-02-22 02:31:05,328] {spark_submit.py:488} INFO - 22/02/22 02:31:05 INFO SparkContext: Running Spark version 3.2.0
[2022-02-22 02:31:05,428] {spark_submit.py:488} INFO - 22/02/22 02:31:05 WARN NativeCodeLoader: Unable to load native-hadoop library for your platform... using builtin-java classes where applicable
[2022-02-22 02:31:05,571] {spark_submit.py:488} INFO - 22/02/22 02:31:05 INFO ResourceUtils: ==============================================================
[2022-02-22 02:31:05,572] {spark_submit.py:488} INFO - 22/02/22 02:31:05 INFO ResourceUtils: No custom resources configured for spark.driver.
[2022-02-22 02:31:05,572] {spark_submit.py:488} INFO - 22/02/22 02:31:05 INFO ResourceUtils: ==============================================================
[2022-02-22 02:31:05,572] {spark_submit.py:488} INFO - 22/02/22 02:31:05 INFO SparkContext: Submitted application: WordCount
[2022-02-22 02:31:05,599] {spark_submit.py:488} INFO - 22/02/22 02:31:05 INFO ResourceProfile: Default ResourceProfile created, executor resources: Map(cores -> name: cores, amount: 1, script: , vendor: , memory -> name: memory, amount: 1024, script: , vendor: , offHeap -> name: offHeap, amount: 0, script: , vendor: ), task resources: Map(cpus -> name: cpus, amount: 1.0)
[2022-02-22 02:31:05,616] {spark_submit.py:488} INFO - 22/02/22 02:31:05 INFO ResourceProfile: Limiting resource is cpu
[2022-02-22 02:31:05,617] {spark_submit.py:488} INFO - 22/02/22 02:31:05 INFO ResourceProfileManager: Added ResourceProfile id: 0
[2022-02-22 02:31:05,696] {spark_submit.py:488} INFO - 22/02/22 02:31:05 INFO SecurityManager: Changing view acls to: ***
[2022-02-22 02:31:05,696] {spark_submit.py:488} INFO - 22/02/22 02:31:05 INFO SecurityManager: Changing modify acls to: ***
[2022-02-22 02:31:05,697] {spark_submit.py:488} INFO - 22/02/22 02:31:05 INFO SecurityManager: Changing view acls groups to:
[2022-02-22 02:31:05,698] {spark_submit.py:488} INFO - 22/02/22 02:31:05 INFO SecurityManager: Changing modify acls groups to:
[2022-02-22 02:31:05,699] {spark_submit.py:488} INFO - 22/02/22 02:31:05 INFO SecurityManager: SecurityManager: authentication disabled; ui acls disabled; users  with view permissions: Set(***); groups with view permissions: Set(); users  with modify permissions: Set(***); groups with modify permissions: Set()
[2022-02-22 02:31:06,098] {spark_submit.py:488} INFO - 22/02/22 02:31:06 INFO Utils: Successfully started service 'sparkDriver' on port 45385.
[2022-02-22 02:31:06,128] {spark_submit.py:488} INFO - 22/02/22 02:31:06 INFO SparkEnv: Registering MapOutputTracker
[2022-02-22 02:31:06,160] {spark_submit.py:488} INFO - 22/02/22 02:31:06 INFO SparkEnv: Registering BlockManagerMaster
[2022-02-22 02:31:06,181] {spark_submit.py:488} INFO - 22/02/22 02:31:06 INFO BlockManagerMasterEndpoint: Using org.apache.spark.storage.DefaultTopologyMapper for getting topology information
[2022-02-22 02:31:06,181] {spark_submit.py:488} INFO - 22/02/22 02:31:06 INFO BlockManagerMasterEndpoint: BlockManagerMasterEndpoint up
[2022-02-22 02:31:06,186] {spark_submit.py:488} INFO - 22/02/22 02:31:06 INFO SparkEnv: Registering BlockManagerMasterHeartbeat
[2022-02-22 02:31:06,212] {spark_submit.py:488} INFO - 22/02/22 02:31:06 INFO DiskBlockManager: Created local directory at /tmp/blockmgr-b5c363de-35e1-4d9a-bb67-3d41a6c9d732
[2022-02-22 02:31:06,240] {spark_submit.py:488} INFO - 22/02/22 02:31:06 INFO MemoryStore: MemoryStore started with capacity 434.4 MiB
[2022-02-22 02:31:06,258] {spark_submit.py:488} INFO - 22/02/22 02:31:06 INFO SparkEnv: Registering OutputCommitCoordinator
[2022-02-22 02:31:06,487] {spark_submit.py:488} INFO - 22/02/22 02:31:06 INFO Utils: Successfully started service 'SparkUI' on port 4040.
[2022-02-22 02:31:06,566] {spark_submit.py:488} INFO - 22/02/22 02:31:06 INFO SparkUI: Bound SparkUI to 0.0.0.0, and started at http://6670658e93da:4040
[2022-02-22 02:31:06,943] {spark_submit.py:488} INFO - 22/02/22 02:31:06 INFO StandaloneAppClient$ClientEndpoint: Connecting to master spark://172.20.0.9:7077...
[2022-02-22 02:31:07,056] {spark_submit.py:488} INFO - 22/02/22 02:31:07 INFO TransportClientFactory: Successfully created connection to /172.20.0.9:7077 after 87 ms (0 ms spent in bootstraps)
[2022-02-22 02:31:07,227] {spark_submit.py:488} INFO - 22/02/22 02:31:07 INFO StandaloneSchedulerBackend: Connected to Spark cluster with app ID app-20220222023107-0000
[2022-02-22 02:31:07,236] {spark_submit.py:488} INFO - 22/02/22 02:31:07 INFO Utils: Successfully started service 'org.apache.spark.network.netty.NettyBlockTransferService' on port 45157.
[2022-02-22 02:31:07,236] {spark_submit.py:488} INFO - 22/02/22 02:31:07 INFO NettyBlockTransferService: Server created on 6670658e93da:45157
[2022-02-22 02:31:07,239] {spark_submit.py:488} INFO - 22/02/22 02:31:07 INFO BlockManager: Using org.apache.spark.storage.RandomBlockReplicationPolicy for block replication policy
[2022-02-22 02:31:07,252] {spark_submit.py:488} INFO - 22/02/22 02:31:07 INFO BlockManagerMaster: Registering BlockManager BlockManagerId(driver, 6670658e93da, 45157, None)
[2022-02-22 02:31:07,255] {spark_submit.py:488} INFO - 22/02/22 02:31:07 INFO BlockManagerMasterEndpoint: Registering block manager 6670658e93da:45157 with 434.4 MiB RAM, BlockManagerId(driver, 6670658e93da, 45157, None)
[2022-02-22 02:31:07,258] {spark_submit.py:488} INFO - 22/02/22 02:31:07 INFO BlockManagerMaster: Registered BlockManager BlockManagerId(driver, 6670658e93da, 45157, None)
[2022-02-22 02:31:07,260] {spark_submit.py:488} INFO - 22/02/22 02:31:07 INFO BlockManager: Initialized BlockManager: BlockManagerId(driver, 6670658e93da, 45157, None)
[2022-02-22 02:31:07,284] {spark_submit.py:488} INFO - 22/02/22 02:31:07 INFO StandaloneAppClient$ClientEndpoint: Executor added: app-20220222023107-0000/0 on worker-20220222022506-172.20.0.10-35579 (172.20.0.10:35579) with 4 core(s)
[2022-02-22 02:31:07,286] {spark_submit.py:488} INFO - 22/02/22 02:31:07 INFO StandaloneSchedulerBackend: Granted executor ID app-20220222023107-0000/0 on hostPort 172.20.0.10:35579 with 4 core(s), 1024.0 MiB RAM
[2022-02-22 02:31:07,543] {spark_submit.py:488} INFO - 22/02/22 02:31:07 INFO StandaloneAppClient$ClientEndpoint: Executor updated: app-20220222023107-0000/0 is now RUNNING
[2022-02-22 02:31:07,642] {spark_submit.py:488} INFO - 22/02/22 02:31:07 INFO StandaloneSchedulerBackend: SchedulerBackend is ready for scheduling beginning after reached minRegisteredResourcesRatio: 0.0
[2022-02-22 02:31:08,059] {spark_submit.py:488} INFO - 22/02/22 02:31:08 INFO SharedState: Setting hive.metastore.warehouse.dir ('null') to the value of spark.sql.warehouse.dir.
[2022-02-22 02:31:08,121] {spark_submit.py:488} INFO - 22/02/22 02:31:08 INFO SharedState: Warehouse path is 'file:/app/spark-warehouse'.
[2022-02-22 02:31:10,246] {spark_submit.py:488} INFO - 22/02/22 02:31:10 INFO InMemoryFileIndex: It took 71 ms to list leaf files for 1 paths.
[2022-02-22 02:31:12,355] {spark_submit.py:488} INFO - 22/02/22 02:31:12 INFO CoarseGrainedSchedulerBackend$DriverEndpoint: Registered executor NettyRpcEndpointRef(spark-client://Executor) (172.20.0.10:45462) with ID 0,  ResourceProfileId 0
[2022-02-22 02:31:12,546] {spark_submit.py:488} INFO - 22/02/22 02:31:12 INFO BlockManagerMasterEndpoint: Registering block manager 172.20.0.10:45421 with 366.3 MiB RAM, BlockManagerId(0, 172.20.0.10, 45421, None)
[2022-02-22 02:31:13,922] {spark_submit.py:488} INFO - 22/02/22 02:31:13 INFO FileSourceStrategy: Pushed Filters: IsNotNull(value)
[2022-02-22 02:31:13,924] {spark_submit.py:488} INFO - 22/02/22 02:31:13 INFO FileSourceStrategy: Post-Scan Filters: isnotnull(value#0),(size(split(value#0, \W+, -1), true) > 0),isnotnull(split(value#0, \W+, -1))
[2022-02-22 02:31:13,927] {spark_submit.py:488} INFO - 22/02/22 02:31:13 INFO FileSourceStrategy: Output Data Schema: struct<value: string>
[2022-02-22 02:31:14,869] {spark_submit.py:488} INFO - 22/02/22 02:31:14 INFO CodeGenerator: Code generated in 387.226127 ms
[2022-02-22 02:31:14,922] {spark_submit.py:488} INFO - 22/02/22 02:31:14 INFO MemoryStore: Block broadcast_0 stored as values in memory (estimated size 189.9 KiB, free 434.2 MiB)
[2022-02-22 02:31:14,986] {spark_submit.py:488} INFO - 22/02/22 02:31:14 INFO MemoryStore: Block broadcast_0_piece0 stored as bytes in memory (estimated size 32.7 KiB, free 434.2 MiB)
[2022-02-22 02:31:14,989] {spark_submit.py:488} INFO - 22/02/22 02:31:14 INFO BlockManagerInfo: Added broadcast_0_piece0 in memory on 6670658e93da:45157 (size: 32.7 KiB, free: 434.4 MiB)
[2022-02-22 02:31:14,995] {spark_submit.py:488} INFO - 22/02/22 02:31:14 INFO SparkContext: Created broadcast 0 from showString at NativeMethodAccessorImpl.java:0
[2022-02-22 02:31:15,004] {spark_submit.py:488} INFO - 22/02/22 02:31:15 INFO FileSourceScanExec: Planning scan with bin packing, max size: 4194304 bytes, open cost is considered as scanning 4194304 bytes.
[2022-02-22 02:31:15,199] {spark_submit.py:488} INFO - 22/02/22 02:31:15 INFO DAGScheduler: Registering RDD 3 (showString at NativeMethodAccessorImpl.java:0) as input to shuffle 0
[2022-02-22 02:31:15,204] {spark_submit.py:488} INFO - 22/02/22 02:31:15 INFO DAGScheduler: Got map stage job 0 (showString at NativeMethodAccessorImpl.java:0) with 1 output partitions
[2022-02-22 02:31:15,204] {spark_submit.py:488} INFO - 22/02/22 02:31:15 INFO DAGScheduler: Final stage: ShuffleMapStage 0 (showString at NativeMethodAccessorImpl.java:0)
[2022-02-22 02:31:15,205] {spark_submit.py:488} INFO - 22/02/22 02:31:15 INFO DAGScheduler: Parents of final stage: List()
[2022-02-22 02:31:15,206] {spark_submit.py:488} INFO - 22/02/22 02:31:15 INFO DAGScheduler: Missing parents: List()
[2022-02-22 02:31:15,211] {spark_submit.py:488} INFO - 22/02/22 02:31:15 INFO DAGScheduler: Submitting ShuffleMapStage 0 (MapPartitionsRDD[3] at showString at NativeMethodAccessorImpl.java:0), which has no missing parents
[2022-02-22 02:31:15,247] {spark_submit.py:488} INFO - 22/02/22 02:31:15 INFO MemoryStore: Block broadcast_1 stored as values in memory (estimated size 38.0 KiB, free 434.1 MiB)
[2022-02-22 02:31:15,251] {spark_submit.py:488} INFO - 22/02/22 02:31:15 INFO MemoryStore: Block broadcast_1_piece0 stored as bytes in memory (estimated size 17.6 KiB, free 434.1 MiB)
[2022-02-22 02:31:15,252] {spark_submit.py:488} INFO - 22/02/22 02:31:15 INFO BlockManagerInfo: Added broadcast_1_piece0 in memory on 6670658e93da:45157 (size: 17.6 KiB, free: 434.4 MiB)
[2022-02-22 02:31:15,253] {spark_submit.py:488} INFO - 22/02/22 02:31:15 INFO SparkContext: Created broadcast 1 from broadcast at DAGScheduler.scala:1427
[2022-02-22 02:31:15,268] {spark_submit.py:488} INFO - 22/02/22 02:31:15 INFO DAGScheduler: Submitting 1 missing tasks from ShuffleMapStage 0 (MapPartitionsRDD[3] at showString at NativeMethodAccessorImpl.java:0) (first 15 tasks are for partitions Vector(0))
[2022-02-22 02:31:15,269] {spark_submit.py:488} INFO - 22/02/22 02:31:15 INFO TaskSchedulerImpl: Adding task set 0.0 with 1 tasks resource profile 0
[2022-02-22 02:31:15,304] {spark_submit.py:488} INFO - 22/02/22 02:31:15 INFO TaskSetManager: Starting task 0.0 in stage 0.0 (TID 0) (172.20.0.10, executor 0, partition 0, PROCESS_LOCAL, 4855 bytes) taskResourceAssignments Map()
[2022-02-22 02:31:15,824] {spark_submit.py:488} INFO - 22/02/22 02:31:15 INFO BlockManagerInfo: Added broadcast_1_piece0 in memory on 172.20.0.10:45421 (size: 17.6 KiB, free: 366.3 MiB)
[2022-02-22 02:31:18,022] {spark_submit.py:488} INFO - 22/02/22 02:31:18 INFO BlockManagerInfo: Added broadcast_0_piece0 in memory on 172.20.0.10:45421 (size: 32.7 KiB, free: 366.3 MiB)
[2022-02-22 02:31:18,625] {spark_submit.py:488} INFO - 22/02/22 02:31:18 INFO TaskSetManager: Finished task 0.0 in stage 0.0 (TID 0) in 3326 ms on 172.20.0.10 (executor 0) (1/1)
[2022-02-22 02:31:18,634] {spark_submit.py:488} INFO - 22/02/22 02:31:18 INFO TaskSchedulerImpl: Removed TaskSet 0.0, whose tasks have all completed, from pool
[2022-02-22 02:31:18,657] {spark_submit.py:488} INFO - 22/02/22 02:31:18 INFO DAGScheduler: ShuffleMapStage 0 (showString at NativeMethodAccessorImpl.java:0) finished in 3.425 s
[2022-02-22 02:31:18,660] {spark_submit.py:488} INFO - 22/02/22 02:31:18 INFO DAGScheduler: looking for newly runnable stages
[2022-02-22 02:31:18,661] {spark_submit.py:488} INFO - 22/02/22 02:31:18 INFO DAGScheduler: running: Set()
[2022-02-22 02:31:18,662] {spark_submit.py:488} INFO - 22/02/22 02:31:18 INFO DAGScheduler: waiting: Set()
[2022-02-22 02:31:18,662] {spark_submit.py:488} INFO - 22/02/22 02:31:18 INFO DAGScheduler: failed: Set()
[2022-02-22 02:31:18,719] {spark_submit.py:488} INFO - 22/02/22 02:31:18 INFO ShufflePartitionsUtil: For shuffle(0), advisory target size: 67108864, actual target size 1048576, minimum partition size: 1048576
[2022-02-22 02:31:18,790] {spark_submit.py:488} INFO - 22/02/22 02:31:18 INFO CodeGenerator: Code generated in 20.898571 ms
[2022-02-22 02:31:18,955] {spark_submit.py:488} INFO - 22/02/22 02:31:18 INFO CodeGenerator: Code generated in 124.912356 ms
[2022-02-22 02:31:19,135] {spark_submit.py:488} INFO - 22/02/22 02:31:19 INFO SparkContext: Starting job: showString at NativeMethodAccessorImpl.java:0
[2022-02-22 02:31:19,140] {spark_submit.py:488} INFO - 22/02/22 02:31:19 INFO DAGScheduler: Got job 1 (showString at NativeMethodAccessorImpl.java:0) with 1 output partitions
[2022-02-22 02:31:19,140] {spark_submit.py:488} INFO - 22/02/22 02:31:19 INFO DAGScheduler: Final stage: ResultStage 2 (showString at NativeMethodAccessorImpl.java:0)
[2022-02-22 02:31:19,141] {spark_submit.py:488} INFO - 22/02/22 02:31:19 INFO DAGScheduler: Parents of final stage: List(ShuffleMapStage 1)
[2022-02-22 02:31:19,141] {spark_submit.py:488} INFO - 22/02/22 02:31:19 INFO DAGScheduler: Missing parents: List()
[2022-02-22 02:31:19,144] {spark_submit.py:488} INFO - 22/02/22 02:31:19 INFO DAGScheduler: Submitting ResultStage 2 (MapPartitionsRDD[7] at showString at NativeMethodAccessorImpl.java:0), which has no missing parents
[2022-02-22 02:31:19,173] {spark_submit.py:488} INFO - 22/02/22 02:31:19 INFO MemoryStore: Block broadcast_2 stored as values in memory (estimated size 42.3 KiB, free 434.1 MiB)
[2022-02-22 02:31:19,178] {spark_submit.py:488} INFO - 22/02/22 02:31:19 INFO MemoryStore: Block broadcast_2_piece0 stored as bytes in memory (estimated size 20.0 KiB, free 434.1 MiB)
[2022-02-22 02:31:19,180] {spark_submit.py:488} INFO - 22/02/22 02:31:19 INFO BlockManagerInfo: Added broadcast_2_piece0 in memory on 6670658e93da:45157 (size: 20.0 KiB, free: 434.3 MiB)
[2022-02-22 02:31:19,181] {spark_submit.py:488} INFO - 22/02/22 02:31:19 INFO SparkContext: Created broadcast 2 from broadcast at DAGScheduler.scala:1427
[2022-02-22 02:31:19,184] {spark_submit.py:488} INFO - 22/02/22 02:31:19 INFO DAGScheduler: Submitting 1 missing tasks from ResultStage 2 (MapPartitionsRDD[7] at showString at NativeMethodAccessorImpl.java:0) (first 15 tasks are for partitions Vector(0))
[2022-02-22 02:31:19,184] {spark_submit.py:488} INFO - 22/02/22 02:31:19 INFO TaskSchedulerImpl: Adding task set 2.0 with 1 tasks resource profile 0
[2022-02-22 02:31:19,200] {spark_submit.py:488} INFO - 22/02/22 02:31:19 INFO TaskSetManager: Starting task 0.0 in stage 2.0 (TID 1) (172.20.0.10, executor 0, partition 0, NODE_LOCAL, 4457 bytes) taskResourceAssignments Map()
[2022-02-22 02:31:19,276] {spark_submit.py:488} INFO - 22/02/22 02:31:19 INFO BlockManagerInfo: Added broadcast_2_piece0 in memory on 172.20.0.10:45421 (size: 20.0 KiB, free: 366.2 MiB)
[2022-02-22 02:31:20,372] {spark_submit.py:488} INFO - 22/02/22 02:31:20 INFO MapOutputTrackerMasterEndpoint: Asked to send map output locations for shuffle 0 to 172.20.0.10:45462
[2022-02-22 02:31:21,331] {spark_submit.py:488} INFO - 22/02/22 02:31:21 INFO TaskSetManager: Finished task 0.0 in stage 2.0 (TID 1) in 2135 ms on 172.20.0.10 (executor 0) (1/1)
[2022-02-22 02:31:21,338] {spark_submit.py:488} INFO - 22/02/22 02:31:21 INFO DAGScheduler: ResultStage 2 (showString at NativeMethodAccessorImpl.java:0) finished in 2.172 s
[2022-02-22 02:31:21,338] {spark_submit.py:488} INFO - 22/02/22 02:31:21 INFO DAGScheduler: Job 1 is finished. Cancelling potential speculative or zombie tasks for this job
[2022-02-22 02:31:21,341] {spark_submit.py:488} INFO - 22/02/22 02:31:21 INFO TaskSchedulerImpl: Removed TaskSet 2.0, whose tasks have all completed, from pool
[2022-02-22 02:31:21,352] {spark_submit.py:488} INFO - 22/02/22 02:31:21 INFO TaskSchedulerImpl: Killing all running tasks in stage 2: Stage finished
[2022-02-22 02:31:21,366] {spark_submit.py:488} INFO - 22/02/22 02:31:21 INFO DAGScheduler: Job 1 finished: showString at NativeMethodAccessorImpl.java:0, took 2.224776 s
[2022-02-22 02:31:21,445] {spark_submit.py:488} INFO - 22/02/22 02:31:21 INFO CodeGenerator: Code generated in 62.747631 ms
[2022-02-22 02:31:21,595] {spark_submit.py:488} INFO - 22/02/22 02:31:21 INFO CodeGenerator: Code generated in 89.936758 ms
[2022-02-22 02:31:21,661] {spark_submit.py:488} INFO - +--------+-----+
[2022-02-22 02:31:21,661] {spark_submit.py:488} INFO - |    word|count|
[2022-02-22 02:31:21,662] {spark_submit.py:488} INFO - +--------+-----+
[2022-02-22 02:31:21,662] {spark_submit.py:488} INFO - | explain|    1|
[2022-02-22 02:31:21,662] {spark_submit.py:488} INFO - |      in|    1|
[2022-02-22 02:31:21,662] {spark_submit.py:488} INFO - |  cheese|    1|
[2022-02-22 02:31:21,662] {spark_submit.py:488} INFO - |     you|    1|
[2022-02-22 02:31:21,662] {spark_submit.py:488} INFO - |    will|    1|
[2022-02-22 02:31:21,662] {spark_submit.py:488} INFO - |cookbook|    1|
[2022-02-22 02:31:21,662] {spark_submit.py:488} INFO - |    make|    1|
[2022-02-22 02:31:21,662] {spark_submit.py:488} INFO - |  omelet|    1|
[2022-02-22 02:31:21,663] {spark_submit.py:488} INFO - |      to|    1|
[2022-02-22 02:31:21,663] {spark_submit.py:488} INFO - |    book|    1|
[2022-02-22 02:31:21,663] {spark_submit.py:488} INFO - |      we|    1|
[2022-02-22 02:31:21,663] {spark_submit.py:488} INFO - |   hello|    1|
[2022-02-22 02:31:21,663] {spark_submit.py:488} INFO - |      is|    1|
[2022-02-22 02:31:21,663] {spark_submit.py:488} INFO - |     how|    1|
[2022-02-22 02:31:21,663] {spark_submit.py:488} INFO - |       a|    2|
[2022-02-22 02:31:21,663] {spark_submit.py:488} INFO - |        |    2|
[2022-02-22 02:31:21,663] {spark_submit.py:488} INFO - |    this|    2|
[2022-02-22 02:31:21,663] {spark_submit.py:488} INFO - +--------+-----+
[2022-02-22 02:31:21,663] {spark_submit.py:488} INFO - 
[2022-02-22 02:31:21,871] {spark_submit.py:488} INFO - 22/02/22 02:31:21 INFO SparkContext: Invoking stop() from shutdown hook
[2022-02-22 02:31:21,888] {spark_submit.py:488} INFO - 22/02/22 02:31:21 INFO SparkUI: Stopped Spark web UI at http://6670658e93da:4040
[2022-02-22 02:31:21,894] {spark_submit.py:488} INFO - 22/02/22 02:31:21 INFO StandaloneSchedulerBackend: Shutting down all executors
[2022-02-22 02:31:21,897] {spark_submit.py:488} INFO - 22/02/22 02:31:21 INFO CoarseGrainedSchedulerBackend$DriverEndpoint: Asking each executor to shut down
[2022-02-22 02:31:21,992] {spark_submit.py:488} INFO - 22/02/22 02:31:21 INFO MapOutputTrackerMasterEndpoint: MapOutputTrackerMasterEndpoint stopped!
[2022-02-22 02:31:22,044] {spark_submit.py:488} INFO - 22/02/22 02:31:22 INFO MemoryStore: MemoryStore cleared
[2022-02-22 02:31:22,045] {spark_submit.py:488} INFO - 22/02/22 02:31:22 INFO BlockManager: BlockManager stopped
[2022-02-22 02:31:22,055] {spark_submit.py:488} INFO - 22/02/22 02:31:22 INFO BlockManagerMaster: BlockManagerMaster stopped
[2022-02-22 02:31:22,060] {spark_submit.py:488} INFO - 22/02/22 02:31:22 INFO OutputCommitCoordinator$OutputCommitCoordinatorEndpoint: OutputCommitCoordinator stopped!
[2022-02-22 02:31:22,092] {spark_submit.py:488} INFO - 22/02/22 02:31:22 INFO SparkContext: Successfully stopped SparkContext
[2022-02-22 02:31:22,092] {spark_submit.py:488} INFO - 22/02/22 02:31:22 INFO ShutdownHookManager: Shutdown hook called
[2022-02-22 02:31:22,093] {spark_submit.py:488} INFO - 22/02/22 02:31:22 INFO ShutdownHookManager: Deleting directory /tmp/spark-fdd2fab1-ddb4-4f2b-b8af-073610698d5f
[2022-02-22 02:31:22,101] {spark_submit.py:488} INFO - 22/02/22 02:31:22 INFO ShutdownHookManager: Deleting directory /tmp/spark-86300c40-16a7-42cc-9ee6-83f7abadb250
[2022-02-22 02:31:22,105] {spark_submit.py:488} INFO - 22/02/22 02:31:22 INFO ShutdownHookManager: Deleting directory /tmp/spark-fdd2fab1-ddb4-4f2b-b8af-073610698d5f/pyspark-909773fa-1a4b-4e28-8fdf-c11b17584896
[2022-02-22 02:31:22,199] {taskinstance.py:1277} INFO - Marking task as SUCCESS. dag_id=spark-book-count, task_id=spark_job, execution_date=20220222T023059, start_date=20220222T023101, end_date=20220222T023122
[2022-02-22 02:31:22,234] {local_task_job.py:154} INFO - Task exited with return code 0
[2022-02-22 02:31:22,276] {local_task_job.py:264} INFO - 0 downstream tasks scheduled from follow-on schedule check
